ARM GAS  /tmp/ccPhvQ2x.s 			page 1


   1              		.syntax unified
   2              		.cpu cortex-m4
   3              		.fpu softvfp
   4              		.eabi_attribute 20, 1
   5              		.eabi_attribute 21, 1
   6              		.eabi_attribute 23, 3
   7              		.eabi_attribute 24, 1
   8              		.eabi_attribute 25, 1
   9              		.eabi_attribute 26, 1
  10              		.eabi_attribute 30, 2
  11              		.eabi_attribute 34, 1
  12              		.eabi_attribute 18, 4
  13              		.thumb
  14              		.file	"chcore_v7m.c"
  15              		.text
  16              	.Ltext0:
  17              		.cfi_sections	.debug_frame
  18              		.section	.text._port_switch_from_isr,"ax",%progbits
  19              		.align	2
  20              		.p2align 4,,15
  21              		.global	_port_switch_from_isr
  22              		.thumb
  23              		.thumb_func
  24              		.type	_port_switch_from_isr, %function
  25              	_port_switch_from_isr:
  26              	.LFB11:
  27              		.file 1 "../../../os/ports/GCC/ARMCMx/chcore_v7m.c"
  28              		.loc 1 200 0
  29              		.cfi_startproc
  30              		@ Naked Function: prologue and epilogue provided by programmer.
  31              		@ args = 0, pretend = 0, frame = 0
  32              		@ frame_needed = 0, uses_anonymous_args = 0
  33              		.loc 1 203 0
  34 0000 FFF7FEFF 		bl	chSchDoReschedule
  35              	.LVL0:
  36              		.loc 1 205 0
  37              	@ 205 "../../../os/ports/GCC/ARMCMx/chcore_v7m.c" 1
  38              		_port_exit_from_isr:
  39              	@ 0 "" 2
  40              		.loc 1 207 0
  41              	@ 207 "../../../os/ports/GCC/ARMCMx/chcore_v7m.c" 1
  42 0004 00DF     		svc     #0
  43              	@ 0 "" 2
  44              		.loc 1 214 0
  45              		.thumb
  46              		.cfi_endproc
  47              	.LFE11:
  48              		.size	_port_switch_from_isr, .-_port_switch_from_isr
  49 0006 00BFAFF3 		.section	.text.SVCallVector,"ax",%progbits
  49      0080AFF3 
  49      0080
  50              		.align	2
  51              		.p2align 4,,15
  52              		.global	SVCallVector
  53              		.thumb
  54              		.thumb_func
  55              		.type	SVCallVector, %function
ARM GAS  /tmp/ccPhvQ2x.s 			page 2


  56              	SVCallVector:
  57              	.LFB8:
  58              		.loc 1 65 0
  59              		.cfi_startproc
  60              		@ args = 0, pretend = 0, frame = 0
  61              		@ frame_needed = 0, uses_anonymous_args = 0
  62              		@ link register save eliminated.
  63              		.loc 1 74 0
  64              	@ 74 "../../../os/ports/GCC/ARMCMx/chcore_v7m.c" 1
  65 0000 EFF30983 		mrs     r3, PSP
  66              	@ 0 "" 2
  67              	.LVL1:
  68              		.loc 1 78 0
  69              		.thumb
  70 0004 2033     		adds	r3, r3, #32
  71              	.LVL2:
  72              		.loc 1 81 0
  73              	@ 81 "../../../os/ports/GCC/ARMCMx/chcore_v7m.c" 1
  74 0006 83F30988 		msr     PSP, r3
  75              	@ 0 "" 2
  76              		.thumb
  77              	.LBB5:
  78              		.loc 1 82 0
  79 000a 0023     		movs	r3, #0
  80              	.LVL3:
  81              	@ 82 "../../../os/ports/GCC/ARMCMx/chcore_v7m.c" 1
  82 000c 83F31188 		msr     BASEPRI, r3
  83              	@ 0 "" 2
  84              		.thumb
  85 0010 7047     		bx	lr
  86              	.LBE5:
  87              		.cfi_endproc
  88              	.LFE8:
  89              		.size	SVCallVector, .-SVCallVector
  90 0012 00BFAFF3 		.section	.text._port_init,"ax",%progbits
  90      0080AFF3 
  90      0080AFF3 
  90      0080
  91              		.align	2
  92              		.p2align 4,,15
  93              		.global	_port_init
  94              		.thumb
  95              		.thumb_func
  96              		.type	_port_init, %function
  97              	_port_init:
  98              	.LFB9:
  99              		.loc 1 120 0
 100              		.cfi_startproc
 101              		@ args = 0, pretend = 0, frame = 0
 102              		@ frame_needed = 0, uses_anonymous_args = 0
 103 0000 08B5     		push	{r3, lr}
 104              		.cfi_def_cfa_offset 8
 105              		.cfi_offset 3, -8
 106              		.cfi_offset 14, -4
 107              		.loc 1 123 0
 108 0002 094B     		ldr	r3, .L5
 109              		.loc 1 124 0
ARM GAS  /tmp/ccPhvQ2x.s 			page 3


 110 0004 094A     		ldr	r2, .L5+4
 111              		.loc 1 123 0
 112 0006 0021     		movs	r1, #0
 113 0008 9960     		str	r1, [r3, #8]
 114              		.loc 1 127 0
 115 000a 0720     		movs	r0, #7
 116              		.loc 1 124 0
 117 000c DA60     		str	r2, [r3, #12]
 118              		.loc 1 127 0
 119 000e 1021     		movs	r1, #16
 120 0010 FFF7FEFF 		bl	nvicSetSystemHandlerPriority
 121              	.LVL4:
 122              		.loc 1 129 0
 123 0014 0A20     		movs	r0, #10
 124 0016 2021     		movs	r1, #32
 125 0018 FFF7FEFF 		bl	nvicSetSystemHandlerPriority
 126              	.LVL5:
 127              		.loc 1 131 0
 128 001c 0B20     		movs	r0, #11
 129 001e 8021     		movs	r1, #128
 130              		.loc 1 133 0
 131 0020 BDE80840 		pop	{r3, lr}
 132              		.cfi_restore 14
 133              		.cfi_restore 3
 134              		.cfi_def_cfa_offset 0
 135              		.loc 1 131 0
 136 0024 FFF7FEBF 		b	nvicSetSystemHandlerPriority
 137              	.LVL6:
 138              	.L6:
 139              		.align	2
 140              	.L5:
 141 0028 00ED00E0 		.word	-536810240
 142 002c 0003FA05 		.word	100270848
 143              		.cfi_endproc
 144              	.LFE9:
 145              		.size	_port_init, .-_port_init
 146              		.section	.text._port_irq_epilogue,"ax",%progbits
 147              		.align	2
 148              		.p2align 4,,15
 149              		.global	_port_irq_epilogue
 150              		.thumb
 151              		.thumb_func
 152              		.type	_port_irq_epilogue, %function
 153              	_port_irq_epilogue:
 154              	.LFB10:
 155              		.loc 1 150 0
 156              		.cfi_startproc
 157              		@ args = 0, pretend = 0, frame = 0
 158              		@ frame_needed = 0, uses_anonymous_args = 0
 159              		@ link register save eliminated.
 160              	.LBB14:
 161              		.loc 1 152 0
 162 0000 2023     		movs	r3, #32
 163              	@ 152 "../../../os/ports/GCC/ARMCMx/chcore_v7m.c" 1
 164 0002 83F31188 		msr     BASEPRI, r3
 165              	@ 0 "" 2
 166              		.thumb
ARM GAS  /tmp/ccPhvQ2x.s 			page 4


 167              	.LBE14:
 168              		.loc 1 153 0
 169 0006 174B     		ldr	r3, .L15
 170 0008 5B68     		ldr	r3, [r3, #4]
 171 000a 13F40063 		ands	r3, r3, #2048
 172 000e 19D0     		beq	.L8
 173              	.LBB15:
 174              	.LBB16:
 175              		.loc 1 163 0
 176              	@ 163 "../../../os/ports/GCC/ARMCMx/chcore_v7m.c" 1
 177 0010 EFF30983 		mrs     r3, PSP
 178              	@ 0 "" 2
 179              	.LVL7:
 180              		.loc 1 168 0
 181              		.thumb
 182 0014 4FF08072 		mov	r2, #16777216
 183 0018 43F8042C 		str	r2, [r3, #-4]
 184              		.loc 1 167 0
 185 001c A3F12002 		sub	r2, r3, #32
 186              	.LVL8:
 187              		.loc 1 172 0
 188              	@ 172 "../../../os/ports/GCC/ARMCMx/chcore_v7m.c" 1
 189 0020 82F30988 		msr     PSP, r2
 190              	@ 0 "" 2
 191              		.loc 1 176 0
 192              		.thumb
 193 0024 1049     		ldr	r1, .L15+4
 194 0026 8A69     		ldr	r2, [r1, #24]
 195              	.LVL9:
 196 0028 D07F     		ldrb	r0, [r2, #31]	@ zero_extendqisi2
 197 002a 70B1     		cbz	r0, .L9
 198 002c 0868     		ldr	r0, [r1]
 199 002e 9168     		ldr	r1, [r2, #8]
 200 0030 8268     		ldr	r2, [r0, #8]
 201 0032 8A42     		cmp	r2, r1
 202 0034 94BF     		ite	ls
 203 0036 0022     		movls	r2, #0
 204 0038 0122     		movhi	r2, #1
 205 003a 7AB1     		cbz	r2, .L11
 206              	.L14:
 207              		.loc 1 178 0
 208 003c 0B4A     		ldr	r2, .L15+8
 209 003e 43F8082C 		str	r2, [r3, #-8]
 210 0042 7047     		bx	lr
 211              	.LVL10:
 212              	.L8:
 213              	.LBE16:
 214              	.LBE15:
 215              	.LBB18:
 216              		.loc 1 190 0
 217              	@ 190 "../../../os/ports/GCC/ARMCMx/chcore_v7m.c" 1
 218 0044 83F31188 		msr     BASEPRI, r3
 219              	@ 0 "" 2
 220              		.thumb
 221 0048 7047     		bx	lr
 222              	.LVL11:
 223              	.L9:
ARM GAS  /tmp/ccPhvQ2x.s 			page 5


 224              	.LBE18:
 225              	.LBB19:
 226              	.LBB17:
 227              		.loc 1 176 0
 228 004a 0868     		ldr	r0, [r1]
 229 004c 9168     		ldr	r1, [r2, #8]
 230 004e 8268     		ldr	r2, [r0, #8]
 231 0050 8A42     		cmp	r2, r1
 232 0052 34BF     		ite	cc
 233 0054 0022     		movcc	r2, #0
 234 0056 0122     		movcs	r2, #1
 235 0058 002A     		cmp	r2, #0
 236 005a EFD1     		bne	.L14
 237              	.L11:
 238              		.loc 1 183 0
 239 005c 044A     		ldr	r2, .L15+12
 240 005e 43F8082C 		str	r2, [r3, #-8]
 241 0062 7047     		bx	lr
 242              	.L16:
 243              		.align	2
 244              	.L15:
 245 0064 00ED00E0 		.word	-536810240
 246 0068 00000000 		.word	rlist
 247 006c 00000000 		.word	_port_switch_from_isr
 248 0070 04000000 		.word	_port_exit_from_isr
 249              	.LBE17:
 250              	.LBE19:
 251              		.cfi_endproc
 252              	.LFE10:
 253              		.size	_port_irq_epilogue, .-_port_irq_epilogue
 254 0074 AFF30080 		.section	.text.SysTickVector,"ax",%progbits
 254      AFF30080 
 254      AFF30080 
 255              		.align	2
 256              		.p2align 4,,15
 257              		.global	SysTickVector
 258              		.thumb
 259              		.thumb_func
 260              		.type	SysTickVector, %function
 261              	SysTickVector:
 262              	.LFB7:
 263              		.loc 1 47 0
 264              		.cfi_startproc
 265              		@ args = 0, pretend = 0, frame = 0
 266              		@ frame_needed = 0, uses_anonymous_args = 0
 267 0000 08B5     		push	{r3, lr}
 268              		.cfi_def_cfa_offset 8
 269              		.cfi_offset 3, -8
 270              		.cfi_offset 14, -4
 271              	.LBB20:
 272              		.loc 1 51 0
 273 0002 2023     		movs	r3, #32
 274              	@ 51 "../../../os/ports/GCC/ARMCMx/chcore_v7m.c" 1
 275 0004 83F31188 		msr     BASEPRI, r3
 276              	@ 0 "" 2
 277              		.thumb
 278              	.LBE20:
ARM GAS  /tmp/ccPhvQ2x.s 			page 6


 279              		.loc 1 52 0
 280 0008 FFF7FEFF 		bl	chSysTimerHandlerI
 281              	.LVL12:
 282              	.LBB21:
 283              		.loc 1 53 0
 284 000c 0023     		movs	r3, #0
 285              	@ 53 "../../../os/ports/GCC/ARMCMx/chcore_v7m.c" 1
 286 000e 83F31188 		msr     BASEPRI, r3
 287              	@ 0 "" 2
 288              		.thumb
 289              	.LBE21:
 290              		.loc 1 56 0
 291 0012 BDE80840 		pop	{r3, lr}
 292              		.cfi_restore 14
 293              		.cfi_restore 3
 294              		.cfi_def_cfa_offset 0
 295              		.loc 1 55 0
 296 0016 FFF7FEBF 		b	_port_irq_epilogue
 297              	.LVL13:
 298              		.cfi_endproc
 299              	.LFE7:
 300              		.size	SysTickVector, .-SysTickVector
 301 001a 00BFAFF3 		.section	.text._port_switch,"ax",%progbits
 301      0080
 302              		.align	2
 303              		.p2align 4,,15
 304              		.global	_port_switch
 305              		.thumb
 306              		.thumb_func
 307              		.type	_port_switch, %function
 308              	_port_switch:
 309              	.LFB12:
 310              		.loc 1 229 0
 311              		.cfi_startproc
 312              		@ Naked Function: prologue and epilogue provided by programmer.
 313              		@ args = 0, pretend = 0, frame = 0
 314              		@ frame_needed = 0, uses_anonymous_args = 0
 315              	.LVL14:
 316              		.loc 1 231 0
 317              	@ 231 "../../../os/ports/GCC/ARMCMx/chcore_v7m.c" 1
 318 0000 2DE9F04F 		push    {r4, r5, r6, r7, r8, r9, r10, r11, lr}
 319              	@ 0 "" 2
 320              		.loc 1 237 0
 321              	@ 237 "../../../os/ports/GCC/ARMCMx/chcore_v7m.c" 1
 322 0004 C1F80CD0 		str     sp, [r1, #12]                          
 323 0008 D0F80CD0 		ldr     sp, [r0, #12]
 324              	@ 0 "" 2
 325              		.loc 1 243 0
 326              	@ 243 "../../../os/ports/GCC/ARMCMx/chcore_v7m.c" 1
 327 000c BDE8F08F 		pop     {r4, r5, r6, r7, r8, r9, r10, r11, pc}
 328              	@ 0 "" 2
 329              		.loc 1 245 0
 330              		.thumb
 331              		.cfi_endproc
 332              	.LFE12:
 333              		.size	_port_switch, .-_port_switch
 334              		.section	.text._port_thread_start,"ax",%progbits
ARM GAS  /tmp/ccPhvQ2x.s 			page 7


 335              		.align	2
 336              		.p2align 4,,15
 337              		.global	_port_thread_start
 338              		.thumb
 339              		.thumb_func
 340              		.type	_port_thread_start, %function
 341              	_port_thread_start:
 342              	.LFB13:
 343              		.loc 1 252 0
 344              		.cfi_startproc
 345              		@ args = 0, pretend = 0, frame = 0
 346              		@ frame_needed = 0, uses_anonymous_args = 0
 347              		@ link register save eliminated.
 348              	.LBB22:
 349              		.loc 1 254 0
 350 0000 0023     		movs	r3, #0
 351              	@ 254 "../../../os/ports/GCC/ARMCMx/chcore_v7m.c" 1
 352 0002 83F31188 		msr     BASEPRI, r3
 353              	@ 0 "" 2
 354              		.thumb
 355              	.LBE22:
 356              		.loc 1 255 0
 357              	@ 255 "../../../os/ports/GCC/ARMCMx/chcore_v7m.c" 1
 358 0006 2846     		mov     r0, r5                                 
 359 0008 A047     		blx     r4                                     
 360 000a FFF7FEFF 		bl      chThdExit
 361              	@ 0 "" 2
 362              		.thumb
 363 000e 7047     		bx	lr
 364              		.cfi_endproc
 365              	.LFE13:
 366              		.size	_port_thread_start, .-_port_thread_start
 367              		.text
 368              	.Letext0:
 369              		.file 2 "/usr/arm-none-eabi/include/machine/_default_types.h"
 370              		.file 3 "/usr/arm-none-eabi/include/stdint.h"
 371              		.file 4 "../../../os/ports/GCC/ARMCMx/chtypes.h"
 372              		.file 5 "../../../os/kernel/include/chlists.h"
 373              		.file 6 "../../../os/kernel/include/chthreads.h"
 374              		.file 7 "../../../os/ports/GCC/ARMCMx/chcore_v7m.h"
 375              		.file 8 "../../../os/ports/common/ARMCMx/nvic.h"
 376              		.file 9 "../../../os/kernel/include/chschd.h"
 377              		.file 10 "../../../os/kernel/include/chmtx.h"
 378              		.file 11 "../../../os/kernel/include/chsys.h"
 379              		.section	.debug_info,"",%progbits
 380              	.Ldebug_info0:
 381 0000 16080000 		.4byte	0x816
 382 0004 0400     		.2byte	0x4
 383 0006 00000000 		.4byte	.Ldebug_abbrev0
 384 000a 04       		.byte	0x4
 385 000b 01       		.uleb128 0x1
 386 000c 57000000 		.4byte	.LASF97
 387 0010 01       		.byte	0x1
 388 0011 51020000 		.4byte	.LASF98
 389 0015 F1030000 		.4byte	.LASF99
 390 0019 18000000 		.4byte	.Ldebug_ranges0+0x18
 391 001d 00000000 		.4byte	0
ARM GAS  /tmp/ccPhvQ2x.s 			page 8


 392 0021 00000000 		.4byte	.Ldebug_line0
 393 0025 02       		.uleb128 0x2
 394 0026 04       		.byte	0x4
 395 0027 05       		.byte	0x5
 396 0028 696E7400 		.ascii	"int\000"
 397 002c 03       		.uleb128 0x3
 398 002d 04       		.byte	0x4
 399 002e 07       		.byte	0x7
 400 002f D6010000 		.4byte	.LASF0
 401 0033 03       		.uleb128 0x3
 402 0034 01       		.byte	0x1
 403 0035 06       		.byte	0x6
 404 0036 2E010000 		.4byte	.LASF1
 405 003a 04       		.uleb128 0x4
 406 003b 0D000000 		.4byte	.LASF5
 407 003f 02       		.byte	0x2
 408 0040 1D       		.byte	0x1d
 409 0041 45000000 		.4byte	0x45
 410 0045 03       		.uleb128 0x3
 411 0046 01       		.byte	0x1
 412 0047 08       		.byte	0x8
 413 0048 32030000 		.4byte	.LASF2
 414 004c 03       		.uleb128 0x3
 415 004d 02       		.byte	0x2
 416 004e 05       		.byte	0x5
 417 004f 50030000 		.4byte	.LASF3
 418 0053 03       		.uleb128 0x3
 419 0054 02       		.byte	0x2
 420 0055 07       		.byte	0x7
 421 0056 33020000 		.4byte	.LASF4
 422 005a 04       		.uleb128 0x4
 423 005b E7030000 		.4byte	.LASF6
 424 005f 02       		.byte	0x2
 425 0060 3F       		.byte	0x3f
 426 0061 65000000 		.4byte	0x65
 427 0065 03       		.uleb128 0x3
 428 0066 04       		.byte	0x4
 429 0067 05       		.byte	0x5
 430 0068 54010000 		.4byte	.LASF7
 431 006c 04       		.uleb128 0x4
 432 006d 93010000 		.4byte	.LASF8
 433 0071 02       		.byte	0x2
 434 0072 41       		.byte	0x41
 435 0073 77000000 		.4byte	0x77
 436 0077 03       		.uleb128 0x3
 437 0078 04       		.byte	0x4
 438 0079 07       		.byte	0x7
 439 007a FE010000 		.4byte	.LASF9
 440 007e 03       		.uleb128 0x3
 441 007f 08       		.byte	0x8
 442 0080 05       		.byte	0x5
 443 0081 20010000 		.4byte	.LASF10
 444 0085 03       		.uleb128 0x3
 445 0086 08       		.byte	0x8
 446 0087 07       		.byte	0x7
 447 0088 40000000 		.4byte	.LASF11
 448 008c 04       		.uleb128 0x4
ARM GAS  /tmp/ccPhvQ2x.s 			page 9


 449 008d 6B040000 		.4byte	.LASF12
 450 0091 03       		.byte	0x3
 451 0092 15       		.byte	0x15
 452 0093 3A000000 		.4byte	0x3a
 453 0097 04       		.uleb128 0x4
 454 0098 2A030000 		.4byte	.LASF13
 455 009c 03       		.byte	0x3
 456 009d 2C       		.byte	0x2c
 457 009e 5A000000 		.4byte	0x5a
 458 00a2 04       		.uleb128 0x4
 459 00a3 A0030000 		.4byte	.LASF14
 460 00a7 03       		.byte	0x3
 461 00a8 2D       		.byte	0x2d
 462 00a9 6C000000 		.4byte	0x6c
 463 00ad 03       		.uleb128 0x3
 464 00ae 01       		.byte	0x1
 465 00af 02       		.byte	0x2
 466 00b0 24030000 		.4byte	.LASF15
 467 00b4 04       		.uleb128 0x4
 468 00b5 A2020000 		.4byte	.LASF16
 469 00b9 04       		.byte	0x4
 470 00ba 2C       		.byte	0x2c
 471 00bb 8C000000 		.4byte	0x8c
 472 00bf 04       		.uleb128 0x4
 473 00c0 6A010000 		.4byte	.LASF17
 474 00c4 04       		.byte	0x4
 475 00c5 2D       		.byte	0x2d
 476 00c6 8C000000 		.4byte	0x8c
 477 00ca 04       		.uleb128 0x4
 478 00cb 03030000 		.4byte	.LASF18
 479 00cf 04       		.byte	0x4
 480 00d0 2E       		.byte	0x2e
 481 00d1 8C000000 		.4byte	0x8c
 482 00d5 04       		.uleb128 0x4
 483 00d6 4A010000 		.4byte	.LASF19
 484 00da 04       		.byte	0x4
 485 00db 2F       		.byte	0x2f
 486 00dc 8C000000 		.4byte	0x8c
 487 00e0 04       		.uleb128 0x4
 488 00e1 1C030000 		.4byte	.LASF20
 489 00e5 04       		.byte	0x4
 490 00e6 30       		.byte	0x30
 491 00e7 A2000000 		.4byte	0xa2
 492 00eb 04       		.uleb128 0x4
 493 00ec 4B020000 		.4byte	.LASF21
 494 00f0 04       		.byte	0x4
 495 00f1 31       		.byte	0x31
 496 00f2 97000000 		.4byte	0x97
 497 00f6 04       		.uleb128 0x4
 498 00f7 B6020000 		.4byte	.LASF22
 499 00fb 04       		.byte	0x4
 500 00fc 33       		.byte	0x33
 501 00fd A2000000 		.4byte	0xa2
 502 0101 04       		.uleb128 0x4
 503 0102 D2030000 		.4byte	.LASF23
 504 0106 04       		.byte	0x4
 505 0107 35       		.byte	0x35
ARM GAS  /tmp/ccPhvQ2x.s 			page 10


 506 0108 A2000000 		.4byte	0xa2
 507 010c 04       		.uleb128 0x4
 508 010d 8E030000 		.4byte	.LASF24
 509 0111 05       		.byte	0x5
 510 0112 2A       		.byte	0x2a
 511 0113 17010000 		.4byte	0x117
 512 0117 05       		.uleb128 0x5
 513 0118 8E030000 		.4byte	.LASF24
 514 011c 48       		.byte	0x48
 515 011d 06       		.byte	0x6
 516 011e 5E       		.byte	0x5e
 517 011f 14020000 		.4byte	0x214
 518 0123 06       		.uleb128 0x6
 519 0124 7F030000 		.4byte	.LASF25
 520 0128 06       		.byte	0x6
 521 0129 5F       		.byte	0x5f
 522 012a 35020000 		.4byte	0x235
 523 012e 00       		.byte	0
 524 012f 06       		.uleb128 0x6
 525 0130 15030000 		.4byte	.LASF26
 526 0134 06       		.byte	0x6
 527 0135 61       		.byte	0x61
 528 0136 35020000 		.4byte	0x235
 529 013a 04       		.byte	0x4
 530 013b 06       		.uleb128 0x6
 531 013c 19010000 		.4byte	.LASF27
 532 0140 06       		.byte	0x6
 533 0141 63       		.byte	0x63
 534 0142 E0000000 		.4byte	0xe0
 535 0146 08       		.byte	0x8
 536 0147 06       		.uleb128 0x6
 537 0148 9F040000 		.4byte	.LASF28
 538 014c 06       		.byte	0x6
 539 014d 64       		.byte	0x64
 540 014e 57030000 		.4byte	0x357
 541 0152 0C       		.byte	0xc
 542 0153 06       		.uleb128 0x6
 543 0154 86010000 		.4byte	.LASF29
 544 0158 06       		.byte	0x6
 545 0159 66       		.byte	0x66
 546 015a 35020000 		.4byte	0x235
 547 015e 10       		.byte	0x10
 548 015f 06       		.uleb128 0x6
 549 0160 D6020000 		.4byte	.LASF30
 550 0164 06       		.byte	0x6
 551 0165 67       		.byte	0x67
 552 0166 35020000 		.4byte	0x235
 553 016a 14       		.byte	0x14
 554 016b 06       		.uleb128 0x6
 555 016c 85040000 		.4byte	.LASF31
 556 0170 06       		.byte	0x6
 557 0171 6E       		.byte	0x6e
 558 0172 D0050000 		.4byte	0x5d0
 559 0176 18       		.byte	0x18
 560 0177 06       		.uleb128 0x6
 561 0178 5A030000 		.4byte	.LASF32
 562 017c 06       		.byte	0x6
ARM GAS  /tmp/ccPhvQ2x.s 			page 11


 563 017d 79       		.byte	0x79
 564 017e BF000000 		.4byte	0xbf
 565 0182 1C       		.byte	0x1c
 566 0183 06       		.uleb128 0x6
 567 0184 86030000 		.4byte	.LASF33
 568 0188 06       		.byte	0x6
 569 0189 7D       		.byte	0x7d
 570 018a B4000000 		.4byte	0xb4
 571 018e 1D       		.byte	0x1d
 572 018f 06       		.uleb128 0x6
 573 0190 4F040000 		.4byte	.LASF34
 574 0194 06       		.byte	0x6
 575 0195 82       		.byte	0x82
 576 0196 CA000000 		.4byte	0xca
 577 019a 1E       		.byte	0x1e
 578 019b 06       		.uleb128 0x6
 579 019c 62030000 		.4byte	.LASF35
 580 01a0 06       		.byte	0x6
 581 01a1 88       		.byte	0x88
 582 01a2 D5000000 		.4byte	0xd5
 583 01a6 1F       		.byte	0x1f
 584 01a7 06       		.uleb128 0x6
 585 01a8 31040000 		.4byte	.LASF36
 586 01ac 06       		.byte	0x6
 587 01ad 8F       		.byte	0x8f
 588 01ae F8040000 		.4byte	0x4f8
 589 01b2 20       		.byte	0x20
 590 01b3 07       		.uleb128 0x7
 591 01b4 705F7500 		.ascii	"p_u\000"
 592 01b8 06       		.byte	0x6
 593 01b9 B4       		.byte	0xb4
 594 01ba 9B050000 		.4byte	0x59b
 595 01be 24       		.byte	0x24
 596 01bf 06       		.uleb128 0x6
 597 01c0 A5040000 		.4byte	.LASF37
 598 01c4 06       		.byte	0x6
 599 01c5 B9       		.byte	0xb9
 600 01c6 5B020000 		.4byte	0x25b
 601 01ca 28       		.byte	0x28
 602 01cb 06       		.uleb128 0x6
 603 01cc 44040000 		.4byte	.LASF38
 604 01d0 06       		.byte	0x6
 605 01d1 BF       		.byte	0xbf
 606 01d2 3B020000 		.4byte	0x23b
 607 01d6 2C       		.byte	0x2c
 608 01d7 06       		.uleb128 0x6
 609 01d8 00000000 		.4byte	.LASF39
 610 01dc 06       		.byte	0x6
 611 01dd C3       		.byte	0xc3
 612 01de EB000000 		.4byte	0xeb
 613 01e2 34       		.byte	0x34
 614 01e3 06       		.uleb128 0x6
 615 01e4 95030000 		.4byte	.LASF40
 616 01e8 06       		.byte	0x6
 617 01e9 C9       		.byte	0xc9
 618 01ea F6000000 		.4byte	0xf6
 619 01ee 38       		.byte	0x38
ARM GAS  /tmp/ccPhvQ2x.s 			page 12


 620 01ef 06       		.uleb128 0x6
 621 01f0 46030000 		.4byte	.LASF41
 622 01f4 06       		.byte	0x6
 623 01f5 D0       		.byte	0xd0
 624 01f6 E2050000 		.4byte	0x5e2
 625 01fa 3C       		.byte	0x3c
 626 01fb 06       		.uleb128 0x6
 627 01fc DC030000 		.4byte	.LASF42
 628 0200 06       		.byte	0x6
 629 0201 D4       		.byte	0xd4
 630 0202 E0000000 		.4byte	0xe0
 631 0206 40       		.byte	0x40
 632 0207 06       		.uleb128 0x6
 633 0208 3A010000 		.4byte	.LASF43
 634 020c 06       		.byte	0x6
 635 020d DA       		.byte	0xda
 636 020e 71020000 		.4byte	0x271
 637 0212 44       		.byte	0x44
 638 0213 00       		.byte	0
 639 0214 08       		.uleb128 0x8
 640 0215 08       		.byte	0x8
 641 0216 05       		.byte	0x5
 642 0217 61       		.byte	0x61
 643 0218 35020000 		.4byte	0x235
 644 021c 06       		.uleb128 0x6
 645 021d 7F030000 		.4byte	.LASF25
 646 0221 05       		.byte	0x5
 647 0222 62       		.byte	0x62
 648 0223 35020000 		.4byte	0x235
 649 0227 00       		.byte	0
 650 0228 06       		.uleb128 0x6
 651 0229 15030000 		.4byte	.LASF26
 652 022d 05       		.byte	0x5
 653 022e 64       		.byte	0x64
 654 022f 35020000 		.4byte	0x235
 655 0233 04       		.byte	0x4
 656 0234 00       		.byte	0
 657 0235 09       		.uleb128 0x9
 658 0236 04       		.byte	0x4
 659 0237 0C010000 		.4byte	0x10c
 660 023b 04       		.uleb128 0x4
 661 023c E4020000 		.4byte	.LASF44
 662 0240 05       		.byte	0x5
 663 0241 66       		.byte	0x66
 664 0242 14020000 		.4byte	0x214
 665 0246 08       		.uleb128 0x8
 666 0247 04       		.byte	0x4
 667 0248 05       		.byte	0x5
 668 0249 6B       		.byte	0x6b
 669 024a 5B020000 		.4byte	0x25b
 670 024e 06       		.uleb128 0x6
 671 024f 7F030000 		.4byte	.LASF25
 672 0253 05       		.byte	0x5
 673 0254 6D       		.byte	0x6d
 674 0255 35020000 		.4byte	0x235
 675 0259 00       		.byte	0
 676 025a 00       		.byte	0
ARM GAS  /tmp/ccPhvQ2x.s 			page 13


 677 025b 04       		.uleb128 0x4
 678 025c AA020000 		.4byte	.LASF45
 679 0260 05       		.byte	0x5
 680 0261 70       		.byte	0x70
 681 0262 46020000 		.4byte	0x246
 682 0266 04       		.uleb128 0x4
 683 0267 BB010000 		.4byte	.LASF46
 684 026b 07       		.byte	0x7
 685 026c E5       		.byte	0xe5
 686 026d 71020000 		.4byte	0x271
 687 0271 0A       		.uleb128 0xa
 688 0272 04       		.byte	0x4
 689 0273 05       		.uleb128 0x5
 690 0274 EA010000 		.4byte	.LASF47
 691 0278 20       		.byte	0x20
 692 0279 07       		.byte	0x7
 693 027a ED       		.byte	0xed
 694 027b DB020000 		.4byte	0x2db
 695 027f 07       		.uleb128 0x7
 696 0280 723000   		.ascii	"r0\000"
 697 0283 07       		.byte	0x7
 698 0284 EE       		.byte	0xee
 699 0285 66020000 		.4byte	0x266
 700 0289 00       		.byte	0
 701 028a 07       		.uleb128 0x7
 702 028b 723100   		.ascii	"r1\000"
 703 028e 07       		.byte	0x7
 704 028f EF       		.byte	0xef
 705 0290 66020000 		.4byte	0x266
 706 0294 04       		.byte	0x4
 707 0295 07       		.uleb128 0x7
 708 0296 723200   		.ascii	"r2\000"
 709 0299 07       		.byte	0x7
 710 029a F0       		.byte	0xf0
 711 029b 66020000 		.4byte	0x266
 712 029f 08       		.byte	0x8
 713 02a0 07       		.uleb128 0x7
 714 02a1 723300   		.ascii	"r3\000"
 715 02a4 07       		.byte	0x7
 716 02a5 F1       		.byte	0xf1
 717 02a6 66020000 		.4byte	0x266
 718 02aa 0C       		.byte	0xc
 719 02ab 07       		.uleb128 0x7
 720 02ac 72313200 		.ascii	"r12\000"
 721 02b0 07       		.byte	0x7
 722 02b1 F2       		.byte	0xf2
 723 02b2 66020000 		.4byte	0x266
 724 02b6 10       		.byte	0x10
 725 02b7 06       		.uleb128 0x6
 726 02b8 E3010000 		.4byte	.LASF48
 727 02bc 07       		.byte	0x7
 728 02bd F3       		.byte	0xf3
 729 02be 66020000 		.4byte	0x266
 730 02c2 14       		.byte	0x14
 731 02c3 07       		.uleb128 0x7
 732 02c4 706300   		.ascii	"pc\000"
 733 02c7 07       		.byte	0x7
ARM GAS  /tmp/ccPhvQ2x.s 			page 14


 734 02c8 F4       		.byte	0xf4
 735 02c9 66020000 		.4byte	0x266
 736 02cd 18       		.byte	0x18
 737 02ce 06       		.uleb128 0x6
 738 02cf 6C030000 		.4byte	.LASF49
 739 02d3 07       		.byte	0x7
 740 02d4 F5       		.byte	0xf5
 741 02d5 66020000 		.4byte	0x266
 742 02d9 1C       		.byte	0x1c
 743 02da 00       		.byte	0
 744 02db 0B       		.uleb128 0xb
 745 02dc 3D040000 		.4byte	.LASF50
 746 02e0 24       		.byte	0x24
 747 02e1 07       		.byte	0x7
 748 02e2 0C01     		.2byte	0x10c
 749 02e4 57030000 		.4byte	0x357
 750 02e8 0C       		.uleb128 0xc
 751 02e9 723400   		.ascii	"r4\000"
 752 02ec 07       		.byte	0x7
 753 02ed 1F01     		.2byte	0x11f
 754 02ef 66020000 		.4byte	0x266
 755 02f3 00       		.byte	0
 756 02f4 0C       		.uleb128 0xc
 757 02f5 723500   		.ascii	"r5\000"
 758 02f8 07       		.byte	0x7
 759 02f9 2001     		.2byte	0x120
 760 02fb 66020000 		.4byte	0x266
 761 02ff 04       		.byte	0x4
 762 0300 0C       		.uleb128 0xc
 763 0301 723600   		.ascii	"r6\000"
 764 0304 07       		.byte	0x7
 765 0305 2101     		.2byte	0x121
 766 0307 66020000 		.4byte	0x266
 767 030b 08       		.byte	0x8
 768 030c 0C       		.uleb128 0xc
 769 030d 723700   		.ascii	"r7\000"
 770 0310 07       		.byte	0x7
 771 0311 2201     		.2byte	0x122
 772 0313 66020000 		.4byte	0x266
 773 0317 0C       		.byte	0xc
 774 0318 0C       		.uleb128 0xc
 775 0319 723800   		.ascii	"r8\000"
 776 031c 07       		.byte	0x7
 777 031d 2301     		.2byte	0x123
 778 031f 66020000 		.4byte	0x266
 779 0323 10       		.byte	0x10
 780 0324 0C       		.uleb128 0xc
 781 0325 723900   		.ascii	"r9\000"
 782 0328 07       		.byte	0x7
 783 0329 2401     		.2byte	0x124
 784 032b 66020000 		.4byte	0x266
 785 032f 14       		.byte	0x14
 786 0330 0C       		.uleb128 0xc
 787 0331 72313000 		.ascii	"r10\000"
 788 0335 07       		.byte	0x7
 789 0336 2501     		.2byte	0x125
 790 0338 66020000 		.4byte	0x266
ARM GAS  /tmp/ccPhvQ2x.s 			page 15


 791 033c 18       		.byte	0x18
 792 033d 0C       		.uleb128 0xc
 793 033e 72313100 		.ascii	"r11\000"
 794 0342 07       		.byte	0x7
 795 0343 2601     		.2byte	0x126
 796 0345 66020000 		.4byte	0x266
 797 0349 1C       		.byte	0x1c
 798 034a 0C       		.uleb128 0xc
 799 034b 6C7200   		.ascii	"lr\000"
 800 034e 07       		.byte	0x7
 801 034f 2701     		.2byte	0x127
 802 0351 66020000 		.4byte	0x266
 803 0355 20       		.byte	0x20
 804 0356 00       		.byte	0
 805 0357 0B       		.uleb128 0xb
 806 0358 2B020000 		.4byte	.LASF51
 807 035c 04       		.byte	0x4
 808 035d 07       		.byte	0x7
 809 035e 3101     		.2byte	0x131
 810 0360 72030000 		.4byte	0x372
 811 0364 0C       		.uleb128 0xc
 812 0365 72313300 		.ascii	"r13\000"
 813 0369 07       		.byte	0x7
 814 036a 3201     		.2byte	0x132
 815 036c 72030000 		.4byte	0x372
 816 0370 00       		.byte	0
 817 0371 00       		.byte	0
 818 0372 09       		.uleb128 0x9
 819 0373 04       		.byte	0x4
 820 0374 DB020000 		.4byte	0x2db
 821 0378 04       		.uleb128 0x4
 822 0379 C3030000 		.4byte	.LASF52
 823 037d 08       		.byte	0x8
 824 037e 3A       		.byte	0x3a
 825 037f 83030000 		.4byte	0x383
 826 0383 0D       		.uleb128 0xd
 827 0384 A2000000 		.4byte	0xa2
 828 0388 03       		.uleb128 0x3
 829 0389 04       		.byte	0x4
 830 038a 07       		.byte	0x7
 831 038b C8020000 		.4byte	.LASF53
 832 038f 08       		.uleb128 0x8
 833 0390 8C       		.byte	0x8c
 834 0391 08       		.byte	0x8
 835 0392 89       		.byte	0x89
 836 0393 94040000 		.4byte	0x494
 837 0397 06       		.uleb128 0x6
 838 0398 13010000 		.4byte	.LASF54
 839 039c 08       		.byte	0x8
 840 039d 8A       		.byte	0x8a
 841 039e 78030000 		.4byte	0x378
 842 03a2 00       		.byte	0
 843 03a3 06       		.uleb128 0x6
 844 03a4 46020000 		.4byte	.LASF55
 845 03a8 08       		.byte	0x8
 846 03a9 8B       		.byte	0x8b
 847 03aa 78030000 		.4byte	0x378
ARM GAS  /tmp/ccPhvQ2x.s 			page 16


 848 03ae 04       		.byte	0x4
 849 03af 06       		.uleb128 0x6
 850 03b0 10020000 		.4byte	.LASF56
 851 03b4 08       		.byte	0x8
 852 03b5 8C       		.byte	0x8c
 853 03b6 78030000 		.4byte	0x378
 854 03ba 08       		.byte	0x8
 855 03bb 06       		.uleb128 0x6
 856 03bc 7B020000 		.4byte	.LASF57
 857 03c0 08       		.byte	0x8
 858 03c1 8D       		.byte	0x8d
 859 03c2 78030000 		.4byte	0x378
 860 03c6 0C       		.byte	0xc
 861 03c7 07       		.uleb128 0x7
 862 03c8 53435200 		.ascii	"SCR\000"
 863 03cc 08       		.byte	0x8
 864 03cd 8E       		.byte	0x8e
 865 03ce 78030000 		.4byte	0x378
 866 03d2 10       		.byte	0x10
 867 03d3 07       		.uleb128 0x7
 868 03d4 43435200 		.ascii	"CCR\000"
 869 03d8 08       		.byte	0x8
 870 03d9 8F       		.byte	0x8f
 871 03da 78030000 		.4byte	0x378
 872 03de 14       		.byte	0x14
 873 03df 06       		.uleb128 0x6
 874 03e0 38040000 		.4byte	.LASF58
 875 03e4 08       		.byte	0x8
 876 03e5 90       		.byte	0x90
 877 03e6 A4040000 		.4byte	0x4a4
 878 03ea 18       		.byte	0x18
 879 03eb 06       		.uleb128 0x6
 880 03ec 40030000 		.4byte	.LASF59
 881 03f0 08       		.byte	0x8
 882 03f1 91       		.byte	0x91
 883 03f2 78030000 		.4byte	0x378
 884 03f6 24       		.byte	0x24
 885 03f7 06       		.uleb128 0x6
 886 03f8 D1020000 		.4byte	.LASF60
 887 03fc 08       		.byte	0x8
 888 03fd 92       		.byte	0x92
 889 03fe 78030000 		.4byte	0x378
 890 0402 28       		.byte	0x28
 891 0403 06       		.uleb128 0x6
 892 0404 92040000 		.4byte	.LASF61
 893 0408 08       		.byte	0x8
 894 0409 93       		.byte	0x93
 895 040a 78030000 		.4byte	0x378
 896 040e 2C       		.byte	0x2c
 897 040f 06       		.uleb128 0x6
 898 0410 0B030000 		.4byte	.LASF62
 899 0414 08       		.byte	0x8
 900 0415 94       		.byte	0x94
 901 0416 78030000 		.4byte	0x378
 902 041a 30       		.byte	0x30
 903 041b 06       		.uleb128 0x6
 904 041c 89020000 		.4byte	.LASF63
ARM GAS  /tmp/ccPhvQ2x.s 			page 17


 905 0420 08       		.byte	0x8
 906 0421 95       		.byte	0x95
 907 0422 78030000 		.4byte	0x378
 908 0426 34       		.byte	0x34
 909 0427 06       		.uleb128 0x6
 910 0428 8E010000 		.4byte	.LASF64
 911 042c 08       		.byte	0x8
 912 042d 96       		.byte	0x96
 913 042e 78030000 		.4byte	0x378
 914 0432 38       		.byte	0x38
 915 0433 06       		.uleb128 0x6
 916 0434 B1030000 		.4byte	.LASF65
 917 0438 08       		.byte	0x8
 918 0439 97       		.byte	0x97
 919 043a 78030000 		.4byte	0x378
 920 043e 3C       		.byte	0x3c
 921 043f 07       		.uleb128 0x7
 922 0440 50465200 		.ascii	"PFR\000"
 923 0444 08       		.byte	0x8
 924 0445 98       		.byte	0x98
 925 0446 B9040000 		.4byte	0x4b9
 926 044a 40       		.byte	0x40
 927 044b 07       		.uleb128 0x7
 928 044c 44465200 		.ascii	"DFR\000"
 929 0450 08       		.byte	0x8
 930 0451 99       		.byte	0x99
 931 0452 78030000 		.4byte	0x378
 932 0456 48       		.byte	0x48
 933 0457 07       		.uleb128 0x7
 934 0458 41445200 		.ascii	"ADR\000"
 935 045c 08       		.byte	0x8
 936 045d 9A       		.byte	0x9a
 937 045e 78030000 		.4byte	0x378
 938 0462 4C       		.byte	0x4c
 939 0463 06       		.uleb128 0x6
 940 0464 60040000 		.4byte	.LASF66
 941 0468 08       		.byte	0x8
 942 0469 9B       		.byte	0x9b
 943 046a CE040000 		.4byte	0x4ce
 944 046e 50       		.byte	0x50
 945 046f 07       		.uleb128 0x7
 946 0470 53415200 		.ascii	"SAR\000"
 947 0474 08       		.byte	0x8
 948 0475 9C       		.byte	0x9c
 949 0476 E3040000 		.4byte	0x4e3
 950 047a 60       		.byte	0x60
 951 047b 06       		.uleb128 0x6
 952 047c B6030000 		.4byte	.LASF67
 953 0480 08       		.byte	0x8
 954 0481 9D       		.byte	0x9d
 955 0482 E8040000 		.4byte	0x4e8
 956 0486 74       		.byte	0x74
 957 0487 06       		.uleb128 0x6
 958 0488 8C040000 		.4byte	.LASF68
 959 048c 08       		.byte	0x8
 960 048d 9E       		.byte	0x9e
 961 048e 78030000 		.4byte	0x378
ARM GAS  /tmp/ccPhvQ2x.s 			page 18


 962 0492 88       		.byte	0x88
 963 0493 00       		.byte	0
 964 0494 0E       		.uleb128 0xe
 965 0495 78030000 		.4byte	0x378
 966 0499 A4040000 		.4byte	0x4a4
 967 049d 0F       		.uleb128 0xf
 968 049e 88030000 		.4byte	0x388
 969 04a2 02       		.byte	0x2
 970 04a3 00       		.byte	0
 971 04a4 0D       		.uleb128 0xd
 972 04a5 94040000 		.4byte	0x494
 973 04a9 0E       		.uleb128 0xe
 974 04aa 78030000 		.4byte	0x378
 975 04ae B9040000 		.4byte	0x4b9
 976 04b2 0F       		.uleb128 0xf
 977 04b3 88030000 		.4byte	0x388
 978 04b7 01       		.byte	0x1
 979 04b8 00       		.byte	0
 980 04b9 0D       		.uleb128 0xd
 981 04ba A9040000 		.4byte	0x4a9
 982 04be 0E       		.uleb128 0xe
 983 04bf 78030000 		.4byte	0x378
 984 04c3 CE040000 		.4byte	0x4ce
 985 04c7 0F       		.uleb128 0xf
 986 04c8 88030000 		.4byte	0x388
 987 04cc 03       		.byte	0x3
 988 04cd 00       		.byte	0
 989 04ce 0D       		.uleb128 0xd
 990 04cf BE040000 		.4byte	0x4be
 991 04d3 0E       		.uleb128 0xe
 992 04d4 78030000 		.4byte	0x378
 993 04d8 E3040000 		.4byte	0x4e3
 994 04dc 0F       		.uleb128 0xf
 995 04dd 88030000 		.4byte	0x388
 996 04e1 04       		.byte	0x4
 997 04e2 00       		.byte	0
 998 04e3 0D       		.uleb128 0xd
 999 04e4 D3040000 		.4byte	0x4d3
 1000 04e8 0D       		.uleb128 0xd
 1001 04e9 D3040000 		.4byte	0x4d3
 1002 04ed 04       		.uleb128 0x4
 1003 04ee 17000000 		.4byte	.LASF69
 1004 04f2 08       		.byte	0x8
 1005 04f3 9F       		.byte	0x9f
 1006 04f4 8F030000 		.4byte	0x38f
 1007 04f8 0D       		.uleb128 0xd
 1008 04f9 01010000 		.4byte	0x101
 1009 04fd 08       		.uleb128 0x8
 1010 04fe 1C       		.byte	0x1c
 1011 04ff 09       		.byte	0x9
 1012 0500 5E       		.byte	0x5e
 1013 0501 4E050000 		.4byte	0x54e
 1014 0505 06       		.uleb128 0x6
 1015 0506 A9030000 		.4byte	.LASF70
 1016 050a 09       		.byte	0x9
 1017 050b 5F       		.byte	0x5f
 1018 050c 3B020000 		.4byte	0x23b
ARM GAS  /tmp/ccPhvQ2x.s 			page 19


 1019 0510 00       		.byte	0
 1020 0511 06       		.uleb128 0x6
 1021 0512 71030000 		.4byte	.LASF71
 1022 0516 09       		.byte	0x9
 1023 0517 60       		.byte	0x60
 1024 0518 E0000000 		.4byte	0xe0
 1025 051c 08       		.byte	0x8
 1026 051d 06       		.uleb128 0x6
 1027 051e DE020000 		.4byte	.LASF72
 1028 0522 09       		.byte	0x9
 1029 0523 62       		.byte	0x62
 1030 0524 57030000 		.4byte	0x357
 1031 0528 0C       		.byte	0xc
 1032 0529 06       		.uleb128 0x6
 1033 052a 81020000 		.4byte	.LASF73
 1034 052e 09       		.byte	0x9
 1035 052f 65       		.byte	0x65
 1036 0530 35020000 		.4byte	0x235
 1037 0534 10       		.byte	0x10
 1038 0535 06       		.uleb128 0x6
 1039 0536 FB020000 		.4byte	.LASF74
 1040 053a 09       		.byte	0x9
 1041 053b 66       		.byte	0x66
 1042 053c 35020000 		.4byte	0x235
 1043 0540 14       		.byte	0x14
 1044 0541 06       		.uleb128 0x6
 1045 0542 F1020000 		.4byte	.LASF75
 1046 0546 09       		.byte	0x9
 1047 0547 69       		.byte	0x69
 1048 0548 35020000 		.4byte	0x235
 1049 054c 18       		.byte	0x18
 1050 054d 00       		.byte	0
 1051 054e 04       		.uleb128 0x4
 1052 054f 56040000 		.4byte	.LASF76
 1053 0553 09       		.byte	0x9
 1054 0554 6B       		.byte	0x6b
 1055 0555 FD040000 		.4byte	0x4fd
 1056 0559 05       		.uleb128 0x5
 1057 055a C2020000 		.4byte	.LASF77
 1058 055e 10       		.byte	0x10
 1059 055f 0A       		.byte	0xa
 1060 0560 2C       		.byte	0x2c
 1061 0561 8A050000 		.4byte	0x58a
 1062 0565 06       		.uleb128 0x6
 1063 0566 42010000 		.4byte	.LASF78
 1064 056a 0A       		.byte	0xa
 1065 056b 2D       		.byte	0x2d
 1066 056c 3B020000 		.4byte	0x23b
 1067 0570 00       		.byte	0
 1068 0571 06       		.uleb128 0x6
 1069 0572 97040000 		.4byte	.LASF79
 1070 0576 0A       		.byte	0xa
 1071 0577 2F       		.byte	0x2f
 1072 0578 35020000 		.4byte	0x235
 1073 057c 08       		.byte	0x8
 1074 057d 06       		.uleb128 0x6
 1075 057e CB030000 		.4byte	.LASF80
ARM GAS  /tmp/ccPhvQ2x.s 			page 20


 1076 0582 0A       		.byte	0xa
 1077 0583 31       		.byte	0x31
 1078 0584 8A050000 		.4byte	0x58a
 1079 0588 0C       		.byte	0xc
 1080 0589 00       		.byte	0
 1081 058a 09       		.uleb128 0x9
 1082 058b 04       		.byte	0x4
 1083 058c 59050000 		.4byte	0x559
 1084 0590 04       		.uleb128 0x4
 1085 0591 C2020000 		.4byte	.LASF77
 1086 0595 0A       		.byte	0xa
 1087 0596 33       		.byte	0x33
 1088 0597 59050000 		.4byte	0x559
 1089 059b 10       		.uleb128 0x10
 1090 059c 04       		.byte	0x4
 1091 059d 06       		.byte	0x6
 1092 059e 96       		.byte	0x96
 1093 059f D0050000 		.4byte	0x5d0
 1094 05a3 11       		.uleb128 0x11
 1095 05a4 06000000 		.4byte	.LASF81
 1096 05a8 06       		.byte	0x6
 1097 05a9 9D       		.byte	0x9d
 1098 05aa EB000000 		.4byte	0xeb
 1099 05ae 11       		.uleb128 0x11
 1100 05af 0A010000 		.4byte	.LASF82
 1101 05b3 06       		.byte	0x6
 1102 05b4 A4       		.byte	0xa4
 1103 05b5 EB000000 		.4byte	0xeb
 1104 05b9 11       		.uleb128 0x11
 1105 05ba 7E040000 		.4byte	.LASF83
 1106 05be 06       		.byte	0x6
 1107 05bf AB       		.byte	0xab
 1108 05c0 71020000 		.4byte	0x271
 1109 05c4 11       		.uleb128 0x11
 1110 05c5 78030000 		.4byte	.LASF84
 1111 05c9 06       		.byte	0x6
 1112 05ca B2       		.byte	0xb2
 1113 05cb F6000000 		.4byte	0xf6
 1114 05cf 00       		.byte	0
 1115 05d0 09       		.uleb128 0x9
 1116 05d1 04       		.byte	0x4
 1117 05d2 D6050000 		.4byte	0x5d6
 1118 05d6 12       		.uleb128 0x12
 1119 05d7 DB050000 		.4byte	0x5db
 1120 05db 03       		.uleb128 0x3
 1121 05dc 01       		.byte	0x1
 1122 05dd 08       		.byte	0x8
 1123 05de BE030000 		.4byte	.LASF85
 1124 05e2 09       		.uleb128 0x9
 1125 05e3 04       		.byte	0x4
 1126 05e4 90050000 		.4byte	0x590
 1127 05e8 13       		.uleb128 0x13
 1128 05e9 8F020000 		.4byte	.LASF93
 1129 05ed 01       		.byte	0x1
 1130 05ee 96       		.byte	0x96
 1131 05ef 01       		.byte	0x1
 1132 05f0 24060000 		.4byte	0x624
ARM GAS  /tmp/ccPhvQ2x.s 			page 21


 1133 05f4 14       		.uleb128 0x14
 1134 05f5 05060000 		.4byte	0x605
 1135 05f9 15       		.uleb128 0x15
 1136 05fa 746D7000 		.ascii	"tmp\000"
 1137 05fe 01       		.byte	0x1
 1138 05ff 98       		.byte	0x98
 1139 0600 A2000000 		.4byte	0xa2
 1140 0604 00       		.byte	0
 1141 0605 14       		.uleb128 0x14
 1142 0606 16060000 		.4byte	0x616
 1143 060a 16       		.uleb128 0x16
 1144 060b 10030000 		.4byte	.LASF86
 1145 060f 01       		.byte	0x1
 1146 0610 9A       		.byte	0x9a
 1147 0611 24060000 		.4byte	0x624
 1148 0615 00       		.byte	0
 1149 0616 17       		.uleb128 0x17
 1150 0617 15       		.uleb128 0x15
 1151 0618 746D7000 		.ascii	"tmp\000"
 1152 061c 01       		.byte	0x1
 1153 061d BE       		.byte	0xbe
 1154 061e A2000000 		.4byte	0xa2
 1155 0622 00       		.byte	0
 1156 0623 00       		.byte	0
 1157 0624 09       		.uleb128 0x9
 1158 0625 04       		.byte	0x4
 1159 0626 73020000 		.4byte	0x273
 1160 062a 18       		.uleb128 0x18
 1161 062b 15020000 		.4byte	.LASF87
 1162 062f 01       		.byte	0x1
 1163 0630 C8       		.byte	0xc8
 1164 0631 00000000 		.4byte	.LFB11
 1165 0635 06000000 		.4byte	.LFE11-.LFB11
 1166 0639 01       		.uleb128 0x1
 1167 063a 9C       		.byte	0x9c
 1168 063b 49060000 		.4byte	0x649
 1169 063f 19       		.uleb128 0x19
 1170 0640 04000000 		.4byte	.LVL0
 1171 0644 F4070000 		.4byte	0x7f4
 1172 0648 00       		.byte	0
 1173 0649 18       		.uleb128 0x18
 1174 064a 5D010000 		.4byte	.LASF88
 1175 064e 01       		.byte	0x1
 1176 064f 41       		.byte	0x41
 1177 0650 00000000 		.4byte	.LFB8
 1178 0654 12000000 		.4byte	.LFE8-.LFB8
 1179 0658 01       		.uleb128 0x1
 1180 0659 9C       		.byte	0x9c
 1181 065a 85060000 		.4byte	0x685
 1182 065e 1A       		.uleb128 0x1a
 1183 065f 10030000 		.4byte	.LASF86
 1184 0663 01       		.byte	0x1
 1185 0664 42       		.byte	0x42
 1186 0665 24060000 		.4byte	0x624
 1187 0669 00000000 		.4byte	.LLST0
 1188 066d 1B       		.uleb128 0x1b
 1189 066e 0A000000 		.4byte	.LBB5
ARM GAS  /tmp/ccPhvQ2x.s 			page 22


 1190 0672 08000000 		.4byte	.LBE5-.LBB5
 1191 0676 1C       		.uleb128 0x1c
 1192 0677 746D7000 		.ascii	"tmp\000"
 1193 067b 01       		.byte	0x1
 1194 067c 52       		.byte	0x52
 1195 067d A2000000 		.4byte	0xa2
 1196 0681 01       		.uleb128 0x1
 1197 0682 53       		.byte	0x53
 1198 0683 00       		.byte	0
 1199 0684 00       		.byte	0
 1200 0685 18       		.uleb128 0x18
 1201 0686 73040000 		.4byte	.LASF89
 1202 068a 01       		.byte	0x1
 1203 068b 78       		.byte	0x78
 1204 068c 00000000 		.4byte	.LFB9
 1205 0690 30000000 		.4byte	.LFE9-.LFB9
 1206 0694 01       		.uleb128 0x1
 1207 0695 9C       		.byte	0x9c
 1208 0696 E1060000 		.4byte	0x6e1
 1209 069a 1D       		.uleb128 0x1d
 1210 069b 14000000 		.4byte	.LVL4
 1211 069f FB070000 		.4byte	0x7fb
 1212 06a3 B2060000 		.4byte	0x6b2
 1213 06a7 1E       		.uleb128 0x1e
 1214 06a8 01       		.uleb128 0x1
 1215 06a9 51       		.byte	0x51
 1216 06aa 01       		.uleb128 0x1
 1217 06ab 40       		.byte	0x40
 1218 06ac 1E       		.uleb128 0x1e
 1219 06ad 01       		.uleb128 0x1
 1220 06ae 50       		.byte	0x50
 1221 06af 01       		.uleb128 0x1
 1222 06b0 37       		.byte	0x37
 1223 06b1 00       		.byte	0
 1224 06b2 1D       		.uleb128 0x1d
 1225 06b3 1C000000 		.4byte	.LVL5
 1226 06b7 FB070000 		.4byte	0x7fb
 1227 06bb CB060000 		.4byte	0x6cb
 1228 06bf 1E       		.uleb128 0x1e
 1229 06c0 01       		.uleb128 0x1
 1230 06c1 51       		.byte	0x51
 1231 06c2 02       		.uleb128 0x2
 1232 06c3 08       		.byte	0x8
 1233 06c4 20       		.byte	0x20
 1234 06c5 1E       		.uleb128 0x1e
 1235 06c6 01       		.uleb128 0x1
 1236 06c7 50       		.byte	0x50
 1237 06c8 01       		.uleb128 0x1
 1238 06c9 3A       		.byte	0x3a
 1239 06ca 00       		.byte	0
 1240 06cb 1F       		.uleb128 0x1f
 1241 06cc 28000000 		.4byte	.LVL6
 1242 06d0 FB070000 		.4byte	0x7fb
 1243 06d4 1E       		.uleb128 0x1e
 1244 06d5 01       		.uleb128 0x1
 1245 06d6 51       		.byte	0x51
 1246 06d7 02       		.uleb128 0x2
ARM GAS  /tmp/ccPhvQ2x.s 			page 23


 1247 06d8 08       		.byte	0x8
 1248 06d9 80       		.byte	0x80
 1249 06da 1E       		.uleb128 0x1e
 1250 06db 01       		.uleb128 0x1
 1251 06dc 50       		.byte	0x50
 1252 06dd 01       		.uleb128 0x1
 1253 06de 3B       		.byte	0x3b
 1254 06df 00       		.byte	0
 1255 06e0 00       		.byte	0
 1256 06e1 20       		.uleb128 0x20
 1257 06e2 E8050000 		.4byte	0x5e8
 1258 06e6 00000000 		.4byte	.LFB10
 1259 06ea 74000000 		.4byte	.LFE10-.LFB10
 1260 06ee 01       		.uleb128 0x1
 1261 06ef 9C       		.byte	0x9c
 1262 06f0 2E070000 		.4byte	0x72e
 1263 06f4 21       		.uleb128 0x21
 1264 06f5 00000000 		.4byte	.LBB14
 1265 06f9 06000000 		.4byte	.LBE14-.LBB14
 1266 06fd 09070000 		.4byte	0x709
 1267 0701 22       		.uleb128 0x22
 1268 0702 F9050000 		.4byte	0x5f9
 1269 0706 01       		.uleb128 0x1
 1270 0707 53       		.byte	0x53
 1271 0708 00       		.byte	0
 1272 0709 23       		.uleb128 0x23
 1273 070a 00000000 		.4byte	.Ldebug_ranges0+0
 1274 070e 1C070000 		.4byte	0x71c
 1275 0712 24       		.uleb128 0x24
 1276 0713 0A060000 		.4byte	0x60a
 1277 0717 20000000 		.4byte	.LLST1
 1278 071b 00       		.byte	0
 1279 071c 1B       		.uleb128 0x1b
 1280 071d 44000000 		.4byte	.LBB18
 1281 0721 06000000 		.4byte	.LBE18-.LBB18
 1282 0725 22       		.uleb128 0x22
 1283 0726 17060000 		.4byte	0x617
 1284 072a 01       		.uleb128 0x1
 1285 072b 53       		.byte	0x53
 1286 072c 00       		.byte	0
 1287 072d 00       		.byte	0
 1288 072e 18       		.uleb128 0x18
 1289 072f 32000000 		.4byte	.LASF90
 1290 0733 01       		.byte	0x1
 1291 0734 2F       		.byte	0x2f
 1292 0735 00000000 		.4byte	.LFB7
 1293 0739 1A000000 		.4byte	.LFE7-.LFB7
 1294 073d 01       		.uleb128 0x1
 1295 073e 9C       		.byte	0x9c
 1296 073f 8C070000 		.4byte	0x78c
 1297 0743 21       		.uleb128 0x21
 1298 0744 02000000 		.4byte	.LBB20
 1299 0748 06000000 		.4byte	.LBE20-.LBB20
 1300 074c 5E070000 		.4byte	0x75e
 1301 0750 1C       		.uleb128 0x1c
 1302 0751 746D7000 		.ascii	"tmp\000"
 1303 0755 01       		.byte	0x1
ARM GAS  /tmp/ccPhvQ2x.s 			page 24


 1304 0756 33       		.byte	0x33
 1305 0757 A2000000 		.4byte	0xa2
 1306 075b 01       		.uleb128 0x1
 1307 075c 53       		.byte	0x53
 1308 075d 00       		.byte	0
 1309 075e 21       		.uleb128 0x21
 1310 075f 0C000000 		.4byte	.LBB21
 1311 0763 06000000 		.4byte	.LBE21-.LBB21
 1312 0767 79070000 		.4byte	0x779
 1313 076b 1C       		.uleb128 0x1c
 1314 076c 746D7000 		.ascii	"tmp\000"
 1315 0770 01       		.byte	0x1
 1316 0771 35       		.byte	0x35
 1317 0772 A2000000 		.4byte	0xa2
 1318 0776 01       		.uleb128 0x1
 1319 0777 53       		.byte	0x53
 1320 0778 00       		.byte	0
 1321 0779 19       		.uleb128 0x19
 1322 077a 0C000000 		.4byte	.LVL12
 1323 077e 12080000 		.4byte	0x812
 1324 0782 25       		.uleb128 0x25
 1325 0783 1A000000 		.4byte	.LVL13
 1326 0787 E8050000 		.4byte	0x5e8
 1327 078b 00       		.byte	0
 1328 078c 18       		.uleb128 0x18
 1329 078d F1010000 		.4byte	.LASF91
 1330 0791 01       		.byte	0x1
 1331 0792 E5       		.byte	0xe5
 1332 0793 00000000 		.4byte	.LFB12
 1333 0797 10000000 		.4byte	.LFE12-.LFB12
 1334 079b 01       		.uleb128 0x1
 1335 079c 9C       		.byte	0x9c
 1336 079d BC070000 		.4byte	0x7bc
 1337 07a1 26       		.uleb128 0x26
 1338 07a2 6E747000 		.ascii	"ntp\000"
 1339 07a6 01       		.byte	0x1
 1340 07a7 E5       		.byte	0xe5
 1341 07a8 35020000 		.4byte	0x235
 1342 07ac 01       		.uleb128 0x1
 1343 07ad 50       		.byte	0x50
 1344 07ae 26       		.uleb128 0x26
 1345 07af 6F747000 		.ascii	"otp\000"
 1346 07b3 01       		.byte	0x1
 1347 07b4 E5       		.byte	0xe5
 1348 07b5 35020000 		.4byte	0x235
 1349 07b9 01       		.uleb128 0x1
 1350 07ba 51       		.byte	0x51
 1351 07bb 00       		.byte	0
 1352 07bc 18       		.uleb128 0x18
 1353 07bd 73010000 		.4byte	.LASF92
 1354 07c1 01       		.byte	0x1
 1355 07c2 FC       		.byte	0xfc
 1356 07c3 00000000 		.4byte	.LFB13
 1357 07c7 10000000 		.4byte	.LFE13-.LFB13
 1358 07cb 01       		.uleb128 0x1
 1359 07cc 9C       		.byte	0x9c
 1360 07cd E9070000 		.4byte	0x7e9
ARM GAS  /tmp/ccPhvQ2x.s 			page 25


 1361 07d1 1B       		.uleb128 0x1b
 1362 07d2 00000000 		.4byte	.LBB22
 1363 07d6 06000000 		.4byte	.LBE22-.LBB22
 1364 07da 1C       		.uleb128 0x1c
 1365 07db 746D7000 		.ascii	"tmp\000"
 1366 07df 01       		.byte	0x1
 1367 07e0 FE       		.byte	0xfe
 1368 07e1 A2000000 		.4byte	0xa2
 1369 07e5 01       		.uleb128 0x1
 1370 07e6 53       		.byte	0x53
 1371 07e7 00       		.byte	0
 1372 07e8 00       		.byte	0
 1373 07e9 27       		.uleb128 0x27
 1374 07ea 65040000 		.4byte	.LASF100
 1375 07ee 09       		.byte	0x9
 1376 07ef 6F       		.byte	0x6f
 1377 07f0 4E050000 		.4byte	0x54e
 1378 07f4 28       		.uleb128 0x28
 1379 07f5 C4010000 		.4byte	.LASF95
 1380 07f9 09       		.byte	0x9
 1381 07fa A8       		.byte	0xa8
 1382 07fb 29       		.uleb128 0x29
 1383 07fc 9E010000 		.4byte	.LASF94
 1384 0800 08       		.byte	0x8
 1385 0801 2501     		.2byte	0x125
 1386 0803 12080000 		.4byte	0x812
 1387 0807 2A       		.uleb128 0x2a
 1388 0808 A2000000 		.4byte	0xa2
 1389 080c 2A       		.uleb128 0x2a
 1390 080d A2000000 		.4byte	0xa2
 1391 0811 00       		.byte	0
 1392 0812 28       		.uleb128 0x28
 1393 0813 1F000000 		.4byte	.LASF96
 1394 0817 0B       		.byte	0xb
 1395 0818 F7       		.byte	0xf7
 1396 0819 00       		.byte	0
 1397              		.section	.debug_abbrev,"",%progbits
 1398              	.Ldebug_abbrev0:
 1399 0000 01       		.uleb128 0x1
 1400 0001 11       		.uleb128 0x11
 1401 0002 01       		.byte	0x1
 1402 0003 25       		.uleb128 0x25
 1403 0004 0E       		.uleb128 0xe
 1404 0005 13       		.uleb128 0x13
 1405 0006 0B       		.uleb128 0xb
 1406 0007 03       		.uleb128 0x3
 1407 0008 0E       		.uleb128 0xe
 1408 0009 1B       		.uleb128 0x1b
 1409 000a 0E       		.uleb128 0xe
 1410 000b 55       		.uleb128 0x55
 1411 000c 17       		.uleb128 0x17
 1412 000d 11       		.uleb128 0x11
 1413 000e 01       		.uleb128 0x1
 1414 000f 10       		.uleb128 0x10
 1415 0010 17       		.uleb128 0x17
 1416 0011 00       		.byte	0
 1417 0012 00       		.byte	0
ARM GAS  /tmp/ccPhvQ2x.s 			page 26


 1418 0013 02       		.uleb128 0x2
 1419 0014 24       		.uleb128 0x24
 1420 0015 00       		.byte	0
 1421 0016 0B       		.uleb128 0xb
 1422 0017 0B       		.uleb128 0xb
 1423 0018 3E       		.uleb128 0x3e
 1424 0019 0B       		.uleb128 0xb
 1425 001a 03       		.uleb128 0x3
 1426 001b 08       		.uleb128 0x8
 1427 001c 00       		.byte	0
 1428 001d 00       		.byte	0
 1429 001e 03       		.uleb128 0x3
 1430 001f 24       		.uleb128 0x24
 1431 0020 00       		.byte	0
 1432 0021 0B       		.uleb128 0xb
 1433 0022 0B       		.uleb128 0xb
 1434 0023 3E       		.uleb128 0x3e
 1435 0024 0B       		.uleb128 0xb
 1436 0025 03       		.uleb128 0x3
 1437 0026 0E       		.uleb128 0xe
 1438 0027 00       		.byte	0
 1439 0028 00       		.byte	0
 1440 0029 04       		.uleb128 0x4
 1441 002a 16       		.uleb128 0x16
 1442 002b 00       		.byte	0
 1443 002c 03       		.uleb128 0x3
 1444 002d 0E       		.uleb128 0xe
 1445 002e 3A       		.uleb128 0x3a
 1446 002f 0B       		.uleb128 0xb
 1447 0030 3B       		.uleb128 0x3b
 1448 0031 0B       		.uleb128 0xb
 1449 0032 49       		.uleb128 0x49
 1450 0033 13       		.uleb128 0x13
 1451 0034 00       		.byte	0
 1452 0035 00       		.byte	0
 1453 0036 05       		.uleb128 0x5
 1454 0037 13       		.uleb128 0x13
 1455 0038 01       		.byte	0x1
 1456 0039 03       		.uleb128 0x3
 1457 003a 0E       		.uleb128 0xe
 1458 003b 0B       		.uleb128 0xb
 1459 003c 0B       		.uleb128 0xb
 1460 003d 3A       		.uleb128 0x3a
 1461 003e 0B       		.uleb128 0xb
 1462 003f 3B       		.uleb128 0x3b
 1463 0040 0B       		.uleb128 0xb
 1464 0041 01       		.uleb128 0x1
 1465 0042 13       		.uleb128 0x13
 1466 0043 00       		.byte	0
 1467 0044 00       		.byte	0
 1468 0045 06       		.uleb128 0x6
 1469 0046 0D       		.uleb128 0xd
 1470 0047 00       		.byte	0
 1471 0048 03       		.uleb128 0x3
 1472 0049 0E       		.uleb128 0xe
 1473 004a 3A       		.uleb128 0x3a
 1474 004b 0B       		.uleb128 0xb
ARM GAS  /tmp/ccPhvQ2x.s 			page 27


 1475 004c 3B       		.uleb128 0x3b
 1476 004d 0B       		.uleb128 0xb
 1477 004e 49       		.uleb128 0x49
 1478 004f 13       		.uleb128 0x13
 1479 0050 38       		.uleb128 0x38
 1480 0051 0B       		.uleb128 0xb
 1481 0052 00       		.byte	0
 1482 0053 00       		.byte	0
 1483 0054 07       		.uleb128 0x7
 1484 0055 0D       		.uleb128 0xd
 1485 0056 00       		.byte	0
 1486 0057 03       		.uleb128 0x3
 1487 0058 08       		.uleb128 0x8
 1488 0059 3A       		.uleb128 0x3a
 1489 005a 0B       		.uleb128 0xb
 1490 005b 3B       		.uleb128 0x3b
 1491 005c 0B       		.uleb128 0xb
 1492 005d 49       		.uleb128 0x49
 1493 005e 13       		.uleb128 0x13
 1494 005f 38       		.uleb128 0x38
 1495 0060 0B       		.uleb128 0xb
 1496 0061 00       		.byte	0
 1497 0062 00       		.byte	0
 1498 0063 08       		.uleb128 0x8
 1499 0064 13       		.uleb128 0x13
 1500 0065 01       		.byte	0x1
 1501 0066 0B       		.uleb128 0xb
 1502 0067 0B       		.uleb128 0xb
 1503 0068 3A       		.uleb128 0x3a
 1504 0069 0B       		.uleb128 0xb
 1505 006a 3B       		.uleb128 0x3b
 1506 006b 0B       		.uleb128 0xb
 1507 006c 01       		.uleb128 0x1
 1508 006d 13       		.uleb128 0x13
 1509 006e 00       		.byte	0
 1510 006f 00       		.byte	0
 1511 0070 09       		.uleb128 0x9
 1512 0071 0F       		.uleb128 0xf
 1513 0072 00       		.byte	0
 1514 0073 0B       		.uleb128 0xb
 1515 0074 0B       		.uleb128 0xb
 1516 0075 49       		.uleb128 0x49
 1517 0076 13       		.uleb128 0x13
 1518 0077 00       		.byte	0
 1519 0078 00       		.byte	0
 1520 0079 0A       		.uleb128 0xa
 1521 007a 0F       		.uleb128 0xf
 1522 007b 00       		.byte	0
 1523 007c 0B       		.uleb128 0xb
 1524 007d 0B       		.uleb128 0xb
 1525 007e 00       		.byte	0
 1526 007f 00       		.byte	0
 1527 0080 0B       		.uleb128 0xb
 1528 0081 13       		.uleb128 0x13
 1529 0082 01       		.byte	0x1
 1530 0083 03       		.uleb128 0x3
 1531 0084 0E       		.uleb128 0xe
ARM GAS  /tmp/ccPhvQ2x.s 			page 28


 1532 0085 0B       		.uleb128 0xb
 1533 0086 0B       		.uleb128 0xb
 1534 0087 3A       		.uleb128 0x3a
 1535 0088 0B       		.uleb128 0xb
 1536 0089 3B       		.uleb128 0x3b
 1537 008a 05       		.uleb128 0x5
 1538 008b 01       		.uleb128 0x1
 1539 008c 13       		.uleb128 0x13
 1540 008d 00       		.byte	0
 1541 008e 00       		.byte	0
 1542 008f 0C       		.uleb128 0xc
 1543 0090 0D       		.uleb128 0xd
 1544 0091 00       		.byte	0
 1545 0092 03       		.uleb128 0x3
 1546 0093 08       		.uleb128 0x8
 1547 0094 3A       		.uleb128 0x3a
 1548 0095 0B       		.uleb128 0xb
 1549 0096 3B       		.uleb128 0x3b
 1550 0097 05       		.uleb128 0x5
 1551 0098 49       		.uleb128 0x49
 1552 0099 13       		.uleb128 0x13
 1553 009a 38       		.uleb128 0x38
 1554 009b 0B       		.uleb128 0xb
 1555 009c 00       		.byte	0
 1556 009d 00       		.byte	0
 1557 009e 0D       		.uleb128 0xd
 1558 009f 35       		.uleb128 0x35
 1559 00a0 00       		.byte	0
 1560 00a1 49       		.uleb128 0x49
 1561 00a2 13       		.uleb128 0x13
 1562 00a3 00       		.byte	0
 1563 00a4 00       		.byte	0
 1564 00a5 0E       		.uleb128 0xe
 1565 00a6 01       		.uleb128 0x1
 1566 00a7 01       		.byte	0x1
 1567 00a8 49       		.uleb128 0x49
 1568 00a9 13       		.uleb128 0x13
 1569 00aa 01       		.uleb128 0x1
 1570 00ab 13       		.uleb128 0x13
 1571 00ac 00       		.byte	0
 1572 00ad 00       		.byte	0
 1573 00ae 0F       		.uleb128 0xf
 1574 00af 21       		.uleb128 0x21
 1575 00b0 00       		.byte	0
 1576 00b1 49       		.uleb128 0x49
 1577 00b2 13       		.uleb128 0x13
 1578 00b3 2F       		.uleb128 0x2f
 1579 00b4 0B       		.uleb128 0xb
 1580 00b5 00       		.byte	0
 1581 00b6 00       		.byte	0
 1582 00b7 10       		.uleb128 0x10
 1583 00b8 17       		.uleb128 0x17
 1584 00b9 01       		.byte	0x1
 1585 00ba 0B       		.uleb128 0xb
 1586 00bb 0B       		.uleb128 0xb
 1587 00bc 3A       		.uleb128 0x3a
 1588 00bd 0B       		.uleb128 0xb
ARM GAS  /tmp/ccPhvQ2x.s 			page 29


 1589 00be 3B       		.uleb128 0x3b
 1590 00bf 0B       		.uleb128 0xb
 1591 00c0 01       		.uleb128 0x1
 1592 00c1 13       		.uleb128 0x13
 1593 00c2 00       		.byte	0
 1594 00c3 00       		.byte	0
 1595 00c4 11       		.uleb128 0x11
 1596 00c5 0D       		.uleb128 0xd
 1597 00c6 00       		.byte	0
 1598 00c7 03       		.uleb128 0x3
 1599 00c8 0E       		.uleb128 0xe
 1600 00c9 3A       		.uleb128 0x3a
 1601 00ca 0B       		.uleb128 0xb
 1602 00cb 3B       		.uleb128 0x3b
 1603 00cc 0B       		.uleb128 0xb
 1604 00cd 49       		.uleb128 0x49
 1605 00ce 13       		.uleb128 0x13
 1606 00cf 00       		.byte	0
 1607 00d0 00       		.byte	0
 1608 00d1 12       		.uleb128 0x12
 1609 00d2 26       		.uleb128 0x26
 1610 00d3 00       		.byte	0
 1611 00d4 49       		.uleb128 0x49
 1612 00d5 13       		.uleb128 0x13
 1613 00d6 00       		.byte	0
 1614 00d7 00       		.byte	0
 1615 00d8 13       		.uleb128 0x13
 1616 00d9 2E       		.uleb128 0x2e
 1617 00da 01       		.byte	0x1
 1618 00db 3F       		.uleb128 0x3f
 1619 00dc 19       		.uleb128 0x19
 1620 00dd 03       		.uleb128 0x3
 1621 00de 0E       		.uleb128 0xe
 1622 00df 3A       		.uleb128 0x3a
 1623 00e0 0B       		.uleb128 0xb
 1624 00e1 3B       		.uleb128 0x3b
 1625 00e2 0B       		.uleb128 0xb
 1626 00e3 27       		.uleb128 0x27
 1627 00e4 19       		.uleb128 0x19
 1628 00e5 20       		.uleb128 0x20
 1629 00e6 0B       		.uleb128 0xb
 1630 00e7 01       		.uleb128 0x1
 1631 00e8 13       		.uleb128 0x13
 1632 00e9 00       		.byte	0
 1633 00ea 00       		.byte	0
 1634 00eb 14       		.uleb128 0x14
 1635 00ec 0B       		.uleb128 0xb
 1636 00ed 01       		.byte	0x1
 1637 00ee 01       		.uleb128 0x1
 1638 00ef 13       		.uleb128 0x13
 1639 00f0 00       		.byte	0
 1640 00f1 00       		.byte	0
 1641 00f2 15       		.uleb128 0x15
 1642 00f3 34       		.uleb128 0x34
 1643 00f4 00       		.byte	0
 1644 00f5 03       		.uleb128 0x3
 1645 00f6 08       		.uleb128 0x8
ARM GAS  /tmp/ccPhvQ2x.s 			page 30


 1646 00f7 3A       		.uleb128 0x3a
 1647 00f8 0B       		.uleb128 0xb
 1648 00f9 3B       		.uleb128 0x3b
 1649 00fa 0B       		.uleb128 0xb
 1650 00fb 49       		.uleb128 0x49
 1651 00fc 13       		.uleb128 0x13
 1652 00fd 00       		.byte	0
 1653 00fe 00       		.byte	0
 1654 00ff 16       		.uleb128 0x16
 1655 0100 34       		.uleb128 0x34
 1656 0101 00       		.byte	0
 1657 0102 03       		.uleb128 0x3
 1658 0103 0E       		.uleb128 0xe
 1659 0104 3A       		.uleb128 0x3a
 1660 0105 0B       		.uleb128 0xb
 1661 0106 3B       		.uleb128 0x3b
 1662 0107 0B       		.uleb128 0xb
 1663 0108 49       		.uleb128 0x49
 1664 0109 13       		.uleb128 0x13
 1665 010a 00       		.byte	0
 1666 010b 00       		.byte	0
 1667 010c 17       		.uleb128 0x17
 1668 010d 0B       		.uleb128 0xb
 1669 010e 01       		.byte	0x1
 1670 010f 00       		.byte	0
 1671 0110 00       		.byte	0
 1672 0111 18       		.uleb128 0x18
 1673 0112 2E       		.uleb128 0x2e
 1674 0113 01       		.byte	0x1
 1675 0114 3F       		.uleb128 0x3f
 1676 0115 19       		.uleb128 0x19
 1677 0116 03       		.uleb128 0x3
 1678 0117 0E       		.uleb128 0xe
 1679 0118 3A       		.uleb128 0x3a
 1680 0119 0B       		.uleb128 0xb
 1681 011a 3B       		.uleb128 0x3b
 1682 011b 0B       		.uleb128 0xb
 1683 011c 27       		.uleb128 0x27
 1684 011d 19       		.uleb128 0x19
 1685 011e 11       		.uleb128 0x11
 1686 011f 01       		.uleb128 0x1
 1687 0120 12       		.uleb128 0x12
 1688 0121 06       		.uleb128 0x6
 1689 0122 40       		.uleb128 0x40
 1690 0123 18       		.uleb128 0x18
 1691 0124 9742     		.uleb128 0x2117
 1692 0126 19       		.uleb128 0x19
 1693 0127 01       		.uleb128 0x1
 1694 0128 13       		.uleb128 0x13
 1695 0129 00       		.byte	0
 1696 012a 00       		.byte	0
 1697 012b 19       		.uleb128 0x19
 1698 012c 898201   		.uleb128 0x4109
 1699 012f 00       		.byte	0
 1700 0130 11       		.uleb128 0x11
 1701 0131 01       		.uleb128 0x1
 1702 0132 31       		.uleb128 0x31
ARM GAS  /tmp/ccPhvQ2x.s 			page 31


 1703 0133 13       		.uleb128 0x13
 1704 0134 00       		.byte	0
 1705 0135 00       		.byte	0
 1706 0136 1A       		.uleb128 0x1a
 1707 0137 34       		.uleb128 0x34
 1708 0138 00       		.byte	0
 1709 0139 03       		.uleb128 0x3
 1710 013a 0E       		.uleb128 0xe
 1711 013b 3A       		.uleb128 0x3a
 1712 013c 0B       		.uleb128 0xb
 1713 013d 3B       		.uleb128 0x3b
 1714 013e 0B       		.uleb128 0xb
 1715 013f 49       		.uleb128 0x49
 1716 0140 13       		.uleb128 0x13
 1717 0141 02       		.uleb128 0x2
 1718 0142 17       		.uleb128 0x17
 1719 0143 00       		.byte	0
 1720 0144 00       		.byte	0
 1721 0145 1B       		.uleb128 0x1b
 1722 0146 0B       		.uleb128 0xb
 1723 0147 01       		.byte	0x1
 1724 0148 11       		.uleb128 0x11
 1725 0149 01       		.uleb128 0x1
 1726 014a 12       		.uleb128 0x12
 1727 014b 06       		.uleb128 0x6
 1728 014c 00       		.byte	0
 1729 014d 00       		.byte	0
 1730 014e 1C       		.uleb128 0x1c
 1731 014f 34       		.uleb128 0x34
 1732 0150 00       		.byte	0
 1733 0151 03       		.uleb128 0x3
 1734 0152 08       		.uleb128 0x8
 1735 0153 3A       		.uleb128 0x3a
 1736 0154 0B       		.uleb128 0xb
 1737 0155 3B       		.uleb128 0x3b
 1738 0156 0B       		.uleb128 0xb
 1739 0157 49       		.uleb128 0x49
 1740 0158 13       		.uleb128 0x13
 1741 0159 02       		.uleb128 0x2
 1742 015a 18       		.uleb128 0x18
 1743 015b 00       		.byte	0
 1744 015c 00       		.byte	0
 1745 015d 1D       		.uleb128 0x1d
 1746 015e 898201   		.uleb128 0x4109
 1747 0161 01       		.byte	0x1
 1748 0162 11       		.uleb128 0x11
 1749 0163 01       		.uleb128 0x1
 1750 0164 31       		.uleb128 0x31
 1751 0165 13       		.uleb128 0x13
 1752 0166 01       		.uleb128 0x1
 1753 0167 13       		.uleb128 0x13
 1754 0168 00       		.byte	0
 1755 0169 00       		.byte	0
 1756 016a 1E       		.uleb128 0x1e
 1757 016b 8A8201   		.uleb128 0x410a
 1758 016e 00       		.byte	0
 1759 016f 02       		.uleb128 0x2
ARM GAS  /tmp/ccPhvQ2x.s 			page 32


 1760 0170 18       		.uleb128 0x18
 1761 0171 9142     		.uleb128 0x2111
 1762 0173 18       		.uleb128 0x18
 1763 0174 00       		.byte	0
 1764 0175 00       		.byte	0
 1765 0176 1F       		.uleb128 0x1f
 1766 0177 898201   		.uleb128 0x4109
 1767 017a 01       		.byte	0x1
 1768 017b 11       		.uleb128 0x11
 1769 017c 01       		.uleb128 0x1
 1770 017d 9542     		.uleb128 0x2115
 1771 017f 19       		.uleb128 0x19
 1772 0180 31       		.uleb128 0x31
 1773 0181 13       		.uleb128 0x13
 1774 0182 00       		.byte	0
 1775 0183 00       		.byte	0
 1776 0184 20       		.uleb128 0x20
 1777 0185 2E       		.uleb128 0x2e
 1778 0186 01       		.byte	0x1
 1779 0187 31       		.uleb128 0x31
 1780 0188 13       		.uleb128 0x13
 1781 0189 11       		.uleb128 0x11
 1782 018a 01       		.uleb128 0x1
 1783 018b 12       		.uleb128 0x12
 1784 018c 06       		.uleb128 0x6
 1785 018d 40       		.uleb128 0x40
 1786 018e 18       		.uleb128 0x18
 1787 018f 9742     		.uleb128 0x2117
 1788 0191 19       		.uleb128 0x19
 1789 0192 01       		.uleb128 0x1
 1790 0193 13       		.uleb128 0x13
 1791 0194 00       		.byte	0
 1792 0195 00       		.byte	0
 1793 0196 21       		.uleb128 0x21
 1794 0197 0B       		.uleb128 0xb
 1795 0198 01       		.byte	0x1
 1796 0199 11       		.uleb128 0x11
 1797 019a 01       		.uleb128 0x1
 1798 019b 12       		.uleb128 0x12
 1799 019c 06       		.uleb128 0x6
 1800 019d 01       		.uleb128 0x1
 1801 019e 13       		.uleb128 0x13
 1802 019f 00       		.byte	0
 1803 01a0 00       		.byte	0
 1804 01a1 22       		.uleb128 0x22
 1805 01a2 34       		.uleb128 0x34
 1806 01a3 00       		.byte	0
 1807 01a4 31       		.uleb128 0x31
 1808 01a5 13       		.uleb128 0x13
 1809 01a6 02       		.uleb128 0x2
 1810 01a7 18       		.uleb128 0x18
 1811 01a8 00       		.byte	0
 1812 01a9 00       		.byte	0
 1813 01aa 23       		.uleb128 0x23
 1814 01ab 0B       		.uleb128 0xb
 1815 01ac 01       		.byte	0x1
 1816 01ad 55       		.uleb128 0x55
ARM GAS  /tmp/ccPhvQ2x.s 			page 33


 1817 01ae 17       		.uleb128 0x17
 1818 01af 01       		.uleb128 0x1
 1819 01b0 13       		.uleb128 0x13
 1820 01b1 00       		.byte	0
 1821 01b2 00       		.byte	0
 1822 01b3 24       		.uleb128 0x24
 1823 01b4 34       		.uleb128 0x34
 1824 01b5 00       		.byte	0
 1825 01b6 31       		.uleb128 0x31
 1826 01b7 13       		.uleb128 0x13
 1827 01b8 02       		.uleb128 0x2
 1828 01b9 17       		.uleb128 0x17
 1829 01ba 00       		.byte	0
 1830 01bb 00       		.byte	0
 1831 01bc 25       		.uleb128 0x25
 1832 01bd 898201   		.uleb128 0x4109
 1833 01c0 00       		.byte	0
 1834 01c1 11       		.uleb128 0x11
 1835 01c2 01       		.uleb128 0x1
 1836 01c3 9542     		.uleb128 0x2115
 1837 01c5 19       		.uleb128 0x19
 1838 01c6 31       		.uleb128 0x31
 1839 01c7 13       		.uleb128 0x13
 1840 01c8 00       		.byte	0
 1841 01c9 00       		.byte	0
 1842 01ca 26       		.uleb128 0x26
 1843 01cb 05       		.uleb128 0x5
 1844 01cc 00       		.byte	0
 1845 01cd 03       		.uleb128 0x3
 1846 01ce 08       		.uleb128 0x8
 1847 01cf 3A       		.uleb128 0x3a
 1848 01d0 0B       		.uleb128 0xb
 1849 01d1 3B       		.uleb128 0x3b
 1850 01d2 0B       		.uleb128 0xb
 1851 01d3 49       		.uleb128 0x49
 1852 01d4 13       		.uleb128 0x13
 1853 01d5 02       		.uleb128 0x2
 1854 01d6 18       		.uleb128 0x18
 1855 01d7 00       		.byte	0
 1856 01d8 00       		.byte	0
 1857 01d9 27       		.uleb128 0x27
 1858 01da 34       		.uleb128 0x34
 1859 01db 00       		.byte	0
 1860 01dc 03       		.uleb128 0x3
 1861 01dd 0E       		.uleb128 0xe
 1862 01de 3A       		.uleb128 0x3a
 1863 01df 0B       		.uleb128 0xb
 1864 01e0 3B       		.uleb128 0x3b
 1865 01e1 0B       		.uleb128 0xb
 1866 01e2 49       		.uleb128 0x49
 1867 01e3 13       		.uleb128 0x13
 1868 01e4 3F       		.uleb128 0x3f
 1869 01e5 19       		.uleb128 0x19
 1870 01e6 3C       		.uleb128 0x3c
 1871 01e7 19       		.uleb128 0x19
 1872 01e8 00       		.byte	0
 1873 01e9 00       		.byte	0
ARM GAS  /tmp/ccPhvQ2x.s 			page 34


 1874 01ea 28       		.uleb128 0x28
 1875 01eb 2E       		.uleb128 0x2e
 1876 01ec 00       		.byte	0
 1877 01ed 3F       		.uleb128 0x3f
 1878 01ee 19       		.uleb128 0x19
 1879 01ef 03       		.uleb128 0x3
 1880 01f0 0E       		.uleb128 0xe
 1881 01f1 3A       		.uleb128 0x3a
 1882 01f2 0B       		.uleb128 0xb
 1883 01f3 3B       		.uleb128 0x3b
 1884 01f4 0B       		.uleb128 0xb
 1885 01f5 27       		.uleb128 0x27
 1886 01f6 19       		.uleb128 0x19
 1887 01f7 3C       		.uleb128 0x3c
 1888 01f8 19       		.uleb128 0x19
 1889 01f9 00       		.byte	0
 1890 01fa 00       		.byte	0
 1891 01fb 29       		.uleb128 0x29
 1892 01fc 2E       		.uleb128 0x2e
 1893 01fd 01       		.byte	0x1
 1894 01fe 3F       		.uleb128 0x3f
 1895 01ff 19       		.uleb128 0x19
 1896 0200 03       		.uleb128 0x3
 1897 0201 0E       		.uleb128 0xe
 1898 0202 3A       		.uleb128 0x3a
 1899 0203 0B       		.uleb128 0xb
 1900 0204 3B       		.uleb128 0x3b
 1901 0205 05       		.uleb128 0x5
 1902 0206 27       		.uleb128 0x27
 1903 0207 19       		.uleb128 0x19
 1904 0208 3C       		.uleb128 0x3c
 1905 0209 19       		.uleb128 0x19
 1906 020a 01       		.uleb128 0x1
 1907 020b 13       		.uleb128 0x13
 1908 020c 00       		.byte	0
 1909 020d 00       		.byte	0
 1910 020e 2A       		.uleb128 0x2a
 1911 020f 05       		.uleb128 0x5
 1912 0210 00       		.byte	0
 1913 0211 49       		.uleb128 0x49
 1914 0212 13       		.uleb128 0x13
 1915 0213 00       		.byte	0
 1916 0214 00       		.byte	0
 1917 0215 00       		.byte	0
 1918              		.section	.debug_loc,"",%progbits
 1919              	.Ldebug_loc0:
 1920              	.LLST0:
 1921 0000 04000000 		.4byte	.LVL1
 1922 0004 06000000 		.4byte	.LVL2
 1923 0008 0300     		.2byte	0x3
 1924 000a 73       		.byte	0x73
 1925 000b 20       		.sleb128 32
 1926 000c 9F       		.byte	0x9f
 1927 000d 06000000 		.4byte	.LVL2
 1928 0011 0C000000 		.4byte	.LVL3
 1929 0015 0100     		.2byte	0x1
 1930 0017 53       		.byte	0x53
ARM GAS  /tmp/ccPhvQ2x.s 			page 35


 1931 0018 00000000 		.4byte	0
 1932 001c 00000000 		.4byte	0
 1933              	.LLST1:
 1934 0020 14000000 		.4byte	.LVL7
 1935 0024 20000000 		.4byte	.LVL8
 1936 0028 0300     		.2byte	0x3
 1937 002a 73       		.byte	0x73
 1938 002b 60       		.sleb128 -32
 1939 002c 9F       		.byte	0x9f
 1940 002d 20000000 		.4byte	.LVL8
 1941 0031 28000000 		.4byte	.LVL9
 1942 0035 0100     		.2byte	0x1
 1943 0037 52       		.byte	0x52
 1944 0038 28000000 		.4byte	.LVL9
 1945 003c 44000000 		.4byte	.LVL10
 1946 0040 0300     		.2byte	0x3
 1947 0042 73       		.byte	0x73
 1948 0043 60       		.sleb128 -32
 1949 0044 9F       		.byte	0x9f
 1950 0045 4A000000 		.4byte	.LVL11
 1951 0049 74000000 		.4byte	.LFE10
 1952 004d 0300     		.2byte	0x3
 1953 004f 73       		.byte	0x73
 1954 0050 60       		.sleb128 -32
 1955 0051 9F       		.byte	0x9f
 1956 0052 00000000 		.4byte	0
 1957 0056 00000000 		.4byte	0
 1958              		.section	.debug_aranges,"",%progbits
 1959 0000 4C000000 		.4byte	0x4c
 1960 0004 0200     		.2byte	0x2
 1961 0006 00000000 		.4byte	.Ldebug_info0
 1962 000a 04       		.byte	0x4
 1963 000b 00       		.byte	0
 1964 000c 0000     		.2byte	0
 1965 000e 0000     		.2byte	0
 1966 0010 00000000 		.4byte	.LFB11
 1967 0014 06000000 		.4byte	.LFE11-.LFB11
 1968 0018 00000000 		.4byte	.LFB8
 1969 001c 12000000 		.4byte	.LFE8-.LFB8
 1970 0020 00000000 		.4byte	.LFB9
 1971 0024 30000000 		.4byte	.LFE9-.LFB9
 1972 0028 00000000 		.4byte	.LFB10
 1973 002c 74000000 		.4byte	.LFE10-.LFB10
 1974 0030 00000000 		.4byte	.LFB7
 1975 0034 1A000000 		.4byte	.LFE7-.LFB7
 1976 0038 00000000 		.4byte	.LFB12
 1977 003c 10000000 		.4byte	.LFE12-.LFB12
 1978 0040 00000000 		.4byte	.LFB13
 1979 0044 10000000 		.4byte	.LFE13-.LFB13
 1980 0048 00000000 		.4byte	0
 1981 004c 00000000 		.4byte	0
 1982              		.section	.debug_ranges,"",%progbits
 1983              	.Ldebug_ranges0:
 1984 0000 10000000 		.4byte	.LBB16
 1985 0004 44000000 		.4byte	.LBE16
 1986 0008 4A000000 		.4byte	.LBB17
 1987 000c 74000000 		.4byte	.LBE17
ARM GAS  /tmp/ccPhvQ2x.s 			page 36


 1988 0010 00000000 		.4byte	0
 1989 0014 00000000 		.4byte	0
 1990 0018 00000000 		.4byte	.LFB11
 1991 001c 06000000 		.4byte	.LFE11
 1992 0020 00000000 		.4byte	.LFB8
 1993 0024 12000000 		.4byte	.LFE8
 1994 0028 00000000 		.4byte	.LFB9
 1995 002c 30000000 		.4byte	.LFE9
 1996 0030 00000000 		.4byte	.LFB10
 1997 0034 74000000 		.4byte	.LFE10
 1998 0038 00000000 		.4byte	.LFB7
 1999 003c 1A000000 		.4byte	.LFE7
 2000 0040 00000000 		.4byte	.LFB12
 2001 0044 10000000 		.4byte	.LFE12
 2002 0048 00000000 		.4byte	.LFB13
 2003 004c 10000000 		.4byte	.LFE13
 2004 0050 00000000 		.4byte	0
 2005 0054 00000000 		.4byte	0
 2006              		.section	.debug_line,"",%progbits
 2007              	.Ldebug_line0:
 2008 0000 E6010000 		.section	.debug_str,"MS",%progbits,1
 2008      02003E01 
 2008      00000201 
 2008      FB0E0D00 
 2008      01010101 
 2009              	.LASF39:
 2010 0000 705F6D73 		.ascii	"p_msg\000"
 2010      6700
 2011              	.LASF81:
 2012 0006 7264796D 		.ascii	"rdymsg\000"
 2012      736700
 2013              	.LASF5:
 2014 000d 5F5F7569 		.ascii	"__uint8_t\000"
 2014      6E74385F 
 2014      7400
 2015              	.LASF69:
 2016 0017 434D785F 		.ascii	"CMx_SCB\000"
 2016      53434200 
 2017              	.LASF96:
 2018 001f 63685379 		.ascii	"chSysTimerHandlerI\000"
 2018      7354696D 
 2018      65724861 
 2018      6E646C65 
 2018      724900
 2019              	.LASF90:
 2020 0032 53797354 		.ascii	"SysTickVector\000"
 2020      69636B56 
 2020      6563746F 
 2020      7200
 2021              	.LASF11:
 2022 0040 6C6F6E67 		.ascii	"long long unsigned int\000"
 2022      206C6F6E 
 2022      6720756E 
 2022      7369676E 
 2022      65642069 
 2023              	.LASF97:
 2024 0057 474E5520 		.ascii	"GNU C 4.9.2 20150128 (prerelease) -mcpu=cortex-m4 -"
ARM GAS  /tmp/ccPhvQ2x.s 			page 37


 2024      4320342E 
 2024      392E3220 
 2024      32303135 
 2024      30313238 
 2025 008a 6D6E6F2D 		.ascii	"mno-thumb-interwork -mthumb -ggdb -O2 -fomit-frame-"
 2025      7468756D 
 2025      622D696E 
 2025      74657277 
 2025      6F726B20 
 2026 00bd 706F696E 		.ascii	"pointer -falign-functions=16 -ffunction-sections -f"
 2026      74657220 
 2026      2D66616C 
 2026      69676E2D 
 2026      66756E63 
 2027 00f0 64617461 		.ascii	"data-sections -fno-common\000"
 2027      2D736563 
 2027      74696F6E 
 2027      73202D66 
 2027      6E6F2D63 
 2028              	.LASF82:
 2029 010a 65786974 		.ascii	"exitcode\000"
 2029      636F6465 
 2029      00
 2030              	.LASF54:
 2031 0113 43505549 		.ascii	"CPUID\000"
 2031      4400
 2032              	.LASF27:
 2033 0119 705F7072 		.ascii	"p_prio\000"
 2033      696F00
 2034              	.LASF10:
 2035 0120 6C6F6E67 		.ascii	"long long int\000"
 2035      206C6F6E 
 2035      6720696E 
 2035      7400
 2036              	.LASF1:
 2037 012e 7369676E 		.ascii	"signed char\000"
 2037      65642063 
 2037      68617200 
 2038              	.LASF43:
 2039 013a 705F6D70 		.ascii	"p_mpool\000"
 2039      6F6F6C00 
 2040              	.LASF78:
 2041 0142 6D5F7175 		.ascii	"m_queue\000"
 2041      65756500 
 2042              	.LASF19:
 2043 014a 74736C69 		.ascii	"tslices_t\000"
 2043      6365735F 
 2043      7400
 2044              	.LASF7:
 2045 0154 6C6F6E67 		.ascii	"long int\000"
 2045      20696E74 
 2045      00
 2046              	.LASF88:
 2047 015d 53564361 		.ascii	"SVCallVector\000"
 2047      6C6C5665 
 2047      63746F72 
 2047      00
ARM GAS  /tmp/ccPhvQ2x.s 			page 38


 2048              	.LASF17:
 2049 016a 74737461 		.ascii	"tstate_t\000"
 2049      74655F74 
 2049      00
 2050              	.LASF92:
 2051 0173 5F706F72 		.ascii	"_port_thread_start\000"
 2051      745F7468 
 2051      72656164 
 2051      5F737461 
 2051      727400
 2052              	.LASF29:
 2053 0186 705F6E65 		.ascii	"p_newer\000"
 2053      77657200 
 2054              	.LASF64:
 2055 018e 42464152 		.ascii	"BFAR\000"
 2055      00
 2056              	.LASF8:
 2057 0193 5F5F7569 		.ascii	"__uint32_t\000"
 2057      6E743332 
 2057      5F7400
 2058              	.LASF94:
 2059 019e 6E766963 		.ascii	"nvicSetSystemHandlerPriority\000"
 2059      53657453 
 2059      79737465 
 2059      6D48616E 
 2059      646C6572 
 2060              	.LASF46:
 2061 01bb 72656761 		.ascii	"regarm_t\000"
 2061      726D5F74 
 2061      00
 2062              	.LASF95:
 2063 01c4 63685363 		.ascii	"chSchDoReschedule\000"
 2063      68446F52 
 2063      65736368 
 2063      6564756C 
 2063      6500
 2064              	.LASF0:
 2065 01d6 756E7369 		.ascii	"unsigned int\000"
 2065      676E6564 
 2065      20696E74 
 2065      00
 2066              	.LASF48:
 2067 01e3 6C725F74 		.ascii	"lr_thd\000"
 2067      686400
 2068              	.LASF47:
 2069 01ea 65787463 		.ascii	"extctx\000"
 2069      747800
 2070              	.LASF91:
 2071 01f1 5F706F72 		.ascii	"_port_switch\000"
 2071      745F7377 
 2071      69746368 
 2071      00
 2072              	.LASF9:
 2073 01fe 6C6F6E67 		.ascii	"long unsigned int\000"
 2073      20756E73 
 2073      69676E65 
 2073      6420696E 
ARM GAS  /tmp/ccPhvQ2x.s 			page 39


 2073      7400
 2074              	.LASF56:
 2075 0210 56544F52 		.ascii	"VTOR\000"
 2075      00
 2076              	.LASF87:
 2077 0215 5F706F72 		.ascii	"_port_switch_from_isr\000"
 2077      745F7377 
 2077      69746368 
 2077      5F66726F 
 2077      6D5F6973 
 2078              	.LASF51:
 2079 022b 636F6E74 		.ascii	"context\000"
 2079      65787400 
 2080              	.LASF4:
 2081 0233 73686F72 		.ascii	"short unsigned int\000"
 2081      7420756E 
 2081      7369676E 
 2081      65642069 
 2081      6E7400
 2082              	.LASF55:
 2083 0246 49435352 		.ascii	"ICSR\000"
 2083      00
 2084              	.LASF21:
 2085 024b 6D73675F 		.ascii	"msg_t\000"
 2085      7400
 2086              	.LASF98:
 2087 0251 2E2E2F2E 		.ascii	"../../../os/ports/GCC/ARMCMx/chcore_v7m.c\000"
 2087      2E2F2E2E 
 2087      2F6F732F 
 2087      706F7274 
 2087      732F4743 
 2088              	.LASF57:
 2089 027b 41495243 		.ascii	"AIRCR\000"
 2089      5200
 2090              	.LASF73:
 2091 0281 725F6E65 		.ascii	"r_newer\000"
 2091      77657200 
 2092              	.LASF63:
 2093 0289 4D4D4641 		.ascii	"MMFAR\000"
 2093      5200
 2094              	.LASF93:
 2095 028f 5F706F72 		.ascii	"_port_irq_epilogue\000"
 2095      745F6972 
 2095      715F6570 
 2095      696C6F67 
 2095      756500
 2096              	.LASF16:
 2097 02a2 746D6F64 		.ascii	"tmode_t\000"
 2097      655F7400 
 2098              	.LASF45:
 2099 02aa 54687265 		.ascii	"ThreadsList\000"
 2099      6164734C 
 2099      69737400 
 2100              	.LASF22:
 2101 02b6 6576656E 		.ascii	"eventmask_t\000"
 2101      746D6173 
 2101      6B5F7400 
ARM GAS  /tmp/ccPhvQ2x.s 			page 40


 2102              	.LASF77:
 2103 02c2 4D757465 		.ascii	"Mutex\000"
 2103      7800
 2104              	.LASF53:
 2105 02c8 73697A65 		.ascii	"sizetype\000"
 2105      74797065 
 2105      00
 2106              	.LASF60:
 2107 02d1 43465352 		.ascii	"CFSR\000"
 2107      00
 2108              	.LASF30:
 2109 02d6 705F6F6C 		.ascii	"p_older\000"
 2109      64657200 
 2110              	.LASF72:
 2111 02de 725F6374 		.ascii	"r_ctx\000"
 2111      7800
 2112              	.LASF44:
 2113 02e4 54687265 		.ascii	"ThreadsQueue\000"
 2113      61647351 
 2113      75657565 
 2113      00
 2114              	.LASF75:
 2115 02f1 725F6375 		.ascii	"r_current\000"
 2115      7272656E 
 2115      7400
 2116              	.LASF74:
 2117 02fb 725F6F6C 		.ascii	"r_older\000"
 2117      64657200 
 2118              	.LASF18:
 2119 0303 74726566 		.ascii	"trefs_t\000"
 2119      735F7400 
 2120              	.LASF62:
 2121 030b 44465352 		.ascii	"DFSR\000"
 2121      00
 2122              	.LASF86:
 2123 0310 63747870 		.ascii	"ctxp\000"
 2123      00
 2124              	.LASF26:
 2125 0315 705F7072 		.ascii	"p_prev\000"
 2125      657600
 2126              	.LASF20:
 2127 031c 74707269 		.ascii	"tprio_t\000"
 2127      6F5F7400 
 2128              	.LASF15:
 2129 0324 5F426F6F 		.ascii	"_Bool\000"
 2129      6C00
 2130              	.LASF13:
 2131 032a 696E7433 		.ascii	"int32_t\000"
 2131      325F7400 
 2132              	.LASF2:
 2133 0332 756E7369 		.ascii	"unsigned char\000"
 2133      676E6564 
 2133      20636861 
 2133      7200
 2134              	.LASF59:
 2135 0340 53484353 		.ascii	"SHCSR\000"
 2135      5200
ARM GAS  /tmp/ccPhvQ2x.s 			page 41


 2136              	.LASF41:
 2137 0346 705F6D74 		.ascii	"p_mtxlist\000"
 2137      786C6973 
 2137      7400
 2138              	.LASF3:
 2139 0350 73686F72 		.ascii	"short int\000"
 2139      7420696E 
 2139      7400
 2140              	.LASF32:
 2141 035a 705F7374 		.ascii	"p_state\000"
 2141      61746500 
 2142              	.LASF35:
 2143 0362 705F7072 		.ascii	"p_preempt\000"
 2143      65656D70 
 2143      7400
 2144              	.LASF49:
 2145 036c 78707372 		.ascii	"xpsr\000"
 2145      00
 2146              	.LASF71:
 2147 0371 725F7072 		.ascii	"r_prio\000"
 2147      696F00
 2148              	.LASF84:
 2149 0378 65776D61 		.ascii	"ewmask\000"
 2149      736B00
 2150              	.LASF25:
 2151 037f 705F6E65 		.ascii	"p_next\000"
 2151      787400
 2152              	.LASF33:
 2153 0386 705F666C 		.ascii	"p_flags\000"
 2153      61677300 
 2154              	.LASF24:
 2155 038e 54687265 		.ascii	"Thread\000"
 2155      616400
 2156              	.LASF40:
 2157 0395 705F6570 		.ascii	"p_epending\000"
 2157      656E6469 
 2157      6E6700
 2158              	.LASF14:
 2159 03a0 75696E74 		.ascii	"uint32_t\000"
 2159      33325F74 
 2159      00
 2160              	.LASF70:
 2161 03a9 725F7175 		.ascii	"r_queue\000"
 2161      65756500 
 2162              	.LASF65:
 2163 03b1 41465352 		.ascii	"AFSR\000"
 2163      00
 2164              	.LASF67:
 2165 03b6 756E7573 		.ascii	"unused1\000"
 2165      65643100 
 2166              	.LASF85:
 2167 03be 63686172 		.ascii	"char\000"
 2167      00
 2168              	.LASF52:
 2169 03c3 494F5245 		.ascii	"IOREG32\000"
 2169      47333200 
 2170              	.LASF80:
ARM GAS  /tmp/ccPhvQ2x.s 			page 42


 2171 03cb 6D5F6E65 		.ascii	"m_next\000"
 2171      787400
 2172              	.LASF23:
 2173 03d2 73797374 		.ascii	"systime_t\000"
 2173      696D655F 
 2173      7400
 2174              	.LASF42:
 2175 03dc 705F7265 		.ascii	"p_realprio\000"
 2175      616C7072 
 2175      696F00
 2176              	.LASF6:
 2177 03e7 5F5F696E 		.ascii	"__int32_t\000"
 2177      7433325F 
 2177      7400
 2178              	.LASF99:
 2179 03f1 2F686F6D 		.ascii	"/home/seth/marionette-firmware/ChibiOS-RT/testhal/S"
 2179      652F7365 
 2179      74682F6D 
 2179      6172696F 
 2179      6E657474 
 2180 0424 544D3332 		.ascii	"TM32F4xx/CAN\000"
 2180      46347878 
 2180      2F43414E 
 2180      00
 2181              	.LASF36:
 2182 0431 705F7469 		.ascii	"p_time\000"
 2182      6D6500
 2183              	.LASF58:
 2184 0438 53485052 		.ascii	"SHPR\000"
 2184      00
 2185              	.LASF50:
 2186 043d 696E7463 		.ascii	"intctx\000"
 2186      747800
 2187              	.LASF38:
 2188 0444 705F6D73 		.ascii	"p_msgqueue\000"
 2188      67717565 
 2188      756500
 2189              	.LASF34:
 2190 044f 705F7265 		.ascii	"p_refs\000"
 2190      667300
 2191              	.LASF76:
 2192 0456 52656164 		.ascii	"ReadyList\000"
 2192      794C6973 
 2192      7400
 2193              	.LASF66:
 2194 0460 4D4D4652 		.ascii	"MMFR\000"
 2194      00
 2195              	.LASF100:
 2196 0465 726C6973 		.ascii	"rlist\000"
 2196      7400
 2197              	.LASF12:
 2198 046b 75696E74 		.ascii	"uint8_t\000"
 2198      385F7400 
 2199              	.LASF89:
 2200 0473 5F706F72 		.ascii	"_port_init\000"
 2200      745F696E 
 2200      697400
ARM GAS  /tmp/ccPhvQ2x.s 			page 43


 2201              	.LASF83:
 2202 047e 77746F62 		.ascii	"wtobjp\000"
 2202      6A7000
 2203              	.LASF31:
 2204 0485 705F6E61 		.ascii	"p_name\000"
 2204      6D6500
 2205              	.LASF68:
 2206 048c 43504143 		.ascii	"CPACR\000"
 2206      5200
 2207              	.LASF61:
 2208 0492 48465352 		.ascii	"HFSR\000"
 2208      00
 2209              	.LASF79:
 2210 0497 6D5F6F77 		.ascii	"m_owner\000"
 2210      6E657200 
 2211              	.LASF28:
 2212 049f 705F6374 		.ascii	"p_ctx\000"
 2212      7800
 2213              	.LASF37:
 2214 04a5 705F7761 		.ascii	"p_waiting\000"
 2214      6974696E 
 2214      6700
 2215              		.ident	"GCC: (Arch Repository) 4.9.2 20150128 (prerelease)"
ARM GAS  /tmp/ccPhvQ2x.s 			page 44


DEFINED SYMBOLS
                            *ABS*:0000000000000000 chcore_v7m.c
     /tmp/ccPhvQ2x.s:19     .text._port_switch_from_isr:0000000000000000 $t
     /tmp/ccPhvQ2x.s:25     .text._port_switch_from_isr:0000000000000000 _port_switch_from_isr
     /tmp/ccPhvQ2x.s:38     .text._port_switch_from_isr:0000000000000004 _port_exit_from_isr
     /tmp/ccPhvQ2x.s:50     .text.SVCallVector:0000000000000000 $t
     /tmp/ccPhvQ2x.s:56     .text.SVCallVector:0000000000000000 SVCallVector
     /tmp/ccPhvQ2x.s:91     .text._port_init:0000000000000000 $t
     /tmp/ccPhvQ2x.s:97     .text._port_init:0000000000000000 _port_init
     /tmp/ccPhvQ2x.s:141    .text._port_init:0000000000000028 $d
     /tmp/ccPhvQ2x.s:147    .text._port_irq_epilogue:0000000000000000 $t
     /tmp/ccPhvQ2x.s:153    .text._port_irq_epilogue:0000000000000000 _port_irq_epilogue
     /tmp/ccPhvQ2x.s:245    .text._port_irq_epilogue:0000000000000064 $d
     /tmp/ccPhvQ2x.s:255    .text.SysTickVector:0000000000000000 $t
     /tmp/ccPhvQ2x.s:261    .text.SysTickVector:0000000000000000 SysTickVector
     /tmp/ccPhvQ2x.s:302    .text._port_switch:0000000000000000 $t
     /tmp/ccPhvQ2x.s:308    .text._port_switch:0000000000000000 _port_switch
     /tmp/ccPhvQ2x.s:335    .text._port_thread_start:0000000000000000 $t
     /tmp/ccPhvQ2x.s:341    .text._port_thread_start:0000000000000000 _port_thread_start
                     .debug_frame:0000000000000010 $d
     /tmp/ccPhvQ2x.s:254    .text._port_irq_epilogue:0000000000000074 $t

UNDEFINED SYMBOLS
chSchDoReschedule
nvicSetSystemHandlerPriority
rlist
chSysTimerHandlerI
chThdExit
