ARM GAS  /tmp/ccUXzrzJ.s 			page 1


   1              		.syntax unified
   2              		.cpu cortex-m4
   3              		.fpu softvfp
   4              		.eabi_attribute 20, 1
   5              		.eabi_attribute 21, 1
   6              		.eabi_attribute 23, 3
   7              		.eabi_attribute 24, 1
   8              		.eabi_attribute 25, 1
   9              		.eabi_attribute 26, 1
  10              		.eabi_attribute 30, 2
  11              		.eabi_attribute 34, 1
  12              		.eabi_attribute 18, 4
  13              		.thumb
  14              		.file	"chmempools.c"
  15              		.text
  16              	.Ltext0:
  17              		.cfi_sections	.debug_frame
  18              		.section	.text.chPoolInit,"ax",%progbits
  19              		.align	2
  20              		.p2align 4,,15
  21              		.global	chPoolInit
  22              		.thumb
  23              		.thumb_func
  24              		.type	chPoolInit, %function
  25              	chPoolInit:
  26              	.LFB7:
  27              		.file 1 "../../../os/kernel/src/chmempools.c"
  28              		.loc 1 62 0
  29              		.cfi_startproc
  30              		@ args = 0, pretend = 0, frame = 0
  31              		@ frame_needed = 0, uses_anonymous_args = 0
  32              		@ link register save eliminated.
  33              	.LVL0:
  34              		.loc 1 66 0
  35 0000 0023     		movs	r3, #0
  36              		.loc 1 67 0
  37 0002 4160     		str	r1, [r0, #4]
  38              		.loc 1 68 0
  39 0004 8260     		str	r2, [r0, #8]
  40              		.loc 1 66 0
  41 0006 0360     		str	r3, [r0]
  42 0008 7047     		bx	lr
  43              		.cfi_endproc
  44              	.LFE7:
  45              		.size	chPoolInit, .-chPoolInit
  46 000a 00BFAFF3 		.section	.text.chPoolLoadArray,"ax",%progbits
  46      0080
  47              		.align	2
  48              		.p2align 4,,15
  49              		.global	chPoolLoadArray
  50              		.thumb
  51              		.thumb_func
  52              		.type	chPoolLoadArray, %function
  53              	chPoolLoadArray:
  54              	.LFB8:
  55              		.loc 1 84 0
  56              		.cfi_startproc
ARM GAS  /tmp/ccUXzrzJ.s 			page 2


  57              		@ args = 0, pretend = 0, frame = 0
  58              		@ frame_needed = 0, uses_anonymous_args = 0
  59              		@ link register save eliminated.
  60              	.LVL1:
  61              		.loc 1 88 0
  62 0000 62B1     		cbz	r2, .L2
  63              	.LVL2:
  64              	.L4:
  65              	.LBB16:
  66              	.LBB17:
  67              		.loc 1 173 0
  68 0002 2023     		movs	r3, #32
  69              	@ 173 "../../../os/kernel/src/chmempools.c" 1
  70 0004 83F31188 		msr     BASEPRI, r3
  71              	@ 0 "" 2
  72              	.LVL3:
  73              		.thumb
  74              	.LBE17:
  75              	.LBB18:
  76              	.LBB19:
  77              		.loc 1 155 0
  78 0008 0368     		ldr	r3, [r0]
  79 000a 0B60     		str	r3, [r1]
  80              	.LBE19:
  81              	.LBE18:
  82              	.LBB21:
  83              		.loc 1 175 0
  84 000c 0023     		movs	r3, #0
  85              	.LBE21:
  86              	.LBB22:
  87              	.LBB20:
  88              		.loc 1 156 0
  89 000e 0160     		str	r1, [r0]
  90              	.LBE20:
  91              	.LBE22:
  92              	.LBB23:
  93              		.loc 1 175 0
  94              	@ 175 "../../../os/kernel/src/chmempools.c" 1
  95 0010 83F31188 		msr     BASEPRI, r3
  96              	@ 0 "" 2
  97              		.thumb
  98              	.LBE23:
  99              	.LBE16:
 100              		.loc 1 90 0
 101 0014 4368     		ldr	r3, [r0, #4]
 102              		.loc 1 88 0
 103 0016 013A     		subs	r2, r2, #1
 104              	.LVL4:
 105              		.loc 1 90 0
 106 0018 1944     		add	r1, r1, r3
 107              	.LVL5:
 108              		.loc 1 88 0
 109 001a F2D1     		bne	.L4
 110              	.LVL6:
 111              	.L2:
 112 001c 7047     		bx	lr
 113              		.cfi_endproc
ARM GAS  /tmp/ccUXzrzJ.s 			page 3


 114              	.LFE8:
 115              		.size	chPoolLoadArray, .-chPoolLoadArray
 116 001e 00BF     		.section	.text.chPoolAllocI,"ax",%progbits
 117              		.align	2
 118              		.p2align 4,,15
 119              		.global	chPoolAllocI
 120              		.thumb
 121              		.thumb_func
 122              		.type	chPoolAllocI, %function
 123              	chPoolAllocI:
 124              	.LFB9:
 125              		.loc 1 105 0
 126              		.cfi_startproc
 127              		@ args = 0, pretend = 0, frame = 0
 128              		@ frame_needed = 0, uses_anonymous_args = 0
 129              		@ link register save eliminated.
 130              	.LVL7:
 131              		.loc 1 111 0
 132 0000 0368     		ldr	r3, [r0]
 133              	.LVL8:
 134 0002 1BB1     		cbz	r3, .L9
 135              		.loc 1 112 0
 136 0004 1A68     		ldr	r2, [r3]
 137 0006 0260     		str	r2, [r0]
 138              	.L10:
 139              		.loc 1 116 0
 140 0008 1846     		mov	r0, r3
 141              	.LVL9:
 142 000a 7047     		bx	lr
 143              	.LVL10:
 144              	.L9:
 145              		.loc 1 113 0
 146 000c 8268     		ldr	r2, [r0, #8]
 147 000e 002A     		cmp	r2, #0
 148 0010 FAD0     		beq	.L10
 149              		.loc 1 114 0
 150 0012 4068     		ldr	r0, [r0, #4]
 151              	.LVL11:
 152 0014 1047     		bx	r2
 153              	.LVL12:
 154              		.cfi_endproc
 155              	.LFE9:
 156              		.size	chPoolAllocI, .-chPoolAllocI
 157 0016 00BFAFF3 		.section	.text.chPoolAlloc,"ax",%progbits
 157      0080AFF3 
 157      0080
 158              		.align	2
 159              		.p2align 4,,15
 160              		.global	chPoolAlloc
 161              		.thumb
 162              		.thumb_func
 163              		.type	chPoolAlloc, %function
 164              	chPoolAlloc:
 165              	.LFB10:
 166              		.loc 1 128 0
 167              		.cfi_startproc
 168              		@ args = 0, pretend = 0, frame = 0
ARM GAS  /tmp/ccUXzrzJ.s 			page 4


 169              		@ frame_needed = 0, uses_anonymous_args = 0
 170              	.LVL13:
 171 0000 08B5     		push	{r3, lr}
 172              		.cfi_def_cfa_offset 8
 173              		.cfi_offset 3, -8
 174              		.cfi_offset 14, -4
 175              		.loc 1 128 0
 176 0002 0246     		mov	r2, r0
 177              	.LBB24:
 178              		.loc 1 131 0
 179 0004 2023     		movs	r3, #32
 180              	@ 131 "../../../os/kernel/src/chmempools.c" 1
 181 0006 83F31188 		msr     BASEPRI, r3
 182              	@ 0 "" 2
 183              	.LVL14:
 184              		.thumb
 185              	.LBE24:
 186              	.LBB25:
 187              	.LBB26:
 188              		.loc 1 111 0
 189 000a 0068     		ldr	r0, [r0]
 190              	.LVL15:
 191 000c 28B1     		cbz	r0, .L15
 192              		.loc 1 112 0
 193 000e 0368     		ldr	r3, [r0]
 194 0010 1360     		str	r3, [r2]
 195              	.L16:
 196              	.LBE26:
 197              	.LBE25:
 198              	.LBB28:
 199              		.loc 1 133 0
 200 0012 0023     		movs	r3, #0
 201              	@ 133 "../../../os/kernel/src/chmempools.c" 1
 202 0014 83F31188 		msr     BASEPRI, r3
 203              	@ 0 "" 2
 204              		.thumb
 205              	.LBE28:
 206              		.loc 1 135 0
 207 0018 08BD     		pop	{r3, pc}
 208              	.L15:
 209              	.LBB29:
 210              	.LBB27:
 211              		.loc 1 113 0
 212 001a 9368     		ldr	r3, [r2, #8]
 213 001c 002B     		cmp	r3, #0
 214 001e F8D0     		beq	.L16
 215              		.loc 1 114 0
 216 0020 5068     		ldr	r0, [r2, #4]
 217              	.LVL16:
 218 0022 9847     		blx	r3
 219              	.LVL17:
 220              	.LBE27:
 221              	.LBE29:
 222              	.LBB30:
 223              		.loc 1 133 0
 224 0024 0023     		movs	r3, #0
 225              	@ 133 "../../../os/kernel/src/chmempools.c" 1
ARM GAS  /tmp/ccUXzrzJ.s 			page 5


 226 0026 83F31188 		msr     BASEPRI, r3
 227              	@ 0 "" 2
 228              		.thumb
 229              	.LBE30:
 230              		.loc 1 135 0
 231 002a 08BD     		pop	{r3, pc}
 232              		.cfi_endproc
 233              	.LFE10:
 234              		.size	chPoolAlloc, .-chPoolAlloc
 235 002c AFF30080 		.section	.text.chPoolFreeI,"ax",%progbits
 236              		.align	2
 237              		.p2align 4,,15
 238              		.global	chPoolFreeI
 239              		.thumb
 240              		.thumb_func
 241              		.type	chPoolFreeI, %function
 242              	chPoolFreeI:
 243              	.LFB11:
 244              		.loc 1 149 0
 245              		.cfi_startproc
 246              		@ args = 0, pretend = 0, frame = 0
 247              		@ frame_needed = 0, uses_anonymous_args = 0
 248              		@ link register save eliminated.
 249              	.LVL18:
 250              		.loc 1 155 0
 251 0000 0368     		ldr	r3, [r0]
 252 0002 0B60     		str	r3, [r1]
 253              		.loc 1 156 0
 254 0004 0160     		str	r1, [r0]
 255 0006 7047     		bx	lr
 256              		.cfi_endproc
 257              	.LFE11:
 258              		.size	chPoolFreeI, .-chPoolFreeI
 259 0008 AFF30080 		.section	.text.chPoolFree,"ax",%progbits
 259      AFF30080 
 260              		.align	2
 261              		.p2align 4,,15
 262              		.global	chPoolFree
 263              		.thumb
 264              		.thumb_func
 265              		.type	chPoolFree, %function
 266              	chPoolFree:
 267              	.LFB12:
 268              		.loc 1 171 0
 269              		.cfi_startproc
 270              		@ args = 0, pretend = 0, frame = 0
 271              		@ frame_needed = 0, uses_anonymous_args = 0
 272              		@ link register save eliminated.
 273              	.LVL19:
 274              	.LBB31:
 275              		.loc 1 173 0
 276 0000 2023     		movs	r3, #32
 277              	@ 173 "../../../os/kernel/src/chmempools.c" 1
 278 0002 83F31188 		msr     BASEPRI, r3
 279              	@ 0 "" 2
 280              	.LVL20:
 281              		.thumb
ARM GAS  /tmp/ccUXzrzJ.s 			page 6


 282              	.LBE31:
 283              	.LBB32:
 284              	.LBB33:
 285              		.loc 1 155 0
 286 0006 0368     		ldr	r3, [r0]
 287 0008 0B60     		str	r3, [r1]
 288              	.LBE33:
 289              	.LBE32:
 290              	.LBB35:
 291              		.loc 1 175 0
 292 000a 0023     		movs	r3, #0
 293              	.LBE35:
 294              	.LBB36:
 295              	.LBB34:
 296              		.loc 1 156 0
 297 000c 0160     		str	r1, [r0]
 298              	.LBE34:
 299              	.LBE36:
 300              	.LBB37:
 301              		.loc 1 175 0
 302              	@ 175 "../../../os/kernel/src/chmempools.c" 1
 303 000e 83F31188 		msr     BASEPRI, r3
 304              	@ 0 "" 2
 305              		.thumb
 306 0012 7047     		bx	lr
 307              	.LBE37:
 308              		.cfi_endproc
 309              	.LFE12:
 310              		.size	chPoolFree, .-chPoolFree
 311 0014 AFF30080 		.text
 311      AFF30080 
 311      AFF30080 
 312              	.Letext0:
 313              		.file 2 "/usr/lib/gcc/arm-none-eabi/4.9.2/include/stddef.h"
 314              		.file 3 "/usr/arm-none-eabi/include/machine/_default_types.h"
 315              		.file 4 "/usr/arm-none-eabi/include/stdint.h"
 316              		.file 5 "../../../os/kernel/include/chmemcore.h"
 317              		.file 6 "../../../os/kernel/include/chmempools.h"
 318              		.section	.debug_info,"",%progbits
 319              	.Ldebug_info0:
 320 0000 04040000 		.4byte	0x404
 321 0004 0400     		.2byte	0x4
 322 0006 00000000 		.4byte	.Ldebug_abbrev0
 323 000a 04       		.byte	0x4
 324 000b 01       		.uleb128 0x1
 325 000c 00000000 		.4byte	.LASF30
 326 0010 01       		.byte	0x1
 327 0011 E3000000 		.4byte	.LASF31
 328 0015 54010000 		.4byte	.LASF32
 329 0019 90000000 		.4byte	.Ldebug_ranges0+0x90
 330 001d 00000000 		.4byte	0
 331 0021 00000000 		.4byte	.Ldebug_line0
 332 0025 02       		.uleb128 0x2
 333 0026 04       		.byte	0x4
 334 0027 05       		.byte	0x5
 335 0028 696E7400 		.ascii	"int\000"
 336 002c 03       		.uleb128 0x3
ARM GAS  /tmp/ccUXzrzJ.s 			page 7


 337 002d BD000000 		.4byte	.LASF2
 338 0031 02       		.byte	0x2
 339 0032 D4       		.byte	0xd4
 340 0033 37000000 		.4byte	0x37
 341 0037 04       		.uleb128 0x4
 342 0038 04       		.byte	0x4
 343 0039 07       		.byte	0x7
 344 003a C7010000 		.4byte	.LASF0
 345 003e 04       		.uleb128 0x4
 346 003f 01       		.byte	0x1
 347 0040 06       		.byte	0x6
 348 0041 64020000 		.4byte	.LASF1
 349 0045 03       		.uleb128 0x3
 350 0046 B3000000 		.4byte	.LASF3
 351 004a 03       		.byte	0x3
 352 004b 1D       		.byte	0x1d
 353 004c 50000000 		.4byte	0x50
 354 0050 04       		.uleb128 0x4
 355 0051 01       		.byte	0x1
 356 0052 08       		.byte	0x8
 357 0053 46010000 		.4byte	.LASF4
 358 0057 04       		.uleb128 0x4
 359 0058 02       		.byte	0x2
 360 0059 05       		.byte	0x5
 361 005a 3C020000 		.4byte	.LASF5
 362 005e 04       		.uleb128 0x4
 363 005f 02       		.byte	0x2
 364 0060 07       		.byte	0x7
 365 0061 1E010000 		.4byte	.LASF6
 366 0065 04       		.uleb128 0x4
 367 0066 04       		.byte	0x4
 368 0067 05       		.byte	0x5
 369 0068 5B020000 		.4byte	.LASF7
 370 006c 03       		.uleb128 0x3
 371 006d 94010000 		.4byte	.LASF8
 372 0071 03       		.byte	0x3
 373 0072 41       		.byte	0x41
 374 0073 77000000 		.4byte	0x77
 375 0077 04       		.uleb128 0x4
 376 0078 04       		.byte	0x4
 377 0079 07       		.byte	0x7
 378 007a 0C010000 		.4byte	.LASF9
 379 007e 04       		.uleb128 0x4
 380 007f 08       		.byte	0x8
 381 0080 05       		.byte	0x5
 382 0081 10020000 		.4byte	.LASF10
 383 0085 04       		.uleb128 0x4
 384 0086 08       		.byte	0x8
 385 0087 07       		.byte	0x7
 386 0088 D4010000 		.4byte	.LASF11
 387 008c 03       		.uleb128 0x3
 388 008d EB010000 		.4byte	.LASF12
 389 0091 04       		.byte	0x4
 390 0092 15       		.byte	0x15
 391 0093 45000000 		.4byte	0x45
 392 0097 03       		.uleb128 0x3
 393 0098 52020000 		.4byte	.LASF13
ARM GAS  /tmp/ccUXzrzJ.s 			page 8


 394 009c 04       		.byte	0x4
 395 009d 2D       		.byte	0x2d
 396 009e 6C000000 		.4byte	0x6c
 397 00a2 04       		.uleb128 0x4
 398 00a3 01       		.byte	0x1
 399 00a4 02       		.byte	0x2
 400 00a5 78020000 		.4byte	.LASF14
 401 00a9 05       		.uleb128 0x5
 402 00aa 04       		.byte	0x4
 403 00ab 04       		.uleb128 0x4
 404 00ac 04       		.byte	0x4
 405 00ad 07       		.byte	0x7
 406 00ae FB010000 		.4byte	.LASF15
 407 00b2 03       		.uleb128 0x3
 408 00b3 23020000 		.4byte	.LASF16
 409 00b7 05       		.byte	0x5
 410 00b8 2C       		.byte	0x2c
 411 00b9 BD000000 		.4byte	0xbd
 412 00bd 06       		.uleb128 0x6
 413 00be 04       		.byte	0x4
 414 00bf C3000000 		.4byte	0xc3
 415 00c3 07       		.uleb128 0x7
 416 00c4 A9000000 		.4byte	0xa9
 417 00c8 D2000000 		.4byte	0xd2
 418 00cc 08       		.uleb128 0x8
 419 00cd 2C000000 		.4byte	0x2c
 420 00d1 00       		.byte	0
 421 00d2 09       		.uleb128 0x9
 422 00d3 04020000 		.4byte	.LASF33
 423 00d7 04       		.byte	0x4
 424 00d8 06       		.byte	0x6
 425 00d9 2C       		.byte	0x2c
 426 00da EB000000 		.4byte	0xeb
 427 00de 0A       		.uleb128 0xa
 428 00df F3010000 		.4byte	.LASF17
 429 00e3 06       		.byte	0x6
 430 00e4 2D       		.byte	0x2d
 431 00e5 EB000000 		.4byte	0xeb
 432 00e9 00       		.byte	0
 433 00ea 00       		.byte	0
 434 00eb 06       		.uleb128 0x6
 435 00ec 04       		.byte	0x4
 436 00ed D2000000 		.4byte	0xd2
 437 00f1 0B       		.uleb128 0xb
 438 00f2 0C       		.byte	0xc
 439 00f3 06       		.byte	0x6
 440 00f4 34       		.byte	0x34
 441 00f5 1E010000 		.4byte	0x11e
 442 00f9 0A       		.uleb128 0xa
 443 00fa 70020000 		.4byte	.LASF18
 444 00fe 06       		.byte	0x6
 445 00ff 35       		.byte	0x35
 446 0100 EB000000 		.4byte	0xeb
 447 0104 00       		.byte	0
 448 0105 0A       		.uleb128 0xa
 449 0106 C4000000 		.4byte	.LASF19
 450 010a 06       		.byte	0x6
ARM GAS  /tmp/ccUXzrzJ.s 			page 9


 451 010b 36       		.byte	0x36
 452 010c 2C000000 		.4byte	0x2c
 453 0110 04       		.byte	0x4
 454 0111 0A       		.uleb128 0xa
 455 0112 30020000 		.4byte	.LASF20
 456 0116 06       		.byte	0x6
 457 0117 38       		.byte	0x38
 458 0118 B2000000 		.4byte	0xb2
 459 011c 08       		.byte	0x8
 460 011d 00       		.byte	0
 461 011e 03       		.uleb128 0x3
 462 011f AA010000 		.4byte	.LASF21
 463 0123 06       		.byte	0x6
 464 0124 3A       		.byte	0x3a
 465 0125 F1000000 		.4byte	0xf1
 466 0129 04       		.uleb128 0x4
 467 012a 01       		.byte	0x1
 468 012b 08       		.byte	0x8
 469 012c 1E020000 		.4byte	.LASF22
 470 0130 0C       		.uleb128 0xc
 471 0131 BA010000 		.4byte	.LASF34
 472 0135 01       		.byte	0x1
 473 0136 69       		.byte	0x69
 474 0137 A9000000 		.4byte	0xa9
 475 013b 01       		.byte	0x1
 476 013c 56010000 		.4byte	0x156
 477 0140 0D       		.uleb128 0xd
 478 0141 6D7000   		.ascii	"mp\000"
 479 0144 01       		.byte	0x1
 480 0145 69       		.byte	0x69
 481 0146 56010000 		.4byte	0x156
 482 014a 0E       		.uleb128 0xe
 483 014b B5010000 		.4byte	.LASF23
 484 014f 01       		.byte	0x1
 485 0150 6A       		.byte	0x6a
 486 0151 A9000000 		.4byte	0xa9
 487 0155 00       		.byte	0
 488 0156 06       		.uleb128 0x6
 489 0157 04       		.byte	0x4
 490 0158 1E010000 		.4byte	0x11e
 491 015c 0F       		.uleb128 0xf
 492 015d 3A010000 		.4byte	.LASF24
 493 0161 01       		.byte	0x1
 494 0162 95       		.byte	0x95
 495 0163 01       		.byte	0x1
 496 0164 89010000 		.4byte	0x189
 497 0168 0D       		.uleb128 0xd
 498 0169 6D7000   		.ascii	"mp\000"
 499 016c 01       		.byte	0x1
 500 016d 95       		.byte	0x95
 501 016e 56010000 		.4byte	0x156
 502 0172 10       		.uleb128 0x10
 503 0173 B5010000 		.4byte	.LASF23
 504 0177 01       		.byte	0x1
 505 0178 95       		.byte	0x95
 506 0179 A9000000 		.4byte	0xa9
 507 017d 11       		.uleb128 0x11
ARM GAS  /tmp/ccUXzrzJ.s 			page 10


 508 017e 70687000 		.ascii	"php\000"
 509 0182 01       		.byte	0x1
 510 0183 96       		.byte	0x96
 511 0184 EB000000 		.4byte	0xeb
 512 0188 00       		.byte	0
 513 0189 0F       		.uleb128 0xf
 514 018a 9F010000 		.4byte	.LASF25
 515 018e 01       		.byte	0x1
 516 018f AB       		.byte	0xab
 517 0190 01       		.byte	0x1
 518 0191 C9010000 		.4byte	0x1c9
 519 0195 0D       		.uleb128 0xd
 520 0196 6D7000   		.ascii	"mp\000"
 521 0199 01       		.byte	0x1
 522 019a AB       		.byte	0xab
 523 019b 56010000 		.4byte	0x156
 524 019f 10       		.uleb128 0x10
 525 01a0 B5010000 		.4byte	.LASF23
 526 01a4 01       		.byte	0x1
 527 01a5 AB       		.byte	0xab
 528 01a6 A9000000 		.4byte	0xa9
 529 01aa 12       		.uleb128 0x12
 530 01ab BB010000 		.4byte	0x1bb
 531 01af 11       		.uleb128 0x11
 532 01b0 746D7000 		.ascii	"tmp\000"
 533 01b4 01       		.byte	0x1
 534 01b5 AD       		.byte	0xad
 535 01b6 97000000 		.4byte	0x97
 536 01ba 00       		.byte	0
 537 01bb 13       		.uleb128 0x13
 538 01bc 11       		.uleb128 0x11
 539 01bd 746D7000 		.ascii	"tmp\000"
 540 01c1 01       		.byte	0x1
 541 01c2 AF       		.byte	0xaf
 542 01c3 97000000 		.4byte	0x97
 543 01c7 00       		.byte	0
 544 01c8 00       		.byte	0
 545 01c9 14       		.uleb128 0x14
 546 01ca 7E020000 		.4byte	.LASF28
 547 01ce 01       		.byte	0x1
 548 01cf 3E       		.byte	0x3e
 549 01d0 00000000 		.4byte	.LFB7
 550 01d4 0A000000 		.4byte	.LFE7-.LFB7
 551 01d8 01       		.uleb128 0x1
 552 01d9 9C       		.byte	0x9c
 553 01da 05020000 		.4byte	0x205
 554 01de 15       		.uleb128 0x15
 555 01df 6D7000   		.ascii	"mp\000"
 556 01e2 01       		.byte	0x1
 557 01e3 3E       		.byte	0x3e
 558 01e4 56010000 		.4byte	0x156
 559 01e8 01       		.uleb128 0x1
 560 01e9 50       		.byte	0x50
 561 01ea 16       		.uleb128 0x16
 562 01eb 07010000 		.4byte	.LASF26
 563 01ef 01       		.byte	0x1
 564 01f0 3E       		.byte	0x3e
ARM GAS  /tmp/ccUXzrzJ.s 			page 11


 565 01f1 2C000000 		.4byte	0x2c
 566 01f5 01       		.uleb128 0x1
 567 01f6 51       		.byte	0x51
 568 01f7 16       		.uleb128 0x16
 569 01f8 31010000 		.4byte	.LASF27
 570 01fc 01       		.byte	0x1
 571 01fd 3E       		.byte	0x3e
 572 01fe B2000000 		.4byte	0xb2
 573 0202 01       		.uleb128 0x1
 574 0203 52       		.byte	0x52
 575 0204 00       		.byte	0
 576 0205 14       		.uleb128 0x14
 577 0206 D3000000 		.4byte	.LASF29
 578 020a 01       		.byte	0x1
 579 020b 54       		.byte	0x54
 580 020c 00000000 		.4byte	.LFB8
 581 0210 1E000000 		.4byte	.LFE8-.LFB8
 582 0214 01       		.uleb128 0x1
 583 0215 9C       		.byte	0x9c
 584 0216 BA020000 		.4byte	0x2ba
 585 021a 15       		.uleb128 0x15
 586 021b 6D7000   		.ascii	"mp\000"
 587 021e 01       		.byte	0x1
 588 021f 54       		.byte	0x54
 589 0220 56010000 		.4byte	0x156
 590 0224 01       		.uleb128 0x1
 591 0225 50       		.byte	0x50
 592 0226 17       		.uleb128 0x17
 593 0227 7000     		.ascii	"p\000"
 594 0229 01       		.byte	0x1
 595 022a 54       		.byte	0x54
 596 022b A9000000 		.4byte	0xa9
 597 022f 00000000 		.4byte	.LLST0
 598 0233 17       		.uleb128 0x17
 599 0234 6E00     		.ascii	"n\000"
 600 0236 01       		.byte	0x1
 601 0237 54       		.byte	0x54
 602 0238 2C000000 		.4byte	0x2c
 603 023c 1E000000 		.4byte	.LLST1
 604 0240 18       		.uleb128 0x18
 605 0241 89010000 		.4byte	0x189
 606 0245 02000000 		.4byte	.LBB16
 607 0249 12000000 		.4byte	.LBE16-.LBB16
 608 024d 01       		.byte	0x1
 609 024e 59       		.byte	0x59
 610 024f 19       		.uleb128 0x19
 611 0250 9F010000 		.4byte	0x19f
 612 0254 49000000 		.4byte	.LLST2
 613 0258 19       		.uleb128 0x19
 614 0259 95010000 		.4byte	0x195
 615 025d 68000000 		.4byte	.LLST3
 616 0261 1A       		.uleb128 0x1a
 617 0262 02000000 		.4byte	.LBB17
 618 0266 06000000 		.4byte	.LBE17-.LBB17
 619 026a 76020000 		.4byte	0x276
 620 026e 1B       		.uleb128 0x1b
 621 026f AF010000 		.4byte	0x1af
ARM GAS  /tmp/ccUXzrzJ.s 			page 12


 622 0273 01       		.uleb128 0x1
 623 0274 53       		.byte	0x53
 624 0275 00       		.byte	0
 625 0276 1C       		.uleb128 0x1c
 626 0277 5C010000 		.4byte	0x15c
 627 027b 08000000 		.4byte	.LBB18
 628 027f 00000000 		.4byte	.Ldebug_ranges0+0
 629 0283 01       		.byte	0x1
 630 0284 AE       		.byte	0xae
 631 0285 AB020000 		.4byte	0x2ab
 632 0289 19       		.uleb128 0x19
 633 028a 72010000 		.4byte	0x172
 634 028e 7B000000 		.4byte	.LLST4
 635 0292 19       		.uleb128 0x19
 636 0293 68010000 		.4byte	0x168
 637 0297 9A000000 		.4byte	.LLST5
 638 029b 1D       		.uleb128 0x1d
 639 029c 00000000 		.4byte	.Ldebug_ranges0+0
 640 02a0 1E       		.uleb128 0x1e
 641 02a1 7D010000 		.4byte	0x17d
 642 02a5 7B000000 		.4byte	.LLST4
 643 02a9 00       		.byte	0
 644 02aa 00       		.byte	0
 645 02ab 1D       		.uleb128 0x1d
 646 02ac 18000000 		.4byte	.Ldebug_ranges0+0x18
 647 02b0 1B       		.uleb128 0x1b
 648 02b1 BC010000 		.4byte	0x1bc
 649 02b5 01       		.uleb128 0x1
 650 02b6 53       		.byte	0x53
 651 02b7 00       		.byte	0
 652 02b8 00       		.byte	0
 653 02b9 00       		.byte	0
 654 02ba 1F       		.uleb128 0x1f
 655 02bb 30010000 		.4byte	0x130
 656 02bf 00000000 		.4byte	.LFB9
 657 02c3 16000000 		.4byte	.LFE9-.LFB9
 658 02c7 01       		.uleb128 0x1
 659 02c8 9C       		.byte	0x9c
 660 02c9 E0020000 		.4byte	0x2e0
 661 02cd 19       		.uleb128 0x19
 662 02ce 40010000 		.4byte	0x140
 663 02d2 AD000000 		.4byte	.LLST7
 664 02d6 1E       		.uleb128 0x1e
 665 02d7 4A010000 		.4byte	0x14a
 666 02db E7000000 		.4byte	.LLST8
 667 02df 00       		.byte	0
 668 02e0 20       		.uleb128 0x20
 669 02e1 46020000 		.4byte	.LASF35
 670 02e5 01       		.byte	0x1
 671 02e6 80       		.byte	0x80
 672 02e7 A9000000 		.4byte	0xa9
 673 02eb 00000000 		.4byte	.LFB10
 674 02ef 2C000000 		.4byte	.LFE10-.LFB10
 675 02f3 01       		.uleb128 0x1
 676 02f4 9C       		.byte	0x9c
 677 02f5 6F030000 		.4byte	0x36f
 678 02f9 17       		.uleb128 0x17
ARM GAS  /tmp/ccUXzrzJ.s 			page 13


 679 02fa 6D7000   		.ascii	"mp\000"
 680 02fd 01       		.byte	0x1
 681 02fe 80       		.byte	0x80
 682 02ff 56010000 		.4byte	0x156
 683 0303 FA000000 		.4byte	.LLST9
 684 0307 21       		.uleb128 0x21
 685 0308 B5010000 		.4byte	.LASF23
 686 030c 01       		.byte	0x1
 687 030d 81       		.byte	0x81
 688 030e A9000000 		.4byte	0xa9
 689 0312 01       		.uleb128 0x1
 690 0313 50       		.byte	0x50
 691 0314 1A       		.uleb128 0x1a
 692 0315 04000000 		.4byte	.LBB24
 693 0319 06000000 		.4byte	.LBE24-.LBB24
 694 031d 2F030000 		.4byte	0x32f
 695 0321 22       		.uleb128 0x22
 696 0322 746D7000 		.ascii	"tmp\000"
 697 0326 01       		.byte	0x1
 698 0327 83       		.byte	0x83
 699 0328 97000000 		.4byte	0x97
 700 032c 01       		.uleb128 0x1
 701 032d 53       		.byte	0x53
 702 032e 00       		.byte	0
 703 032f 1C       		.uleb128 0x1c
 704 0330 30010000 		.4byte	0x130
 705 0334 0A000000 		.4byte	.LBB25
 706 0338 30000000 		.4byte	.Ldebug_ranges0+0x30
 707 033c 01       		.byte	0x1
 708 033d 84       		.byte	0x84
 709 033e 5B030000 		.4byte	0x35b
 710 0342 19       		.uleb128 0x19
 711 0343 40010000 		.4byte	0x140
 712 0347 26010000 		.4byte	.LLST10
 713 034b 1D       		.uleb128 0x1d
 714 034c 30000000 		.4byte	.Ldebug_ranges0+0x30
 715 0350 1E       		.uleb128 0x1e
 716 0351 4A010000 		.4byte	0x14a
 717 0355 52010000 		.4byte	.LLST11
 718 0359 00       		.byte	0
 719 035a 00       		.byte	0
 720 035b 1D       		.uleb128 0x1d
 721 035c 48000000 		.4byte	.Ldebug_ranges0+0x48
 722 0360 22       		.uleb128 0x22
 723 0361 746D7000 		.ascii	"tmp\000"
 724 0365 01       		.byte	0x1
 725 0366 85       		.byte	0x85
 726 0367 97000000 		.4byte	0x97
 727 036b 01       		.uleb128 0x1
 728 036c 53       		.byte	0x53
 729 036d 00       		.byte	0
 730 036e 00       		.byte	0
 731 036f 23       		.uleb128 0x23
 732 0370 5C010000 		.4byte	0x15c
 733 0374 00000000 		.4byte	.LFB11
 734 0378 08000000 		.4byte	.LFE11-.LFB11
 735 037c 01       		.uleb128 0x1
ARM GAS  /tmp/ccUXzrzJ.s 			page 14


 736 037d 9C       		.byte	0x9c
 737 037e 98030000 		.4byte	0x398
 738 0382 24       		.uleb128 0x24
 739 0383 68010000 		.4byte	0x168
 740 0387 01       		.uleb128 0x1
 741 0388 50       		.byte	0x50
 742 0389 24       		.uleb128 0x24
 743 038a 72010000 		.4byte	0x172
 744 038e 01       		.uleb128 0x1
 745 038f 51       		.byte	0x51
 746 0390 1B       		.uleb128 0x1b
 747 0391 7D010000 		.4byte	0x17d
 748 0395 01       		.uleb128 0x1
 749 0396 51       		.byte	0x51
 750 0397 00       		.byte	0
 751 0398 25       		.uleb128 0x25
 752 0399 89010000 		.4byte	0x189
 753 039d 00000000 		.4byte	.LFB12
 754 03a1 14000000 		.4byte	.LFE12-.LFB12
 755 03a5 01       		.uleb128 0x1
 756 03a6 9C       		.byte	0x9c
 757 03a7 24       		.uleb128 0x24
 758 03a8 95010000 		.4byte	0x195
 759 03ac 01       		.uleb128 0x1
 760 03ad 50       		.byte	0x50
 761 03ae 24       		.uleb128 0x24
 762 03af 9F010000 		.4byte	0x19f
 763 03b3 01       		.uleb128 0x1
 764 03b4 51       		.byte	0x51
 765 03b5 1A       		.uleb128 0x1a
 766 03b6 00000000 		.4byte	.LBB31
 767 03ba 06000000 		.4byte	.LBE31-.LBB31
 768 03be CA030000 		.4byte	0x3ca
 769 03c2 1B       		.uleb128 0x1b
 770 03c3 AF010000 		.4byte	0x1af
 771 03c7 01       		.uleb128 0x1
 772 03c8 53       		.byte	0x53
 773 03c9 00       		.byte	0
 774 03ca 1C       		.uleb128 0x1c
 775 03cb 5C010000 		.4byte	0x15c
 776 03cf 06000000 		.4byte	.LBB32
 777 03d3 60000000 		.4byte	.Ldebug_ranges0+0x60
 778 03d7 01       		.byte	0x1
 779 03d8 AE       		.byte	0xae
 780 03d9 F9030000 		.4byte	0x3f9
 781 03dd 24       		.uleb128 0x24
 782 03de 72010000 		.4byte	0x172
 783 03e2 01       		.uleb128 0x1
 784 03e3 51       		.byte	0x51
 785 03e4 24       		.uleb128 0x24
 786 03e5 68010000 		.4byte	0x168
 787 03e9 01       		.uleb128 0x1
 788 03ea 50       		.byte	0x50
 789 03eb 1D       		.uleb128 0x1d
 790 03ec 60000000 		.4byte	.Ldebug_ranges0+0x60
 791 03f0 1B       		.uleb128 0x1b
 792 03f1 7D010000 		.4byte	0x17d
ARM GAS  /tmp/ccUXzrzJ.s 			page 15


 793 03f5 01       		.uleb128 0x1
 794 03f6 51       		.byte	0x51
 795 03f7 00       		.byte	0
 796 03f8 00       		.byte	0
 797 03f9 1D       		.uleb128 0x1d
 798 03fa 78000000 		.4byte	.Ldebug_ranges0+0x78
 799 03fe 1B       		.uleb128 0x1b
 800 03ff BC010000 		.4byte	0x1bc
 801 0403 01       		.uleb128 0x1
 802 0404 53       		.byte	0x53
 803 0405 00       		.byte	0
 804 0406 00       		.byte	0
 805 0407 00       		.byte	0
 806              		.section	.debug_abbrev,"",%progbits
 807              	.Ldebug_abbrev0:
 808 0000 01       		.uleb128 0x1
 809 0001 11       		.uleb128 0x11
 810 0002 01       		.byte	0x1
 811 0003 25       		.uleb128 0x25
 812 0004 0E       		.uleb128 0xe
 813 0005 13       		.uleb128 0x13
 814 0006 0B       		.uleb128 0xb
 815 0007 03       		.uleb128 0x3
 816 0008 0E       		.uleb128 0xe
 817 0009 1B       		.uleb128 0x1b
 818 000a 0E       		.uleb128 0xe
 819 000b 55       		.uleb128 0x55
 820 000c 17       		.uleb128 0x17
 821 000d 11       		.uleb128 0x11
 822 000e 01       		.uleb128 0x1
 823 000f 10       		.uleb128 0x10
 824 0010 17       		.uleb128 0x17
 825 0011 00       		.byte	0
 826 0012 00       		.byte	0
 827 0013 02       		.uleb128 0x2
 828 0014 24       		.uleb128 0x24
 829 0015 00       		.byte	0
 830 0016 0B       		.uleb128 0xb
 831 0017 0B       		.uleb128 0xb
 832 0018 3E       		.uleb128 0x3e
 833 0019 0B       		.uleb128 0xb
 834 001a 03       		.uleb128 0x3
 835 001b 08       		.uleb128 0x8
 836 001c 00       		.byte	0
 837 001d 00       		.byte	0
 838 001e 03       		.uleb128 0x3
 839 001f 16       		.uleb128 0x16
 840 0020 00       		.byte	0
 841 0021 03       		.uleb128 0x3
 842 0022 0E       		.uleb128 0xe
 843 0023 3A       		.uleb128 0x3a
 844 0024 0B       		.uleb128 0xb
 845 0025 3B       		.uleb128 0x3b
 846 0026 0B       		.uleb128 0xb
 847 0027 49       		.uleb128 0x49
 848 0028 13       		.uleb128 0x13
 849 0029 00       		.byte	0
ARM GAS  /tmp/ccUXzrzJ.s 			page 16


 850 002a 00       		.byte	0
 851 002b 04       		.uleb128 0x4
 852 002c 24       		.uleb128 0x24
 853 002d 00       		.byte	0
 854 002e 0B       		.uleb128 0xb
 855 002f 0B       		.uleb128 0xb
 856 0030 3E       		.uleb128 0x3e
 857 0031 0B       		.uleb128 0xb
 858 0032 03       		.uleb128 0x3
 859 0033 0E       		.uleb128 0xe
 860 0034 00       		.byte	0
 861 0035 00       		.byte	0
 862 0036 05       		.uleb128 0x5
 863 0037 0F       		.uleb128 0xf
 864 0038 00       		.byte	0
 865 0039 0B       		.uleb128 0xb
 866 003a 0B       		.uleb128 0xb
 867 003b 00       		.byte	0
 868 003c 00       		.byte	0
 869 003d 06       		.uleb128 0x6
 870 003e 0F       		.uleb128 0xf
 871 003f 00       		.byte	0
 872 0040 0B       		.uleb128 0xb
 873 0041 0B       		.uleb128 0xb
 874 0042 49       		.uleb128 0x49
 875 0043 13       		.uleb128 0x13
 876 0044 00       		.byte	0
 877 0045 00       		.byte	0
 878 0046 07       		.uleb128 0x7
 879 0047 15       		.uleb128 0x15
 880 0048 01       		.byte	0x1
 881 0049 27       		.uleb128 0x27
 882 004a 19       		.uleb128 0x19
 883 004b 49       		.uleb128 0x49
 884 004c 13       		.uleb128 0x13
 885 004d 01       		.uleb128 0x1
 886 004e 13       		.uleb128 0x13
 887 004f 00       		.byte	0
 888 0050 00       		.byte	0
 889 0051 08       		.uleb128 0x8
 890 0052 05       		.uleb128 0x5
 891 0053 00       		.byte	0
 892 0054 49       		.uleb128 0x49
 893 0055 13       		.uleb128 0x13
 894 0056 00       		.byte	0
 895 0057 00       		.byte	0
 896 0058 09       		.uleb128 0x9
 897 0059 13       		.uleb128 0x13
 898 005a 01       		.byte	0x1
 899 005b 03       		.uleb128 0x3
 900 005c 0E       		.uleb128 0xe
 901 005d 0B       		.uleb128 0xb
 902 005e 0B       		.uleb128 0xb
 903 005f 3A       		.uleb128 0x3a
 904 0060 0B       		.uleb128 0xb
 905 0061 3B       		.uleb128 0x3b
 906 0062 0B       		.uleb128 0xb
ARM GAS  /tmp/ccUXzrzJ.s 			page 17


 907 0063 01       		.uleb128 0x1
 908 0064 13       		.uleb128 0x13
 909 0065 00       		.byte	0
 910 0066 00       		.byte	0
 911 0067 0A       		.uleb128 0xa
 912 0068 0D       		.uleb128 0xd
 913 0069 00       		.byte	0
 914 006a 03       		.uleb128 0x3
 915 006b 0E       		.uleb128 0xe
 916 006c 3A       		.uleb128 0x3a
 917 006d 0B       		.uleb128 0xb
 918 006e 3B       		.uleb128 0x3b
 919 006f 0B       		.uleb128 0xb
 920 0070 49       		.uleb128 0x49
 921 0071 13       		.uleb128 0x13
 922 0072 38       		.uleb128 0x38
 923 0073 0B       		.uleb128 0xb
 924 0074 00       		.byte	0
 925 0075 00       		.byte	0
 926 0076 0B       		.uleb128 0xb
 927 0077 13       		.uleb128 0x13
 928 0078 01       		.byte	0x1
 929 0079 0B       		.uleb128 0xb
 930 007a 0B       		.uleb128 0xb
 931 007b 3A       		.uleb128 0x3a
 932 007c 0B       		.uleb128 0xb
 933 007d 3B       		.uleb128 0x3b
 934 007e 0B       		.uleb128 0xb
 935 007f 01       		.uleb128 0x1
 936 0080 13       		.uleb128 0x13
 937 0081 00       		.byte	0
 938 0082 00       		.byte	0
 939 0083 0C       		.uleb128 0xc
 940 0084 2E       		.uleb128 0x2e
 941 0085 01       		.byte	0x1
 942 0086 3F       		.uleb128 0x3f
 943 0087 19       		.uleb128 0x19
 944 0088 03       		.uleb128 0x3
 945 0089 0E       		.uleb128 0xe
 946 008a 3A       		.uleb128 0x3a
 947 008b 0B       		.uleb128 0xb
 948 008c 3B       		.uleb128 0x3b
 949 008d 0B       		.uleb128 0xb
 950 008e 27       		.uleb128 0x27
 951 008f 19       		.uleb128 0x19
 952 0090 49       		.uleb128 0x49
 953 0091 13       		.uleb128 0x13
 954 0092 20       		.uleb128 0x20
 955 0093 0B       		.uleb128 0xb
 956 0094 01       		.uleb128 0x1
 957 0095 13       		.uleb128 0x13
 958 0096 00       		.byte	0
 959 0097 00       		.byte	0
 960 0098 0D       		.uleb128 0xd
 961 0099 05       		.uleb128 0x5
 962 009a 00       		.byte	0
 963 009b 03       		.uleb128 0x3
ARM GAS  /tmp/ccUXzrzJ.s 			page 18


 964 009c 08       		.uleb128 0x8
 965 009d 3A       		.uleb128 0x3a
 966 009e 0B       		.uleb128 0xb
 967 009f 3B       		.uleb128 0x3b
 968 00a0 0B       		.uleb128 0xb
 969 00a1 49       		.uleb128 0x49
 970 00a2 13       		.uleb128 0x13
 971 00a3 00       		.byte	0
 972 00a4 00       		.byte	0
 973 00a5 0E       		.uleb128 0xe
 974 00a6 34       		.uleb128 0x34
 975 00a7 00       		.byte	0
 976 00a8 03       		.uleb128 0x3
 977 00a9 0E       		.uleb128 0xe
 978 00aa 3A       		.uleb128 0x3a
 979 00ab 0B       		.uleb128 0xb
 980 00ac 3B       		.uleb128 0x3b
 981 00ad 0B       		.uleb128 0xb
 982 00ae 49       		.uleb128 0x49
 983 00af 13       		.uleb128 0x13
 984 00b0 00       		.byte	0
 985 00b1 00       		.byte	0
 986 00b2 0F       		.uleb128 0xf
 987 00b3 2E       		.uleb128 0x2e
 988 00b4 01       		.byte	0x1
 989 00b5 3F       		.uleb128 0x3f
 990 00b6 19       		.uleb128 0x19
 991 00b7 03       		.uleb128 0x3
 992 00b8 0E       		.uleb128 0xe
 993 00b9 3A       		.uleb128 0x3a
 994 00ba 0B       		.uleb128 0xb
 995 00bb 3B       		.uleb128 0x3b
 996 00bc 0B       		.uleb128 0xb
 997 00bd 27       		.uleb128 0x27
 998 00be 19       		.uleb128 0x19
 999 00bf 20       		.uleb128 0x20
 1000 00c0 0B       		.uleb128 0xb
 1001 00c1 01       		.uleb128 0x1
 1002 00c2 13       		.uleb128 0x13
 1003 00c3 00       		.byte	0
 1004 00c4 00       		.byte	0
 1005 00c5 10       		.uleb128 0x10
 1006 00c6 05       		.uleb128 0x5
 1007 00c7 00       		.byte	0
 1008 00c8 03       		.uleb128 0x3
 1009 00c9 0E       		.uleb128 0xe
 1010 00ca 3A       		.uleb128 0x3a
 1011 00cb 0B       		.uleb128 0xb
 1012 00cc 3B       		.uleb128 0x3b
 1013 00cd 0B       		.uleb128 0xb
 1014 00ce 49       		.uleb128 0x49
 1015 00cf 13       		.uleb128 0x13
 1016 00d0 00       		.byte	0
 1017 00d1 00       		.byte	0
 1018 00d2 11       		.uleb128 0x11
 1019 00d3 34       		.uleb128 0x34
 1020 00d4 00       		.byte	0
ARM GAS  /tmp/ccUXzrzJ.s 			page 19


 1021 00d5 03       		.uleb128 0x3
 1022 00d6 08       		.uleb128 0x8
 1023 00d7 3A       		.uleb128 0x3a
 1024 00d8 0B       		.uleb128 0xb
 1025 00d9 3B       		.uleb128 0x3b
 1026 00da 0B       		.uleb128 0xb
 1027 00db 49       		.uleb128 0x49
 1028 00dc 13       		.uleb128 0x13
 1029 00dd 00       		.byte	0
 1030 00de 00       		.byte	0
 1031 00df 12       		.uleb128 0x12
 1032 00e0 0B       		.uleb128 0xb
 1033 00e1 01       		.byte	0x1
 1034 00e2 01       		.uleb128 0x1
 1035 00e3 13       		.uleb128 0x13
 1036 00e4 00       		.byte	0
 1037 00e5 00       		.byte	0
 1038 00e6 13       		.uleb128 0x13
 1039 00e7 0B       		.uleb128 0xb
 1040 00e8 01       		.byte	0x1
 1041 00e9 00       		.byte	0
 1042 00ea 00       		.byte	0
 1043 00eb 14       		.uleb128 0x14
 1044 00ec 2E       		.uleb128 0x2e
 1045 00ed 01       		.byte	0x1
 1046 00ee 3F       		.uleb128 0x3f
 1047 00ef 19       		.uleb128 0x19
 1048 00f0 03       		.uleb128 0x3
 1049 00f1 0E       		.uleb128 0xe
 1050 00f2 3A       		.uleb128 0x3a
 1051 00f3 0B       		.uleb128 0xb
 1052 00f4 3B       		.uleb128 0x3b
 1053 00f5 0B       		.uleb128 0xb
 1054 00f6 27       		.uleb128 0x27
 1055 00f7 19       		.uleb128 0x19
 1056 00f8 11       		.uleb128 0x11
 1057 00f9 01       		.uleb128 0x1
 1058 00fa 12       		.uleb128 0x12
 1059 00fb 06       		.uleb128 0x6
 1060 00fc 40       		.uleb128 0x40
 1061 00fd 18       		.uleb128 0x18
 1062 00fe 9742     		.uleb128 0x2117
 1063 0100 19       		.uleb128 0x19
 1064 0101 01       		.uleb128 0x1
 1065 0102 13       		.uleb128 0x13
 1066 0103 00       		.byte	0
 1067 0104 00       		.byte	0
 1068 0105 15       		.uleb128 0x15
 1069 0106 05       		.uleb128 0x5
 1070 0107 00       		.byte	0
 1071 0108 03       		.uleb128 0x3
 1072 0109 08       		.uleb128 0x8
 1073 010a 3A       		.uleb128 0x3a
 1074 010b 0B       		.uleb128 0xb
 1075 010c 3B       		.uleb128 0x3b
 1076 010d 0B       		.uleb128 0xb
 1077 010e 49       		.uleb128 0x49
ARM GAS  /tmp/ccUXzrzJ.s 			page 20


 1078 010f 13       		.uleb128 0x13
 1079 0110 02       		.uleb128 0x2
 1080 0111 18       		.uleb128 0x18
 1081 0112 00       		.byte	0
 1082 0113 00       		.byte	0
 1083 0114 16       		.uleb128 0x16
 1084 0115 05       		.uleb128 0x5
 1085 0116 00       		.byte	0
 1086 0117 03       		.uleb128 0x3
 1087 0118 0E       		.uleb128 0xe
 1088 0119 3A       		.uleb128 0x3a
 1089 011a 0B       		.uleb128 0xb
 1090 011b 3B       		.uleb128 0x3b
 1091 011c 0B       		.uleb128 0xb
 1092 011d 49       		.uleb128 0x49
 1093 011e 13       		.uleb128 0x13
 1094 011f 02       		.uleb128 0x2
 1095 0120 18       		.uleb128 0x18
 1096 0121 00       		.byte	0
 1097 0122 00       		.byte	0
 1098 0123 17       		.uleb128 0x17
 1099 0124 05       		.uleb128 0x5
 1100 0125 00       		.byte	0
 1101 0126 03       		.uleb128 0x3
 1102 0127 08       		.uleb128 0x8
 1103 0128 3A       		.uleb128 0x3a
 1104 0129 0B       		.uleb128 0xb
 1105 012a 3B       		.uleb128 0x3b
 1106 012b 0B       		.uleb128 0xb
 1107 012c 49       		.uleb128 0x49
 1108 012d 13       		.uleb128 0x13
 1109 012e 02       		.uleb128 0x2
 1110 012f 17       		.uleb128 0x17
 1111 0130 00       		.byte	0
 1112 0131 00       		.byte	0
 1113 0132 18       		.uleb128 0x18
 1114 0133 1D       		.uleb128 0x1d
 1115 0134 01       		.byte	0x1
 1116 0135 31       		.uleb128 0x31
 1117 0136 13       		.uleb128 0x13
 1118 0137 11       		.uleb128 0x11
 1119 0138 01       		.uleb128 0x1
 1120 0139 12       		.uleb128 0x12
 1121 013a 06       		.uleb128 0x6
 1122 013b 58       		.uleb128 0x58
 1123 013c 0B       		.uleb128 0xb
 1124 013d 59       		.uleb128 0x59
 1125 013e 0B       		.uleb128 0xb
 1126 013f 00       		.byte	0
 1127 0140 00       		.byte	0
 1128 0141 19       		.uleb128 0x19
 1129 0142 05       		.uleb128 0x5
 1130 0143 00       		.byte	0
 1131 0144 31       		.uleb128 0x31
 1132 0145 13       		.uleb128 0x13
 1133 0146 02       		.uleb128 0x2
 1134 0147 17       		.uleb128 0x17
ARM GAS  /tmp/ccUXzrzJ.s 			page 21


 1135 0148 00       		.byte	0
 1136 0149 00       		.byte	0
 1137 014a 1A       		.uleb128 0x1a
 1138 014b 0B       		.uleb128 0xb
 1139 014c 01       		.byte	0x1
 1140 014d 11       		.uleb128 0x11
 1141 014e 01       		.uleb128 0x1
 1142 014f 12       		.uleb128 0x12
 1143 0150 06       		.uleb128 0x6
 1144 0151 01       		.uleb128 0x1
 1145 0152 13       		.uleb128 0x13
 1146 0153 00       		.byte	0
 1147 0154 00       		.byte	0
 1148 0155 1B       		.uleb128 0x1b
 1149 0156 34       		.uleb128 0x34
 1150 0157 00       		.byte	0
 1151 0158 31       		.uleb128 0x31
 1152 0159 13       		.uleb128 0x13
 1153 015a 02       		.uleb128 0x2
 1154 015b 18       		.uleb128 0x18
 1155 015c 00       		.byte	0
 1156 015d 00       		.byte	0
 1157 015e 1C       		.uleb128 0x1c
 1158 015f 1D       		.uleb128 0x1d
 1159 0160 01       		.byte	0x1
 1160 0161 31       		.uleb128 0x31
 1161 0162 13       		.uleb128 0x13
 1162 0163 52       		.uleb128 0x52
 1163 0164 01       		.uleb128 0x1
 1164 0165 55       		.uleb128 0x55
 1165 0166 17       		.uleb128 0x17
 1166 0167 58       		.uleb128 0x58
 1167 0168 0B       		.uleb128 0xb
 1168 0169 59       		.uleb128 0x59
 1169 016a 0B       		.uleb128 0xb
 1170 016b 01       		.uleb128 0x1
 1171 016c 13       		.uleb128 0x13
 1172 016d 00       		.byte	0
 1173 016e 00       		.byte	0
 1174 016f 1D       		.uleb128 0x1d
 1175 0170 0B       		.uleb128 0xb
 1176 0171 01       		.byte	0x1
 1177 0172 55       		.uleb128 0x55
 1178 0173 17       		.uleb128 0x17
 1179 0174 00       		.byte	0
 1180 0175 00       		.byte	0
 1181 0176 1E       		.uleb128 0x1e
 1182 0177 34       		.uleb128 0x34
 1183 0178 00       		.byte	0
 1184 0179 31       		.uleb128 0x31
 1185 017a 13       		.uleb128 0x13
 1186 017b 02       		.uleb128 0x2
 1187 017c 17       		.uleb128 0x17
 1188 017d 00       		.byte	0
 1189 017e 00       		.byte	0
 1190 017f 1F       		.uleb128 0x1f
 1191 0180 2E       		.uleb128 0x2e
ARM GAS  /tmp/ccUXzrzJ.s 			page 22


 1192 0181 01       		.byte	0x1
 1193 0182 31       		.uleb128 0x31
 1194 0183 13       		.uleb128 0x13
 1195 0184 11       		.uleb128 0x11
 1196 0185 01       		.uleb128 0x1
 1197 0186 12       		.uleb128 0x12
 1198 0187 06       		.uleb128 0x6
 1199 0188 40       		.uleb128 0x40
 1200 0189 18       		.uleb128 0x18
 1201 018a 01       		.uleb128 0x1
 1202 018b 13       		.uleb128 0x13
 1203 018c 00       		.byte	0
 1204 018d 00       		.byte	0
 1205 018e 20       		.uleb128 0x20
 1206 018f 2E       		.uleb128 0x2e
 1207 0190 01       		.byte	0x1
 1208 0191 3F       		.uleb128 0x3f
 1209 0192 19       		.uleb128 0x19
 1210 0193 03       		.uleb128 0x3
 1211 0194 0E       		.uleb128 0xe
 1212 0195 3A       		.uleb128 0x3a
 1213 0196 0B       		.uleb128 0xb
 1214 0197 3B       		.uleb128 0x3b
 1215 0198 0B       		.uleb128 0xb
 1216 0199 27       		.uleb128 0x27
 1217 019a 19       		.uleb128 0x19
 1218 019b 49       		.uleb128 0x49
 1219 019c 13       		.uleb128 0x13
 1220 019d 11       		.uleb128 0x11
 1221 019e 01       		.uleb128 0x1
 1222 019f 12       		.uleb128 0x12
 1223 01a0 06       		.uleb128 0x6
 1224 01a1 40       		.uleb128 0x40
 1225 01a2 18       		.uleb128 0x18
 1226 01a3 9642     		.uleb128 0x2116
 1227 01a5 19       		.uleb128 0x19
 1228 01a6 01       		.uleb128 0x1
 1229 01a7 13       		.uleb128 0x13
 1230 01a8 00       		.byte	0
 1231 01a9 00       		.byte	0
 1232 01aa 21       		.uleb128 0x21
 1233 01ab 34       		.uleb128 0x34
 1234 01ac 00       		.byte	0
 1235 01ad 03       		.uleb128 0x3
 1236 01ae 0E       		.uleb128 0xe
 1237 01af 3A       		.uleb128 0x3a
 1238 01b0 0B       		.uleb128 0xb
 1239 01b1 3B       		.uleb128 0x3b
 1240 01b2 0B       		.uleb128 0xb
 1241 01b3 49       		.uleb128 0x49
 1242 01b4 13       		.uleb128 0x13
 1243 01b5 02       		.uleb128 0x2
 1244 01b6 18       		.uleb128 0x18
 1245 01b7 00       		.byte	0
 1246 01b8 00       		.byte	0
 1247 01b9 22       		.uleb128 0x22
 1248 01ba 34       		.uleb128 0x34
ARM GAS  /tmp/ccUXzrzJ.s 			page 23


 1249 01bb 00       		.byte	0
 1250 01bc 03       		.uleb128 0x3
 1251 01bd 08       		.uleb128 0x8
 1252 01be 3A       		.uleb128 0x3a
 1253 01bf 0B       		.uleb128 0xb
 1254 01c0 3B       		.uleb128 0x3b
 1255 01c1 0B       		.uleb128 0xb
 1256 01c2 49       		.uleb128 0x49
 1257 01c3 13       		.uleb128 0x13
 1258 01c4 02       		.uleb128 0x2
 1259 01c5 18       		.uleb128 0x18
 1260 01c6 00       		.byte	0
 1261 01c7 00       		.byte	0
 1262 01c8 23       		.uleb128 0x23
 1263 01c9 2E       		.uleb128 0x2e
 1264 01ca 01       		.byte	0x1
 1265 01cb 31       		.uleb128 0x31
 1266 01cc 13       		.uleb128 0x13
 1267 01cd 11       		.uleb128 0x11
 1268 01ce 01       		.uleb128 0x1
 1269 01cf 12       		.uleb128 0x12
 1270 01d0 06       		.uleb128 0x6
 1271 01d1 40       		.uleb128 0x40
 1272 01d2 18       		.uleb128 0x18
 1273 01d3 9742     		.uleb128 0x2117
 1274 01d5 19       		.uleb128 0x19
 1275 01d6 01       		.uleb128 0x1
 1276 01d7 13       		.uleb128 0x13
 1277 01d8 00       		.byte	0
 1278 01d9 00       		.byte	0
 1279 01da 24       		.uleb128 0x24
 1280 01db 05       		.uleb128 0x5
 1281 01dc 00       		.byte	0
 1282 01dd 31       		.uleb128 0x31
 1283 01de 13       		.uleb128 0x13
 1284 01df 02       		.uleb128 0x2
 1285 01e0 18       		.uleb128 0x18
 1286 01e1 00       		.byte	0
 1287 01e2 00       		.byte	0
 1288 01e3 25       		.uleb128 0x25
 1289 01e4 2E       		.uleb128 0x2e
 1290 01e5 01       		.byte	0x1
 1291 01e6 31       		.uleb128 0x31
 1292 01e7 13       		.uleb128 0x13
 1293 01e8 11       		.uleb128 0x11
 1294 01e9 01       		.uleb128 0x1
 1295 01ea 12       		.uleb128 0x12
 1296 01eb 06       		.uleb128 0x6
 1297 01ec 40       		.uleb128 0x40
 1298 01ed 18       		.uleb128 0x18
 1299 01ee 9742     		.uleb128 0x2117
 1300 01f0 19       		.uleb128 0x19
 1301 01f1 00       		.byte	0
 1302 01f2 00       		.byte	0
 1303 01f3 00       		.byte	0
 1304              		.section	.debug_loc,"",%progbits
 1305              	.Ldebug_loc0:
ARM GAS  /tmp/ccUXzrzJ.s 			page 24


 1306              	.LLST0:
 1307 0000 00000000 		.4byte	.LVL1
 1308 0004 1A000000 		.4byte	.LVL5
 1309 0008 0100     		.2byte	0x1
 1310 000a 51       		.byte	0x51
 1311 000b 1A000000 		.4byte	.LVL5
 1312 000f 1E000000 		.4byte	.LFE8
 1313 0013 0100     		.2byte	0x1
 1314 0015 51       		.byte	0x51
 1315 0016 00000000 		.4byte	0
 1316 001a 00000000 		.4byte	0
 1317              	.LLST1:
 1318 001e 00000000 		.4byte	.LVL1
 1319 0022 02000000 		.4byte	.LVL2
 1320 0026 0100     		.2byte	0x1
 1321 0028 52       		.byte	0x52
 1322 0029 02000000 		.4byte	.LVL2
 1323 002d 18000000 		.4byte	.LVL4
 1324 0031 0100     		.2byte	0x1
 1325 0033 52       		.byte	0x52
 1326 0034 18000000 		.4byte	.LVL4
 1327 0038 1A000000 		.4byte	.LVL5
 1328 003c 0300     		.2byte	0x3
 1329 003e 72       		.byte	0x72
 1330 003f 01       		.sleb128 1
 1331 0040 9F       		.byte	0x9f
 1332 0041 00000000 		.4byte	0
 1333 0045 00000000 		.4byte	0
 1334              	.LLST2:
 1335 0049 02000000 		.4byte	.LVL2
 1336 004d 1A000000 		.4byte	.LVL5
 1337 0051 0100     		.2byte	0x1
 1338 0053 51       		.byte	0x51
 1339 0054 1A000000 		.4byte	.LVL5
 1340 0058 1C000000 		.4byte	.LVL6
 1341 005c 0200     		.2byte	0x2
 1342 005e 70       		.byte	0x70
 1343 005f 00       		.sleb128 0
 1344 0060 00000000 		.4byte	0
 1345 0064 00000000 		.4byte	0
 1346              	.LLST3:
 1347 0068 02000000 		.4byte	.LVL2
 1348 006c 1C000000 		.4byte	.LVL6
 1349 0070 0100     		.2byte	0x1
 1350 0072 50       		.byte	0x50
 1351 0073 00000000 		.4byte	0
 1352 0077 00000000 		.4byte	0
 1353              	.LLST4:
 1354 007b 08000000 		.4byte	.LVL3
 1355 007f 1A000000 		.4byte	.LVL5
 1356 0083 0100     		.2byte	0x1
 1357 0085 51       		.byte	0x51
 1358 0086 1A000000 		.4byte	.LVL5
 1359 008a 1C000000 		.4byte	.LVL6
 1360 008e 0200     		.2byte	0x2
 1361 0090 70       		.byte	0x70
 1362 0091 00       		.sleb128 0
ARM GAS  /tmp/ccUXzrzJ.s 			page 25


 1363 0092 00000000 		.4byte	0
 1364 0096 00000000 		.4byte	0
 1365              	.LLST5:
 1366 009a 08000000 		.4byte	.LVL3
 1367 009e 1C000000 		.4byte	.LVL6
 1368 00a2 0100     		.2byte	0x1
 1369 00a4 50       		.byte	0x50
 1370 00a5 00000000 		.4byte	0
 1371 00a9 00000000 		.4byte	0
 1372              	.LLST7:
 1373 00ad 00000000 		.4byte	.LVL7
 1374 00b1 0A000000 		.4byte	.LVL9
 1375 00b5 0100     		.2byte	0x1
 1376 00b7 50       		.byte	0x50
 1377 00b8 0A000000 		.4byte	.LVL9
 1378 00bc 0C000000 		.4byte	.LVL10
 1379 00c0 0400     		.2byte	0x4
 1380 00c2 F3       		.byte	0xf3
 1381 00c3 01       		.uleb128 0x1
 1382 00c4 50       		.byte	0x50
 1383 00c5 9F       		.byte	0x9f
 1384 00c6 0C000000 		.4byte	.LVL10
 1385 00ca 14000000 		.4byte	.LVL11
 1386 00ce 0100     		.2byte	0x1
 1387 00d0 50       		.byte	0x50
 1388 00d1 14000000 		.4byte	.LVL11
 1389 00d5 16000000 		.4byte	.LFE9
 1390 00d9 0400     		.2byte	0x4
 1391 00db F3       		.byte	0xf3
 1392 00dc 01       		.uleb128 0x1
 1393 00dd 50       		.byte	0x50
 1394 00de 9F       		.byte	0x9f
 1395 00df 00000000 		.4byte	0
 1396 00e3 00000000 		.4byte	0
 1397              	.LLST8:
 1398 00e7 02000000 		.4byte	.LVL8
 1399 00eb 15000000 		.4byte	.LVL12-1
 1400 00ef 0100     		.2byte	0x1
 1401 00f1 53       		.byte	0x53
 1402 00f2 00000000 		.4byte	0
 1403 00f6 00000000 		.4byte	0
 1404              	.LLST9:
 1405 00fa 00000000 		.4byte	.LVL13
 1406 00fe 0C000000 		.4byte	.LVL15
 1407 0102 0100     		.2byte	0x1
 1408 0104 50       		.byte	0x50
 1409 0105 0C000000 		.4byte	.LVL15
 1410 0109 23000000 		.4byte	.LVL17-1
 1411 010d 0100     		.2byte	0x1
 1412 010f 52       		.byte	0x52
 1413 0110 23000000 		.4byte	.LVL17-1
 1414 0114 2C000000 		.4byte	.LFE10
 1415 0118 0400     		.2byte	0x4
 1416 011a F3       		.byte	0xf3
 1417 011b 01       		.uleb128 0x1
 1418 011c 50       		.byte	0x50
 1419 011d 9F       		.byte	0x9f
ARM GAS  /tmp/ccUXzrzJ.s 			page 26


 1420 011e 00000000 		.4byte	0
 1421 0122 00000000 		.4byte	0
 1422              	.LLST10:
 1423 0126 0A000000 		.4byte	.LVL14
 1424 012a 0C000000 		.4byte	.LVL15
 1425 012e 0100     		.2byte	0x1
 1426 0130 50       		.byte	0x50
 1427 0131 0C000000 		.4byte	.LVL15
 1428 0135 23000000 		.4byte	.LVL17-1
 1429 0139 0100     		.2byte	0x1
 1430 013b 52       		.byte	0x52
 1431 013c 23000000 		.4byte	.LVL17-1
 1432 0140 2C000000 		.4byte	.LFE10
 1433 0144 0400     		.2byte	0x4
 1434 0146 F3       		.byte	0xf3
 1435 0147 01       		.uleb128 0x1
 1436 0148 50       		.byte	0x50
 1437 0149 9F       		.byte	0x9f
 1438 014a 00000000 		.4byte	0
 1439 014e 00000000 		.4byte	0
 1440              	.LLST11:
 1441 0152 0C000000 		.4byte	.LVL15
 1442 0156 22000000 		.4byte	.LVL16
 1443 015a 0100     		.2byte	0x1
 1444 015c 50       		.byte	0x50
 1445 015d 22000000 		.4byte	.LVL16
 1446 0161 23000000 		.4byte	.LVL17-1
 1447 0165 0200     		.2byte	0x2
 1448 0167 72       		.byte	0x72
 1449 0168 00       		.sleb128 0
 1450 0169 24000000 		.4byte	.LVL17
 1451 016d 2C000000 		.4byte	.LFE10
 1452 0171 0100     		.2byte	0x1
 1453 0173 50       		.byte	0x50
 1454 0174 00000000 		.4byte	0
 1455 0178 00000000 		.4byte	0
 1456              		.section	.debug_aranges,"",%progbits
 1457 0000 44000000 		.4byte	0x44
 1458 0004 0200     		.2byte	0x2
 1459 0006 00000000 		.4byte	.Ldebug_info0
 1460 000a 04       		.byte	0x4
 1461 000b 00       		.byte	0
 1462 000c 0000     		.2byte	0
 1463 000e 0000     		.2byte	0
 1464 0010 00000000 		.4byte	.LFB7
 1465 0014 0A000000 		.4byte	.LFE7-.LFB7
 1466 0018 00000000 		.4byte	.LFB8
 1467 001c 1E000000 		.4byte	.LFE8-.LFB8
 1468 0020 00000000 		.4byte	.LFB9
 1469 0024 16000000 		.4byte	.LFE9-.LFB9
 1470 0028 00000000 		.4byte	.LFB10
 1471 002c 2C000000 		.4byte	.LFE10-.LFB10
 1472 0030 00000000 		.4byte	.LFB11
 1473 0034 08000000 		.4byte	.LFE11-.LFB11
 1474 0038 00000000 		.4byte	.LFB12
 1475 003c 14000000 		.4byte	.LFE12-.LFB12
 1476 0040 00000000 		.4byte	0
ARM GAS  /tmp/ccUXzrzJ.s 			page 27


 1477 0044 00000000 		.4byte	0
 1478              		.section	.debug_ranges,"",%progbits
 1479              	.Ldebug_ranges0:
 1480 0000 08000000 		.4byte	.LBB18
 1481 0004 0C000000 		.4byte	.LBE18
 1482 0008 0E000000 		.4byte	.LBB22
 1483 000c 10000000 		.4byte	.LBE22
 1484 0010 00000000 		.4byte	0
 1485 0014 00000000 		.4byte	0
 1486 0018 0C000000 		.4byte	.LBB21
 1487 001c 0E000000 		.4byte	.LBE21
 1488 0020 10000000 		.4byte	.LBB23
 1489 0024 14000000 		.4byte	.LBE23
 1490 0028 00000000 		.4byte	0
 1491 002c 00000000 		.4byte	0
 1492 0030 0A000000 		.4byte	.LBB25
 1493 0034 12000000 		.4byte	.LBE25
 1494 0038 1A000000 		.4byte	.LBB29
 1495 003c 24000000 		.4byte	.LBE29
 1496 0040 00000000 		.4byte	0
 1497 0044 00000000 		.4byte	0
 1498 0048 12000000 		.4byte	.LBB28
 1499 004c 18000000 		.4byte	.LBE28
 1500 0050 24000000 		.4byte	.LBB30
 1501 0054 2A000000 		.4byte	.LBE30
 1502 0058 00000000 		.4byte	0
 1503 005c 00000000 		.4byte	0
 1504 0060 06000000 		.4byte	.LBB32
 1505 0064 0A000000 		.4byte	.LBE32
 1506 0068 0C000000 		.4byte	.LBB36
 1507 006c 0E000000 		.4byte	.LBE36
 1508 0070 00000000 		.4byte	0
 1509 0074 00000000 		.4byte	0
 1510 0078 0A000000 		.4byte	.LBB35
 1511 007c 0C000000 		.4byte	.LBE35
 1512 0080 0E000000 		.4byte	.LBB37
 1513 0084 14000000 		.4byte	.LBE37
 1514 0088 00000000 		.4byte	0
 1515 008c 00000000 		.4byte	0
 1516 0090 00000000 		.4byte	.LFB7
 1517 0094 0A000000 		.4byte	.LFE7
 1518 0098 00000000 		.4byte	.LFB8
 1519 009c 1E000000 		.4byte	.LFE8
 1520 00a0 00000000 		.4byte	.LFB9
 1521 00a4 16000000 		.4byte	.LFE9
 1522 00a8 00000000 		.4byte	.LFB10
 1523 00ac 2C000000 		.4byte	.LFE10
 1524 00b0 00000000 		.4byte	.LFB11
 1525 00b4 08000000 		.4byte	.LFE11
 1526 00b8 00000000 		.4byte	.LFB12
 1527 00bc 14000000 		.4byte	.LFE12
 1528 00c0 00000000 		.4byte	0
 1529 00c4 00000000 		.4byte	0
 1530              		.section	.debug_line,"",%progbits
 1531              	.Ldebug_line0:
 1532 0000 AE010000 		.section	.debug_str,"MS",%progbits,1
 1532      02000701 
ARM GAS  /tmp/ccUXzrzJ.s 			page 28


 1532      00000201 
 1532      FB0E0D00 
 1532      01010101 
 1533              	.LASF30:
 1534 0000 474E5520 		.ascii	"GNU C 4.9.2 20150128 (prerelease) -mcpu=cortex-m4 -"
 1534      4320342E 
 1534      392E3220 
 1534      32303135 
 1534      30313238 
 1535 0033 6D6E6F2D 		.ascii	"mno-thumb-interwork -mthumb -ggdb -O2 -fomit-frame-"
 1535      7468756D 
 1535      622D696E 
 1535      74657277 
 1535      6F726B20 
 1536 0066 706F696E 		.ascii	"pointer -falign-functions=16 -ffunction-sections -f"
 1536      74657220 
 1536      2D66616C 
 1536      69676E2D 
 1536      66756E63 
 1537 0099 64617461 		.ascii	"data-sections -fno-common\000"
 1537      2D736563 
 1537      74696F6E 
 1537      73202D66 
 1537      6E6F2D63 
 1538              	.LASF3:
 1539 00b3 5F5F7569 		.ascii	"__uint8_t\000"
 1539      6E74385F 
 1539      7400
 1540              	.LASF2:
 1541 00bd 73697A65 		.ascii	"size_t\000"
 1541      5F7400
 1542              	.LASF19:
 1543 00c4 6D705F6F 		.ascii	"mp_object_size\000"
 1543      626A6563 
 1543      745F7369 
 1543      7A6500
 1544              	.LASF29:
 1545 00d3 6368506F 		.ascii	"chPoolLoadArray\000"
 1545      6F6C4C6F 
 1545      61644172 
 1545      72617900 
 1546              	.LASF31:
 1547 00e3 2E2E2F2E 		.ascii	"../../../os/kernel/src/chmempools.c\000"
 1547      2E2F2E2E 
 1547      2F6F732F 
 1547      6B65726E 
 1547      656C2F73 
 1548              	.LASF26:
 1549 0107 73697A65 		.ascii	"size\000"
 1549      00
 1550              	.LASF9:
 1551 010c 6C6F6E67 		.ascii	"long unsigned int\000"
 1551      20756E73 
 1551      69676E65 
 1551      6420696E 
 1551      7400
 1552              	.LASF6:
ARM GAS  /tmp/ccUXzrzJ.s 			page 29


 1553 011e 73686F72 		.ascii	"short unsigned int\000"
 1553      7420756E 
 1553      7369676E 
 1553      65642069 
 1553      6E7400
 1554              	.LASF27:
 1555 0131 70726F76 		.ascii	"provider\000"
 1555      69646572 
 1555      00
 1556              	.LASF24:
 1557 013a 6368506F 		.ascii	"chPoolFreeI\000"
 1557      6F6C4672 
 1557      65654900 
 1558              	.LASF4:
 1559 0146 756E7369 		.ascii	"unsigned char\000"
 1559      676E6564 
 1559      20636861 
 1559      7200
 1560              	.LASF32:
 1561 0154 2F686F6D 		.ascii	"/home/seth/marionette-firmware/ChibiOS-RT/testhal/S"
 1561      652F7365 
 1561      74682F6D 
 1561      6172696F 
 1561      6E657474 
 1562 0187 544D3332 		.ascii	"TM32F4xx/CAN\000"
 1562      46347878 
 1562      2F43414E 
 1562      00
 1563              	.LASF8:
 1564 0194 5F5F7569 		.ascii	"__uint32_t\000"
 1564      6E743332 
 1564      5F7400
 1565              	.LASF25:
 1566 019f 6368506F 		.ascii	"chPoolFree\000"
 1566      6F6C4672 
 1566      656500
 1567              	.LASF21:
 1568 01aa 4D656D6F 		.ascii	"MemoryPool\000"
 1568      7279506F 
 1568      6F6C00
 1569              	.LASF23:
 1570 01b5 6F626A70 		.ascii	"objp\000"
 1570      00
 1571              	.LASF34:
 1572 01ba 6368506F 		.ascii	"chPoolAllocI\000"
 1572      6F6C416C 
 1572      6C6F6349 
 1572      00
 1573              	.LASF0:
 1574 01c7 756E7369 		.ascii	"unsigned int\000"
 1574      676E6564 
 1574      20696E74 
 1574      00
 1575              	.LASF11:
 1576 01d4 6C6F6E67 		.ascii	"long long unsigned int\000"
 1576      206C6F6E 
 1576      6720756E 
ARM GAS  /tmp/ccUXzrzJ.s 			page 30


 1576      7369676E 
 1576      65642069 
 1577              	.LASF12:
 1578 01eb 75696E74 		.ascii	"uint8_t\000"
 1578      385F7400 
 1579              	.LASF17:
 1580 01f3 70685F6E 		.ascii	"ph_next\000"
 1580      65787400 
 1581              	.LASF15:
 1582 01fb 73697A65 		.ascii	"sizetype\000"
 1582      74797065 
 1582      00
 1583              	.LASF33:
 1584 0204 706F6F6C 		.ascii	"pool_header\000"
 1584      5F686561 
 1584      64657200 
 1585              	.LASF10:
 1586 0210 6C6F6E67 		.ascii	"long long int\000"
 1586      206C6F6E 
 1586      6720696E 
 1586      7400
 1587              	.LASF22:
 1588 021e 63686172 		.ascii	"char\000"
 1588      00
 1589              	.LASF16:
 1590 0223 6D656D67 		.ascii	"memgetfunc_t\000"
 1590      65746675 
 1590      6E635F74 
 1590      00
 1591              	.LASF20:
 1592 0230 6D705F70 		.ascii	"mp_provider\000"
 1592      726F7669 
 1592      64657200 
 1593              	.LASF5:
 1594 023c 73686F72 		.ascii	"short int\000"
 1594      7420696E 
 1594      7400
 1595              	.LASF35:
 1596 0246 6368506F 		.ascii	"chPoolAlloc\000"
 1596      6F6C416C 
 1596      6C6F6300 
 1597              	.LASF13:
 1598 0252 75696E74 		.ascii	"uint32_t\000"
 1598      33325F74 
 1598      00
 1599              	.LASF7:
 1600 025b 6C6F6E67 		.ascii	"long int\000"
 1600      20696E74 
 1600      00
 1601              	.LASF1:
 1602 0264 7369676E 		.ascii	"signed char\000"
 1602      65642063 
 1602      68617200 
 1603              	.LASF18:
 1604 0270 6D705F6E 		.ascii	"mp_next\000"
 1604      65787400 
 1605              	.LASF14:
ARM GAS  /tmp/ccUXzrzJ.s 			page 31


 1606 0278 5F426F6F 		.ascii	"_Bool\000"
 1606      6C00
 1607              	.LASF28:
 1608 027e 6368506F 		.ascii	"chPoolInit\000"
 1608      6F6C496E 
 1608      697400
 1609              		.ident	"GCC: (Arch Repository) 4.9.2 20150128 (prerelease)"
ARM GAS  /tmp/ccUXzrzJ.s 			page 32


DEFINED SYMBOLS
                            *ABS*:0000000000000000 chmempools.c
     /tmp/ccUXzrzJ.s:19     .text.chPoolInit:0000000000000000 $t
     /tmp/ccUXzrzJ.s:25     .text.chPoolInit:0000000000000000 chPoolInit
     /tmp/ccUXzrzJ.s:47     .text.chPoolLoadArray:0000000000000000 $t
     /tmp/ccUXzrzJ.s:53     .text.chPoolLoadArray:0000000000000000 chPoolLoadArray
     /tmp/ccUXzrzJ.s:117    .text.chPoolAllocI:0000000000000000 $t
     /tmp/ccUXzrzJ.s:123    .text.chPoolAllocI:0000000000000000 chPoolAllocI
     /tmp/ccUXzrzJ.s:158    .text.chPoolAlloc:0000000000000000 $t
     /tmp/ccUXzrzJ.s:164    .text.chPoolAlloc:0000000000000000 chPoolAlloc
     /tmp/ccUXzrzJ.s:236    .text.chPoolFreeI:0000000000000000 $t
     /tmp/ccUXzrzJ.s:242    .text.chPoolFreeI:0000000000000000 chPoolFreeI
     /tmp/ccUXzrzJ.s:260    .text.chPoolFree:0000000000000000 $t
     /tmp/ccUXzrzJ.s:266    .text.chPoolFree:0000000000000000 chPoolFree
                     .debug_frame:0000000000000010 $d

NO UNDEFINED SYMBOLS
