ARM GAS  /tmp/ccOwmPOW.s 			page 1


   1              		.syntax unified
   2              		.cpu cortex-m4
   3              		.fpu softvfp
   4              		.eabi_attribute 20, 1
   5              		.eabi_attribute 21, 1
   6              		.eabi_attribute 23, 3
   7              		.eabi_attribute 24, 1
   8              		.eabi_attribute 25, 1
   9              		.eabi_attribute 26, 1
  10              		.eabi_attribute 30, 2
  11              		.eabi_attribute 34, 1
  12              		.eabi_attribute 18, 4
  13              		.thumb
  14              		.file	"hal_lld.c"
  15              		.text
  16              	.Ltext0:
  17              		.cfi_sections	.debug_frame
  18              		.section	.text.hal_lld_init,"ax",%progbits
  19              		.align	2
  20              		.p2align 4,,15
  21              		.global	hal_lld_init
  22              		.thumb
  23              		.thumb_func
  24              		.type	hal_lld_init, %function
  25              	hal_lld_init:
  26              	.LFB119:
  27              		.file 1 "../../../os/hal/platforms/STM32F4xx/hal_lld.c"
  28              		.loc 1 111 0
  29              		.cfi_startproc
  30              		@ args = 0, pretend = 0, frame = 0
  31              		@ frame_needed = 0, uses_anonymous_args = 0
  32              		.loc 1 115 0
  33 0000 1F4B     		ldr	r3, .L8
  34              		.loc 1 121 0
  35 0002 2049     		ldr	r1, .L8+4
  36              		.loc 1 115 0
  37 0004 1A69     		ldr	r2, [r3, #16]
  38 0006 4FF0FF30 		mov	r0, #-1
  39 000a 0022     		movs	r2, #0
  40              		.loc 1 111 0
  41 000c F0B5     		push	{r4, r5, r6, r7, lr}
  42              		.cfi_def_cfa_offset 20
  43              		.cfi_offset 4, -20
  44              		.cfi_offset 5, -16
  45              		.cfi_offset 6, -12
  46              		.cfi_offset 7, -8
  47              		.cfi_offset 14, -4
  48              		.loc 1 115 0
  49 000e 1861     		str	r0, [r3, #16]
  50 0010 1A61     		str	r2, [r3, #16]
  51              		.loc 1 116 0
  52 0012 5C69     		ldr	r4, [r3, #20]
  53 0014 5861     		str	r0, [r3, #20]
  54 0016 5A61     		str	r2, [r3, #20]
  55              		.loc 1 117 0
  56 0018 1C6A     		ldr	r4, [r3, #32]
  57              		.loc 1 128 0
ARM GAS  /tmp/ccOwmPOW.s 			page 2


  58 001a 1B4F     		ldr	r7, .L8+8
  59              		.loc 1 121 0
  60 001c DFF874E0 		ldr	lr, .L8+20
  61              		.loc 1 129 0
  62 0020 1A4E     		ldr	r6, .L8+12
  63              	.LBB4:
  64              	.LBB5:
  65              		.loc 1 54 0
  66 0022 1B4D     		ldr	r5, .L8+16
  67              	.LBE5:
  68              	.LBE4:
  69              		.loc 1 117 0
  70 0024 64F08054 		orn	r4, r4, #268435456
  71 0028 1C62     		str	r4, [r3, #32]
  72 002a 1A62     		str	r2, [r3, #32]
  73              		.loc 1 123 0
  74 002c 0724     		movs	r4, #7
  75              		.loc 1 118 0
  76 002e D3F824C0 		ldr	ip, [r3, #36]
  77 0032 5862     		str	r0, [r3, #36]
  78 0034 5A62     		str	r2, [r3, #36]
  79              		.loc 1 121 0
  80 0036 C1F804E0 		str	lr, [r1, #4]
  81              		.loc 1 122 0
  82 003a 8A60     		str	r2, [r1, #8]
  83              		.loc 1 123 0
  84 003c 0C60     		str	r4, [r1]
  85              		.loc 1 128 0
  86 003e F968     		ldr	r1, [r7, #12]
  87 0040 41F08071 		orr	r1, r1, #16777216
  88 0044 F960     		str	r1, [r7, #12]
  89              		.loc 1 129 0
  90 0046 3168     		ldr	r1, [r6]
  91 0048 41F00101 		orr	r1, r1, #1
  92 004c 3160     		str	r1, [r6]
  93              		.loc 1 132 0
  94 004e 196C     		ldr	r1, [r3, #64]
  95 0050 41F08051 		orr	r1, r1, #268435456
  96 0054 1964     		str	r1, [r3, #64]
  97              	.LBB7:
  98              	.LBB6:
  99              		.loc 1 54 0
 100 0056 2968     		ldr	r1, [r5]
 101 0058 41F48071 		orr	r1, r1, #256
 102 005c 2960     		str	r1, [r5]
 103              		.loc 1 57 0
 104 005e 196F     		ldr	r1, [r3, #112]
 105 0060 01F44071 		and	r1, r1, #768
 106 0064 B1F5007F 		cmp	r1, #512
 107 0068 03D0     		beq	.L2
 108              		.loc 1 59 0
 109 006a 4FF48031 		mov	r1, #65536
 110 006e 1967     		str	r1, [r3, #112]
 111              		.loc 1 60 0
 112 0070 1A67     		str	r2, [r3, #112]
 113              	.L2:
 114              		.loc 1 94 0
ARM GAS  /tmp/ccOwmPOW.s 			page 3


 115 0072 074A     		ldr	r2, .L8+16
 116 0074 5368     		ldr	r3, [r2, #4]
 117 0076 23F40073 		bic	r3, r3, #512
 118 007a 5360     		str	r3, [r2, #4]
 119 007c F0BD     		pop	{r4, r5, r6, r7, pc}
 120              	.L9:
 121 007e 00BF     		.align	2
 122              	.L8:
 123 0080 00380240 		.word	1073887232
 124 0084 10E000E0 		.word	-536813552
 125 0088 F0ED00E0 		.word	-536810000
 126 008c 001000E0 		.word	-536866816
 127 0090 00700040 		.word	1073770496
 128 0094 3F900200 		.word	167999
 129              	.LBE6:
 130              	.LBE7:
 131              		.cfi_endproc
 132              	.LFE119:
 133              		.size	hal_lld_init, .-hal_lld_init
 134 0098 AFF30080 		.section	.text.stm32_clock_init,"ax",%progbits
 134      AFF30080 
 135              		.align	2
 136              		.p2align 4,,15
 137              		.global	stm32_clock_init
 138              		.thumb
 139              		.thumb_func
 140              		.type	stm32_clock_init, %function
 141              	stm32_clock_init:
 142              	.LFB120:
 143              		.loc 1 154 0
 144              		.cfi_startproc
 145              		@ args = 0, pretend = 0, frame = 0
 146              		@ frame_needed = 0, uses_anonymous_args = 0
 147              		@ link register save eliminated.
 148              		.loc 1 158 0
 149 0000 2C49     		ldr	r1, .L31
 150              		.loc 1 162 0
 151 0002 2D4B     		ldr	r3, .L31+4
 152              		.loc 1 158 0
 153 0004 4FF08050 		mov	r0, #268435456
 154              		.loc 1 162 0
 155 0008 4FF44042 		mov	r2, #49152
 156              		.loc 1 158 0
 157 000c 0864     		str	r0, [r1, #64]
 158              		.loc 1 162 0
 159 000e 1A60     		str	r2, [r3]
 160              		.loc 1 169 0
 161 0010 0B68     		ldr	r3, [r1]
 162 0012 43F00103 		orr	r3, r3, #1
 163 0016 0B60     		str	r3, [r1]
 164              	.L11:
 165              		.loc 1 170 0 discriminator 1
 166 0018 0A68     		ldr	r2, [r1]
 167 001a 264B     		ldr	r3, .L31
 168 001c 9007     		lsls	r0, r2, #30
 169 001e FBD5     		bpl	.L11
 170              		.loc 1 176 0
ARM GAS  /tmp/ccOwmPOW.s 			page 4


 171 0020 9A68     		ldr	r2, [r3, #8]
 172 0022 22F00302 		bic	r2, r2, #3
 173 0026 9A60     		str	r2, [r3, #8]
 174              		.loc 1 177 0
 175 0028 9A68     		ldr	r2, [r3, #8]
 176 002a 9A60     		str	r2, [r3, #8]
 177              		.loc 1 178 0
 178 002c 1946     		mov	r1, r3
 179              	.L12:
 180              		.loc 1 178 0 is_stmt 0 discriminator 1
 181 002e 8B68     		ldr	r3, [r1, #8]
 182 0030 204A     		ldr	r2, .L31
 183 0032 13F00C03 		ands	r3, r3, #12
 184 0036 FAD1     		bne	.L12
 185              		.loc 1 182 0 is_stmt 1
 186 0038 1168     		ldr	r1, [r2]
 187 003a 01F0F901 		and	r1, r1, #249
 188 003e 1160     		str	r1, [r2]
 189              		.loc 1 183 0
 190 0040 9360     		str	r3, [r2, #8]
 191              		.loc 1 192 0
 192 0042 1368     		ldr	r3, [r2]
 193 0044 43F48033 		orr	r3, r3, #65536
 194 0048 1360     		str	r3, [r2]
 195              	.L13:
 196              		.loc 1 194 0 discriminator 1
 197 004a 1168     		ldr	r1, [r2]
 198 004c 194B     		ldr	r3, .L31
 199 004e 8903     		lsls	r1, r1, #14
 200 0050 FBD5     		bpl	.L13
 201              		.loc 1 200 0
 202 0052 5A6F     		ldr	r2, [r3, #116]
 203 0054 42F00102 		orr	r2, r2, #1
 204 0058 5A67     		str	r2, [r3, #116]
 205              	.L14:
 206              		.loc 1 201 0 discriminator 1
 207 005a 5A6F     		ldr	r2, [r3, #116]
 208 005c 1549     		ldr	r1, .L31
 209 005e 9007     		lsls	r0, r2, #30
 210 0060 FBD5     		bpl	.L14
 211              		.loc 1 207 0
 212 0062 164B     		ldr	r3, .L31+8
 213 0064 4B60     		str	r3, [r1, #4]
 214              		.loc 1 209 0
 215 0066 0B68     		ldr	r3, [r1]
 216              		.loc 1 213 0
 217 0068 134A     		ldr	r2, .L31+4
 218              		.loc 1 209 0
 219 006a 43F08073 		orr	r3, r3, #16777216
 220 006e 0B60     		str	r3, [r1]
 221              	.L15:
 222              		.loc 1 213 0 discriminator 1
 223 0070 5368     		ldr	r3, [r2, #4]
 224 0072 5904     		lsls	r1, r3, #17
 225 0074 FCD5     		bpl	.L15
 226              		.loc 1 229 0 discriminator 1
 227 0076 0F49     		ldr	r1, .L31
ARM GAS  /tmp/ccOwmPOW.s 			page 5


 228              	.L25:
 229 0078 0A68     		ldr	r2, [r1]
 230 007a 0E4B     		ldr	r3, .L31
 231 007c 9201     		lsls	r2, r2, #6
 232 007e FBD5     		bpl	.L25
 233              		.loc 1 257 0
 234 0080 0F4A     		ldr	r2, .L31+12
 235              		.loc 1 244 0
 236 0082 1049     		ldr	r1, .L31+16
 237 0084 9960     		str	r1, [r3, #8]
 238              		.loc 1 257 0
 239 0086 40F20571 		movw	r1, #1797
 240 008a 1160     		str	r1, [r2]
 241              		.loc 1 263 0
 242 008c 9A68     		ldr	r2, [r3, #8]
 243 008e 42F00202 		orr	r2, r2, #2
 244 0092 9A60     		str	r2, [r3, #8]
 245              		.loc 1 264 0
 246 0094 1A46     		mov	r2, r3
 247              	.L17:
 248              		.loc 1 264 0 is_stmt 0 discriminator 1
 249 0096 9368     		ldr	r3, [r2, #8]
 250 0098 0649     		ldr	r1, .L31
 251 009a 03F00C03 		and	r3, r3, #12
 252 009e 082B     		cmp	r3, #8
 253 00a0 F9D1     		bne	.L17
 254              		.loc 1 271 0 is_stmt 1
 255 00a2 4B6C     		ldr	r3, [r1, #68]
 256 00a4 43F48043 		orr	r3, r3, #16384
 257 00a8 4B64     		str	r3, [r1, #68]
 258 00aa 4B6E     		ldr	r3, [r1, #100]
 259 00ac 43F48043 		orr	r3, r3, #16384
 260 00b0 4B66     		str	r3, [r1, #100]
 261 00b2 7047     		bx	lr
 262              	.L32:
 263              		.align	2
 264              	.L31:
 265 00b4 00380240 		.word	1073887232
 266 00b8 00700040 		.word	1073770496
 267 00bc 08544007 		.word	121656328
 268 00c0 003C0240 		.word	1073888256
 269 00c4 00940838 		.word	940086272
 270              		.cfi_endproc
 271              	.LFE120:
 272              		.size	stm32_clock_init, .-stm32_clock_init
 273 00c8 AFF30080 		.text
 273      AFF30080 
 274              	.Letext0:
 275              		.file 2 "/usr/arm-none-eabi/include/machine/_default_types.h"
 276              		.file 3 "/usr/arm-none-eabi/include/stdint.h"
 277              		.file 4 "../../../os/ports/common/ARMCMx/nvic.h"
 278              		.file 5 "../../../os/ports/common/ARMCMx/CMSIS/include/core_cm4.h"
 279              		.file 6 "../../../os/hal/platforms/STM32F4xx/stm32f4xx.h"
 280              		.section	.debug_info,"",%progbits
 281              	.Ldebug_info0:
 282 0000 7C040000 		.4byte	0x47c
 283 0004 0400     		.2byte	0x4
ARM GAS  /tmp/ccOwmPOW.s 			page 6


 284 0006 00000000 		.4byte	.Ldebug_abbrev0
 285 000a 04       		.byte	0x4
 286 000b 01       		.uleb128 0x1
 287 000c 45010000 		.4byte	.LASF70
 288 0010 01       		.byte	0x1
 289 0011 57020000 		.4byte	.LASF71
 290 0015 97020000 		.4byte	.LASF72
 291 0019 18000000 		.4byte	.Ldebug_ranges0+0x18
 292 001d 00000000 		.4byte	0
 293 0021 00000000 		.4byte	.Ldebug_line0
 294 0025 02       		.uleb128 0x2
 295 0026 04       		.byte	0x4
 296 0027 05       		.byte	0x5
 297 0028 696E7400 		.ascii	"int\000"
 298 002c 03       		.uleb128 0x3
 299 002d 04       		.byte	0x4
 300 002e 07       		.byte	0x7
 301 002f 41020000 		.4byte	.LASF0
 302 0033 03       		.uleb128 0x3
 303 0034 01       		.byte	0x1
 304 0035 06       		.byte	0x6
 305 0036 15020000 		.4byte	.LASF1
 306 003a 03       		.uleb128 0x3
 307 003b 01       		.byte	0x1
 308 003c 08       		.byte	0x8
 309 003d FF010000 		.4byte	.LASF2
 310 0041 03       		.uleb128 0x3
 311 0042 02       		.byte	0x2
 312 0043 05       		.byte	0x5
 313 0044 21000000 		.4byte	.LASF3
 314 0048 03       		.uleb128 0x3
 315 0049 02       		.byte	0x2
 316 004a 07       		.byte	0x7
 317 004b F9020000 		.4byte	.LASF4
 318 004f 04       		.uleb128 0x4
 319 0050 92030000 		.4byte	.LASF6
 320 0054 02       		.byte	0x2
 321 0055 3F       		.byte	0x3f
 322 0056 5A000000 		.4byte	0x5a
 323 005a 03       		.uleb128 0x3
 324 005b 04       		.byte	0x4
 325 005c 05       		.byte	0x5
 326 005d 02010000 		.4byte	.LASF5
 327 0061 04       		.uleb128 0x4
 328 0062 5D000000 		.4byte	.LASF7
 329 0066 02       		.byte	0x2
 330 0067 41       		.byte	0x41
 331 0068 6C000000 		.4byte	0x6c
 332 006c 03       		.uleb128 0x3
 333 006d 04       		.byte	0x4
 334 006e 07       		.byte	0x7
 335 006f 85020000 		.4byte	.LASF8
 336 0073 03       		.uleb128 0x3
 337 0074 08       		.byte	0x8
 338 0075 05       		.byte	0x5
 339 0076 E1000000 		.4byte	.LASF9
 340 007a 03       		.uleb128 0x3
ARM GAS  /tmp/ccOwmPOW.s 			page 7


 341 007b 08       		.byte	0x8
 342 007c 07       		.byte	0x7
 343 007d 21020000 		.4byte	.LASF10
 344 0081 04       		.uleb128 0x4
 345 0082 23030000 		.4byte	.LASF11
 346 0086 03       		.byte	0x3
 347 0087 2C       		.byte	0x2c
 348 0088 4F000000 		.4byte	0x4f
 349 008c 04       		.uleb128 0x4
 350 008d 38020000 		.4byte	.LASF12
 351 0091 03       		.byte	0x3
 352 0092 2D       		.byte	0x2d
 353 0093 61000000 		.4byte	0x61
 354 0097 03       		.uleb128 0x3
 355 0098 01       		.byte	0x1
 356 0099 02       		.byte	0x2
 357 009a 2B030000 		.4byte	.LASF13
 358 009e 04       		.uleb128 0x4
 359 009f D1000000 		.4byte	.LASF14
 360 00a3 04       		.byte	0x4
 361 00a4 3A       		.byte	0x3a
 362 00a5 A9000000 		.4byte	0xa9
 363 00a9 05       		.uleb128 0x5
 364 00aa 8C000000 		.4byte	0x8c
 365 00ae 03       		.uleb128 0x3
 366 00af 04       		.byte	0x4
 367 00b0 07       		.byte	0x7
 368 00b1 2B000000 		.4byte	.LASF15
 369 00b5 06       		.uleb128 0x6
 370 00b6 10       		.byte	0x10
 371 00b7 04       		.byte	0x4
 372 00b8 F1       		.byte	0xf1
 373 00b9 EE000000 		.4byte	0xee
 374 00bd 07       		.uleb128 0x7
 375 00be FC000000 		.4byte	.LASF16
 376 00c2 04       		.byte	0x4
 377 00c3 F2       		.byte	0xf2
 378 00c4 9E000000 		.4byte	0x9e
 379 00c8 00       		.byte	0
 380 00c9 07       		.uleb128 0x7
 381 00ca A2000000 		.4byte	.LASF17
 382 00ce 04       		.byte	0x4
 383 00cf F3       		.byte	0xf3
 384 00d0 9E000000 		.4byte	0x9e
 385 00d4 04       		.byte	0x4
 386 00d5 07       		.uleb128 0x7
 387 00d6 C3000000 		.4byte	.LASF18
 388 00da 04       		.byte	0x4
 389 00db F4       		.byte	0xf4
 390 00dc 9E000000 		.4byte	0x9e
 391 00e0 08       		.byte	0x8
 392 00e1 07       		.uleb128 0x7
 393 00e2 1B000000 		.4byte	.LASF19
 394 00e6 04       		.byte	0x4
 395 00e7 F5       		.byte	0xf5
 396 00e8 9E000000 		.4byte	0x9e
 397 00ec 0C       		.byte	0xc
ARM GAS  /tmp/ccOwmPOW.s 			page 8


 398 00ed 00       		.byte	0
 399 00ee 04       		.uleb128 0x4
 400 00ef 1B030000 		.4byte	.LASF20
 401 00f3 04       		.byte	0x4
 402 00f4 F6       		.byte	0xf6
 403 00f5 B5000000 		.4byte	0xb5
 404 00f9 08       		.uleb128 0x8
 405 00fa 20       		.byte	0x20
 406 00fb 04       		.byte	0x4
 407 00fc 0601     		.2byte	0x106
 408 00fe 6B010000 		.4byte	0x16b
 409 0102 09       		.uleb128 0x9
 410 0103 76000000 		.4byte	.LASF21
 411 0107 04       		.byte	0x4
 412 0108 0701     		.2byte	0x107
 413 010a 9E000000 		.4byte	0x9e
 414 010e 00       		.byte	0
 415 010f 09       		.uleb128 0x9
 416 0110 EF000000 		.4byte	.LASF22
 417 0114 04       		.byte	0x4
 418 0115 0801     		.2byte	0x108
 419 0117 9E000000 		.4byte	0x9e
 420 011b 04       		.byte	0x4
 421 011c 09       		.uleb128 0x9
 422 011d 89000000 		.4byte	.LASF23
 423 0121 04       		.byte	0x4
 424 0122 0901     		.2byte	0x109
 425 0124 9E000000 		.4byte	0x9e
 426 0128 08       		.byte	0x8
 427 0129 09       		.uleb128 0x9
 428 012a F8010000 		.4byte	.LASF24
 429 012e 04       		.byte	0x4
 430 012f 0A01     		.2byte	0x10a
 431 0131 9E000000 		.4byte	0x9e
 432 0135 0C       		.byte	0xc
 433 0136 09       		.uleb128 0x9
 434 0137 89030000 		.4byte	.LASF25
 435 013b 04       		.byte	0x4
 436 013c 0B01     		.2byte	0x10b
 437 013e 9E000000 		.4byte	0x9e
 438 0142 10       		.byte	0x10
 439 0143 09       		.uleb128 0x9
 440 0144 9C030000 		.4byte	.LASF26
 441 0148 04       		.byte	0x4
 442 0149 0C01     		.2byte	0x10c
 443 014b 9E000000 		.4byte	0x9e
 444 014f 14       		.byte	0x14
 445 0150 09       		.uleb128 0x9
 446 0151 3E000000 		.4byte	.LASF27
 447 0155 04       		.byte	0x4
 448 0156 0D01     		.2byte	0x10d
 449 0158 9E000000 		.4byte	0x9e
 450 015c 18       		.byte	0x18
 451 015d 09       		.uleb128 0x9
 452 015e 39000000 		.4byte	.LASF28
 453 0162 04       		.byte	0x4
 454 0163 0E01     		.2byte	0x10e
ARM GAS  /tmp/ccOwmPOW.s 			page 9


 455 0165 9E000000 		.4byte	0x9e
 456 0169 1C       		.byte	0x1c
 457 016a 00       		.byte	0
 458 016b 0A       		.uleb128 0xa
 459 016c 3B030000 		.4byte	.LASF29
 460 0170 04       		.byte	0x4
 461 0171 0F01     		.2byte	0x10f
 462 0173 F9000000 		.4byte	0xf9
 463 0177 03       		.uleb128 0x3
 464 0178 01       		.byte	0x1
 465 0179 08       		.byte	0x8
 466 017a 16030000 		.4byte	.LASF30
 467 017e 0B       		.uleb128 0xb
 468 017f A9000000 		.4byte	0xa9
 469 0183 0C       		.uleb128 0xc
 470 0184 8C000000 		.4byte	0x8c
 471 0188 93010000 		.4byte	0x193
 472 018c 0D       		.uleb128 0xd
 473 018d AE000000 		.4byte	0xae
 474 0191 01       		.byte	0x1
 475 0192 00       		.byte	0
 476 0193 08       		.uleb128 0x8
 477 0194 10       		.byte	0x10
 478 0195 05       		.byte	0x5
 479 0196 6002     		.2byte	0x260
 480 0198 D1010000 		.4byte	0x1d1
 481 019c 09       		.uleb128 0x9
 482 019d 76000000 		.4byte	.LASF21
 483 01a1 05       		.byte	0x5
 484 01a2 6202     		.2byte	0x262
 485 01a4 A9000000 		.4byte	0xa9
 486 01a8 00       		.byte	0
 487 01a9 09       		.uleb128 0x9
 488 01aa A3030000 		.4byte	.LASF31
 489 01ae 05       		.byte	0x5
 490 01af 6302     		.2byte	0x263
 491 01b1 A9000000 		.4byte	0xa9
 492 01b5 04       		.byte	0x4
 493 01b6 0E       		.uleb128 0xe
 494 01b7 56414C00 		.ascii	"VAL\000"
 495 01bb 05       		.byte	0x5
 496 01bc 6402     		.2byte	0x264
 497 01be A9000000 		.4byte	0xa9
 498 01c2 08       		.byte	0x8
 499 01c3 09       		.uleb128 0x9
 500 01c4 F6000000 		.4byte	.LASF32
 501 01c8 05       		.byte	0x5
 502 01c9 6502     		.2byte	0x265
 503 01cb 7E010000 		.4byte	0x17e
 504 01cf 0C       		.byte	0xc
 505 01d0 00       		.byte	0
 506 01d1 0A       		.uleb128 0xa
 507 01d2 EC020000 		.4byte	.LASF33
 508 01d6 05       		.byte	0x5
 509 01d7 6602     		.2byte	0x266
 510 01d9 93010000 		.4byte	0x193
 511 01dd 05       		.uleb128 0x5
ARM GAS  /tmp/ccOwmPOW.s 			page 10


 512 01de 81000000 		.4byte	0x81
 513 01e2 08       		.uleb128 0x8
 514 01e3 1C       		.byte	0x1c
 515 01e4 06       		.byte	0x6
 516 01e5 3E03     		.2byte	0x33e
 517 01e7 45020000 		.4byte	0x245
 518 01eb 0E       		.uleb128 0xe
 519 01ec 41435200 		.ascii	"ACR\000"
 520 01f0 06       		.byte	0x6
 521 01f1 4003     		.2byte	0x340
 522 01f3 A9000000 		.4byte	0xa9
 523 01f7 00       		.byte	0
 524 01f8 09       		.uleb128 0x9
 525 01f9 40010000 		.4byte	.LASF34
 526 01fd 06       		.byte	0x6
 527 01fe 4103     		.2byte	0x341
 528 0200 A9000000 		.4byte	0xa9
 529 0204 04       		.byte	0x4
 530 0205 09       		.uleb128 0x9
 531 0206 D9000000 		.4byte	.LASF35
 532 020a 06       		.byte	0x6
 533 020b 4203     		.2byte	0x342
 534 020d A9000000 		.4byte	0xa9
 535 0211 08       		.byte	0x8
 536 0212 0E       		.uleb128 0xe
 537 0213 535200   		.ascii	"SR\000"
 538 0216 06       		.byte	0x6
 539 0217 4303     		.2byte	0x343
 540 0219 A9000000 		.4byte	0xa9
 541 021d 0C       		.byte	0xc
 542 021e 0E       		.uleb128 0xe
 543 021f 435200   		.ascii	"CR\000"
 544 0222 06       		.byte	0x6
 545 0223 4403     		.2byte	0x344
 546 0225 A9000000 		.4byte	0xa9
 547 0229 10       		.byte	0x10
 548 022a 09       		.uleb128 0x9
 549 022b E1030000 		.4byte	.LASF36
 550 022f 06       		.byte	0x6
 551 0230 4503     		.2byte	0x345
 552 0232 A9000000 		.4byte	0xa9
 553 0236 14       		.byte	0x14
 554 0237 09       		.uleb128 0x9
 555 0238 31010000 		.4byte	.LASF37
 556 023c 06       		.byte	0x6
 557 023d 4603     		.2byte	0x346
 558 023f A9000000 		.4byte	0xa9
 559 0243 18       		.byte	0x18
 560 0244 00       		.byte	0
 561 0245 0A       		.uleb128 0xa
 562 0246 B1030000 		.4byte	.LASF38
 563 024a 06       		.byte	0x6
 564 024b 4703     		.2byte	0x347
 565 024d E2010000 		.4byte	0x1e2
 566 0251 08       		.uleb128 0x8
 567 0252 08       		.byte	0x8
 568 0253 06       		.byte	0x6
ARM GAS  /tmp/ccOwmPOW.s 			page 11


 569 0254 4E04     		.2byte	0x44e
 570 0256 74020000 		.4byte	0x274
 571 025a 0E       		.uleb128 0xe
 572 025b 435200   		.ascii	"CR\000"
 573 025e 06       		.byte	0x6
 574 025f 5004     		.2byte	0x450
 575 0261 A9000000 		.4byte	0xa9
 576 0265 00       		.byte	0
 577 0266 0E       		.uleb128 0xe
 578 0267 43535200 		.ascii	"CSR\000"
 579 026b 06       		.byte	0x6
 580 026c 5104     		.2byte	0x451
 581 026e A9000000 		.4byte	0xa9
 582 0272 04       		.byte	0x4
 583 0273 00       		.byte	0
 584 0274 0A       		.uleb128 0xa
 585 0275 51000000 		.4byte	.LASF39
 586 0279 06       		.byte	0x6
 587 027a 5204     		.2byte	0x452
 588 027c 51020000 		.4byte	0x251
 589 0280 08       		.uleb128 0x8
 590 0281 90       		.byte	0x90
 591 0282 06       		.byte	0x6
 592 0283 5804     		.2byte	0x458
 593 0285 29040000 		.4byte	0x429
 594 0289 0E       		.uleb128 0xe
 595 028a 435200   		.ascii	"CR\000"
 596 028d 06       		.byte	0x6
 597 028e 5A04     		.2byte	0x45a
 598 0290 A9000000 		.4byte	0xa9
 599 0294 00       		.byte	0
 600 0295 09       		.uleb128 0x9
 601 0296 E4020000 		.4byte	.LASF40
 602 029a 06       		.byte	0x6
 603 029b 5B04     		.2byte	0x45b
 604 029d A9000000 		.4byte	0xa9
 605 02a1 04       		.byte	0x4
 606 02a2 09       		.uleb128 0x9
 607 02a3 84000000 		.4byte	.LASF41
 608 02a7 06       		.byte	0x6
 609 02a8 5C04     		.2byte	0x45c
 610 02aa A9000000 		.4byte	0xa9
 611 02ae 08       		.byte	0x8
 612 02af 0E       		.uleb128 0xe
 613 02b0 43495200 		.ascii	"CIR\000"
 614 02b4 06       		.byte	0x6
 615 02b5 5D04     		.2byte	0x45d
 616 02b7 A9000000 		.4byte	0xa9
 617 02bb 0C       		.byte	0xc
 618 02bc 09       		.uleb128 0x9
 619 02bd 7B000000 		.4byte	.LASF42
 620 02c1 06       		.byte	0x6
 621 02c2 5E04     		.2byte	0x45e
 622 02c4 A9000000 		.4byte	0xa9
 623 02c8 10       		.byte	0x10
 624 02c9 09       		.uleb128 0x9
 625 02ca 4E020000 		.4byte	.LASF43
ARM GAS  /tmp/ccOwmPOW.s 			page 12


 626 02ce 06       		.byte	0x6
 627 02cf 5F04     		.2byte	0x45f
 628 02d1 A9000000 		.4byte	0xa9
 629 02d5 14       		.byte	0x14
 630 02d6 09       		.uleb128 0x9
 631 02d7 A8030000 		.4byte	.LASF44
 632 02db 06       		.byte	0x6
 633 02dc 6004     		.2byte	0x460
 634 02de A9000000 		.4byte	0xa9
 635 02e2 18       		.byte	0x18
 636 02e3 09       		.uleb128 0x9
 637 02e4 43030000 		.4byte	.LASF45
 638 02e8 06       		.byte	0x6
 639 02e9 6104     		.2byte	0x461
 640 02eb 8C000000 		.4byte	0x8c
 641 02ef 1C       		.byte	0x1c
 642 02f0 09       		.uleb128 0x9
 643 02f1 0A000000 		.4byte	.LASF46
 644 02f5 06       		.byte	0x6
 645 02f6 6204     		.2byte	0x462
 646 02f8 A9000000 		.4byte	0xa9
 647 02fc 20       		.byte	0x20
 648 02fd 09       		.uleb128 0x9
 649 02fe 17010000 		.4byte	.LASF47
 650 0302 06       		.byte	0x6
 651 0303 6304     		.2byte	0x463
 652 0305 A9000000 		.4byte	0xa9
 653 0309 24       		.byte	0x24
 654 030a 09       		.uleb128 0x9
 655 030b 4D030000 		.4byte	.LASF48
 656 030f 06       		.byte	0x6
 657 0310 6404     		.2byte	0x464
 658 0312 83010000 		.4byte	0x183
 659 0316 28       		.byte	0x28
 660 0317 09       		.uleb128 0x9
 661 0318 68000000 		.4byte	.LASF49
 662 031c 06       		.byte	0x6
 663 031d 6504     		.2byte	0x465
 664 031f A9000000 		.4byte	0xa9
 665 0323 30       		.byte	0x30
 666 0324 09       		.uleb128 0x9
 667 0325 13000000 		.4byte	.LASF50
 668 0329 06       		.byte	0x6
 669 032a 6604     		.2byte	0x466
 670 032c A9000000 		.4byte	0xa9
 671 0330 34       		.byte	0x34
 672 0331 09       		.uleb128 0x9
 673 0332 38010000 		.4byte	.LASF51
 674 0336 06       		.byte	0x6
 675 0337 6704     		.2byte	0x467
 676 0339 A9000000 		.4byte	0xa9
 677 033d 38       		.byte	0x38
 678 033e 09       		.uleb128 0x9
 679 033f 57030000 		.4byte	.LASF52
 680 0343 06       		.byte	0x6
 681 0344 6804     		.2byte	0x468
 682 0346 8C000000 		.4byte	0x8c
ARM GAS  /tmp/ccOwmPOW.s 			page 13


 683 034a 3C       		.byte	0x3c
 684 034b 09       		.uleb128 0x9
 685 034c 9A000000 		.4byte	.LASF53
 686 0350 06       		.byte	0x6
 687 0351 6904     		.2byte	0x469
 688 0353 A9000000 		.4byte	0xa9
 689 0357 40       		.byte	0x40
 690 0358 09       		.uleb128 0x9
 691 0359 0D020000 		.4byte	.LASF54
 692 035d 06       		.byte	0x6
 693 035e 6A04     		.2byte	0x46a
 694 0360 A9000000 		.4byte	0xa9
 695 0364 44       		.byte	0x44
 696 0365 09       		.uleb128 0x9
 697 0366 61030000 		.4byte	.LASF55
 698 036a 06       		.byte	0x6
 699 036b 6B04     		.2byte	0x46b
 700 036d 83010000 		.4byte	0x183
 701 0371 48       		.byte	0x48
 702 0372 09       		.uleb128 0x9
 703 0373 00000000 		.4byte	.LASF56
 704 0377 06       		.byte	0x6
 705 0378 6C04     		.2byte	0x46c
 706 037a A9000000 		.4byte	0xa9
 707 037e 50       		.byte	0x50
 708 037f 09       		.uleb128 0x9
 709 0380 31030000 		.4byte	.LASF57
 710 0384 06       		.byte	0x6
 711 0385 6D04     		.2byte	0x46d
 712 0387 A9000000 		.4byte	0xa9
 713 038b 54       		.byte	0x54
 714 038c 09       		.uleb128 0x9
 715 038d 90000000 		.4byte	.LASF58
 716 0391 06       		.byte	0x6
 717 0392 6E04     		.2byte	0x46e
 718 0394 A9000000 		.4byte	0xa9
 719 0398 58       		.byte	0x58
 720 0399 09       		.uleb128 0x9
 721 039a 6B030000 		.4byte	.LASF59
 722 039e 06       		.byte	0x6
 723 039f 6F04     		.2byte	0x46f
 724 03a1 8C000000 		.4byte	0x8c
 725 03a5 5C       		.byte	0x5c
 726 03a6 09       		.uleb128 0x9
 727 03a7 0C030000 		.4byte	.LASF60
 728 03ab 06       		.byte	0x6
 729 03ac 7004     		.2byte	0x470
 730 03ae A9000000 		.4byte	0xa9
 731 03b2 60       		.byte	0x60
 732 03b3 09       		.uleb128 0x9
 733 03b4 D7030000 		.4byte	.LASF61
 734 03b8 06       		.byte	0x6
 735 03b9 7104     		.2byte	0x471
 736 03bb A9000000 		.4byte	0xa9
 737 03bf 64       		.byte	0x64
 738 03c0 09       		.uleb128 0x9
 739 03c1 75030000 		.4byte	.LASF62
ARM GAS  /tmp/ccOwmPOW.s 			page 14


 740 03c5 06       		.byte	0x6
 741 03c6 7204     		.2byte	0x472
 742 03c8 83010000 		.4byte	0x183
 743 03cc 68       		.byte	0x68
 744 03cd 09       		.uleb128 0x9
 745 03ce 34000000 		.4byte	.LASF63
 746 03d2 06       		.byte	0x6
 747 03d3 7304     		.2byte	0x473
 748 03d5 A9000000 		.4byte	0xa9
 749 03d9 70       		.byte	0x70
 750 03da 0E       		.uleb128 0xe
 751 03db 43535200 		.ascii	"CSR\000"
 752 03df 06       		.byte	0x6
 753 03e0 7404     		.2byte	0x474
 754 03e2 A9000000 		.4byte	0xa9
 755 03e6 74       		.byte	0x74
 756 03e7 09       		.uleb128 0x9
 757 03e8 7F030000 		.4byte	.LASF64
 758 03ec 06       		.byte	0x6
 759 03ed 7504     		.2byte	0x475
 760 03ef 83010000 		.4byte	0x183
 761 03f3 78       		.byte	0x78
 762 03f4 09       		.uleb128 0x9
 763 03f5 70000000 		.4byte	.LASF65
 764 03f9 06       		.byte	0x6
 765 03fa 7604     		.2byte	0x476
 766 03fc A9000000 		.4byte	0xa9
 767 0400 80       		.byte	0x80
 768 0401 09       		.uleb128 0x9
 769 0402 46000000 		.4byte	.LASF66
 770 0406 06       		.byte	0x6
 771 0407 7704     		.2byte	0x477
 772 0409 A9000000 		.4byte	0xa9
 773 040d 84       		.byte	0x84
 774 040e 09       		.uleb128 0x9
 775 040f CC030000 		.4byte	.LASF67
 776 0413 06       		.byte	0x6
 777 0414 7804     		.2byte	0x478
 778 0416 A9000000 		.4byte	0xa9
 779 041a 88       		.byte	0x88
 780 041b 09       		.uleb128 0x9
 781 041c C9000000 		.4byte	.LASF68
 782 0420 06       		.byte	0x6
 783 0421 7904     		.2byte	0x479
 784 0423 A9000000 		.4byte	0xa9
 785 0427 8C       		.byte	0x8c
 786 0428 00       		.byte	0
 787 0429 0A       		.uleb128 0xa
 788 042a 0B010000 		.4byte	.LASF69
 789 042e 06       		.byte	0x6
 790 042f 7B04     		.2byte	0x47b
 791 0431 80020000 		.4byte	0x280
 792 0435 0F       		.uleb128 0xf
 793 0436 A8000000 		.4byte	.LASF73
 794 043a 01       		.byte	0x1
 795 043b 33       		.byte	0x33
 796 043c 01       		.byte	0x1
ARM GAS  /tmp/ccOwmPOW.s 			page 15


 797 043d 10       		.uleb128 0x10
 798 043e D7020000 		.4byte	.LASF74
 799 0442 01       		.byte	0x1
 800 0443 6F       		.byte	0x6f
 801 0444 00000000 		.4byte	.LFB119
 802 0448 98000000 		.4byte	.LFE119-.LFB119
 803 044c 01       		.uleb128 0x1
 804 044d 9C       		.byte	0x9c
 805 044e 62040000 		.4byte	0x462
 806 0452 11       		.uleb128 0x11
 807 0453 35040000 		.4byte	0x435
 808 0457 22000000 		.4byte	.LBB4
 809 045b 00000000 		.4byte	.Ldebug_ranges0+0
 810 045f 01       		.byte	0x1
 811 0460 87       		.byte	0x87
 812 0461 00       		.byte	0
 813 0462 12       		.uleb128 0x12
 814 0463 20010000 		.4byte	.LASF75
 815 0467 01       		.byte	0x1
 816 0468 9A       		.byte	0x9a
 817 0469 00000000 		.4byte	.LFB120
 818 046d C8000000 		.4byte	.LFE120-.LFB120
 819 0471 01       		.uleb128 0x1
 820 0472 9C       		.byte	0x9c
 821 0473 13       		.uleb128 0x13
 822 0474 BF030000 		.4byte	.LASF76
 823 0478 05       		.byte	0x5
 824 0479 9806     		.2byte	0x698
 825 047b DD010000 		.4byte	0x1dd
 826 047f 00       		.byte	0
 827              		.section	.debug_abbrev,"",%progbits
 828              	.Ldebug_abbrev0:
 829 0000 01       		.uleb128 0x1
 830 0001 11       		.uleb128 0x11
 831 0002 01       		.byte	0x1
 832 0003 25       		.uleb128 0x25
 833 0004 0E       		.uleb128 0xe
 834 0005 13       		.uleb128 0x13
 835 0006 0B       		.uleb128 0xb
 836 0007 03       		.uleb128 0x3
 837 0008 0E       		.uleb128 0xe
 838 0009 1B       		.uleb128 0x1b
 839 000a 0E       		.uleb128 0xe
 840 000b 55       		.uleb128 0x55
 841 000c 17       		.uleb128 0x17
 842 000d 11       		.uleb128 0x11
 843 000e 01       		.uleb128 0x1
 844 000f 10       		.uleb128 0x10
 845 0010 17       		.uleb128 0x17
 846 0011 00       		.byte	0
 847 0012 00       		.byte	0
 848 0013 02       		.uleb128 0x2
 849 0014 24       		.uleb128 0x24
 850 0015 00       		.byte	0
 851 0016 0B       		.uleb128 0xb
 852 0017 0B       		.uleb128 0xb
 853 0018 3E       		.uleb128 0x3e
ARM GAS  /tmp/ccOwmPOW.s 			page 16


 854 0019 0B       		.uleb128 0xb
 855 001a 03       		.uleb128 0x3
 856 001b 08       		.uleb128 0x8
 857 001c 00       		.byte	0
 858 001d 00       		.byte	0
 859 001e 03       		.uleb128 0x3
 860 001f 24       		.uleb128 0x24
 861 0020 00       		.byte	0
 862 0021 0B       		.uleb128 0xb
 863 0022 0B       		.uleb128 0xb
 864 0023 3E       		.uleb128 0x3e
 865 0024 0B       		.uleb128 0xb
 866 0025 03       		.uleb128 0x3
 867 0026 0E       		.uleb128 0xe
 868 0027 00       		.byte	0
 869 0028 00       		.byte	0
 870 0029 04       		.uleb128 0x4
 871 002a 16       		.uleb128 0x16
 872 002b 00       		.byte	0
 873 002c 03       		.uleb128 0x3
 874 002d 0E       		.uleb128 0xe
 875 002e 3A       		.uleb128 0x3a
 876 002f 0B       		.uleb128 0xb
 877 0030 3B       		.uleb128 0x3b
 878 0031 0B       		.uleb128 0xb
 879 0032 49       		.uleb128 0x49
 880 0033 13       		.uleb128 0x13
 881 0034 00       		.byte	0
 882 0035 00       		.byte	0
 883 0036 05       		.uleb128 0x5
 884 0037 35       		.uleb128 0x35
 885 0038 00       		.byte	0
 886 0039 49       		.uleb128 0x49
 887 003a 13       		.uleb128 0x13
 888 003b 00       		.byte	0
 889 003c 00       		.byte	0
 890 003d 06       		.uleb128 0x6
 891 003e 13       		.uleb128 0x13
 892 003f 01       		.byte	0x1
 893 0040 0B       		.uleb128 0xb
 894 0041 0B       		.uleb128 0xb
 895 0042 3A       		.uleb128 0x3a
 896 0043 0B       		.uleb128 0xb
 897 0044 3B       		.uleb128 0x3b
 898 0045 0B       		.uleb128 0xb
 899 0046 01       		.uleb128 0x1
 900 0047 13       		.uleb128 0x13
 901 0048 00       		.byte	0
 902 0049 00       		.byte	0
 903 004a 07       		.uleb128 0x7
 904 004b 0D       		.uleb128 0xd
 905 004c 00       		.byte	0
 906 004d 03       		.uleb128 0x3
 907 004e 0E       		.uleb128 0xe
 908 004f 3A       		.uleb128 0x3a
 909 0050 0B       		.uleb128 0xb
 910 0051 3B       		.uleb128 0x3b
ARM GAS  /tmp/ccOwmPOW.s 			page 17


 911 0052 0B       		.uleb128 0xb
 912 0053 49       		.uleb128 0x49
 913 0054 13       		.uleb128 0x13
 914 0055 38       		.uleb128 0x38
 915 0056 0B       		.uleb128 0xb
 916 0057 00       		.byte	0
 917 0058 00       		.byte	0
 918 0059 08       		.uleb128 0x8
 919 005a 13       		.uleb128 0x13
 920 005b 01       		.byte	0x1
 921 005c 0B       		.uleb128 0xb
 922 005d 0B       		.uleb128 0xb
 923 005e 3A       		.uleb128 0x3a
 924 005f 0B       		.uleb128 0xb
 925 0060 3B       		.uleb128 0x3b
 926 0061 05       		.uleb128 0x5
 927 0062 01       		.uleb128 0x1
 928 0063 13       		.uleb128 0x13
 929 0064 00       		.byte	0
 930 0065 00       		.byte	0
 931 0066 09       		.uleb128 0x9
 932 0067 0D       		.uleb128 0xd
 933 0068 00       		.byte	0
 934 0069 03       		.uleb128 0x3
 935 006a 0E       		.uleb128 0xe
 936 006b 3A       		.uleb128 0x3a
 937 006c 0B       		.uleb128 0xb
 938 006d 3B       		.uleb128 0x3b
 939 006e 05       		.uleb128 0x5
 940 006f 49       		.uleb128 0x49
 941 0070 13       		.uleb128 0x13
 942 0071 38       		.uleb128 0x38
 943 0072 0B       		.uleb128 0xb
 944 0073 00       		.byte	0
 945 0074 00       		.byte	0
 946 0075 0A       		.uleb128 0xa
 947 0076 16       		.uleb128 0x16
 948 0077 00       		.byte	0
 949 0078 03       		.uleb128 0x3
 950 0079 0E       		.uleb128 0xe
 951 007a 3A       		.uleb128 0x3a
 952 007b 0B       		.uleb128 0xb
 953 007c 3B       		.uleb128 0x3b
 954 007d 05       		.uleb128 0x5
 955 007e 49       		.uleb128 0x49
 956 007f 13       		.uleb128 0x13
 957 0080 00       		.byte	0
 958 0081 00       		.byte	0
 959 0082 0B       		.uleb128 0xb
 960 0083 26       		.uleb128 0x26
 961 0084 00       		.byte	0
 962 0085 49       		.uleb128 0x49
 963 0086 13       		.uleb128 0x13
 964 0087 00       		.byte	0
 965 0088 00       		.byte	0
 966 0089 0C       		.uleb128 0xc
 967 008a 01       		.uleb128 0x1
ARM GAS  /tmp/ccOwmPOW.s 			page 18


 968 008b 01       		.byte	0x1
 969 008c 49       		.uleb128 0x49
 970 008d 13       		.uleb128 0x13
 971 008e 01       		.uleb128 0x1
 972 008f 13       		.uleb128 0x13
 973 0090 00       		.byte	0
 974 0091 00       		.byte	0
 975 0092 0D       		.uleb128 0xd
 976 0093 21       		.uleb128 0x21
 977 0094 00       		.byte	0
 978 0095 49       		.uleb128 0x49
 979 0096 13       		.uleb128 0x13
 980 0097 2F       		.uleb128 0x2f
 981 0098 0B       		.uleb128 0xb
 982 0099 00       		.byte	0
 983 009a 00       		.byte	0
 984 009b 0E       		.uleb128 0xe
 985 009c 0D       		.uleb128 0xd
 986 009d 00       		.byte	0
 987 009e 03       		.uleb128 0x3
 988 009f 08       		.uleb128 0x8
 989 00a0 3A       		.uleb128 0x3a
 990 00a1 0B       		.uleb128 0xb
 991 00a2 3B       		.uleb128 0x3b
 992 00a3 05       		.uleb128 0x5
 993 00a4 49       		.uleb128 0x49
 994 00a5 13       		.uleb128 0x13
 995 00a6 38       		.uleb128 0x38
 996 00a7 0B       		.uleb128 0xb
 997 00a8 00       		.byte	0
 998 00a9 00       		.byte	0
 999 00aa 0F       		.uleb128 0xf
 1000 00ab 2E       		.uleb128 0x2e
 1001 00ac 00       		.byte	0
 1002 00ad 03       		.uleb128 0x3
 1003 00ae 0E       		.uleb128 0xe
 1004 00af 3A       		.uleb128 0x3a
 1005 00b0 0B       		.uleb128 0xb
 1006 00b1 3B       		.uleb128 0x3b
 1007 00b2 0B       		.uleb128 0xb
 1008 00b3 27       		.uleb128 0x27
 1009 00b4 19       		.uleb128 0x19
 1010 00b5 20       		.uleb128 0x20
 1011 00b6 0B       		.uleb128 0xb
 1012 00b7 00       		.byte	0
 1013 00b8 00       		.byte	0
 1014 00b9 10       		.uleb128 0x10
 1015 00ba 2E       		.uleb128 0x2e
 1016 00bb 01       		.byte	0x1
 1017 00bc 3F       		.uleb128 0x3f
 1018 00bd 19       		.uleb128 0x19
 1019 00be 03       		.uleb128 0x3
 1020 00bf 0E       		.uleb128 0xe
 1021 00c0 3A       		.uleb128 0x3a
 1022 00c1 0B       		.uleb128 0xb
 1023 00c2 3B       		.uleb128 0x3b
 1024 00c3 0B       		.uleb128 0xb
ARM GAS  /tmp/ccOwmPOW.s 			page 19


 1025 00c4 27       		.uleb128 0x27
 1026 00c5 19       		.uleb128 0x19
 1027 00c6 11       		.uleb128 0x11
 1028 00c7 01       		.uleb128 0x1
 1029 00c8 12       		.uleb128 0x12
 1030 00c9 06       		.uleb128 0x6
 1031 00ca 40       		.uleb128 0x40
 1032 00cb 18       		.uleb128 0x18
 1033 00cc 9742     		.uleb128 0x2117
 1034 00ce 19       		.uleb128 0x19
 1035 00cf 01       		.uleb128 0x1
 1036 00d0 13       		.uleb128 0x13
 1037 00d1 00       		.byte	0
 1038 00d2 00       		.byte	0
 1039 00d3 11       		.uleb128 0x11
 1040 00d4 1D       		.uleb128 0x1d
 1041 00d5 00       		.byte	0
 1042 00d6 31       		.uleb128 0x31
 1043 00d7 13       		.uleb128 0x13
 1044 00d8 52       		.uleb128 0x52
 1045 00d9 01       		.uleb128 0x1
 1046 00da 55       		.uleb128 0x55
 1047 00db 17       		.uleb128 0x17
 1048 00dc 58       		.uleb128 0x58
 1049 00dd 0B       		.uleb128 0xb
 1050 00de 59       		.uleb128 0x59
 1051 00df 0B       		.uleb128 0xb
 1052 00e0 00       		.byte	0
 1053 00e1 00       		.byte	0
 1054 00e2 12       		.uleb128 0x12
 1055 00e3 2E       		.uleb128 0x2e
 1056 00e4 00       		.byte	0
 1057 00e5 3F       		.uleb128 0x3f
 1058 00e6 19       		.uleb128 0x19
 1059 00e7 03       		.uleb128 0x3
 1060 00e8 0E       		.uleb128 0xe
 1061 00e9 3A       		.uleb128 0x3a
 1062 00ea 0B       		.uleb128 0xb
 1063 00eb 3B       		.uleb128 0x3b
 1064 00ec 0B       		.uleb128 0xb
 1065 00ed 27       		.uleb128 0x27
 1066 00ee 19       		.uleb128 0x19
 1067 00ef 11       		.uleb128 0x11
 1068 00f0 01       		.uleb128 0x1
 1069 00f1 12       		.uleb128 0x12
 1070 00f2 06       		.uleb128 0x6
 1071 00f3 40       		.uleb128 0x40
 1072 00f4 18       		.uleb128 0x18
 1073 00f5 9742     		.uleb128 0x2117
 1074 00f7 19       		.uleb128 0x19
 1075 00f8 00       		.byte	0
 1076 00f9 00       		.byte	0
 1077 00fa 13       		.uleb128 0x13
 1078 00fb 34       		.uleb128 0x34
 1079 00fc 00       		.byte	0
 1080 00fd 03       		.uleb128 0x3
 1081 00fe 0E       		.uleb128 0xe
ARM GAS  /tmp/ccOwmPOW.s 			page 20


 1082 00ff 3A       		.uleb128 0x3a
 1083 0100 0B       		.uleb128 0xb
 1084 0101 3B       		.uleb128 0x3b
 1085 0102 05       		.uleb128 0x5
 1086 0103 49       		.uleb128 0x49
 1087 0104 13       		.uleb128 0x13
 1088 0105 3F       		.uleb128 0x3f
 1089 0106 19       		.uleb128 0x19
 1090 0107 3C       		.uleb128 0x3c
 1091 0108 19       		.uleb128 0x19
 1092 0109 00       		.byte	0
 1093 010a 00       		.byte	0
 1094 010b 00       		.byte	0
 1095              		.section	.debug_aranges,"",%progbits
 1096 0000 24000000 		.4byte	0x24
 1097 0004 0200     		.2byte	0x2
 1098 0006 00000000 		.4byte	.Ldebug_info0
 1099 000a 04       		.byte	0x4
 1100 000b 00       		.byte	0
 1101 000c 0000     		.2byte	0
 1102 000e 0000     		.2byte	0
 1103 0010 00000000 		.4byte	.LFB119
 1104 0014 98000000 		.4byte	.LFE119-.LFB119
 1105 0018 00000000 		.4byte	.LFB120
 1106 001c C8000000 		.4byte	.LFE120-.LFB120
 1107 0020 00000000 		.4byte	0
 1108 0024 00000000 		.4byte	0
 1109              		.section	.debug_ranges,"",%progbits
 1110              	.Ldebug_ranges0:
 1111 0000 22000000 		.4byte	.LBB4
 1112 0004 24000000 		.4byte	.LBE4
 1113 0008 56000000 		.4byte	.LBB7
 1114 000c 98000000 		.4byte	.LBE7
 1115 0010 00000000 		.4byte	0
 1116 0014 00000000 		.4byte	0
 1117 0018 00000000 		.4byte	.LFB119
 1118 001c 98000000 		.4byte	.LFE119
 1119 0020 00000000 		.4byte	.LFB120
 1120 0024 C8000000 		.4byte	.LFE120
 1121 0028 00000000 		.4byte	0
 1122 002c 00000000 		.4byte	0
 1123              		.section	.debug_line,"",%progbits
 1124              	.Ldebug_line0:
 1125 0000 AF010000 		.section	.debug_str,"MS",%progbits,1
 1125      02001701 
 1125      00000201 
 1125      FB0E0D00 
 1125      01010101 
 1126              	.LASF56:
 1127 0000 41484231 		.ascii	"AHB1LPENR\000"
 1127      4C50454E 
 1127      5200
 1128              	.LASF46:
 1129 000a 41504231 		.ascii	"APB1RSTR\000"
 1129      52535452 
 1129      00
 1130              	.LASF50:
ARM GAS  /tmp/ccOwmPOW.s 			page 21


 1131 0013 41484232 		.ascii	"AHB2ENR\000"
 1131      454E5200 
 1132              	.LASF19:
 1133 001b 44454D43 		.ascii	"DEMCR\000"
 1133      5200
 1134              	.LASF3:
 1135 0021 73686F72 		.ascii	"short int\000"
 1135      7420696E 
 1135      7400
 1136              	.LASF15:
 1137 002b 73697A65 		.ascii	"sizetype\000"
 1137      74797065 
 1137      00
 1138              	.LASF63:
 1139 0034 42444352 		.ascii	"BDCR\000"
 1139      00
 1140              	.LASF28:
 1141 0039 50435352 		.ascii	"PCSR\000"
 1141      00
 1142              	.LASF27:
 1143 003e 464F4C44 		.ascii	"FOLDCNT\000"
 1143      434E5400 
 1144              	.LASF66:
 1145 0046 504C4C49 		.ascii	"PLLI2SCFGR\000"
 1145      32534346 
 1145      475200
 1146              	.LASF39:
 1147 0051 5057525F 		.ascii	"PWR_TypeDef\000"
 1147      54797065 
 1147      44656600 
 1148              	.LASF7:
 1149 005d 5F5F7569 		.ascii	"__uint32_t\000"
 1149      6E743332 
 1149      5F7400
 1150              	.LASF49:
 1151 0068 41484231 		.ascii	"AHB1ENR\000"
 1151      454E5200 
 1152              	.LASF65:
 1153 0070 53534347 		.ascii	"SSCGR\000"
 1153      5200
 1154              	.LASF21:
 1155 0076 4354524C 		.ascii	"CTRL\000"
 1155      00
 1156              	.LASF42:
 1157 007b 41484231 		.ascii	"AHB1RSTR\000"
 1157      52535452 
 1157      00
 1158              	.LASF41:
 1159 0084 43464752 		.ascii	"CFGR\000"
 1159      00
 1160              	.LASF23:
 1161 0089 43504943 		.ascii	"CPICNT\000"
 1161      4E5400
 1162              	.LASF58:
 1163 0090 41484233 		.ascii	"AHB3LPENR\000"
 1163      4C50454E 
 1163      5200
ARM GAS  /tmp/ccOwmPOW.s 			page 22


 1164              	.LASF53:
 1165 009a 41504231 		.ascii	"APB1ENR\000"
 1165      454E5200 
 1166              	.LASF17:
 1167 00a2 44435253 		.ascii	"DCRSR\000"
 1167      5200
 1168              	.LASF73:
 1169 00a8 68616C5F 		.ascii	"hal_lld_backup_domain_init\000"
 1169      6C6C645F 
 1169      6261636B 
 1169      75705F64 
 1169      6F6D6169 
 1170              	.LASF18:
 1171 00c3 44435244 		.ascii	"DCRDR\000"
 1171      5200
 1172              	.LASF68:
 1173 00c9 44434B43 		.ascii	"DCKCFGR\000"
 1173      46475200 
 1174              	.LASF14:
 1175 00d1 494F5245 		.ascii	"IOREG32\000"
 1175      47333200 
 1176              	.LASF35:
 1177 00d9 4F50544B 		.ascii	"OPTKEYR\000"
 1177      45595200 
 1178              	.LASF9:
 1179 00e1 6C6F6E67 		.ascii	"long long int\000"
 1179      206C6F6E 
 1179      6720696E 
 1179      7400
 1180              	.LASF22:
 1181 00ef 43594343 		.ascii	"CYCCNT\000"
 1181      4E5400
 1182              	.LASF32:
 1183 00f6 43414C49 		.ascii	"CALIB\000"
 1183      4200
 1184              	.LASF16:
 1185 00fc 44484353 		.ascii	"DHCSR\000"
 1185      5200
 1186              	.LASF5:
 1187 0102 6C6F6E67 		.ascii	"long int\000"
 1187      20696E74 
 1187      00
 1188              	.LASF69:
 1189 010b 5243435F 		.ascii	"RCC_TypeDef\000"
 1189      54797065 
 1189      44656600 
 1190              	.LASF47:
 1191 0117 41504232 		.ascii	"APB2RSTR\000"
 1191      52535452 
 1191      00
 1192              	.LASF75:
 1193 0120 73746D33 		.ascii	"stm32_clock_init\000"
 1193      325F636C 
 1193      6F636B5F 
 1193      696E6974 
 1193      00
 1194              	.LASF37:
ARM GAS  /tmp/ccOwmPOW.s 			page 23


 1195 0131 4F505443 		.ascii	"OPTCR1\000"
 1195      523100
 1196              	.LASF51:
 1197 0138 41484233 		.ascii	"AHB3ENR\000"
 1197      454E5200 
 1198              	.LASF34:
 1199 0140 4B455952 		.ascii	"KEYR\000"
 1199      00
 1200              	.LASF70:
 1201 0145 474E5520 		.ascii	"GNU C 4.9.2 20150128 (prerelease) -mcpu=cortex-m4 -"
 1201      4320342E 
 1201      392E3220 
 1201      32303135 
 1201      30313238 
 1202 0178 6D6E6F2D 		.ascii	"mno-thumb-interwork -mthumb -ggdb -O2 -fomit-frame-"
 1202      7468756D 
 1202      622D696E 
 1202      74657277 
 1202      6F726B20 
 1203 01ab 706F696E 		.ascii	"pointer -falign-functions=16 -ffunction-sections -f"
 1203      74657220 
 1203      2D66616C 
 1203      69676E2D 
 1203      66756E63 
 1204 01de 64617461 		.ascii	"data-sections -fno-common\000"
 1204      2D736563 
 1204      74696F6E 
 1204      73202D66 
 1204      6E6F2D63 
 1205              	.LASF24:
 1206 01f8 45584343 		.ascii	"EXCCNT\000"
 1206      4E5400
 1207              	.LASF2:
 1208 01ff 756E7369 		.ascii	"unsigned char\000"
 1208      676E6564 
 1208      20636861 
 1208      7200
 1209              	.LASF54:
 1210 020d 41504232 		.ascii	"APB2ENR\000"
 1210      454E5200 
 1211              	.LASF1:
 1212 0215 7369676E 		.ascii	"signed char\000"
 1212      65642063 
 1212      68617200 
 1213              	.LASF10:
 1214 0221 6C6F6E67 		.ascii	"long long unsigned int\000"
 1214      206C6F6E 
 1214      6720756E 
 1214      7369676E 
 1214      65642069 
 1215              	.LASF12:
 1216 0238 75696E74 		.ascii	"uint32_t\000"
 1216      33325F74 
 1216      00
 1217              	.LASF0:
 1218 0241 756E7369 		.ascii	"unsigned int\000"
 1218      676E6564 
ARM GAS  /tmp/ccOwmPOW.s 			page 24


 1218      20696E74 
 1218      00
 1219              	.LASF43:
 1220 024e 41484232 		.ascii	"AHB2RSTR\000"
 1220      52535452 
 1220      00
 1221              	.LASF71:
 1222 0257 2E2E2F2E 		.ascii	"../../../os/hal/platforms/STM32F4xx/hal_lld.c\000"
 1222      2E2F2E2E 
 1222      2F6F732F 
 1222      68616C2F 
 1222      706C6174 
 1223              	.LASF8:
 1224 0285 6C6F6E67 		.ascii	"long unsigned int\000"
 1224      20756E73 
 1224      69676E65 
 1224      6420696E 
 1224      7400
 1225              	.LASF72:
 1226 0297 2F686F6D 		.ascii	"/home/seth/marionette-firmware/ChibiOS-RT/testhal/S"
 1226      652F7365 
 1226      74682F6D 
 1226      6172696F 
 1226      6E657474 
 1227 02ca 544D3332 		.ascii	"TM32F4xx/CAN\000"
 1227      46347878 
 1227      2F43414E 
 1227      00
 1228              	.LASF74:
 1229 02d7 68616C5F 		.ascii	"hal_lld_init\000"
 1229      6C6C645F 
 1229      696E6974 
 1229      00
 1230              	.LASF40:
 1231 02e4 504C4C43 		.ascii	"PLLCFGR\000"
 1231      46475200 
 1232              	.LASF33:
 1233 02ec 53797354 		.ascii	"SysTick_Type\000"
 1233      69636B5F 
 1233      54797065 
 1233      00
 1234              	.LASF4:
 1235 02f9 73686F72 		.ascii	"short unsigned int\000"
 1235      7420756E 
 1235      7369676E 
 1235      65642069 
 1235      6E7400
 1236              	.LASF60:
 1237 030c 41504231 		.ascii	"APB1LPENR\000"
 1237      4C50454E 
 1237      5200
 1238              	.LASF30:
 1239 0316 63686172 		.ascii	"char\000"
 1239      00
 1240              	.LASF20:
 1241 031b 434D785F 		.ascii	"CMx_SCS\000"
 1241      53435300 
ARM GAS  /tmp/ccOwmPOW.s 			page 25


 1242              	.LASF11:
 1243 0323 696E7433 		.ascii	"int32_t\000"
 1243      325F7400 
 1244              	.LASF13:
 1245 032b 5F426F6F 		.ascii	"_Bool\000"
 1245      6C00
 1246              	.LASF57:
 1247 0331 41484232 		.ascii	"AHB2LPENR\000"
 1247      4C50454E 
 1247      5200
 1248              	.LASF29:
 1249 033b 434D785F 		.ascii	"CMx_DWT\000"
 1249      44575400 
 1250              	.LASF45:
 1251 0343 52455345 		.ascii	"RESERVED0\000"
 1251      52564544 
 1251      3000
 1252              	.LASF48:
 1253 034d 52455345 		.ascii	"RESERVED1\000"
 1253      52564544 
 1253      3100
 1254              	.LASF52:
 1255 0357 52455345 		.ascii	"RESERVED2\000"
 1255      52564544 
 1255      3200
 1256              	.LASF55:
 1257 0361 52455345 		.ascii	"RESERVED3\000"
 1257      52564544 
 1257      3300
 1258              	.LASF59:
 1259 036b 52455345 		.ascii	"RESERVED4\000"
 1259      52564544 
 1259      3400
 1260              	.LASF62:
 1261 0375 52455345 		.ascii	"RESERVED5\000"
 1261      52564544 
 1261      3500
 1262              	.LASF64:
 1263 037f 52455345 		.ascii	"RESERVED6\000"
 1263      52564544 
 1263      3600
 1264              	.LASF25:
 1265 0389 534C4545 		.ascii	"SLEEPCNT\000"
 1265      50434E54 
 1265      00
 1266              	.LASF6:
 1267 0392 5F5F696E 		.ascii	"__int32_t\000"
 1267      7433325F 
 1267      7400
 1268              	.LASF26:
 1269 039c 4C535543 		.ascii	"LSUCNT\000"
 1269      4E5400
 1270              	.LASF31:
 1271 03a3 4C4F4144 		.ascii	"LOAD\000"
 1271      00
 1272              	.LASF44:
 1273 03a8 41484233 		.ascii	"AHB3RSTR\000"
ARM GAS  /tmp/ccOwmPOW.s 			page 26


 1273      52535452 
 1273      00
 1274              	.LASF38:
 1275 03b1 464C4153 		.ascii	"FLASH_TypeDef\000"
 1275      485F5479 
 1275      70654465 
 1275      6600
 1276              	.LASF76:
 1277 03bf 49544D5F 		.ascii	"ITM_RxBuffer\000"
 1277      52784275 
 1277      66666572 
 1277      00
 1278              	.LASF67:
 1279 03cc 504C4C53 		.ascii	"PLLSAICFGR\000"
 1279      41494346 
 1279      475200
 1280              	.LASF61:
 1281 03d7 41504232 		.ascii	"APB2LPENR\000"
 1281      4C50454E 
 1281      5200
 1282              	.LASF36:
 1283 03e1 4F505443 		.ascii	"OPTCR\000"
 1283      5200
 1284              		.ident	"GCC: (Arch Repository) 4.9.2 20150128 (prerelease)"
ARM GAS  /tmp/ccOwmPOW.s 			page 27


DEFINED SYMBOLS
                            *ABS*:0000000000000000 hal_lld.c
     /tmp/ccOwmPOW.s:19     .text.hal_lld_init:0000000000000000 $t
     /tmp/ccOwmPOW.s:25     .text.hal_lld_init:0000000000000000 hal_lld_init
     /tmp/ccOwmPOW.s:123    .text.hal_lld_init:0000000000000080 $d
     /tmp/ccOwmPOW.s:135    .text.stm32_clock_init:0000000000000000 $t
     /tmp/ccOwmPOW.s:141    .text.stm32_clock_init:0000000000000000 stm32_clock_init
     /tmp/ccOwmPOW.s:265    .text.stm32_clock_init:00000000000000b4 $d
                     .debug_frame:0000000000000010 $d
     /tmp/ccOwmPOW.s:134    .text.hal_lld_init:0000000000000098 $t
     /tmp/ccOwmPOW.s:273    .text.stm32_clock_init:00000000000000c8 $t

NO UNDEFINED SYMBOLS
