ARM GAS  /tmp/cctRBcYQ.s 			page 1


   1              		.syntax unified
   2              		.cpu cortex-m4
   3              		.fpu softvfp
   4              		.eabi_attribute 20, 1
   5              		.eabi_attribute 21, 1
   6              		.eabi_attribute 23, 3
   7              		.eabi_attribute 24, 1
   8              		.eabi_attribute 25, 1
   9              		.eabi_attribute 26, 1
  10              		.eabi_attribute 30, 1
  11              		.eabi_attribute 34, 1
  12              		.eabi_attribute 18, 4
  13              		.thumb
  14              		.file	"chdebug.c"
  15              		.text
  16              	.Ltext0:
  17              		.cfi_sections	.debug_frame
  18              		.section	.text.chDbgPanic,"ax",%progbits
  19              		.align	2
  20              		.p2align 4,,15
  21              		.global	chDbgPanic
  22              		.thumb
  23              		.thumb_func
  24              		.type	chDbgPanic, %function
  25              	chDbgPanic:
  26              	.LFB18:
  27              		.file 1 "../../ChibiOS-RT/os/kernel/src/chdebug.c"
  28              		.loc 1 271 0
  29              		.cfi_startproc
  30              		@ args = 0, pretend = 0, frame = 0
  31              		@ frame_needed = 0, uses_anonymous_args = 0
  32              	.LVL0:
  33 0000 08B5     		push	{r3, lr}
  34              		.cfi_def_cfa_offset 8
  35              		.cfi_offset 3, -8
  36              		.cfi_offset 14, -4
  37              		.loc 1 273 0
  38 0002 024B     		ldr	r3, .L3
  39 0004 1860     		str	r0, [r3]
  40              		.loc 1 274 0
  41 0006 FFF7FEFF 		bl	port_halt
  42              	.LVL1:
  43 000a 08BD     		pop	{r3, pc}
  44              	.L4:
  45              		.align	2
  46              	.L3:
  47 000c 00000000 		.word	.LANCHOR0
  48              		.cfi_endproc
  49              	.LFE18:
  50              		.size	chDbgPanic, .-chDbgPanic
  51              		.section	.text.dbg_check_disable,"ax",%progbits
  52              		.align	2
  53              		.p2align 4,,15
  54              		.global	dbg_check_disable
  55              		.thumb
  56              		.thumb_func
  57              		.type	dbg_check_disable, %function
ARM GAS  /tmp/cctRBcYQ.s 			page 2


  58              	dbg_check_disable:
  59              	.LFB7:
  60              		.loc 1 81 0
  61              		.cfi_startproc
  62              		@ args = 0, pretend = 0, frame = 0
  63              		@ frame_needed = 0, uses_anonymous_args = 0
  64 0000 08B5     		push	{r3, lr}
  65              		.cfi_def_cfa_offset 8
  66              		.cfi_offset 3, -8
  67              		.cfi_offset 14, -4
  68              		.loc 1 83 0
  69 0002 054B     		ldr	r3, .L9
  70 0004 1B68     		ldr	r3, [r3]
  71 0006 13B9     		cbnz	r3, .L6
  72              		.loc 1 83 0 is_stmt 0 discriminator 1
  73 0008 044B     		ldr	r3, .L9+4
  74 000a 1B68     		ldr	r3, [r3]
  75 000c 13B1     		cbz	r3, .L5
  76              	.L6:
  77              		.loc 1 84 0 is_stmt 1
  78 000e 0448     		ldr	r0, .L9+8
  79 0010 FFF7FEFF 		bl	chDbgPanic
  80              	.LVL2:
  81              	.L5:
  82 0014 08BD     		pop	{r3, pc}
  83              	.L10:
  84 0016 00BF     		.align	2
  85              	.L9:
  86 0018 00000000 		.word	.LANCHOR1
  87 001c 00000000 		.word	.LANCHOR2
  88 0020 00000000 		.word	.LC0
  89              		.cfi_endproc
  90              	.LFE7:
  91              		.size	dbg_check_disable, .-dbg_check_disable
  92 0024 AFF30080 		.section	.text.dbg_check_suspend,"ax",%progbits
  92      AFF30080 
  92      AFF30080 
  93              		.align	2
  94              		.p2align 4,,15
  95              		.global	dbg_check_suspend
  96              		.thumb
  97              		.thumb_func
  98              		.type	dbg_check_suspend, %function
  99              	dbg_check_suspend:
 100              	.LFB8:
 101              		.loc 1 92 0
 102              		.cfi_startproc
 103              		@ args = 0, pretend = 0, frame = 0
 104              		@ frame_needed = 0, uses_anonymous_args = 0
 105 0000 08B5     		push	{r3, lr}
 106              		.cfi_def_cfa_offset 8
 107              		.cfi_offset 3, -8
 108              		.cfi_offset 14, -4
 109              		.loc 1 94 0
 110 0002 054B     		ldr	r3, .L15
 111 0004 1B68     		ldr	r3, [r3]
 112 0006 13B9     		cbnz	r3, .L12
ARM GAS  /tmp/cctRBcYQ.s 			page 3


 113              		.loc 1 94 0 is_stmt 0 discriminator 1
 114 0008 044B     		ldr	r3, .L15+4
 115 000a 1B68     		ldr	r3, [r3]
 116 000c 13B1     		cbz	r3, .L11
 117              	.L12:
 118              		.loc 1 95 0 is_stmt 1
 119 000e 0448     		ldr	r0, .L15+8
 120 0010 FFF7FEFF 		bl	chDbgPanic
 121              	.LVL3:
 122              	.L11:
 123 0014 08BD     		pop	{r3, pc}
 124              	.L16:
 125 0016 00BF     		.align	2
 126              	.L15:
 127 0018 00000000 		.word	.LANCHOR1
 128 001c 00000000 		.word	.LANCHOR2
 129 0020 08000000 		.word	.LC1
 130              		.cfi_endproc
 131              	.LFE8:
 132              		.size	dbg_check_suspend, .-dbg_check_suspend
 133 0024 AFF30080 		.section	.text.dbg_check_enable,"ax",%progbits
 133      AFF30080 
 133      AFF30080 
 134              		.align	2
 135              		.p2align 4,,15
 136              		.global	dbg_check_enable
 137              		.thumb
 138              		.thumb_func
 139              		.type	dbg_check_enable, %function
 140              	dbg_check_enable:
 141              	.LFB9:
 142              		.loc 1 103 0
 143              		.cfi_startproc
 144              		@ args = 0, pretend = 0, frame = 0
 145              		@ frame_needed = 0, uses_anonymous_args = 0
 146 0000 08B5     		push	{r3, lr}
 147              		.cfi_def_cfa_offset 8
 148              		.cfi_offset 3, -8
 149              		.cfi_offset 14, -4
 150              		.loc 1 105 0
 151 0002 054B     		ldr	r3, .L21
 152 0004 1B68     		ldr	r3, [r3]
 153 0006 13B9     		cbnz	r3, .L18
 154              		.loc 1 105 0 is_stmt 0 discriminator 1
 155 0008 044B     		ldr	r3, .L21+4
 156 000a 1B68     		ldr	r3, [r3]
 157 000c 13B1     		cbz	r3, .L17
 158              	.L18:
 159              		.loc 1 106 0 is_stmt 1
 160 000e 0448     		ldr	r0, .L21+8
 161 0010 FFF7FEFF 		bl	chDbgPanic
 162              	.LVL4:
 163              	.L17:
 164 0014 08BD     		pop	{r3, pc}
 165              	.L22:
 166 0016 00BF     		.align	2
 167              	.L21:
ARM GAS  /tmp/cctRBcYQ.s 			page 4


 168 0018 00000000 		.word	.LANCHOR1
 169 001c 00000000 		.word	.LANCHOR2
 170 0020 10000000 		.word	.LC2
 171              		.cfi_endproc
 172              	.LFE9:
 173              		.size	dbg_check_enable, .-dbg_check_enable
 174 0024 AFF30080 		.section	.text.dbg_check_lock,"ax",%progbits
 174      AFF30080 
 174      AFF30080 
 175              		.align	2
 176              		.p2align 4,,15
 177              		.global	dbg_check_lock
 178              		.thumb
 179              		.thumb_func
 180              		.type	dbg_check_lock, %function
 181              	dbg_check_lock:
 182              	.LFB10:
 183              		.loc 1 114 0
 184              		.cfi_startproc
 185              		@ args = 0, pretend = 0, frame = 0
 186              		@ frame_needed = 0, uses_anonymous_args = 0
 187 0000 08B5     		push	{r3, lr}
 188              		.cfi_def_cfa_offset 8
 189              		.cfi_offset 3, -8
 190              		.cfi_offset 14, -4
 191              		.loc 1 116 0
 192 0002 064B     		ldr	r3, .L27
 193 0004 1B68     		ldr	r3, [r3]
 194 0006 13B9     		cbnz	r3, .L24
 195              		.loc 1 116 0 is_stmt 0 discriminator 1
 196 0008 054B     		ldr	r3, .L27+4
 197 000a 1B68     		ldr	r3, [r3]
 198 000c 13B1     		cbz	r3, .L25
 199              	.L24:
 200              		.loc 1 117 0 is_stmt 1
 201 000e 0548     		ldr	r0, .L27+8
 202 0010 FFF7FEFF 		bl	chDbgPanic
 203              	.LVL5:
 204              	.L25:
 205              		.loc 1 118 0
 206 0014 0122     		movs	r2, #1
 207 0016 024B     		ldr	r3, .L27+4
 208 0018 1A60     		str	r2, [r3]
 209 001a 08BD     		pop	{r3, pc}
 210              	.L28:
 211              		.align	2
 212              	.L27:
 213 001c 00000000 		.word	.LANCHOR1
 214 0020 00000000 		.word	.LANCHOR2
 215 0024 18000000 		.word	.LC3
 216              		.cfi_endproc
 217              	.LFE10:
 218              		.size	dbg_check_lock, .-dbg_check_lock
 219 0028 AFF30080 		.section	.text.dbg_check_unlock,"ax",%progbits
 219      AFF30080 
 220              		.align	2
 221              		.p2align 4,,15
ARM GAS  /tmp/cctRBcYQ.s 			page 5


 222              		.global	dbg_check_unlock
 223              		.thumb
 224              		.thumb_func
 225              		.type	dbg_check_unlock, %function
 226              	dbg_check_unlock:
 227              	.LFB11:
 228              		.loc 1 126 0
 229              		.cfi_startproc
 230              		@ args = 0, pretend = 0, frame = 0
 231              		@ frame_needed = 0, uses_anonymous_args = 0
 232 0000 08B5     		push	{r3, lr}
 233              		.cfi_def_cfa_offset 8
 234              		.cfi_offset 3, -8
 235              		.cfi_offset 14, -4
 236              		.loc 1 128 0
 237 0002 074B     		ldr	r3, .L33
 238 0004 1B68     		ldr	r3, [r3]
 239 0006 1BB9     		cbnz	r3, .L30
 240              		.loc 1 128 0 is_stmt 0 discriminator 1
 241 0008 064B     		ldr	r3, .L33+4
 242 000a 1B68     		ldr	r3, [r3]
 243 000c 002B     		cmp	r3, #0
 244 000e 02DC     		bgt	.L31
 245              	.L30:
 246              		.loc 1 129 0 is_stmt 1
 247 0010 0548     		ldr	r0, .L33+8
 248 0012 FFF7FEFF 		bl	chDbgPanic
 249              	.LVL6:
 250              	.L31:
 251              		.loc 1 130 0
 252 0016 0022     		movs	r2, #0
 253 0018 024B     		ldr	r3, .L33+4
 254 001a 1A60     		str	r2, [r3]
 255 001c 08BD     		pop	{r3, pc}
 256              	.L34:
 257 001e 00BF     		.align	2
 258              	.L33:
 259 0020 00000000 		.word	.LANCHOR1
 260 0024 00000000 		.word	.LANCHOR2
 261 0028 20000000 		.word	.LC4
 262              		.cfi_endproc
 263              	.LFE11:
 264              		.size	dbg_check_unlock, .-dbg_check_unlock
 265 002c AFF30080 		.section	.text.dbg_check_lock_from_isr,"ax",%progbits
 266              		.align	2
 267              		.p2align 4,,15
 268              		.global	dbg_check_lock_from_isr
 269              		.thumb
 270              		.thumb_func
 271              		.type	dbg_check_lock_from_isr, %function
 272              	dbg_check_lock_from_isr:
 273              	.LFB12:
 274              		.loc 1 138 0
 275              		.cfi_startproc
 276              		@ args = 0, pretend = 0, frame = 0
 277              		@ frame_needed = 0, uses_anonymous_args = 0
 278 0000 08B5     		push	{r3, lr}
ARM GAS  /tmp/cctRBcYQ.s 			page 6


 279              		.cfi_def_cfa_offset 8
 280              		.cfi_offset 3, -8
 281              		.cfi_offset 14, -4
 282              		.loc 1 140 0
 283 0002 074B     		ldr	r3, .L39
 284 0004 1B68     		ldr	r3, [r3]
 285 0006 002B     		cmp	r3, #0
 286 0008 02DD     		ble	.L36
 287              		.loc 1 140 0 is_stmt 0 discriminator 1
 288 000a 064B     		ldr	r3, .L39+4
 289 000c 1B68     		ldr	r3, [r3]
 290 000e 13B1     		cbz	r3, .L37
 291              	.L36:
 292              		.loc 1 141 0 is_stmt 1
 293 0010 0548     		ldr	r0, .L39+8
 294 0012 FFF7FEFF 		bl	chDbgPanic
 295              	.LVL7:
 296              	.L37:
 297              		.loc 1 142 0
 298 0016 0122     		movs	r2, #1
 299 0018 024B     		ldr	r3, .L39+4
 300 001a 1A60     		str	r2, [r3]
 301 001c 08BD     		pop	{r3, pc}
 302              	.L40:
 303 001e 00BF     		.align	2
 304              	.L39:
 305 0020 00000000 		.word	.LANCHOR1
 306 0024 00000000 		.word	.LANCHOR2
 307 0028 28000000 		.word	.LC5
 308              		.cfi_endproc
 309              	.LFE12:
 310              		.size	dbg_check_lock_from_isr, .-dbg_check_lock_from_isr
 311 002c AFF30080 		.section	.text.dbg_check_unlock_from_isr,"ax",%progbits
 312              		.align	2
 313              		.p2align 4,,15
 314              		.global	dbg_check_unlock_from_isr
 315              		.thumb
 316              		.thumb_func
 317              		.type	dbg_check_unlock_from_isr, %function
 318              	dbg_check_unlock_from_isr:
 319              	.LFB13:
 320              		.loc 1 150 0
 321              		.cfi_startproc
 322              		@ args = 0, pretend = 0, frame = 0
 323              		@ frame_needed = 0, uses_anonymous_args = 0
 324 0000 08B5     		push	{r3, lr}
 325              		.cfi_def_cfa_offset 8
 326              		.cfi_offset 3, -8
 327              		.cfi_offset 14, -4
 328              		.loc 1 152 0
 329 0002 074B     		ldr	r3, .L45
 330 0004 1B68     		ldr	r3, [r3]
 331 0006 002B     		cmp	r3, #0
 332 0008 03DD     		ble	.L42
 333              		.loc 1 152 0 is_stmt 0 discriminator 1
 334 000a 064B     		ldr	r3, .L45+4
 335 000c 1B68     		ldr	r3, [r3]
ARM GAS  /tmp/cctRBcYQ.s 			page 7


 336 000e 002B     		cmp	r3, #0
 337 0010 02DC     		bgt	.L43
 338              	.L42:
 339              		.loc 1 153 0 is_stmt 1
 340 0012 0548     		ldr	r0, .L45+8
 341 0014 FFF7FEFF 		bl	chDbgPanic
 342              	.LVL8:
 343              	.L43:
 344              		.loc 1 154 0
 345 0018 0022     		movs	r2, #0
 346 001a 024B     		ldr	r3, .L45+4
 347 001c 1A60     		str	r2, [r3]
 348 001e 08BD     		pop	{r3, pc}
 349              	.L46:
 350              		.align	2
 351              	.L45:
 352 0020 00000000 		.word	.LANCHOR1
 353 0024 00000000 		.word	.LANCHOR2
 354 0028 30000000 		.word	.LC6
 355              		.cfi_endproc
 356              	.LFE13:
 357              		.size	dbg_check_unlock_from_isr, .-dbg_check_unlock_from_isr
 358 002c AFF30080 		.section	.text.dbg_check_enter_isr,"ax",%progbits
 359              		.align	2
 360              		.p2align 4,,15
 361              		.global	dbg_check_enter_isr
 362              		.thumb
 363              		.thumb_func
 364              		.type	dbg_check_enter_isr, %function
 365              	dbg_check_enter_isr:
 366              	.LFB14:
 367              		.loc 1 162 0
 368              		.cfi_startproc
 369              		@ args = 0, pretend = 0, frame = 0
 370              		@ frame_needed = 0, uses_anonymous_args = 0
 371 0000 08B5     		push	{r3, lr}
 372              		.cfi_def_cfa_offset 8
 373              		.cfi_offset 3, -8
 374              		.cfi_offset 14, -4
 375              	.LBB2:
 376              		.loc 1 164 0
 377 0002 2023     		movs	r3, #32
 378              	@ 164 "../../ChibiOS-RT/os/kernel/src/chdebug.c" 1
 379 0004 83F31188 		msr     BASEPRI, r3
 380              	@ 0 "" 2
 381              		.thumb
 382              	.LBE2:
 383              		.loc 1 165 0
 384 0008 084B     		ldr	r3, .L51
 385 000a 1B68     		ldr	r3, [r3]
 386 000c 002B     		cmp	r3, #0
 387 000e 02DB     		blt	.L48
 388              		.loc 1 165 0 is_stmt 0 discriminator 1
 389 0010 074B     		ldr	r3, .L51+4
 390 0012 1B68     		ldr	r3, [r3]
 391 0014 13B1     		cbz	r3, .L49
 392              	.L48:
ARM GAS  /tmp/cctRBcYQ.s 			page 8


 393              		.loc 1 166 0 is_stmt 1
 394 0016 0748     		ldr	r0, .L51+8
 395 0018 FFF7FEFF 		bl	chDbgPanic
 396              	.LVL9:
 397              	.L49:
 398              		.loc 1 167 0
 399 001c 034A     		ldr	r2, .L51
 400 001e 1368     		ldr	r3, [r2]
 401 0020 0133     		adds	r3, r3, #1
 402 0022 1360     		str	r3, [r2]
 403              	.LBB3:
 404              		.loc 1 168 0
 405 0024 0023     		movs	r3, #0
 406              	@ 168 "../../ChibiOS-RT/os/kernel/src/chdebug.c" 1
 407 0026 83F31188 		msr     BASEPRI, r3
 408              	@ 0 "" 2
 409              		.thumb
 410 002a 08BD     		pop	{r3, pc}
 411              	.L52:
 412              		.align	2
 413              	.L51:
 414 002c 00000000 		.word	.LANCHOR1
 415 0030 00000000 		.word	.LANCHOR2
 416 0034 38000000 		.word	.LC7
 417              	.LBE3:
 418              		.cfi_endproc
 419              	.LFE14:
 420              		.size	dbg_check_enter_isr, .-dbg_check_enter_isr
 421 0038 AFF30080 		.section	.text.dbg_check_leave_isr,"ax",%progbits
 421      AFF30080 
 422              		.align	2
 423              		.p2align 4,,15
 424              		.global	dbg_check_leave_isr
 425              		.thumb
 426              		.thumb_func
 427              		.type	dbg_check_leave_isr, %function
 428              	dbg_check_leave_isr:
 429              	.LFB15:
 430              		.loc 1 176 0
 431              		.cfi_startproc
 432              		@ args = 0, pretend = 0, frame = 0
 433              		@ frame_needed = 0, uses_anonymous_args = 0
 434 0000 08B5     		push	{r3, lr}
 435              		.cfi_def_cfa_offset 8
 436              		.cfi_offset 3, -8
 437              		.cfi_offset 14, -4
 438              	.LBB4:
 439              		.loc 1 178 0
 440 0002 2023     		movs	r3, #32
 441              	@ 178 "../../ChibiOS-RT/os/kernel/src/chdebug.c" 1
 442 0004 83F31188 		msr     BASEPRI, r3
 443              	@ 0 "" 2
 444              		.thumb
 445              	.LBE4:
 446              		.loc 1 179 0
 447 0008 084B     		ldr	r3, .L57
 448 000a 1B68     		ldr	r3, [r3]
ARM GAS  /tmp/cctRBcYQ.s 			page 9


 449 000c 002B     		cmp	r3, #0
 450 000e 02DD     		ble	.L54
 451              		.loc 1 179 0 is_stmt 0 discriminator 1
 452 0010 074B     		ldr	r3, .L57+4
 453 0012 1B68     		ldr	r3, [r3]
 454 0014 13B1     		cbz	r3, .L55
 455              	.L54:
 456              		.loc 1 180 0 is_stmt 1
 457 0016 0748     		ldr	r0, .L57+8
 458 0018 FFF7FEFF 		bl	chDbgPanic
 459              	.LVL10:
 460              	.L55:
 461              		.loc 1 181 0
 462 001c 034A     		ldr	r2, .L57
 463 001e 1368     		ldr	r3, [r2]
 464 0020 013B     		subs	r3, r3, #1
 465 0022 1360     		str	r3, [r2]
 466              	.LBB5:
 467              		.loc 1 182 0
 468 0024 0023     		movs	r3, #0
 469              	@ 182 "../../ChibiOS-RT/os/kernel/src/chdebug.c" 1
 470 0026 83F31188 		msr     BASEPRI, r3
 471              	@ 0 "" 2
 472              		.thumb
 473 002a 08BD     		pop	{r3, pc}
 474              	.L58:
 475              		.align	2
 476              	.L57:
 477 002c 00000000 		.word	.LANCHOR1
 478 0030 00000000 		.word	.LANCHOR2
 479 0034 40000000 		.word	.LC8
 480              	.LBE5:
 481              		.cfi_endproc
 482              	.LFE15:
 483              		.size	dbg_check_leave_isr, .-dbg_check_leave_isr
 484 0038 AFF30080 		.section	.text.chDbgCheckClassI,"ax",%progbits
 484      AFF30080 
 485              		.align	2
 486              		.p2align 4,,15
 487              		.global	chDbgCheckClassI
 488              		.thumb
 489              		.thumb_func
 490              		.type	chDbgCheckClassI, %function
 491              	chDbgCheckClassI:
 492              	.LFB16:
 493              		.loc 1 193 0
 494              		.cfi_startproc
 495              		@ args = 0, pretend = 0, frame = 0
 496              		@ frame_needed = 0, uses_anonymous_args = 0
 497 0000 08B5     		push	{r3, lr}
 498              		.cfi_def_cfa_offset 8
 499              		.cfi_offset 3, -8
 500              		.cfi_offset 14, -4
 501              		.loc 1 195 0
 502 0002 064B     		ldr	r3, .L63
 503 0004 1B68     		ldr	r3, [r3]
 504 0006 002B     		cmp	r3, #0
ARM GAS  /tmp/cctRBcYQ.s 			page 10


 505 0008 03DB     		blt	.L60
 506              		.loc 1 195 0 is_stmt 0 discriminator 1
 507 000a 054B     		ldr	r3, .L63+4
 508 000c 1B68     		ldr	r3, [r3]
 509 000e 002B     		cmp	r3, #0
 510 0010 02DC     		bgt	.L59
 511              	.L60:
 512              		.loc 1 196 0 is_stmt 1
 513 0012 0448     		ldr	r0, .L63+8
 514 0014 FFF7FEFF 		bl	chDbgPanic
 515              	.LVL11:
 516              	.L59:
 517 0018 08BD     		pop	{r3, pc}
 518              	.L64:
 519 001a 00BF     		.align	2
 520              	.L63:
 521 001c 00000000 		.word	.LANCHOR1
 522 0020 00000000 		.word	.LANCHOR2
 523 0024 48000000 		.word	.LC9
 524              		.cfi_endproc
 525              	.LFE16:
 526              		.size	chDbgCheckClassI, .-chDbgCheckClassI
 527 0028 AFF30080 		.section	.text.chDbgCheckClassS,"ax",%progbits
 527      AFF30080 
 528              		.align	2
 529              		.p2align 4,,15
 530              		.global	chDbgCheckClassS
 531              		.thumb
 532              		.thumb_func
 533              		.type	chDbgCheckClassS, %function
 534              	chDbgCheckClassS:
 535              	.LFB17:
 536              		.loc 1 207 0
 537              		.cfi_startproc
 538              		@ args = 0, pretend = 0, frame = 0
 539              		@ frame_needed = 0, uses_anonymous_args = 0
 540 0000 08B5     		push	{r3, lr}
 541              		.cfi_def_cfa_offset 8
 542              		.cfi_offset 3, -8
 543              		.cfi_offset 14, -4
 544              		.loc 1 209 0
 545 0002 054B     		ldr	r3, .L69
 546 0004 1B68     		ldr	r3, [r3]
 547 0006 1BB9     		cbnz	r3, .L66
 548              		.loc 1 209 0 is_stmt 0 discriminator 1
 549 0008 044B     		ldr	r3, .L69+4
 550 000a 1B68     		ldr	r3, [r3]
 551 000c 002B     		cmp	r3, #0
 552 000e 02DC     		bgt	.L65
 553              	.L66:
 554              		.loc 1 210 0 is_stmt 1
 555 0010 0348     		ldr	r0, .L69+8
 556 0012 FFF7FEFF 		bl	chDbgPanic
 557              	.LVL12:
 558              	.L65:
 559 0016 08BD     		pop	{r3, pc}
 560              	.L70:
ARM GAS  /tmp/cctRBcYQ.s 			page 11


 561              		.align	2
 562              	.L69:
 563 0018 00000000 		.word	.LANCHOR1
 564 001c 00000000 		.word	.LANCHOR2
 565 0020 50000000 		.word	.LC10
 566              		.cfi_endproc
 567              	.LFE17:
 568              		.size	chDbgCheckClassS, .-chDbgCheckClassS
 569              		.global	dbg_panic_msg
 570              		.global	dbg_lock_cnt
 571              		.global	dbg_isr_cnt
 572 0024 AFF30080 		.section	.bss.dbg_isr_cnt,"aw",%nobits
 572      AFF30080 
 572      AFF30080 
 573              		.align	2
 574              		.set	.LANCHOR1,. + 0
 575              		.type	dbg_isr_cnt, %object
 576              		.size	dbg_isr_cnt, 4
 577              	dbg_isr_cnt:
 578 0000 00000000 		.space	4
 579              		.section	.rodata.str1.4,"aMS",%progbits,1
 580              		.align	2
 581              	.LC0:
 582 0000 53562331 		.ascii	"SV#1\000"
 582      00
 583 0005 000000   		.space	3
 584              	.LC1:
 585 0008 53562332 		.ascii	"SV#2\000"
 585      00
 586 000d 000000   		.space	3
 587              	.LC2:
 588 0010 53562333 		.ascii	"SV#3\000"
 588      00
 589 0015 000000   		.space	3
 590              	.LC3:
 591 0018 53562334 		.ascii	"SV#4\000"
 591      00
 592 001d 000000   		.space	3
 593              	.LC4:
 594 0020 53562335 		.ascii	"SV#5\000"
 594      00
 595 0025 000000   		.space	3
 596              	.LC5:
 597 0028 53562336 		.ascii	"SV#6\000"
 597      00
 598 002d 000000   		.space	3
 599              	.LC6:
 600 0030 53562337 		.ascii	"SV#7\000"
 600      00
 601 0035 000000   		.space	3
 602              	.LC7:
 603 0038 53562338 		.ascii	"SV#8\000"
 603      00
 604 003d 000000   		.space	3
 605              	.LC8:
 606 0040 53562339 		.ascii	"SV#9\000"
 606      00
ARM GAS  /tmp/cctRBcYQ.s 			page 12


 607 0045 000000   		.space	3
 608              	.LC9:
 609 0048 53562331 		.ascii	"SV#10\000"
 609      3000
 610 004e 0000     		.space	2
 611              	.LC10:
 612 0050 53562331 		.ascii	"SV#11\000"
 612      3100
 613 0056 0000     		.section	.bss.dbg_lock_cnt,"aw",%nobits
 614              		.align	2
 615              		.set	.LANCHOR2,. + 0
 616              		.type	dbg_lock_cnt, %object
 617              		.size	dbg_lock_cnt, 4
 618              	dbg_lock_cnt:
 619 0000 00000000 		.space	4
 620              		.section	.bss.dbg_panic_msg,"aw",%nobits
 621              		.align	2
 622              		.set	.LANCHOR0,. + 0
 623              		.type	dbg_panic_msg, %object
 624              		.size	dbg_panic_msg, 4
 625              	dbg_panic_msg:
 626 0000 00000000 		.space	4
 627              		.text
 628              	.Letext0:
 629              		.file 2 "/usr/arm-none-eabi/include/machine/_default_types.h"
 630              		.file 3 "/usr/arm-none-eabi/include/stdint.h"
 631              		.file 4 "../../ChibiOS-RT/os/ports/GCC/ARMCMx/chtypes.h"
 632              		.file 5 "../../ChibiOS-RT/os/ports/GCC/ARMCMx/chcore_v7m.h"
 633              		.section	.debug_info,"",%progbits
 634              	.Ldebug_info0:
 635 0000 5A030000 		.4byte	0x35a
 636 0004 0400     		.2byte	0x4
 637 0006 00000000 		.4byte	.Ldebug_abbrev0
 638 000a 04       		.byte	0x4
 639 000b 01       		.uleb128 0x1
 640 000c 15010000 		.4byte	.LASF32
 641 0010 01       		.byte	0x1
 642 0011 72000000 		.4byte	.LASF33
 643 0015 EE000000 		.4byte	.LASF34
 644 0019 00000000 		.4byte	.Ldebug_ranges0+0
 645 001d 00000000 		.4byte	0
 646 0021 00000000 		.4byte	.Ldebug_line0
 647 0025 02       		.uleb128 0x2
 648 0026 04       		.byte	0x4
 649 0027 05       		.byte	0x5
 650 0028 696E7400 		.ascii	"int\000"
 651 002c 03       		.uleb128 0x3
 652 002d 04       		.byte	0x4
 653 002e 07       		.byte	0x7
 654 002f F8010000 		.4byte	.LASF0
 655 0033 03       		.uleb128 0x3
 656 0034 01       		.byte	0x1
 657 0035 06       		.byte	0x6
 658 0036 CD020000 		.4byte	.LASF1
 659 003a 03       		.uleb128 0x3
 660 003b 01       		.byte	0x1
 661 003c 08       		.byte	0x8
ARM GAS  /tmp/cctRBcYQ.s 			page 13


 662 003d AD000000 		.4byte	.LASF2
 663 0041 03       		.uleb128 0x3
 664 0042 02       		.byte	0x2
 665 0043 05       		.byte	0x5
 666 0044 8C020000 		.4byte	.LASF3
 667 0048 03       		.uleb128 0x3
 668 0049 02       		.byte	0x2
 669 004a 07       		.byte	0x7
 670 004b DB000000 		.4byte	.LASF4
 671 004f 04       		.uleb128 0x4
 672 0050 20000000 		.4byte	.LASF6
 673 0054 02       		.byte	0x2
 674 0055 3F       		.byte	0x3f
 675 0056 5A000000 		.4byte	0x5a
 676 005a 03       		.uleb128 0x3
 677 005b 04       		.byte	0x4
 678 005c 05       		.byte	0x5
 679 005d C4020000 		.4byte	.LASF5
 680 0061 04       		.uleb128 0x4
 681 0062 ED010000 		.4byte	.LASF7
 682 0066 02       		.byte	0x2
 683 0067 41       		.byte	0x41
 684 0068 6C000000 		.4byte	0x6c
 685 006c 03       		.uleb128 0x3
 686 006d 04       		.byte	0x4
 687 006e 07       		.byte	0x7
 688 006f C9000000 		.4byte	.LASF8
 689 0073 03       		.uleb128 0x3
 690 0074 08       		.byte	0x8
 691 0075 05       		.byte	0x5
 692 0076 61020000 		.4byte	.LASF9
 693 007a 03       		.uleb128 0x3
 694 007b 08       		.byte	0x8
 695 007c 07       		.byte	0x7
 696 007d 11020000 		.4byte	.LASF10
 697 0081 04       		.uleb128 0x4
 698 0082 50020000 		.4byte	.LASF11
 699 0086 03       		.byte	0x3
 700 0087 2C       		.byte	0x2c
 701 0088 4F000000 		.4byte	0x4f
 702 008c 04       		.uleb128 0x4
 703 008d BB020000 		.4byte	.LASF12
 704 0091 03       		.byte	0x3
 705 0092 2D       		.byte	0x2d
 706 0093 61000000 		.4byte	0x61
 707 0097 03       		.uleb128 0x3
 708 0098 01       		.byte	0x1
 709 0099 02       		.byte	0x2
 710 009a D9020000 		.4byte	.LASF13
 711 009e 04       		.uleb128 0x4
 712 009f 40020000 		.4byte	.LASF14
 713 00a3 04       		.byte	0x4
 714 00a4 36       		.byte	0x36
 715 00a5 81000000 		.4byte	0x81
 716 00a9 03       		.uleb128 0x3
 717 00aa 04       		.byte	0x4
 718 00ab 07       		.byte	0x7
ARM GAS  /tmp/cctRBcYQ.s 			page 14


 719 00ac 58020000 		.4byte	.LASF15
 720 00b0 05       		.uleb128 0x5
 721 00b1 04       		.byte	0x4
 722 00b2 B6000000 		.4byte	0xb6
 723 00b6 06       		.uleb128 0x6
 724 00b7 BB000000 		.4byte	0xbb
 725 00bb 03       		.uleb128 0x3
 726 00bc 01       		.byte	0x1
 727 00bd 08       		.byte	0x8
 728 00be 6F020000 		.4byte	.LASF16
 729 00c2 07       		.uleb128 0x7
 730 00c3 74020000 		.4byte	.LASF17
 731 00c7 01       		.byte	0x1
 732 00c8 0F01     		.2byte	0x10f
 733 00ca 00000000 		.4byte	.LFB18
 734 00ce 10000000 		.4byte	.LFE18-.LFB18
 735 00d2 01       		.uleb128 0x1
 736 00d3 9C       		.byte	0x9c
 737 00d4 F2000000 		.4byte	0xf2
 738 00d8 08       		.uleb128 0x8
 739 00d9 6D736700 		.ascii	"msg\000"
 740 00dd 01       		.byte	0x1
 741 00de 0F01     		.2byte	0x10f
 742 00e0 B0000000 		.4byte	0xb0
 743 00e4 00000000 		.4byte	.LLST0
 744 00e8 09       		.uleb128 0x9
 745 00e9 0A000000 		.4byte	.LVL1
 746 00ed 55030000 		.4byte	0x355
 747 00f1 00       		.byte	0
 748 00f2 0A       		.uleb128 0xa
 749 00f3 3B000000 		.4byte	.LASF18
 750 00f7 01       		.byte	0x1
 751 00f8 51       		.byte	0x51
 752 00f9 00000000 		.4byte	.LFB7
 753 00fd 24000000 		.4byte	.LFE7-.LFB7
 754 0101 01       		.uleb128 0x1
 755 0102 9C       		.byte	0x9c
 756 0103 1B010000 		.4byte	0x11b
 757 0107 0B       		.uleb128 0xb
 758 0108 14000000 		.4byte	.LVL2
 759 010c C2000000 		.4byte	0xc2
 760 0110 0C       		.uleb128 0xc
 761 0111 01       		.uleb128 0x1
 762 0112 50       		.byte	0x50
 763 0113 05       		.uleb128 0x5
 764 0114 03       		.byte	0x3
 765 0115 00000000 		.4byte	.LC0
 766 0119 00       		.byte	0
 767 011a 00       		.byte	0
 768 011b 0A       		.uleb128 0xa
 769 011c 9B000000 		.4byte	.LASF19
 770 0120 01       		.byte	0x1
 771 0121 5C       		.byte	0x5c
 772 0122 00000000 		.4byte	.LFB8
 773 0126 24000000 		.4byte	.LFE8-.LFB8
 774 012a 01       		.uleb128 0x1
 775 012b 9C       		.byte	0x9c
ARM GAS  /tmp/cctRBcYQ.s 			page 15


 776 012c 44010000 		.4byte	0x144
 777 0130 0B       		.uleb128 0xb
 778 0131 14000000 		.4byte	.LVL3
 779 0135 C2000000 		.4byte	0xc2
 780 0139 0C       		.uleb128 0xc
 781 013a 01       		.uleb128 0x1
 782 013b 50       		.byte	0x50
 783 013c 05       		.uleb128 0x5
 784 013d 03       		.byte	0x3
 785 013e 08000000 		.4byte	.LC1
 786 0142 00       		.byte	0
 787 0143 00       		.byte	0
 788 0144 0A       		.uleb128 0xa
 789 0145 AA020000 		.4byte	.LASF20
 790 0149 01       		.byte	0x1
 791 014a 67       		.byte	0x67
 792 014b 00000000 		.4byte	.LFB9
 793 014f 24000000 		.4byte	.LFE9-.LFB9
 794 0153 01       		.uleb128 0x1
 795 0154 9C       		.byte	0x9c
 796 0155 6D010000 		.4byte	0x16d
 797 0159 0B       		.uleb128 0xb
 798 015a 14000000 		.4byte	.LVL4
 799 015e C2000000 		.4byte	0xc2
 800 0162 0C       		.uleb128 0xc
 801 0163 01       		.uleb128 0x1
 802 0164 50       		.byte	0x50
 803 0165 05       		.uleb128 0x5
 804 0166 03       		.byte	0x3
 805 0167 10000000 		.4byte	.LC2
 806 016b 00       		.byte	0
 807 016c 00       		.byte	0
 808 016d 0A       		.uleb128 0xa
 809 016e 11000000 		.4byte	.LASF21
 810 0172 01       		.byte	0x1
 811 0173 72       		.byte	0x72
 812 0174 00000000 		.4byte	.LFB10
 813 0178 28000000 		.4byte	.LFE10-.LFB10
 814 017c 01       		.uleb128 0x1
 815 017d 9C       		.byte	0x9c
 816 017e 96010000 		.4byte	0x196
 817 0182 0B       		.uleb128 0xb
 818 0183 14000000 		.4byte	.LVL5
 819 0187 C2000000 		.4byte	0xc2
 820 018b 0C       		.uleb128 0xc
 821 018c 01       		.uleb128 0x1
 822 018d 50       		.byte	0x50
 823 018e 05       		.uleb128 0x5
 824 018f 03       		.byte	0x3
 825 0190 18000000 		.4byte	.LC3
 826 0194 00       		.byte	0
 827 0195 00       		.byte	0
 828 0196 0A       		.uleb128 0xa
 829 0197 00000000 		.4byte	.LASF22
 830 019b 01       		.byte	0x1
 831 019c 7E       		.byte	0x7e
 832 019d 00000000 		.4byte	.LFB11
ARM GAS  /tmp/cctRBcYQ.s 			page 16


 833 01a1 2C000000 		.4byte	.LFE11-.LFB11
 834 01a5 01       		.uleb128 0x1
 835 01a6 9C       		.byte	0x9c
 836 01a7 BF010000 		.4byte	0x1bf
 837 01ab 0B       		.uleb128 0xb
 838 01ac 16000000 		.4byte	.LVL6
 839 01b0 C2000000 		.4byte	0xc2
 840 01b4 0C       		.uleb128 0xc
 841 01b5 01       		.uleb128 0x1
 842 01b6 50       		.byte	0x50
 843 01b7 05       		.uleb128 0x5
 844 01b8 03       		.byte	0x3
 845 01b9 20000000 		.4byte	.LC4
 846 01bd 00       		.byte	0
 847 01be 00       		.byte	0
 848 01bf 0A       		.uleb128 0xa
 849 01c0 28020000 		.4byte	.LASF23
 850 01c4 01       		.byte	0x1
 851 01c5 8A       		.byte	0x8a
 852 01c6 00000000 		.4byte	.LFB12
 853 01ca 2C000000 		.4byte	.LFE12-.LFB12
 854 01ce 01       		.uleb128 0x1
 855 01cf 9C       		.byte	0x9c
 856 01d0 E8010000 		.4byte	0x1e8
 857 01d4 0B       		.uleb128 0xb
 858 01d5 16000000 		.4byte	.LVL7
 859 01d9 C2000000 		.4byte	0xc2
 860 01dd 0C       		.uleb128 0xc
 861 01de 01       		.uleb128 0x1
 862 01df 50       		.byte	0x50
 863 01e0 05       		.uleb128 0x5
 864 01e1 03       		.byte	0x3
 865 01e2 28000000 		.4byte	.LC5
 866 01e6 00       		.byte	0
 867 01e7 00       		.byte	0
 868 01e8 0A       		.uleb128 0xa
 869 01e9 D3010000 		.4byte	.LASF24
 870 01ed 01       		.byte	0x1
 871 01ee 96       		.byte	0x96
 872 01ef 00000000 		.4byte	.LFB13
 873 01f3 2C000000 		.4byte	.LFE13-.LFB13
 874 01f7 01       		.uleb128 0x1
 875 01f8 9C       		.byte	0x9c
 876 01f9 11020000 		.4byte	0x211
 877 01fd 0B       		.uleb128 0xb
 878 01fe 18000000 		.4byte	.LVL8
 879 0202 C2000000 		.4byte	0xc2
 880 0206 0C       		.uleb128 0xc
 881 0207 01       		.uleb128 0x1
 882 0208 50       		.byte	0x50
 883 0209 05       		.uleb128 0x5
 884 020a 03       		.byte	0x3
 885 020b 30000000 		.4byte	.LC6
 886 020f 00       		.byte	0
 887 0210 00       		.byte	0
 888 0211 0A       		.uleb128 0xa
 889 0212 4D000000 		.4byte	.LASF25
ARM GAS  /tmp/cctRBcYQ.s 			page 17


 890 0216 01       		.byte	0x1
 891 0217 A2       		.byte	0xa2
 892 0218 00000000 		.4byte	.LFB14
 893 021c 38000000 		.4byte	.LFE14-.LFB14
 894 0220 01       		.uleb128 0x1
 895 0221 9C       		.byte	0x9c
 896 0222 70020000 		.4byte	0x270
 897 0226 0D       		.uleb128 0xd
 898 0227 02000000 		.4byte	.LBB2
 899 022b 06000000 		.4byte	.LBE2-.LBB2
 900 022f 41020000 		.4byte	0x241
 901 0233 0E       		.uleb128 0xe
 902 0234 746D7000 		.ascii	"tmp\000"
 903 0238 01       		.byte	0x1
 904 0239 A4       		.byte	0xa4
 905 023a 8C000000 		.4byte	0x8c
 906 023e 01       		.uleb128 0x1
 907 023f 53       		.byte	0x53
 908 0240 00       		.byte	0
 909 0241 0D       		.uleb128 0xd
 910 0242 24000000 		.4byte	.LBB3
 911 0246 14000000 		.4byte	.LBE3-.LBB3
 912 024a 5C020000 		.4byte	0x25c
 913 024e 0E       		.uleb128 0xe
 914 024f 746D7000 		.ascii	"tmp\000"
 915 0253 01       		.byte	0x1
 916 0254 A8       		.byte	0xa8
 917 0255 8C000000 		.4byte	0x8c
 918 0259 01       		.uleb128 0x1
 919 025a 53       		.byte	0x53
 920 025b 00       		.byte	0
 921 025c 0B       		.uleb128 0xb
 922 025d 1C000000 		.4byte	.LVL9
 923 0261 C2000000 		.4byte	0xc2
 924 0265 0C       		.uleb128 0xc
 925 0266 01       		.uleb128 0x1
 926 0267 50       		.byte	0x50
 927 0268 05       		.uleb128 0x5
 928 0269 03       		.byte	0x3
 929 026a 38000000 		.4byte	.LC7
 930 026e 00       		.byte	0
 931 026f 00       		.byte	0
 932 0270 0A       		.uleb128 0xa
 933 0271 96020000 		.4byte	.LASF26
 934 0275 01       		.byte	0x1
 935 0276 B0       		.byte	0xb0
 936 0277 00000000 		.4byte	.LFB15
 937 027b 38000000 		.4byte	.LFE15-.LFB15
 938 027f 01       		.uleb128 0x1
 939 0280 9C       		.byte	0x9c
 940 0281 CF020000 		.4byte	0x2cf
 941 0285 0D       		.uleb128 0xd
 942 0286 02000000 		.4byte	.LBB4
 943 028a 06000000 		.4byte	.LBE4-.LBB4
 944 028e A0020000 		.4byte	0x2a0
 945 0292 0E       		.uleb128 0xe
 946 0293 746D7000 		.ascii	"tmp\000"
ARM GAS  /tmp/cctRBcYQ.s 			page 18


 947 0297 01       		.byte	0x1
 948 0298 B2       		.byte	0xb2
 949 0299 8C000000 		.4byte	0x8c
 950 029d 01       		.uleb128 0x1
 951 029e 53       		.byte	0x53
 952 029f 00       		.byte	0
 953 02a0 0D       		.uleb128 0xd
 954 02a1 24000000 		.4byte	.LBB5
 955 02a5 14000000 		.4byte	.LBE5-.LBB5
 956 02a9 BB020000 		.4byte	0x2bb
 957 02ad 0E       		.uleb128 0xe
 958 02ae 746D7000 		.ascii	"tmp\000"
 959 02b2 01       		.byte	0x1
 960 02b3 B6       		.byte	0xb6
 961 02b4 8C000000 		.4byte	0x8c
 962 02b8 01       		.uleb128 0x1
 963 02b9 53       		.byte	0x53
 964 02ba 00       		.byte	0
 965 02bb 0B       		.uleb128 0xb
 966 02bc 1C000000 		.4byte	.LVL10
 967 02c0 C2000000 		.4byte	0xc2
 968 02c4 0C       		.uleb128 0xc
 969 02c5 01       		.uleb128 0x1
 970 02c6 50       		.byte	0x50
 971 02c7 05       		.uleb128 0x5
 972 02c8 03       		.byte	0x3
 973 02c9 40000000 		.4byte	.LC8
 974 02cd 00       		.byte	0
 975 02ce 00       		.byte	0
 976 02cf 0A       		.uleb128 0xa
 977 02d0 2A000000 		.4byte	.LASF27
 978 02d4 01       		.byte	0x1
 979 02d5 C1       		.byte	0xc1
 980 02d6 00000000 		.4byte	.LFB16
 981 02da 28000000 		.4byte	.LFE16-.LFB16
 982 02de 01       		.uleb128 0x1
 983 02df 9C       		.byte	0x9c
 984 02e0 F8020000 		.4byte	0x2f8
 985 02e4 0B       		.uleb128 0xb
 986 02e5 18000000 		.4byte	.LVL11
 987 02e9 C2000000 		.4byte	0xc2
 988 02ed 0C       		.uleb128 0xc
 989 02ee 01       		.uleb128 0x1
 990 02ef 50       		.byte	0x50
 991 02f0 05       		.uleb128 0x5
 992 02f1 03       		.byte	0x3
 993 02f2 48000000 		.4byte	.LC9
 994 02f6 00       		.byte	0
 995 02f7 00       		.byte	0
 996 02f8 0A       		.uleb128 0xa
 997 02f9 61000000 		.4byte	.LASF28
 998 02fd 01       		.byte	0x1
 999 02fe CF       		.byte	0xcf
 1000 02ff 00000000 		.4byte	.LFB17
 1001 0303 24000000 		.4byte	.LFE17-.LFB17
 1002 0307 01       		.uleb128 0x1
 1003 0308 9C       		.byte	0x9c
ARM GAS  /tmp/cctRBcYQ.s 			page 19


 1004 0309 21030000 		.4byte	0x321
 1005 030d 0B       		.uleb128 0xb
 1006 030e 16000000 		.4byte	.LVL12
 1007 0312 C2000000 		.4byte	0xc2
 1008 0316 0C       		.uleb128 0xc
 1009 0317 01       		.uleb128 0x1
 1010 0318 50       		.byte	0x50
 1011 0319 05       		.uleb128 0x5
 1012 031a 03       		.byte	0x3
 1013 031b 50000000 		.4byte	.LC10
 1014 031f 00       		.byte	0
 1015 0320 00       		.byte	0
 1016 0321 0F       		.uleb128 0xf
 1017 0322 05020000 		.4byte	.LASF29
 1018 0326 01       		.byte	0x1
 1019 0327 45       		.byte	0x45
 1020 0328 9E000000 		.4byte	0x9e
 1021 032c 05       		.uleb128 0x5
 1022 032d 03       		.byte	0x3
 1023 032e 00000000 		.4byte	dbg_isr_cnt
 1024 0332 0F       		.uleb128 0xf
 1025 0333 7F020000 		.4byte	.LASF30
 1026 0337 01       		.byte	0x1
 1027 0338 4A       		.byte	0x4a
 1028 0339 9E000000 		.4byte	0x9e
 1029 033d 05       		.uleb128 0x5
 1030 033e 03       		.byte	0x3
 1031 033f 00000000 		.4byte	dbg_lock_cnt
 1032 0343 10       		.uleb128 0x10
 1033 0344 BB000000 		.4byte	.LASF31
 1034 0348 01       		.byte	0x1
 1035 0349 0801     		.2byte	0x108
 1036 034b B0000000 		.4byte	0xb0
 1037 034f 05       		.uleb128 0x5
 1038 0350 03       		.byte	0x3
 1039 0351 00000000 		.4byte	dbg_panic_msg
 1040 0355 11       		.uleb128 0x11
 1041 0356 46020000 		.4byte	.LASF35
 1042 035a 05       		.byte	0x5
 1043 035b 0102     		.2byte	0x201
 1044 035d 00       		.byte	0
 1045              		.section	.debug_abbrev,"",%progbits
 1046              	.Ldebug_abbrev0:
 1047 0000 01       		.uleb128 0x1
 1048 0001 11       		.uleb128 0x11
 1049 0002 01       		.byte	0x1
 1050 0003 25       		.uleb128 0x25
 1051 0004 0E       		.uleb128 0xe
 1052 0005 13       		.uleb128 0x13
 1053 0006 0B       		.uleb128 0xb
 1054 0007 03       		.uleb128 0x3
 1055 0008 0E       		.uleb128 0xe
 1056 0009 1B       		.uleb128 0x1b
 1057 000a 0E       		.uleb128 0xe
 1058 000b 55       		.uleb128 0x55
 1059 000c 17       		.uleb128 0x17
 1060 000d 11       		.uleb128 0x11
ARM GAS  /tmp/cctRBcYQ.s 			page 20


 1061 000e 01       		.uleb128 0x1
 1062 000f 10       		.uleb128 0x10
 1063 0010 17       		.uleb128 0x17
 1064 0011 00       		.byte	0
 1065 0012 00       		.byte	0
 1066 0013 02       		.uleb128 0x2
 1067 0014 24       		.uleb128 0x24
 1068 0015 00       		.byte	0
 1069 0016 0B       		.uleb128 0xb
 1070 0017 0B       		.uleb128 0xb
 1071 0018 3E       		.uleb128 0x3e
 1072 0019 0B       		.uleb128 0xb
 1073 001a 03       		.uleb128 0x3
 1074 001b 08       		.uleb128 0x8
 1075 001c 00       		.byte	0
 1076 001d 00       		.byte	0
 1077 001e 03       		.uleb128 0x3
 1078 001f 24       		.uleb128 0x24
 1079 0020 00       		.byte	0
 1080 0021 0B       		.uleb128 0xb
 1081 0022 0B       		.uleb128 0xb
 1082 0023 3E       		.uleb128 0x3e
 1083 0024 0B       		.uleb128 0xb
 1084 0025 03       		.uleb128 0x3
 1085 0026 0E       		.uleb128 0xe
 1086 0027 00       		.byte	0
 1087 0028 00       		.byte	0
 1088 0029 04       		.uleb128 0x4
 1089 002a 16       		.uleb128 0x16
 1090 002b 00       		.byte	0
 1091 002c 03       		.uleb128 0x3
 1092 002d 0E       		.uleb128 0xe
 1093 002e 3A       		.uleb128 0x3a
 1094 002f 0B       		.uleb128 0xb
 1095 0030 3B       		.uleb128 0x3b
 1096 0031 0B       		.uleb128 0xb
 1097 0032 49       		.uleb128 0x49
 1098 0033 13       		.uleb128 0x13
 1099 0034 00       		.byte	0
 1100 0035 00       		.byte	0
 1101 0036 05       		.uleb128 0x5
 1102 0037 0F       		.uleb128 0xf
 1103 0038 00       		.byte	0
 1104 0039 0B       		.uleb128 0xb
 1105 003a 0B       		.uleb128 0xb
 1106 003b 49       		.uleb128 0x49
 1107 003c 13       		.uleb128 0x13
 1108 003d 00       		.byte	0
 1109 003e 00       		.byte	0
 1110 003f 06       		.uleb128 0x6
 1111 0040 26       		.uleb128 0x26
 1112 0041 00       		.byte	0
 1113 0042 49       		.uleb128 0x49
 1114 0043 13       		.uleb128 0x13
 1115 0044 00       		.byte	0
 1116 0045 00       		.byte	0
 1117 0046 07       		.uleb128 0x7
ARM GAS  /tmp/cctRBcYQ.s 			page 21


 1118 0047 2E       		.uleb128 0x2e
 1119 0048 01       		.byte	0x1
 1120 0049 3F       		.uleb128 0x3f
 1121 004a 19       		.uleb128 0x19
 1122 004b 03       		.uleb128 0x3
 1123 004c 0E       		.uleb128 0xe
 1124 004d 3A       		.uleb128 0x3a
 1125 004e 0B       		.uleb128 0xb
 1126 004f 3B       		.uleb128 0x3b
 1127 0050 05       		.uleb128 0x5
 1128 0051 27       		.uleb128 0x27
 1129 0052 19       		.uleb128 0x19
 1130 0053 11       		.uleb128 0x11
 1131 0054 01       		.uleb128 0x1
 1132 0055 12       		.uleb128 0x12
 1133 0056 06       		.uleb128 0x6
 1134 0057 40       		.uleb128 0x40
 1135 0058 18       		.uleb128 0x18
 1136 0059 9742     		.uleb128 0x2117
 1137 005b 19       		.uleb128 0x19
 1138 005c 01       		.uleb128 0x1
 1139 005d 13       		.uleb128 0x13
 1140 005e 00       		.byte	0
 1141 005f 00       		.byte	0
 1142 0060 08       		.uleb128 0x8
 1143 0061 05       		.uleb128 0x5
 1144 0062 00       		.byte	0
 1145 0063 03       		.uleb128 0x3
 1146 0064 08       		.uleb128 0x8
 1147 0065 3A       		.uleb128 0x3a
 1148 0066 0B       		.uleb128 0xb
 1149 0067 3B       		.uleb128 0x3b
 1150 0068 05       		.uleb128 0x5
 1151 0069 49       		.uleb128 0x49
 1152 006a 13       		.uleb128 0x13
 1153 006b 02       		.uleb128 0x2
 1154 006c 17       		.uleb128 0x17
 1155 006d 00       		.byte	0
 1156 006e 00       		.byte	0
 1157 006f 09       		.uleb128 0x9
 1158 0070 898201   		.uleb128 0x4109
 1159 0073 00       		.byte	0
 1160 0074 11       		.uleb128 0x11
 1161 0075 01       		.uleb128 0x1
 1162 0076 31       		.uleb128 0x31
 1163 0077 13       		.uleb128 0x13
 1164 0078 00       		.byte	0
 1165 0079 00       		.byte	0
 1166 007a 0A       		.uleb128 0xa
 1167 007b 2E       		.uleb128 0x2e
 1168 007c 01       		.byte	0x1
 1169 007d 3F       		.uleb128 0x3f
 1170 007e 19       		.uleb128 0x19
 1171 007f 03       		.uleb128 0x3
 1172 0080 0E       		.uleb128 0xe
 1173 0081 3A       		.uleb128 0x3a
 1174 0082 0B       		.uleb128 0xb
ARM GAS  /tmp/cctRBcYQ.s 			page 22


 1175 0083 3B       		.uleb128 0x3b
 1176 0084 0B       		.uleb128 0xb
 1177 0085 27       		.uleb128 0x27
 1178 0086 19       		.uleb128 0x19
 1179 0087 11       		.uleb128 0x11
 1180 0088 01       		.uleb128 0x1
 1181 0089 12       		.uleb128 0x12
 1182 008a 06       		.uleb128 0x6
 1183 008b 40       		.uleb128 0x40
 1184 008c 18       		.uleb128 0x18
 1185 008d 9742     		.uleb128 0x2117
 1186 008f 19       		.uleb128 0x19
 1187 0090 01       		.uleb128 0x1
 1188 0091 13       		.uleb128 0x13
 1189 0092 00       		.byte	0
 1190 0093 00       		.byte	0
 1191 0094 0B       		.uleb128 0xb
 1192 0095 898201   		.uleb128 0x4109
 1193 0098 01       		.byte	0x1
 1194 0099 11       		.uleb128 0x11
 1195 009a 01       		.uleb128 0x1
 1196 009b 31       		.uleb128 0x31
 1197 009c 13       		.uleb128 0x13
 1198 009d 00       		.byte	0
 1199 009e 00       		.byte	0
 1200 009f 0C       		.uleb128 0xc
 1201 00a0 8A8201   		.uleb128 0x410a
 1202 00a3 00       		.byte	0
 1203 00a4 02       		.uleb128 0x2
 1204 00a5 18       		.uleb128 0x18
 1205 00a6 9142     		.uleb128 0x2111
 1206 00a8 18       		.uleb128 0x18
 1207 00a9 00       		.byte	0
 1208 00aa 00       		.byte	0
 1209 00ab 0D       		.uleb128 0xd
 1210 00ac 0B       		.uleb128 0xb
 1211 00ad 01       		.byte	0x1
 1212 00ae 11       		.uleb128 0x11
 1213 00af 01       		.uleb128 0x1
 1214 00b0 12       		.uleb128 0x12
 1215 00b1 06       		.uleb128 0x6
 1216 00b2 01       		.uleb128 0x1
 1217 00b3 13       		.uleb128 0x13
 1218 00b4 00       		.byte	0
 1219 00b5 00       		.byte	0
 1220 00b6 0E       		.uleb128 0xe
 1221 00b7 34       		.uleb128 0x34
 1222 00b8 00       		.byte	0
 1223 00b9 03       		.uleb128 0x3
 1224 00ba 08       		.uleb128 0x8
 1225 00bb 3A       		.uleb128 0x3a
 1226 00bc 0B       		.uleb128 0xb
 1227 00bd 3B       		.uleb128 0x3b
 1228 00be 0B       		.uleb128 0xb
 1229 00bf 49       		.uleb128 0x49
 1230 00c0 13       		.uleb128 0x13
 1231 00c1 02       		.uleb128 0x2
ARM GAS  /tmp/cctRBcYQ.s 			page 23


 1232 00c2 18       		.uleb128 0x18
 1233 00c3 00       		.byte	0
 1234 00c4 00       		.byte	0
 1235 00c5 0F       		.uleb128 0xf
 1236 00c6 34       		.uleb128 0x34
 1237 00c7 00       		.byte	0
 1238 00c8 03       		.uleb128 0x3
 1239 00c9 0E       		.uleb128 0xe
 1240 00ca 3A       		.uleb128 0x3a
 1241 00cb 0B       		.uleb128 0xb
 1242 00cc 3B       		.uleb128 0x3b
 1243 00cd 0B       		.uleb128 0xb
 1244 00ce 49       		.uleb128 0x49
 1245 00cf 13       		.uleb128 0x13
 1246 00d0 3F       		.uleb128 0x3f
 1247 00d1 19       		.uleb128 0x19
 1248 00d2 02       		.uleb128 0x2
 1249 00d3 18       		.uleb128 0x18
 1250 00d4 00       		.byte	0
 1251 00d5 00       		.byte	0
 1252 00d6 10       		.uleb128 0x10
 1253 00d7 34       		.uleb128 0x34
 1254 00d8 00       		.byte	0
 1255 00d9 03       		.uleb128 0x3
 1256 00da 0E       		.uleb128 0xe
 1257 00db 3A       		.uleb128 0x3a
 1258 00dc 0B       		.uleb128 0xb
 1259 00dd 3B       		.uleb128 0x3b
 1260 00de 05       		.uleb128 0x5
 1261 00df 49       		.uleb128 0x49
 1262 00e0 13       		.uleb128 0x13
 1263 00e1 3F       		.uleb128 0x3f
 1264 00e2 19       		.uleb128 0x19
 1265 00e3 02       		.uleb128 0x2
 1266 00e4 18       		.uleb128 0x18
 1267 00e5 00       		.byte	0
 1268 00e6 00       		.byte	0
 1269 00e7 11       		.uleb128 0x11
 1270 00e8 2E       		.uleb128 0x2e
 1271 00e9 00       		.byte	0
 1272 00ea 3F       		.uleb128 0x3f
 1273 00eb 19       		.uleb128 0x19
 1274 00ec 03       		.uleb128 0x3
 1275 00ed 0E       		.uleb128 0xe
 1276 00ee 3A       		.uleb128 0x3a
 1277 00ef 0B       		.uleb128 0xb
 1278 00f0 3B       		.uleb128 0x3b
 1279 00f1 05       		.uleb128 0x5
 1280 00f2 27       		.uleb128 0x27
 1281 00f3 19       		.uleb128 0x19
 1282 00f4 3C       		.uleb128 0x3c
 1283 00f5 19       		.uleb128 0x19
 1284 00f6 00       		.byte	0
 1285 00f7 00       		.byte	0
 1286 00f8 00       		.byte	0
 1287              		.section	.debug_loc,"",%progbits
 1288              	.Ldebug_loc0:
ARM GAS  /tmp/cctRBcYQ.s 			page 24


 1289              	.LLST0:
 1290 0000 00000000 		.4byte	.LVL0
 1291 0004 09000000 		.4byte	.LVL1-1
 1292 0008 0100     		.2byte	0x1
 1293 000a 50       		.byte	0x50
 1294 000b 09000000 		.4byte	.LVL1-1
 1295 000f 10000000 		.4byte	.LFE18
 1296 0013 0400     		.2byte	0x4
 1297 0015 F3       		.byte	0xf3
 1298 0016 01       		.uleb128 0x1
 1299 0017 50       		.byte	0x50
 1300 0018 9F       		.byte	0x9f
 1301 0019 00000000 		.4byte	0
 1302 001d 00000000 		.4byte	0
 1303              		.section	.debug_aranges,"",%progbits
 1304 0000 74000000 		.4byte	0x74
 1305 0004 0200     		.2byte	0x2
 1306 0006 00000000 		.4byte	.Ldebug_info0
 1307 000a 04       		.byte	0x4
 1308 000b 00       		.byte	0
 1309 000c 0000     		.2byte	0
 1310 000e 0000     		.2byte	0
 1311 0010 00000000 		.4byte	.LFB18
 1312 0014 10000000 		.4byte	.LFE18-.LFB18
 1313 0018 00000000 		.4byte	.LFB7
 1314 001c 24000000 		.4byte	.LFE7-.LFB7
 1315 0020 00000000 		.4byte	.LFB8
 1316 0024 24000000 		.4byte	.LFE8-.LFB8
 1317 0028 00000000 		.4byte	.LFB9
 1318 002c 24000000 		.4byte	.LFE9-.LFB9
 1319 0030 00000000 		.4byte	.LFB10
 1320 0034 28000000 		.4byte	.LFE10-.LFB10
 1321 0038 00000000 		.4byte	.LFB11
 1322 003c 2C000000 		.4byte	.LFE11-.LFB11
 1323 0040 00000000 		.4byte	.LFB12
 1324 0044 2C000000 		.4byte	.LFE12-.LFB12
 1325 0048 00000000 		.4byte	.LFB13
 1326 004c 2C000000 		.4byte	.LFE13-.LFB13
 1327 0050 00000000 		.4byte	.LFB14
 1328 0054 38000000 		.4byte	.LFE14-.LFB14
 1329 0058 00000000 		.4byte	.LFB15
 1330 005c 38000000 		.4byte	.LFE15-.LFB15
 1331 0060 00000000 		.4byte	.LFB16
 1332 0064 28000000 		.4byte	.LFE16-.LFB16
 1333 0068 00000000 		.4byte	.LFB17
 1334 006c 24000000 		.4byte	.LFE17-.LFB17
 1335 0070 00000000 		.4byte	0
 1336 0074 00000000 		.4byte	0
 1337              		.section	.debug_ranges,"",%progbits
 1338              	.Ldebug_ranges0:
 1339 0000 00000000 		.4byte	.LFB18
 1340 0004 10000000 		.4byte	.LFE18
 1341 0008 00000000 		.4byte	.LFB7
 1342 000c 24000000 		.4byte	.LFE7
 1343 0010 00000000 		.4byte	.LFB8
 1344 0014 24000000 		.4byte	.LFE8
 1345 0018 00000000 		.4byte	.LFB9
ARM GAS  /tmp/cctRBcYQ.s 			page 25


 1346 001c 24000000 		.4byte	.LFE9
 1347 0020 00000000 		.4byte	.LFB10
 1348 0024 28000000 		.4byte	.LFE10
 1349 0028 00000000 		.4byte	.LFB11
 1350 002c 2C000000 		.4byte	.LFE11
 1351 0030 00000000 		.4byte	.LFB12
 1352 0034 2C000000 		.4byte	.LFE12
 1353 0038 00000000 		.4byte	.LFB13
 1354 003c 2C000000 		.4byte	.LFE13
 1355 0040 00000000 		.4byte	.LFB14
 1356 0044 38000000 		.4byte	.LFE14
 1357 0048 00000000 		.4byte	.LFB15
 1358 004c 38000000 		.4byte	.LFE15
 1359 0050 00000000 		.4byte	.LFB16
 1360 0054 28000000 		.4byte	.LFE16
 1361 0058 00000000 		.4byte	.LFB17
 1362 005c 24000000 		.4byte	.LFE17
 1363 0060 00000000 		.4byte	0
 1364 0064 00000000 		.4byte	0
 1365              		.section	.debug_line,"",%progbits
 1366              	.Ldebug_line0:
 1367 0000 14020000 		.section	.debug_str,"MS",%progbits,1
 1367      0200DF00 
 1367      00000201 
 1367      FB0E0D00 
 1367      01010101 
 1368              	.LASF22:
 1369 0000 6462675F 		.ascii	"dbg_check_unlock\000"
 1369      63686563 
 1369      6B5F756E 
 1369      6C6F636B 
 1369      00
 1370              	.LASF21:
 1371 0011 6462675F 		.ascii	"dbg_check_lock\000"
 1371      63686563 
 1371      6B5F6C6F 
 1371      636B00
 1372              	.LASF6:
 1373 0020 5F5F696E 		.ascii	"__int32_t\000"
 1373      7433325F 
 1373      7400
 1374              	.LASF27:
 1375 002a 63684462 		.ascii	"chDbgCheckClassI\000"
 1375      67436865 
 1375      636B436C 
 1375      61737349 
 1375      00
 1376              	.LASF18:
 1377 003b 6462675F 		.ascii	"dbg_check_disable\000"
 1377      63686563 
 1377      6B5F6469 
 1377      7361626C 
 1377      6500
 1378              	.LASF25:
 1379 004d 6462675F 		.ascii	"dbg_check_enter_isr\000"
 1379      63686563 
 1379      6B5F656E 
ARM GAS  /tmp/cctRBcYQ.s 			page 26


 1379      7465725F 
 1379      69737200 
 1380              	.LASF28:
 1381 0061 63684462 		.ascii	"chDbgCheckClassS\000"
 1381      67436865 
 1381      636B436C 
 1381      61737353 
 1381      00
 1382              	.LASF33:
 1383 0072 2E2E2F2E 		.ascii	"../../ChibiOS-RT/os/kernel/src/chdebug.c\000"
 1383      2E2F4368 
 1383      6962694F 
 1383      532D5254 
 1383      2F6F732F 
 1384              	.LASF19:
 1385 009b 6462675F 		.ascii	"dbg_check_suspend\000"
 1385      63686563 
 1385      6B5F7375 
 1385      7370656E 
 1385      6400
 1386              	.LASF2:
 1387 00ad 756E7369 		.ascii	"unsigned char\000"
 1387      676E6564 
 1387      20636861 
 1387      7200
 1388              	.LASF31:
 1389 00bb 6462675F 		.ascii	"dbg_panic_msg\000"
 1389      70616E69 
 1389      635F6D73 
 1389      6700
 1390              	.LASF8:
 1391 00c9 6C6F6E67 		.ascii	"long unsigned int\000"
 1391      20756E73 
 1391      69676E65 
 1391      6420696E 
 1391      7400
 1392              	.LASF4:
 1393 00db 73686F72 		.ascii	"short unsigned int\000"
 1393      7420756E 
 1393      7369676E 
 1393      65642069 
 1393      6E7400
 1394              	.LASF34:
 1395 00ee 2F686F6D 		.ascii	"/home/seth/marionette-firmware/src/CAN\000"
 1395      652F7365 
 1395      74682F6D 
 1395      6172696F 
 1395      6E657474 
 1396              	.LASF32:
 1397 0115 474E5520 		.ascii	"GNU C 4.9.2 20150128 (prerelease) -mcpu=cortex-m4 -"
 1397      4320342E 
 1397      392E3220 
 1397      32303135 
 1397      30313238 
 1398 0148 6D6E6F2D 		.ascii	"mno-thumb-interwork -mthumb -ggdb -Og -std=gnu99 -f"
 1398      7468756D 
 1398      622D696E 
ARM GAS  /tmp/cctRBcYQ.s 			page 27


 1398      74657277 
 1398      6F726B20 
 1399 017b 6F6D6974 		.ascii	"omit-frame-pointer -falign-functions=16 -ffunction-"
 1399      2D667261 
 1399      6D652D70 
 1399      6F696E74 
 1399      6572202D 
 1400 01ae 73656374 		.ascii	"sections -fdata-sections -fno-common\000"
 1400      696F6E73 
 1400      202D6664 
 1400      6174612D 
 1400      73656374 
 1401              	.LASF24:
 1402 01d3 6462675F 		.ascii	"dbg_check_unlock_from_isr\000"
 1402      63686563 
 1402      6B5F756E 
 1402      6C6F636B 
 1402      5F66726F 
 1403              	.LASF7:
 1404 01ed 5F5F7569 		.ascii	"__uint32_t\000"
 1404      6E743332 
 1404      5F7400
 1405              	.LASF0:
 1406 01f8 756E7369 		.ascii	"unsigned int\000"
 1406      676E6564 
 1406      20696E74 
 1406      00
 1407              	.LASF29:
 1408 0205 6462675F 		.ascii	"dbg_isr_cnt\000"
 1408      6973725F 
 1408      636E7400 
 1409              	.LASF10:
 1410 0211 6C6F6E67 		.ascii	"long long unsigned int\000"
 1410      206C6F6E 
 1410      6720756E 
 1410      7369676E 
 1410      65642069 
 1411              	.LASF23:
 1412 0228 6462675F 		.ascii	"dbg_check_lock_from_isr\000"
 1412      63686563 
 1412      6B5F6C6F 
 1412      636B5F66 
 1412      726F6D5F 
 1413              	.LASF14:
 1414 0240 636E745F 		.ascii	"cnt_t\000"
 1414      7400
 1415              	.LASF35:
 1416 0246 706F7274 		.ascii	"port_halt\000"
 1416      5F68616C 
 1416      7400
 1417              	.LASF11:
 1418 0250 696E7433 		.ascii	"int32_t\000"
 1418      325F7400 
 1419              	.LASF15:
 1420 0258 73697A65 		.ascii	"sizetype\000"
 1420      74797065 
 1420      00
ARM GAS  /tmp/cctRBcYQ.s 			page 28


 1421              	.LASF9:
 1422 0261 6C6F6E67 		.ascii	"long long int\000"
 1422      206C6F6E 
 1422      6720696E 
 1422      7400
 1423              	.LASF16:
 1424 026f 63686172 		.ascii	"char\000"
 1424      00
 1425              	.LASF17:
 1426 0274 63684462 		.ascii	"chDbgPanic\000"
 1426      6750616E 
 1426      696300
 1427              	.LASF30:
 1428 027f 6462675F 		.ascii	"dbg_lock_cnt\000"
 1428      6C6F636B 
 1428      5F636E74 
 1428      00
 1429              	.LASF3:
 1430 028c 73686F72 		.ascii	"short int\000"
 1430      7420696E 
 1430      7400
 1431              	.LASF26:
 1432 0296 6462675F 		.ascii	"dbg_check_leave_isr\000"
 1432      63686563 
 1432      6B5F6C65 
 1432      6176655F 
 1432      69737200 
 1433              	.LASF20:
 1434 02aa 6462675F 		.ascii	"dbg_check_enable\000"
 1434      63686563 
 1434      6B5F656E 
 1434      61626C65 
 1434      00
 1435              	.LASF12:
 1436 02bb 75696E74 		.ascii	"uint32_t\000"
 1436      33325F74 
 1436      00
 1437              	.LASF5:
 1438 02c4 6C6F6E67 		.ascii	"long int\000"
 1438      20696E74 
 1438      00
 1439              	.LASF1:
 1440 02cd 7369676E 		.ascii	"signed char\000"
 1440      65642063 
 1440      68617200 
 1441              	.LASF13:
 1442 02d9 5F426F6F 		.ascii	"_Bool\000"
 1442      6C00
 1443              		.ident	"GCC: (Arch Repository) 4.9.2 20150128 (prerelease)"
ARM GAS  /tmp/cctRBcYQ.s 			page 29


DEFINED SYMBOLS
                            *ABS*:0000000000000000 chdebug.c
     /tmp/cctRBcYQ.s:19     .text.chDbgPanic:0000000000000000 $t
     /tmp/cctRBcYQ.s:25     .text.chDbgPanic:0000000000000000 chDbgPanic
     /tmp/cctRBcYQ.s:47     .text.chDbgPanic:000000000000000c $d
     /tmp/cctRBcYQ.s:52     .text.dbg_check_disable:0000000000000000 $t
     /tmp/cctRBcYQ.s:58     .text.dbg_check_disable:0000000000000000 dbg_check_disable
     /tmp/cctRBcYQ.s:86     .text.dbg_check_disable:0000000000000018 $d
     /tmp/cctRBcYQ.s:93     .text.dbg_check_suspend:0000000000000000 $t
     /tmp/cctRBcYQ.s:99     .text.dbg_check_suspend:0000000000000000 dbg_check_suspend
     /tmp/cctRBcYQ.s:127    .text.dbg_check_suspend:0000000000000018 $d
     /tmp/cctRBcYQ.s:134    .text.dbg_check_enable:0000000000000000 $t
     /tmp/cctRBcYQ.s:140    .text.dbg_check_enable:0000000000000000 dbg_check_enable
     /tmp/cctRBcYQ.s:168    .text.dbg_check_enable:0000000000000018 $d
     /tmp/cctRBcYQ.s:175    .text.dbg_check_lock:0000000000000000 $t
     /tmp/cctRBcYQ.s:181    .text.dbg_check_lock:0000000000000000 dbg_check_lock
     /tmp/cctRBcYQ.s:213    .text.dbg_check_lock:000000000000001c $d
     /tmp/cctRBcYQ.s:220    .text.dbg_check_unlock:0000000000000000 $t
     /tmp/cctRBcYQ.s:226    .text.dbg_check_unlock:0000000000000000 dbg_check_unlock
     /tmp/cctRBcYQ.s:259    .text.dbg_check_unlock:0000000000000020 $d
     /tmp/cctRBcYQ.s:266    .text.dbg_check_lock_from_isr:0000000000000000 $t
     /tmp/cctRBcYQ.s:272    .text.dbg_check_lock_from_isr:0000000000000000 dbg_check_lock_from_isr
     /tmp/cctRBcYQ.s:305    .text.dbg_check_lock_from_isr:0000000000000020 $d
     /tmp/cctRBcYQ.s:312    .text.dbg_check_unlock_from_isr:0000000000000000 $t
     /tmp/cctRBcYQ.s:318    .text.dbg_check_unlock_from_isr:0000000000000000 dbg_check_unlock_from_isr
     /tmp/cctRBcYQ.s:352    .text.dbg_check_unlock_from_isr:0000000000000020 $d
     /tmp/cctRBcYQ.s:359    .text.dbg_check_enter_isr:0000000000000000 $t
     /tmp/cctRBcYQ.s:365    .text.dbg_check_enter_isr:0000000000000000 dbg_check_enter_isr
     /tmp/cctRBcYQ.s:414    .text.dbg_check_enter_isr:000000000000002c $d
     /tmp/cctRBcYQ.s:422    .text.dbg_check_leave_isr:0000000000000000 $t
     /tmp/cctRBcYQ.s:428    .text.dbg_check_leave_isr:0000000000000000 dbg_check_leave_isr
     /tmp/cctRBcYQ.s:477    .text.dbg_check_leave_isr:000000000000002c $d
     /tmp/cctRBcYQ.s:485    .text.chDbgCheckClassI:0000000000000000 $t
     /tmp/cctRBcYQ.s:491    .text.chDbgCheckClassI:0000000000000000 chDbgCheckClassI
     /tmp/cctRBcYQ.s:521    .text.chDbgCheckClassI:000000000000001c $d
     /tmp/cctRBcYQ.s:528    .text.chDbgCheckClassS:0000000000000000 $t
     /tmp/cctRBcYQ.s:534    .text.chDbgCheckClassS:0000000000000000 chDbgCheckClassS
     /tmp/cctRBcYQ.s:563    .text.chDbgCheckClassS:0000000000000018 $d
     /tmp/cctRBcYQ.s:625    .bss.dbg_panic_msg:0000000000000000 dbg_panic_msg
     /tmp/cctRBcYQ.s:618    .bss.dbg_lock_cnt:0000000000000000 dbg_lock_cnt
     /tmp/cctRBcYQ.s:577    .bss.dbg_isr_cnt:0000000000000000 dbg_isr_cnt
     /tmp/cctRBcYQ.s:573    .bss.dbg_isr_cnt:0000000000000000 $d
     /tmp/cctRBcYQ.s:580    .rodata.str1.4:0000000000000000 $d
     /tmp/cctRBcYQ.s:614    .bss.dbg_lock_cnt:0000000000000000 $d
     /tmp/cctRBcYQ.s:621    .bss.dbg_panic_msg:0000000000000000 $d
                     .debug_frame:0000000000000010 $d
     /tmp/cctRBcYQ.s:92     .text.dbg_check_disable:0000000000000024 $t
     /tmp/cctRBcYQ.s:133    .text.dbg_check_suspend:0000000000000024 $t
     /tmp/cctRBcYQ.s:174    .text.dbg_check_enable:0000000000000024 $t
     /tmp/cctRBcYQ.s:219    .text.dbg_check_lock:0000000000000028 $t
     /tmp/cctRBcYQ.s:265    .text.dbg_check_unlock:000000000000002c $t
     /tmp/cctRBcYQ.s:311    .text.dbg_check_lock_from_isr:000000000000002c $t
     /tmp/cctRBcYQ.s:358    .text.dbg_check_unlock_from_isr:000000000000002c $t
     /tmp/cctRBcYQ.s:421    .text.dbg_check_enter_isr:0000000000000038 $t
     /tmp/cctRBcYQ.s:484    .text.dbg_check_leave_isr:0000000000000038 $t
     /tmp/cctRBcYQ.s:527    .text.chDbgCheckClassI:0000000000000028 $t
     /tmp/cctRBcYQ.s:572    .text.chDbgCheckClassS:0000000000000024 $t
ARM GAS  /tmp/cctRBcYQ.s 			page 30



UNDEFINED SYMBOLS
port_halt
