ARM GAS  /tmp/ccBEok1U.s 			page 1


   1              		.syntax unified
   2              		.cpu cortex-m4
   3              		.fpu softvfp
   4              		.eabi_attribute 20, 1
   5              		.eabi_attribute 21, 1
   6              		.eabi_attribute 23, 3
   7              		.eabi_attribute 24, 1
   8              		.eabi_attribute 25, 1
   9              		.eabi_attribute 26, 1
  10              		.eabi_attribute 30, 1
  11              		.eabi_attribute 34, 1
  12              		.eabi_attribute 18, 4
  13              		.thumb
  14              		.file	"chheap.c"
  15              		.text
  16              	.Ltext0:
  17              		.cfi_sections	.debug_frame
  18              		.section	.text._heap_init,"ax",%progbits
  19              		.align	2
  20              		.p2align 4,,15
  21              		.global	_heap_init
  22              		.thumb
  23              		.thumb_func
  24              		.type	_heap_init, %function
  25              	_heap_init:
  26              	.LFB7:
  27              		.file 1 "../../ChibiOS-RT/os/kernel/src/chheap.c"
  28              		.loc 1 75 0
  29              		.cfi_startproc
  30              		@ args = 0, pretend = 0, frame = 0
  31              		@ frame_needed = 0, uses_anonymous_args = 0
  32 0000 08B5     		push	{r3, lr}
  33              		.cfi_def_cfa_offset 8
  34              		.cfi_offset 3, -8
  35              		.cfi_offset 14, -4
  36              		.loc 1 76 0
  37 0002 0548     		ldr	r0, .L3
  38 0004 054B     		ldr	r3, .L3+4
  39 0006 0360     		str	r3, [r0]
  40              		.loc 1 77 0
  41 0008 0023     		movs	r3, #0
  42 000a 8360     		str	r3, [r0, #8]
  43              		.loc 1 78 0
  44 000c C360     		str	r3, [r0, #12]
  45              		.loc 1 80 0
  46 000e 1030     		adds	r0, r0, #16
  47 0010 FFF7FEFF 		bl	chMtxInit
  48              	.LVL0:
  49 0014 08BD     		pop	{r3, pc}
  50              	.L4:
  51 0016 00BF     		.align	2
  52              	.L3:
  53 0018 00000000 		.word	.LANCHOR0
  54 001c 00000000 		.word	chCoreAlloc
  55              		.cfi_endproc
  56              	.LFE7:
  57              		.size	_heap_init, .-_heap_init
ARM GAS  /tmp/ccBEok1U.s 			page 2


  58              		.section	.text.chHeapInit,"ax",%progbits
  59              		.align	2
  60              		.p2align 4,,15
  61              		.global	chHeapInit
  62              		.thumb
  63              		.thumb_func
  64              		.type	chHeapInit, %function
  65              	chHeapInit:
  66              	.LFB8:
  67              		.loc 1 99 0
  68              		.cfi_startproc
  69              		@ args = 0, pretend = 0, frame = 0
  70              		@ frame_needed = 0, uses_anonymous_args = 0
  71              	.LVL1:
  72 0000 08B5     		push	{r3, lr}
  73              		.cfi_def_cfa_offset 8
  74              		.cfi_offset 3, -8
  75              		.cfi_offset 14, -4
  76              		.loc 1 104 0
  77 0002 0023     		movs	r3, #0
  78 0004 0360     		str	r3, [r0]
  79              	.LVL2:
  80              		.loc 1 105 0
  81 0006 8160     		str	r1, [r0, #8]
  82              		.loc 1 106 0
  83 0008 C360     		str	r3, [r0, #12]
  84              		.loc 1 107 0
  85 000a 0B60     		str	r3, [r1]
  86              		.loc 1 108 0
  87 000c 083A     		subs	r2, r2, #8
  88              	.LVL3:
  89 000e 4A60     		str	r2, [r1, #4]
  90              		.loc 1 110 0
  91 0010 1030     		adds	r0, r0, #16
  92              	.LVL4:
  93 0012 FFF7FEFF 		bl	chMtxInit
  94              	.LVL5:
  95 0016 08BD     		pop	{r3, pc}
  96              		.cfi_endproc
  97              	.LFE8:
  98              		.size	chHeapInit, .-chHeapInit
  99 0018 AFF30080 		.section	.text.chHeapAlloc,"ax",%progbits
  99      AFF30080 
 100              		.align	2
 101              		.p2align 4,,15
 102              		.global	chHeapAlloc
 103              		.thumb
 104              		.thumb_func
 105              		.type	chHeapAlloc, %function
 106              	chHeapAlloc:
 107              	.LFB9:
 108              		.loc 1 132 0
 109              		.cfi_startproc
 110              		@ args = 0, pretend = 0, frame = 0
 111              		@ frame_needed = 0, uses_anonymous_args = 0
 112              	.LVL6:
 113 0000 70B5     		push	{r4, r5, r6, lr}
ARM GAS  /tmp/ccBEok1U.s 			page 3


 114              		.cfi_def_cfa_offset 16
 115              		.cfi_offset 4, -16
 116              		.cfi_offset 5, -12
 117              		.cfi_offset 6, -8
 118              		.cfi_offset 14, -4
 119              		.loc 1 135 0
 120 0002 0646     		mov	r6, r0
 121 0004 00B9     		cbnz	r0, .L8
 122              		.loc 1 136 0
 123 0006 1D4E     		ldr	r6, .L19
 124              	.L8:
 125              	.LVL7:
 126              		.loc 1 138 0
 127 0008 0731     		adds	r1, r1, #7
 128              	.LVL8:
 129 000a 21F00705 		bic	r5, r1, #7
 130              	.LVL9:
 131              		.loc 1 139 0
 132 000e 06F10804 		add	r4, r6, #8
 133              	.LVL10:
 134              		.loc 1 140 0
 135 0012 06F11000 		add	r0, r6, #16
 136 0016 FFF7FEFF 		bl	chMtxLock
 137              	.LVL11:
 138              		.loc 1 142 0
 139 001a 19E0     		b	.L9
 140              	.L13:
 141              	.LVL12:
 142              		.loc 1 144 0
 143 001c 5A68     		ldr	r2, [r3, #4]
 144 001e AA42     		cmp	r2, r5
 145 0020 15D3     		bcc	.L15
 146              		.loc 1 145 0
 147 0022 05F10801 		add	r1, r5, #8
 148 0026 8A42     		cmp	r2, r1
 149 0028 02D2     		bcs	.L10
 150              		.loc 1 149 0
 151 002a 1A68     		ldr	r2, [r3]
 152 002c 2260     		str	r2, [r4]
 153 002e 08E0     		b	.L11
 154              	.L10:
 155              		.loc 1 153 0
 156 0030 5818     		adds	r0, r3, r1
 157              	.LVL13:
 158              		.loc 1 154 0
 159 0032 1A68     		ldr	r2, [r3]
 160 0034 5A50     		str	r2, [r3, r1]
 161              		.loc 1 155 0
 162 0036 5A68     		ldr	r2, [r3, #4]
 163 0038 521B     		subs	r2, r2, r5
 164 003a 083A     		subs	r2, r2, #8
 165 003c 4260     		str	r2, [r0, #4]
 166              		.loc 1 156 0
 167 003e 2060     		str	r0, [r4]
 168              		.loc 1 157 0
 169 0040 5D60     		str	r5, [r3, #4]
 170              	.LVL14:
ARM GAS  /tmp/ccBEok1U.s 			page 4


 171              	.L11:
 172              		.loc 1 159 0
 173 0042 1C46     		mov	r4, r3
 174              	.LVL15:
 175 0044 44F8086B 		str	r6, [r4], #8
 176              		.loc 1 161 0
 177 0048 FFF7FEFF 		bl	chMtxUnlock
 178              	.LVL16:
 179              		.loc 1 162 0
 180 004c 13E0     		b	.L12
 181              	.LVL17:
 182              	.L15:
 183              		.loc 1 164 0
 184 004e 1C46     		mov	r4, r3
 185              	.LVL18:
 186              	.L9:
 187              		.loc 1 142 0
 188 0050 2368     		ldr	r3, [r4]
 189 0052 002B     		cmp	r3, #0
 190 0054 E2D1     		bne	.L13
 191              		.loc 1 167 0
 192 0056 FFF7FEFF 		bl	chMtxUnlock
 193              	.LVL19:
 194              		.loc 1 171 0
 195 005a 3368     		ldr	r3, [r6]
 196 005c 43B1     		cbz	r3, .L16
 197              		.loc 1 172 0
 198 005e 05F10800 		add	r0, r5, #8
 199 0062 9847     		blx	r3
 200              	.LVL20:
 201              		.loc 1 173 0
 202 0064 30B1     		cbz	r0, .L17
 203              		.loc 1 174 0
 204 0066 0660     		str	r6, [r0]
 205              		.loc 1 175 0
 206 0068 4560     		str	r5, [r0, #4]
 207              		.loc 1 176 0
 208 006a 00F10804 		add	r4, r0, #8
 209              	.LVL21:
 210              		.loc 1 177 0
 211 006e 02E0     		b	.L12
 212              	.LVL22:
 213              	.L16:
 214              		.loc 1 180 0
 215 0070 0024     		movs	r4, #0
 216              	.LVL23:
 217 0072 00E0     		b	.L12
 218              	.LVL24:
 219              	.L17:
 220 0074 0024     		movs	r4, #0
 221              	.LVL25:
 222              	.L12:
 223              		.loc 1 181 0
 224 0076 2046     		mov	r0, r4
 225 0078 70BD     		pop	{r4, r5, r6, pc}
 226              	.LVL26:
 227              	.L20:
ARM GAS  /tmp/ccBEok1U.s 			page 5


 228 007a 00BF     		.align	2
 229              	.L19:
 230 007c 00000000 		.word	.LANCHOR0
 231              		.cfi_endproc
 232              	.LFE9:
 233              		.size	chHeapAlloc, .-chHeapAlloc
 234              		.section	.text.chHeapFree,"ax",%progbits
 235              		.align	2
 236              		.p2align 4,,15
 237              		.global	chHeapFree
 238              		.thumb
 239              		.thumb_func
 240              		.type	chHeapFree, %function
 241              	chHeapFree:
 242              	.LFB10:
 243              		.loc 1 194 0
 244              		.cfi_startproc
 245              		@ args = 0, pretend = 0, frame = 0
 246              		@ frame_needed = 0, uses_anonymous_args = 0
 247              	.LVL27:
 248 0000 F8B5     		push	{r3, r4, r5, r6, r7, lr}
 249              		.cfi_def_cfa_offset 24
 250              		.cfi_offset 3, -24
 251              		.cfi_offset 4, -20
 252              		.cfi_offset 5, -16
 253              		.cfi_offset 6, -12
 254              		.cfi_offset 7, -8
 255              		.cfi_offset 14, -4
 256 0002 0746     		mov	r7, r0
 257              		.loc 1 200 0
 258 0004 A0F10805 		sub	r5, r0, #8
 259              	.LVL28:
 260              		.loc 1 201 0
 261 0008 50F8080C 		ldr	r0, [r0, #-8]
 262              	.LVL29:
 263              		.loc 1 202 0
 264 000c 00F10806 		add	r6, r0, #8
 265              	.LVL30:
 266              		.loc 1 203 0
 267 0010 1030     		adds	r0, r0, #16
 268              	.LVL31:
 269 0012 FFF7FEFF 		bl	chMtxLock
 270              	.LVL32:
 271              		.loc 1 202 0
 272 0016 3446     		mov	r4, r6
 273              	.LVL33:
 274              	.L28:
 275              		.loc 1 206 0
 276 0018 A542     		cmp	r5, r4
 277 001a 07D3     		bcc	.L22
 278              		.loc 1 206 0 is_stmt 0 discriminator 1
 279 001c 6368     		ldr	r3, [r4, #4]
 280 001e 0833     		adds	r3, r3, #8
 281 0020 2344     		add	r3, r3, r4
 282 0022 AB42     		cmp	r3, r5
 283 0024 02D9     		bls	.L22
 284              		.loc 1 206 0 discriminator 2
ARM GAS  /tmp/ccBEok1U.s 			page 6


 285 0026 1948     		ldr	r0, .L30
 286 0028 FFF7FEFF 		bl	chDbgPanic
 287              	.LVL34:
 288              	.L22:
 289              		.loc 1 210 0 is_stmt 1
 290 002c B442     		cmp	r4, r6
 291 002e 01D0     		beq	.L23
 292              		.loc 1 210 0 is_stmt 0 discriminator 2
 293 0030 A542     		cmp	r5, r4
 294 0032 26D9     		bls	.L24
 295              	.L23:
 296              		.loc 1 211 0 is_stmt 1 discriminator 3
 297 0034 2368     		ldr	r3, [r4]
 298              		.loc 1 210 0 discriminator 3
 299 0036 0BB1     		cbz	r3, .L25
 300              		.loc 1 211 0
 301 0038 9D42     		cmp	r5, r3
 302 003a 22D2     		bcs	.L24
 303              	.L25:
 304              		.loc 1 213 0
 305 003c 47F8083C 		str	r3, [r7, #-8]
 306              		.loc 1 214 0
 307 0040 2560     		str	r5, [r4]
 308              		.loc 1 216 0
 309 0042 57F8041C 		ldr	r1, [r7, #-4]
 310 0046 01F10803 		add	r3, r1, #8
 311 004a 2B44     		add	r3, r3, r5
 312 004c 57F8082C 		ldr	r2, [r7, #-8]
 313 0050 9342     		cmp	r3, r2
 314 0052 07D1     		bne	.L26
 315              		.loc 1 218 0
 316 0054 5368     		ldr	r3, [r2, #4]
 317 0056 0B44     		add	r3, r3, r1
 318 0058 0833     		adds	r3, r3, #8
 319 005a 47F8043C 		str	r3, [r7, #-4]
 320              		.loc 1 219 0
 321 005e 1368     		ldr	r3, [r2]
 322 0060 47F8083C 		str	r3, [r7, #-8]
 323              	.L26:
 324              		.loc 1 221 0
 325 0064 6268     		ldr	r2, [r4, #4]
 326 0066 02F10803 		add	r3, r2, #8
 327 006a 2344     		add	r3, r3, r4
 328 006c AB42     		cmp	r3, r5
 329 006e 0AD1     		bne	.L27
 330              		.loc 1 223 0
 331 0070 57F8043C 		ldr	r3, [r7, #-4]
 332 0074 1344     		add	r3, r3, r2
 333 0076 0833     		adds	r3, r3, #8
 334 0078 6360     		str	r3, [r4, #4]
 335              		.loc 1 224 0
 336 007a 57F8083C 		ldr	r3, [r7, #-8]
 337 007e 2360     		str	r3, [r4]
 338 0080 01E0     		b	.L27
 339              	.L24:
 340              		.loc 1 228 0
 341 0082 2468     		ldr	r4, [r4]
ARM GAS  /tmp/ccBEok1U.s 			page 7


 342              	.LVL35:
 343              		.loc 1 229 0
 344 0084 C8E7     		b	.L28
 345              	.L27:
 346              		.loc 1 231 0
 347 0086 FFF7FEFF 		bl	chMtxUnlock
 348              	.LVL36:
 349 008a F8BD     		pop	{r3, r4, r5, r6, r7, pc}
 350              	.LVL37:
 351              	.L31:
 352              		.align	2
 353              	.L30:
 354 008c 00000000 		.word	.LC0
 355              		.cfi_endproc
 356              	.LFE10:
 357              		.size	chHeapFree, .-chHeapFree
 358              		.section	.text.chHeapStatus,"ax",%progbits
 359              		.align	2
 360              		.p2align 4,,15
 361              		.global	chHeapStatus
 362              		.thumb
 363              		.thumb_func
 364              		.type	chHeapStatus, %function
 365              	chHeapStatus:
 366              	.LFB11:
 367              		.loc 1 250 0
 368              		.cfi_startproc
 369              		@ args = 0, pretend = 0, frame = 0
 370              		@ frame_needed = 0, uses_anonymous_args = 0
 371              	.LVL38:
 372 0000 38B5     		push	{r3, r4, r5, lr}
 373              		.cfi_def_cfa_offset 16
 374              		.cfi_offset 3, -16
 375              		.cfi_offset 4, -12
 376              		.cfi_offset 5, -8
 377              		.cfi_offset 14, -4
 378 0002 0D46     		mov	r5, r1
 379              		.loc 1 254 0
 380 0004 0446     		mov	r4, r0
 381 0006 00B9     		cbnz	r0, .L33
 382              		.loc 1 255 0
 383 0008 0A4C     		ldr	r4, .L39
 384              	.L33:
 385              	.LVL39:
 386              		.loc 1 257 0
 387 000a 04F11000 		add	r0, r4, #16
 388 000e FFF7FEFF 		bl	chMtxLock
 389              	.LVL40:
 390              		.loc 1 260 0
 391 0012 04F10803 		add	r3, r4, #8
 392              	.LVL41:
 393              		.loc 1 259 0
 394 0016 0022     		movs	r2, #0
 395              		.loc 1 260 0
 396 0018 1446     		mov	r4, r2
 397              	.LVL42:
 398 001a 02E0     		b	.L34
ARM GAS  /tmp/ccBEok1U.s 			page 8


 399              	.LVL43:
 400              	.L35:
 401              		.loc 1 261 0 discriminator 3
 402 001c 5868     		ldr	r0, [r3, #4]
 403 001e 0244     		add	r2, r2, r0
 404              	.LVL44:
 405              		.loc 1 260 0 discriminator 3
 406 0020 0134     		adds	r4, r4, #1
 407              	.LVL45:
 408              	.L34:
 409              		.loc 1 260 0 is_stmt 0 discriminator 1
 410 0022 1B68     		ldr	r3, [r3]
 411              	.LVL46:
 412 0024 002B     		cmp	r3, #0
 413 0026 F9D1     		bne	.L35
 414              		.loc 1 262 0 is_stmt 1
 415 0028 05B1     		cbz	r5, .L36
 416              		.loc 1 263 0
 417 002a 2A60     		str	r2, [r5]
 418              	.L36:
 419              		.loc 1 265 0
 420 002c FFF7FEFF 		bl	chMtxUnlock
 421              	.LVL47:
 422              		.loc 1 267 0
 423 0030 2046     		mov	r0, r4
 424 0032 38BD     		pop	{r3, r4, r5, pc}
 425              	.LVL48:
 426              	.L40:
 427              		.align	2
 428              	.L39:
 429 0034 00000000 		.word	.LANCHOR0
 430              		.cfi_endproc
 431              	.LFE11:
 432              		.size	chHeapStatus, .-chHeapStatus
 433 0038 AFF30080 		.section	.rodata.str1.4,"aMS",%progbits,1
 433      AFF30080 
 434              		.align	2
 435              	.LC0:
 436 0000 63684865 		.ascii	"chHeapFree(), #1\000"
 436      61704672 
 436      65652829 
 436      2C202331 
 436      00
 437 0011 000000   		.section	.bss.default_heap,"aw",%nobits
 438              		.align	3
 439              		.set	.LANCHOR0,. + 0
 440              		.type	default_heap, %object
 441              		.size	default_heap, 32
 442              	default_heap:
 443 0000 00000000 		.space	32
 443      00000000 
 443      00000000 
 443      00000000 
 443      00000000 
 444              		.text
 445              	.Letext0:
 446              		.file 2 "/usr/lib/gcc/arm-none-eabi/4.9.2/include/stddef.h"
ARM GAS  /tmp/ccBEok1U.s 			page 9


 447              		.file 3 "/usr/arm-none-eabi/include/machine/_default_types.h"
 448              		.file 4 "/usr/arm-none-eabi/include/stdint.h"
 449              		.file 5 "../../ChibiOS-RT/os/ports/GCC/ARMCMx/chtypes.h"
 450              		.file 6 "../../ChibiOS-RT/os/kernel/include/chlists.h"
 451              		.file 7 "../../ChibiOS-RT/os/kernel/include/chthreads.h"
 452              		.file 8 "../../ChibiOS-RT/os/ports/GCC/ARMCMx/chcore_v7m.h"
 453              		.file 9 "../../ChibiOS-RT/os/kernel/include/chmtx.h"
 454              		.file 10 "../../ChibiOS-RT/os/kernel/include/chmemcore.h"
 455              		.file 11 "../../ChibiOS-RT/os/kernel/include/chheap.h"
 456              		.file 12 "../../ChibiOS-RT/os/kernel/include/chdebug.h"
 457              		.section	.debug_info,"",%progbits
 458              	.Ldebug_info0:
 459 0000 1F070000 		.4byte	0x71f
 460 0004 0400     		.2byte	0x4
 461 0006 00000000 		.4byte	.Ldebug_abbrev0
 462 000a 04       		.byte	0x4
 463 000b 01       		.uleb128 0x1
 464 000c 78010000 		.4byte	.LASF84
 465 0010 01       		.byte	0x1
 466 0011 50020000 		.4byte	.LASF85
 467 0015 B5020000 		.4byte	.LASF86
 468 0019 00000000 		.4byte	.Ldebug_ranges0+0
 469 001d 00000000 		.4byte	0
 470 0021 00000000 		.4byte	.Ldebug_line0
 471 0025 02       		.uleb128 0x2
 472 0026 04       		.byte	0x4
 473 0027 05       		.byte	0x5
 474 0028 696E7400 		.ascii	"int\000"
 475 002c 03       		.uleb128 0x3
 476 002d 06000000 		.4byte	.LASF2
 477 0031 02       		.byte	0x2
 478 0032 D4       		.byte	0xd4
 479 0033 37000000 		.4byte	0x37
 480 0037 04       		.uleb128 0x4
 481 0038 04       		.byte	0x4
 482 0039 07       		.byte	0x7
 483 003a 13010000 		.4byte	.LASF0
 484 003e 04       		.uleb128 0x4
 485 003f 01       		.byte	0x1
 486 0040 06       		.byte	0x6
 487 0041 9D000000 		.4byte	.LASF1
 488 0045 03       		.uleb128 0x3
 489 0046 1D000000 		.4byte	.LASF3
 490 004a 03       		.byte	0x3
 491 004b 1D       		.byte	0x1d
 492 004c 50000000 		.4byte	0x50
 493 0050 04       		.uleb128 0x4
 494 0051 01       		.byte	0x1
 495 0052 08       		.byte	0x8
 496 0053 F9020000 		.4byte	.LASF4
 497 0057 04       		.uleb128 0x4
 498 0058 02       		.byte	0x2
 499 0059 05       		.byte	0x5
 500 005a 1C030000 		.4byte	.LASF5
 501 005e 04       		.uleb128 0x4
 502 005f 02       		.byte	0x2
 503 0060 07       		.byte	0x7
ARM GAS  /tmp/ccBEok1U.s 			page 10


 504 0061 3F010000 		.4byte	.LASF6
 505 0065 03       		.uleb128 0x3
 506 0066 C1030000 		.4byte	.LASF7
 507 006a 03       		.byte	0x3
 508 006b 3F       		.byte	0x3f
 509 006c 70000000 		.4byte	0x70
 510 0070 04       		.uleb128 0x4
 511 0071 04       		.byte	0x4
 512 0072 05       		.byte	0x5
 513 0073 D4000000 		.4byte	.LASF8
 514 0077 03       		.uleb128 0x3
 515 0078 EE000000 		.4byte	.LASF9
 516 007c 03       		.byte	0x3
 517 007d 41       		.byte	0x41
 518 007e 82000000 		.4byte	0x82
 519 0082 04       		.uleb128 0x4
 520 0083 04       		.byte	0x4
 521 0084 07       		.byte	0x7
 522 0085 20010000 		.4byte	.LASF10
 523 0089 04       		.uleb128 0x4
 524 008a 08       		.byte	0x8
 525 008b 05       		.byte	0x5
 526 008c 8F000000 		.4byte	.LASF11
 527 0090 03       		.uleb128 0x3
 528 0091 A2020000 		.4byte	.LASF12
 529 0095 03       		.byte	0x3
 530 0096 5B       		.byte	0x5b
 531 0097 9B000000 		.4byte	0x9b
 532 009b 04       		.uleb128 0x4
 533 009c 08       		.byte	0x8
 534 009d 07       		.byte	0x7
 535 009e 34000000 		.4byte	.LASF13
 536 00a2 03       		.uleb128 0x3
 537 00a3 F5030000 		.4byte	.LASF14
 538 00a7 04       		.byte	0x4
 539 00a8 15       		.byte	0x15
 540 00a9 45000000 		.4byte	0x45
 541 00ad 03       		.uleb128 0x3
 542 00ae F1020000 		.4byte	.LASF15
 543 00b2 04       		.byte	0x4
 544 00b3 2C       		.byte	0x2c
 545 00b4 65000000 		.4byte	0x65
 546 00b8 03       		.uleb128 0x3
 547 00b9 78030000 		.4byte	.LASF16
 548 00bd 04       		.byte	0x4
 549 00be 2D       		.byte	0x2d
 550 00bf 77000000 		.4byte	0x77
 551 00c3 03       		.uleb128 0x3
 552 00c4 14000000 		.4byte	.LASF17
 553 00c8 04       		.byte	0x4
 554 00c9 39       		.byte	0x39
 555 00ca 90000000 		.4byte	0x90
 556 00ce 04       		.uleb128 0x4
 557 00cf 01       		.byte	0x1
 558 00d0 02       		.byte	0x2
 559 00d1 EB020000 		.4byte	.LASF18
 560 00d5 03       		.uleb128 0x3
ARM GAS  /tmp/ccBEok1U.s 			page 11


 561 00d6 58010000 		.4byte	.LASF19
 562 00da 05       		.byte	0x5
 563 00db 2C       		.byte	0x2c
 564 00dc A2000000 		.4byte	0xa2
 565 00e0 03       		.uleb128 0x3
 566 00e1 DD000000 		.4byte	.LASF20
 567 00e5 05       		.byte	0x5
 568 00e6 2D       		.byte	0x2d
 569 00e7 A2000000 		.4byte	0xa2
 570 00eb 03       		.uleb128 0x3
 571 00ec AD020000 		.4byte	.LASF21
 572 00f0 05       		.byte	0x5
 573 00f1 2E       		.byte	0x2e
 574 00f2 A2000000 		.4byte	0xa2
 575 00f6 03       		.uleb128 0x3
 576 00f7 CA000000 		.4byte	.LASF22
 577 00fb 05       		.byte	0x5
 578 00fc 2F       		.byte	0x2f
 579 00fd A2000000 		.4byte	0xa2
 580 0101 03       		.uleb128 0x3
 581 0102 E3020000 		.4byte	.LASF23
 582 0106 05       		.byte	0x5
 583 0107 30       		.byte	0x30
 584 0108 B8000000 		.4byte	0xb8
 585 010c 03       		.uleb128 0x3
 586 010d 52010000 		.4byte	.LASF24
 587 0111 05       		.byte	0x5
 588 0112 31       		.byte	0x31
 589 0113 AD000000 		.4byte	0xad
 590 0117 03       		.uleb128 0x3
 591 0118 6C010000 		.4byte	.LASF25
 592 011c 05       		.byte	0x5
 593 011d 33       		.byte	0x33
 594 011e B8000000 		.4byte	0xb8
 595 0122 03       		.uleb128 0x3
 596 0123 AC030000 		.4byte	.LASF26
 597 0127 05       		.byte	0x5
 598 0128 35       		.byte	0x35
 599 0129 B8000000 		.4byte	0xb8
 600 012d 03       		.uleb128 0x3
 601 012e 5A030000 		.4byte	.LASF27
 602 0132 06       		.byte	0x6
 603 0133 2A       		.byte	0x2a
 604 0134 38010000 		.4byte	0x138
 605 0138 05       		.uleb128 0x5
 606 0139 5A030000 		.4byte	.LASF27
 607 013d 4C       		.byte	0x4c
 608 013e 07       		.byte	0x7
 609 013f 5E       		.byte	0x5e
 610 0140 41020000 		.4byte	0x241
 611 0144 06       		.uleb128 0x6
 612 0145 4B030000 		.4byte	.LASF28
 613 0149 07       		.byte	0x7
 614 014a 5F       		.byte	0x5f
 615 014b 62020000 		.4byte	0x262
 616 014f 00       		.byte	0
 617 0150 06       		.uleb128 0x6
ARM GAS  /tmp/ccBEok1U.s 			page 12


 618 0151 DC020000 		.4byte	.LASF29
 619 0155 07       		.byte	0x7
 620 0156 61       		.byte	0x61
 621 0157 62020000 		.4byte	0x262
 622 015b 04       		.byte	0x4
 623 015c 06       		.uleb128 0x6
 624 015d 88000000 		.4byte	.LASF30
 625 0161 07       		.byte	0x7
 626 0162 63       		.byte	0x63
 627 0163 01010000 		.4byte	0x101
 628 0167 08       		.byte	0x8
 629 0168 06       		.uleb128 0x6
 630 0169 24040000 		.4byte	.LASF31
 631 016d 07       		.byte	0x7
 632 016e 64       		.byte	0x64
 633 016f 27030000 		.4byte	0x327
 634 0173 0C       		.byte	0xc
 635 0174 06       		.uleb128 0x6
 636 0175 E6000000 		.4byte	.LASF32
 637 0179 07       		.byte	0x7
 638 017a 66       		.byte	0x66
 639 017b 62020000 		.4byte	0x262
 640 017f 10       		.byte	0x10
 641 0180 06       		.uleb128 0x6
 642 0181 82020000 		.4byte	.LASF33
 643 0185 07       		.byte	0x7
 644 0186 67       		.byte	0x67
 645 0187 62020000 		.4byte	0x262
 646 018b 14       		.byte	0x14
 647 018c 06       		.uleb128 0x6
 648 018d 0A040000 		.4byte	.LASF34
 649 0191 07       		.byte	0x7
 650 0192 6E       		.byte	0x6e
 651 0193 92040000 		.4byte	0x492
 652 0197 18       		.byte	0x18
 653 0198 06       		.uleb128 0x6
 654 0199 08010000 		.4byte	.LASF35
 655 019d 07       		.byte	0x7
 656 019e 74       		.byte	0x74
 657 019f A4040000 		.4byte	0x4a4
 658 01a3 1C       		.byte	0x1c
 659 01a4 06       		.uleb128 0x6
 660 01a5 26030000 		.4byte	.LASF36
 661 01a9 07       		.byte	0x7
 662 01aa 79       		.byte	0x79
 663 01ab E0000000 		.4byte	0xe0
 664 01af 20       		.byte	0x20
 665 01b0 06       		.uleb128 0x6
 666 01b1 52030000 		.4byte	.LASF37
 667 01b5 07       		.byte	0x7
 668 01b6 7D       		.byte	0x7d
 669 01b7 D5000000 		.4byte	0xd5
 670 01bb 21       		.byte	0x21
 671 01bc 06       		.uleb128 0x6
 672 01bd EE030000 		.4byte	.LASF38
 673 01c1 07       		.byte	0x7
 674 01c2 82       		.byte	0x82
ARM GAS  /tmp/ccBEok1U.s 			page 13


 675 01c3 EB000000 		.4byte	0xeb
 676 01c7 22       		.byte	0x22
 677 01c8 06       		.uleb128 0x6
 678 01c9 2E030000 		.4byte	.LASF39
 679 01cd 07       		.byte	0x7
 680 01ce 88       		.byte	0x88
 681 01cf F6000000 		.4byte	0xf6
 682 01d3 23       		.byte	0x23
 683 01d4 06       		.uleb128 0x6
 684 01d5 CB030000 		.4byte	.LASF40
 685 01d9 07       		.byte	0x7
 686 01da 8F       		.byte	0x8f
 687 01db 4F030000 		.4byte	0x34f
 688 01df 24       		.byte	0x24
 689 01e0 07       		.uleb128 0x7
 690 01e1 705F7500 		.ascii	"p_u\000"
 691 01e5 07       		.byte	0x7
 692 01e6 B4       		.byte	0xb4
 693 01e7 5D040000 		.4byte	0x45d
 694 01eb 28       		.byte	0x28
 695 01ec 06       		.uleb128 0x6
 696 01ed 2A040000 		.4byte	.LASF41
 697 01f1 07       		.byte	0x7
 698 01f2 B9       		.byte	0xb9
 699 01f3 88020000 		.4byte	0x288
 700 01f7 2C       		.byte	0x2c
 701 01f8 06       		.uleb128 0x6
 702 01f9 D9030000 		.4byte	.LASF42
 703 01fd 07       		.byte	0x7
 704 01fe BF       		.byte	0xbf
 705 01ff 68020000 		.4byte	0x268
 706 0203 30       		.byte	0x30
 707 0204 06       		.uleb128 0x6
 708 0205 00000000 		.4byte	.LASF43
 709 0209 07       		.byte	0x7
 710 020a C3       		.byte	0xc3
 711 020b 0C010000 		.4byte	0x10c
 712 020f 38       		.byte	0x38
 713 0210 06       		.uleb128 0x6
 714 0211 6D030000 		.4byte	.LASF44
 715 0215 07       		.byte	0x7
 716 0216 C9       		.byte	0xc9
 717 0217 17010000 		.4byte	0x117
 718 021b 3C       		.byte	0x3c
 719 021c 06       		.uleb128 0x6
 720 021d 12030000 		.4byte	.LASF45
 721 0221 07       		.byte	0x7
 722 0222 D0       		.byte	0xd0
 723 0223 AA040000 		.4byte	0x4aa
 724 0227 40       		.byte	0x40
 725 0228 06       		.uleb128 0x6
 726 0229 B6030000 		.4byte	.LASF46
 727 022d 07       		.byte	0x7
 728 022e D4       		.byte	0xd4
 729 022f 01010000 		.4byte	0x101
 730 0233 44       		.byte	0x44
 731 0234 06       		.uleb128 0x6
ARM GAS  /tmp/ccBEok1U.s 			page 14


 732 0235 AF000000 		.4byte	.LASF47
 733 0239 07       		.byte	0x7
 734 023a DA       		.byte	0xda
 735 023b 9E020000 		.4byte	0x29e
 736 023f 48       		.byte	0x48
 737 0240 00       		.byte	0
 738 0241 08       		.uleb128 0x8
 739 0242 08       		.byte	0x8
 740 0243 06       		.byte	0x6
 741 0244 61       		.byte	0x61
 742 0245 62020000 		.4byte	0x262
 743 0249 06       		.uleb128 0x6
 744 024a 4B030000 		.4byte	.LASF28
 745 024e 06       		.byte	0x6
 746 024f 62       		.byte	0x62
 747 0250 62020000 		.4byte	0x262
 748 0254 00       		.byte	0
 749 0255 06       		.uleb128 0x6
 750 0256 DC020000 		.4byte	.LASF29
 751 025a 06       		.byte	0x6
 752 025b 64       		.byte	0x64
 753 025c 62020000 		.4byte	0x262
 754 0260 04       		.byte	0x4
 755 0261 00       		.byte	0
 756 0262 09       		.uleb128 0x9
 757 0263 04       		.byte	0x4
 758 0264 2D010000 		.4byte	0x12d
 759 0268 03       		.uleb128 0x3
 760 0269 8A020000 		.4byte	.LASF48
 761 026d 06       		.byte	0x6
 762 026e 66       		.byte	0x66
 763 026f 41020000 		.4byte	0x241
 764 0273 08       		.uleb128 0x8
 765 0274 04       		.byte	0x4
 766 0275 06       		.byte	0x6
 767 0276 6B       		.byte	0x6b
 768 0277 88020000 		.4byte	0x288
 769 027b 06       		.uleb128 0x6
 770 027c 4B030000 		.4byte	.LASF28
 771 0280 06       		.byte	0x6
 772 0281 6D       		.byte	0x6d
 773 0282 62020000 		.4byte	0x262
 774 0286 00       		.byte	0
 775 0287 00       		.byte	0
 776 0288 03       		.uleb128 0x3
 777 0289 60010000 		.4byte	.LASF49
 778 028d 06       		.byte	0x6
 779 028e 70       		.byte	0x70
 780 028f 73020000 		.4byte	0x273
 781 0293 03       		.uleb128 0x3
 782 0294 F9000000 		.4byte	.LASF50
 783 0298 08       		.byte	0x8
 784 0299 E5       		.byte	0xe5
 785 029a 9E020000 		.4byte	0x29e
 786 029e 0A       		.uleb128 0xa
 787 029f 04       		.byte	0x4
 788 02a0 03       		.uleb128 0x3
ARM GAS  /tmp/ccBEok1U.s 			page 15


 789 02a1 3C020000 		.4byte	.LASF51
 790 02a5 08       		.byte	0x8
 791 02a6 EB       		.byte	0xeb
 792 02a7 C3000000 		.4byte	0xc3
 793 02ab 0B       		.uleb128 0xb
 794 02ac D2030000 		.4byte	.LASF52
 795 02b0 24       		.byte	0x24
 796 02b1 08       		.byte	0x8
 797 02b2 0C01     		.2byte	0x10c
 798 02b4 27030000 		.4byte	0x327
 799 02b8 0C       		.uleb128 0xc
 800 02b9 723400   		.ascii	"r4\000"
 801 02bc 08       		.byte	0x8
 802 02bd 1F01     		.2byte	0x11f
 803 02bf 93020000 		.4byte	0x293
 804 02c3 00       		.byte	0
 805 02c4 0C       		.uleb128 0xc
 806 02c5 723500   		.ascii	"r5\000"
 807 02c8 08       		.byte	0x8
 808 02c9 2001     		.2byte	0x120
 809 02cb 93020000 		.4byte	0x293
 810 02cf 04       		.byte	0x4
 811 02d0 0C       		.uleb128 0xc
 812 02d1 723600   		.ascii	"r6\000"
 813 02d4 08       		.byte	0x8
 814 02d5 2101     		.2byte	0x121
 815 02d7 93020000 		.4byte	0x293
 816 02db 08       		.byte	0x8
 817 02dc 0C       		.uleb128 0xc
 818 02dd 723700   		.ascii	"r7\000"
 819 02e0 08       		.byte	0x8
 820 02e1 2201     		.2byte	0x122
 821 02e3 93020000 		.4byte	0x293
 822 02e7 0C       		.byte	0xc
 823 02e8 0C       		.uleb128 0xc
 824 02e9 723800   		.ascii	"r8\000"
 825 02ec 08       		.byte	0x8
 826 02ed 2301     		.2byte	0x123
 827 02ef 93020000 		.4byte	0x293
 828 02f3 10       		.byte	0x10
 829 02f4 0C       		.uleb128 0xc
 830 02f5 723900   		.ascii	"r9\000"
 831 02f8 08       		.byte	0x8
 832 02f9 2401     		.2byte	0x124
 833 02fb 93020000 		.4byte	0x293
 834 02ff 14       		.byte	0x14
 835 0300 0C       		.uleb128 0xc
 836 0301 72313000 		.ascii	"r10\000"
 837 0305 08       		.byte	0x8
 838 0306 2501     		.2byte	0x125
 839 0308 93020000 		.4byte	0x293
 840 030c 18       		.byte	0x18
 841 030d 0C       		.uleb128 0xc
 842 030e 72313100 		.ascii	"r11\000"
 843 0312 08       		.byte	0x8
 844 0313 2601     		.2byte	0x126
 845 0315 93020000 		.4byte	0x293
ARM GAS  /tmp/ccBEok1U.s 			page 16


 846 0319 1C       		.byte	0x1c
 847 031a 0C       		.uleb128 0xc
 848 031b 6C7200   		.ascii	"lr\000"
 849 031e 08       		.byte	0x8
 850 031f 2701     		.2byte	0x127
 851 0321 93020000 		.4byte	0x293
 852 0325 20       		.byte	0x20
 853 0326 00       		.byte	0
 854 0327 0B       		.uleb128 0xb
 855 0328 32010000 		.4byte	.LASF53
 856 032c 04       		.byte	0x4
 857 032d 08       		.byte	0x8
 858 032e 3101     		.2byte	0x131
 859 0330 42030000 		.4byte	0x342
 860 0334 0C       		.uleb128 0xc
 861 0335 72313300 		.ascii	"r13\000"
 862 0339 08       		.byte	0x8
 863 033a 3201     		.2byte	0x132
 864 033c 42030000 		.4byte	0x342
 865 0340 00       		.byte	0
 866 0341 00       		.byte	0
 867 0342 09       		.uleb128 0x9
 868 0343 04       		.byte	0x4
 869 0344 AB020000 		.4byte	0x2ab
 870 0348 04       		.uleb128 0x4
 871 0349 04       		.byte	0x4
 872 034a 07       		.byte	0x7
 873 034b 47020000 		.4byte	.LASF54
 874 034f 0D       		.uleb128 0xd
 875 0350 22010000 		.4byte	0x122
 876 0354 05       		.uleb128 0x5
 877 0355 36020000 		.4byte	.LASF55
 878 0359 10       		.byte	0x10
 879 035a 09       		.byte	0x9
 880 035b 2C       		.byte	0x2c
 881 035c 85030000 		.4byte	0x385
 882 0360 06       		.uleb128 0x6
 883 0361 B7000000 		.4byte	.LASF56
 884 0365 09       		.byte	0x9
 885 0366 2D       		.byte	0x2d
 886 0367 68020000 		.4byte	0x268
 887 036b 00       		.byte	0
 888 036c 06       		.uleb128 0x6
 889 036d 1C040000 		.4byte	.LASF57
 890 0371 09       		.byte	0x9
 891 0372 2F       		.byte	0x2f
 892 0373 62020000 		.4byte	0x262
 893 0377 08       		.byte	0x8
 894 0378 06       		.uleb128 0x6
 895 0379 A5030000 		.4byte	.LASF58
 896 037d 09       		.byte	0x9
 897 037e 31       		.byte	0x31
 898 037f 85030000 		.4byte	0x385
 899 0383 0C       		.byte	0xc
 900 0384 00       		.byte	0
 901 0385 09       		.uleb128 0x9
 902 0386 04       		.byte	0x4
ARM GAS  /tmp/ccBEok1U.s 			page 17


 903 0387 54030000 		.4byte	0x354
 904 038b 03       		.uleb128 0x3
 905 038c 36020000 		.4byte	.LASF55
 906 0390 09       		.byte	0x9
 907 0391 33       		.byte	0x33
 908 0392 54030000 		.4byte	0x354
 909 0396 03       		.uleb128 0x3
 910 0397 27000000 		.4byte	.LASF59
 911 039b 0A       		.byte	0xa
 912 039c 2C       		.byte	0x2c
 913 039d A1030000 		.4byte	0x3a1
 914 03a1 09       		.uleb128 0x9
 915 03a2 04       		.byte	0x4
 916 03a3 A7030000 		.4byte	0x3a7
 917 03a7 0E       		.uleb128 0xe
 918 03a8 9E020000 		.4byte	0x29e
 919 03ac B6030000 		.4byte	0x3b6
 920 03b0 0F       		.uleb128 0xf
 921 03b1 2C000000 		.4byte	0x2c
 922 03b5 00       		.byte	0
 923 03b6 03       		.uleb128 0x3
 924 03b7 97020000 		.4byte	.LASF60
 925 03bb 0B       		.byte	0xb
 926 03bc 34       		.byte	0x34
 927 03bd C1030000 		.4byte	0x3c1
 928 03c1 05       		.uleb128 0x5
 929 03c2 34040000 		.4byte	.LASF61
 930 03c6 20       		.byte	0x20
 931 03c7 0B       		.byte	0xb
 932 03c8 47       		.byte	0x47
 933 03c9 F2030000 		.4byte	0x3f2
 934 03cd 06       		.uleb128 0x6
 935 03ce 07030000 		.4byte	.LASF62
 936 03d2 0B       		.byte	0xb
 937 03d3 48       		.byte	0x48
 938 03d4 96030000 		.4byte	0x396
 939 03d8 00       		.byte	0
 940 03d9 06       		.uleb128 0x6
 941 03da 54000000 		.4byte	.LASF63
 942 03de 0B       		.byte	0xb
 943 03df 4A       		.byte	0x4a
 944 03e0 11040000 		.4byte	0x411
 945 03e4 08       		.byte	0x8
 946 03e5 06       		.uleb128 0x6
 947 03e6 A9000000 		.4byte	.LASF64
 948 03ea 0B       		.byte	0xb
 949 03eb 4C       		.byte	0x4c
 950 03ec 8B030000 		.4byte	0x38b
 951 03f0 10       		.byte	0x10
 952 03f1 00       		.byte	0
 953 03f2 10       		.uleb128 0x10
 954 03f3 04       		.byte	0x4
 955 03f4 0B       		.byte	0xb
 956 03f5 3C       		.byte	0x3c
 957 03f6 11040000 		.4byte	0x411
 958 03fa 11       		.uleb128 0x11
 959 03fb 83000000 		.4byte	.LASF65
ARM GAS  /tmp/ccBEok1U.s 			page 18


 960 03ff 0B       		.byte	0xb
 961 0400 3D       		.byte	0x3d
 962 0401 32040000 		.4byte	0x432
 963 0405 11       		.uleb128 0x11
 964 0406 81030000 		.4byte	.LASF66
 965 040a 0B       		.byte	0xb
 966 040b 3E       		.byte	0x3e
 967 040c 38040000 		.4byte	0x438
 968 0410 00       		.byte	0
 969 0411 12       		.uleb128 0x12
 970 0412 38030000 		.4byte	.LASF87
 971 0416 08       		.byte	0x8
 972 0417 0B       		.byte	0xb
 973 0418 39       		.byte	0x39
 974 0419 32040000 		.4byte	0x432
 975 041d 11       		.uleb128 0x11
 976 041e 02010000 		.4byte	.LASF67
 977 0422 0B       		.byte	0xb
 978 0423 3A       		.byte	0x3a
 979 0424 A0020000 		.4byte	0x2a0
 980 0428 13       		.uleb128 0x13
 981 0429 6800     		.ascii	"h\000"
 982 042b 0B       		.byte	0xb
 983 042c 41       		.byte	0x41
 984 042d 3E040000 		.4byte	0x43e
 985 0431 00       		.byte	0
 986 0432 09       		.uleb128 0x9
 987 0433 04       		.byte	0x4
 988 0434 11040000 		.4byte	0x411
 989 0438 09       		.uleb128 0x9
 990 0439 04       		.byte	0x4
 991 043a B6030000 		.4byte	0x3b6
 992 043e 08       		.uleb128 0x8
 993 043f 08       		.byte	0x8
 994 0440 0B       		.byte	0xb
 995 0441 3B       		.byte	0x3b
 996 0442 5D040000 		.4byte	0x45d
 997 0446 07       		.uleb128 0x7
 998 0447 7500     		.ascii	"u\000"
 999 0449 0B       		.byte	0xb
 1000 044a 3F       		.byte	0x3f
 1001 044b F2030000 		.4byte	0x3f2
 1002 044f 00       		.byte	0
 1003 0450 06       		.uleb128 0x6
 1004 0451 3A010000 		.4byte	.LASF68
 1005 0455 0B       		.byte	0xb
 1006 0456 40       		.byte	0x40
 1007 0457 2C000000 		.4byte	0x2c
 1008 045b 04       		.byte	0x4
 1009 045c 00       		.byte	0
 1010 045d 10       		.uleb128 0x10
 1011 045e 04       		.byte	0x4
 1012 045f 07       		.byte	0x7
 1013 0460 96       		.byte	0x96
 1014 0461 92040000 		.4byte	0x492
 1015 0465 11       		.uleb128 0x11
 1016 0466 0D000000 		.4byte	.LASF69
ARM GAS  /tmp/ccBEok1U.s 			page 19


 1017 046a 07       		.byte	0x7
 1018 046b 9D       		.byte	0x9d
 1019 046c 0C010000 		.4byte	0x10c
 1020 0470 11       		.uleb128 0x11
 1021 0471 4B000000 		.4byte	.LASF70
 1022 0475 07       		.byte	0x7
 1023 0476 A4       		.byte	0xa4
 1024 0477 0C010000 		.4byte	0x10c
 1025 047b 11       		.uleb128 0x11
 1026 047c FD030000 		.4byte	.LASF71
 1027 0480 07       		.byte	0x7
 1028 0481 AB       		.byte	0xab
 1029 0482 9E020000 		.4byte	0x29e
 1030 0486 11       		.uleb128 0x11
 1031 0487 44030000 		.4byte	.LASF72
 1032 048b 07       		.byte	0x7
 1033 048c B2       		.byte	0xb2
 1034 048d 17010000 		.4byte	0x117
 1035 0491 00       		.byte	0
 1036 0492 09       		.uleb128 0x9
 1037 0493 04       		.byte	0x4
 1038 0494 98040000 		.4byte	0x498
 1039 0498 14       		.uleb128 0x14
 1040 0499 9D040000 		.4byte	0x49d
 1041 049d 04       		.uleb128 0x4
 1042 049e 01       		.byte	0x1
 1043 049f 08       		.byte	0x8
 1044 04a0 93030000 		.4byte	.LASF73
 1045 04a4 09       		.uleb128 0x9
 1046 04a5 04       		.byte	0x4
 1047 04a6 A0020000 		.4byte	0x2a0
 1048 04aa 09       		.uleb128 0x9
 1049 04ab 04       		.byte	0x4
 1050 04ac 8B030000 		.4byte	0x38b
 1051 04b0 15       		.uleb128 0x15
 1052 04b1 11040000 		.4byte	.LASF74
 1053 04b5 01       		.byte	0x1
 1054 04b6 4B       		.byte	0x4b
 1055 04b7 00000000 		.4byte	.LFB7
 1056 04bb 20000000 		.4byte	.LFE7-.LFB7
 1057 04bf 01       		.uleb128 0x1
 1058 04c0 9C       		.byte	0x9c
 1059 04c1 D9040000 		.4byte	0x4d9
 1060 04c5 16       		.uleb128 0x16
 1061 04c6 14000000 		.4byte	.LVL0
 1062 04ca E8060000 		.4byte	0x6e8
 1063 04ce 17       		.uleb128 0x17
 1064 04cf 01       		.uleb128 0x1
 1065 04d0 50       		.byte	0x50
 1066 04d1 05       		.uleb128 0x5
 1067 04d2 03       		.byte	0x3
 1068 04d3 10000000 		.4byte	.LANCHOR0+16
 1069 04d7 00       		.byte	0
 1070 04d8 00       		.byte	0
 1071 04d9 15       		.uleb128 0x15
 1072 04da 78000000 		.4byte	.LASF75
 1073 04de 01       		.byte	0x1
ARM GAS  /tmp/ccBEok1U.s 			page 20


 1074 04df 63       		.byte	0x63
 1075 04e0 00000000 		.4byte	.LFB8
 1076 04e4 18000000 		.4byte	.LFE8-.LFB8
 1077 04e8 01       		.uleb128 0x1
 1078 04e9 9C       		.byte	0x9c
 1079 04ea 3D050000 		.4byte	0x53d
 1080 04ee 18       		.uleb128 0x18
 1081 04ef 66000000 		.4byte	.LASF76
 1082 04f3 01       		.byte	0x1
 1083 04f4 63       		.byte	0x63
 1084 04f5 38040000 		.4byte	0x438
 1085 04f9 00000000 		.4byte	.LLST0
 1086 04fd 19       		.uleb128 0x19
 1087 04fe 62756600 		.ascii	"buf\000"
 1088 0502 01       		.byte	0x1
 1089 0503 63       		.byte	0x63
 1090 0504 9E020000 		.4byte	0x29e
 1091 0508 2E000000 		.4byte	.LLST1
 1092 050c 18       		.uleb128 0x18
 1093 050d 3A010000 		.4byte	.LASF68
 1094 0511 01       		.byte	0x1
 1095 0512 63       		.byte	0x63
 1096 0513 2C000000 		.4byte	0x2c
 1097 0517 4F000000 		.4byte	.LLST2
 1098 051b 1A       		.uleb128 0x1a
 1099 051c 687000   		.ascii	"hp\000"
 1100 051f 01       		.byte	0x1
 1101 0520 64       		.byte	0x64
 1102 0521 32040000 		.4byte	0x432
 1103 0525 7D000000 		.4byte	.LLST3
 1104 0529 16       		.uleb128 0x16
 1105 052a 16000000 		.4byte	.LVL5
 1106 052e E8060000 		.4byte	0x6e8
 1107 0532 17       		.uleb128 0x17
 1108 0533 01       		.uleb128 0x1
 1109 0534 50       		.byte	0x50
 1110 0535 05       		.uleb128 0x5
 1111 0536 F3       		.byte	0xf3
 1112 0537 01       		.uleb128 0x1
 1113 0538 50       		.byte	0x50
 1114 0539 23       		.byte	0x23
 1115 053a 10       		.uleb128 0x10
 1116 053b 00       		.byte	0
 1117 053c 00       		.byte	0
 1118 053d 1B       		.uleb128 0x1b
 1119 053e 61030000 		.4byte	.LASF78
 1120 0542 01       		.byte	0x1
 1121 0543 84       		.byte	0x84
 1122 0544 9E020000 		.4byte	0x29e
 1123 0548 00000000 		.4byte	.LFB9
 1124 054c 80000000 		.4byte	.LFE9-.LFB9
 1125 0550 01       		.uleb128 0x1
 1126 0551 9C       		.byte	0x9c
 1127 0552 D1050000 		.4byte	0x5d1
 1128 0556 18       		.uleb128 0x18
 1129 0557 66000000 		.4byte	.LASF76
 1130 055b 01       		.byte	0x1
ARM GAS  /tmp/ccBEok1U.s 			page 21


 1131 055c 84       		.byte	0x84
 1132 055d 38040000 		.4byte	0x438
 1133 0561 9E000000 		.4byte	.LLST4
 1134 0565 18       		.uleb128 0x18
 1135 0566 3A010000 		.4byte	.LASF68
 1136 056a 01       		.byte	0x1
 1137 056b 84       		.byte	0x84
 1138 056c 2C000000 		.4byte	0x2c
 1139 0570 BC000000 		.4byte	.LLST5
 1140 0574 1A       		.uleb128 0x1a
 1141 0575 717000   		.ascii	"qp\000"
 1142 0578 01       		.byte	0x1
 1143 0579 85       		.byte	0x85
 1144 057a 32040000 		.4byte	0x432
 1145 057e FA000000 		.4byte	.LLST6
 1146 0582 1A       		.uleb128 0x1a
 1147 0583 687000   		.ascii	"hp\000"
 1148 0586 01       		.byte	0x1
 1149 0587 85       		.byte	0x85
 1150 0588 32040000 		.4byte	0x432
 1151 058c 2E010000 		.4byte	.LLST7
 1152 0590 1A       		.uleb128 0x1a
 1153 0591 667000   		.ascii	"fp\000"
 1154 0594 01       		.byte	0x1
 1155 0595 85       		.byte	0x85
 1156 0596 32040000 		.4byte	0x432
 1157 059a 6F010000 		.4byte	.LLST8
 1158 059e 1C       		.uleb128 0x1c
 1159 059f 1A000000 		.4byte	.LVL11
 1160 05a3 F9060000 		.4byte	0x6f9
 1161 05a7 B2050000 		.4byte	0x5b2
 1162 05ab 17       		.uleb128 0x17
 1163 05ac 01       		.uleb128 0x1
 1164 05ad 50       		.byte	0x50
 1165 05ae 02       		.uleb128 0x2
 1166 05af 76       		.byte	0x76
 1167 05b0 10       		.sleb128 16
 1168 05b1 00       		.byte	0
 1169 05b2 1D       		.uleb128 0x1d
 1170 05b3 4C000000 		.4byte	.LVL16
 1171 05b7 0A070000 		.4byte	0x70a
 1172 05bb 1D       		.uleb128 0x1d
 1173 05bc 5A000000 		.4byte	.LVL19
 1174 05c0 0A070000 		.4byte	0x70a
 1175 05c4 1E       		.uleb128 0x1e
 1176 05c5 64000000 		.4byte	.LVL20
 1177 05c9 17       		.uleb128 0x17
 1178 05ca 01       		.uleb128 0x1
 1179 05cb 50       		.byte	0x50
 1180 05cc 02       		.uleb128 0x2
 1181 05cd 75       		.byte	0x75
 1182 05ce 08       		.sleb128 8
 1183 05cf 00       		.byte	0
 1184 05d0 00       		.byte	0
 1185 05d1 15       		.uleb128 0x15
 1186 05d2 BF000000 		.4byte	.LASF77
 1187 05d6 01       		.byte	0x1
ARM GAS  /tmp/ccBEok1U.s 			page 22


 1188 05d7 C2       		.byte	0xc2
 1189 05d8 00000000 		.4byte	.LFB10
 1190 05dc 90000000 		.4byte	.LFE10-.LFB10
 1191 05e0 01       		.uleb128 0x1
 1192 05e1 9C       		.byte	0x9c
 1193 05e2 53060000 		.4byte	0x653
 1194 05e6 19       		.uleb128 0x19
 1195 05e7 7000     		.ascii	"p\000"
 1196 05e9 01       		.byte	0x1
 1197 05ea C2       		.byte	0xc2
 1198 05eb 9E020000 		.4byte	0x29e
 1199 05ef 82010000 		.4byte	.LLST9
 1200 05f3 1A       		.uleb128 0x1a
 1201 05f4 717000   		.ascii	"qp\000"
 1202 05f7 01       		.byte	0x1
 1203 05f8 C3       		.byte	0xc3
 1204 05f9 32040000 		.4byte	0x432
 1205 05fd AE010000 		.4byte	.LLST10
 1206 0601 1A       		.uleb128 0x1a
 1207 0602 687000   		.ascii	"hp\000"
 1208 0605 01       		.byte	0x1
 1209 0606 C3       		.byte	0xc3
 1210 0607 32040000 		.4byte	0x432
 1211 060b CC010000 		.4byte	.LLST11
 1212 060f 1F       		.uleb128 0x1f
 1213 0610 66000000 		.4byte	.LASF76
 1214 0614 01       		.byte	0x1
 1215 0615 C4       		.byte	0xc4
 1216 0616 38040000 		.4byte	0x438
 1217 061a EF010000 		.4byte	.LLST12
 1218 061e 1C       		.uleb128 0x1c
 1219 061f 16000000 		.4byte	.LVL32
 1220 0623 F9060000 		.4byte	0x6f9
 1221 0627 32060000 		.4byte	0x632
 1222 062b 17       		.uleb128 0x17
 1223 062c 01       		.uleb128 0x1
 1224 062d 50       		.byte	0x50
 1225 062e 02       		.uleb128 0x2
 1226 062f 76       		.byte	0x76
 1227 0630 08       		.sleb128 8
 1228 0631 00       		.byte	0
 1229 0632 1C       		.uleb128 0x1c
 1230 0633 2C000000 		.4byte	.LVL34
 1231 0637 15070000 		.4byte	0x715
 1232 063b 49060000 		.4byte	0x649
 1233 063f 17       		.uleb128 0x17
 1234 0640 01       		.uleb128 0x1
 1235 0641 50       		.byte	0x50
 1236 0642 05       		.uleb128 0x5
 1237 0643 03       		.byte	0x3
 1238 0644 00000000 		.4byte	.LC0
 1239 0648 00       		.byte	0
 1240 0649 1D       		.uleb128 0x1d
 1241 064a 8A000000 		.4byte	.LVL36
 1242 064e 0A070000 		.4byte	0x70a
 1243 0652 00       		.byte	0
 1244 0653 1B       		.uleb128 0x1b
ARM GAS  /tmp/ccBEok1U.s 			page 23


 1245 0654 98030000 		.4byte	.LASF79
 1246 0658 01       		.byte	0x1
 1247 0659 FA       		.byte	0xfa
 1248 065a 2C000000 		.4byte	0x2c
 1249 065e 00000000 		.4byte	.LFB11
 1250 0662 38000000 		.4byte	.LFE11-.LFB11
 1251 0666 01       		.uleb128 0x1
 1252 0667 9C       		.byte	0x9c
 1253 0668 D1060000 		.4byte	0x6d1
 1254 066c 18       		.uleb128 0x18
 1255 066d 66000000 		.4byte	.LASF76
 1256 0671 01       		.byte	0x1
 1257 0672 FA       		.byte	0xfa
 1258 0673 38040000 		.4byte	0x438
 1259 0677 1B020000 		.4byte	.LLST13
 1260 067b 18       		.uleb128 0x18
 1261 067c 04040000 		.4byte	.LASF80
 1262 0680 01       		.byte	0x1
 1263 0681 FA       		.byte	0xfa
 1264 0682 D1060000 		.4byte	0x6d1
 1265 0686 46020000 		.4byte	.LLST14
 1266 068a 1A       		.uleb128 0x1a
 1267 068b 717000   		.ascii	"qp\000"
 1268 068e 01       		.byte	0x1
 1269 068f FB       		.byte	0xfb
 1270 0690 32040000 		.4byte	0x432
 1271 0694 72020000 		.4byte	.LLST15
 1272 0698 1A       		.uleb128 0x1a
 1273 0699 6E00     		.ascii	"n\000"
 1274 069b 01       		.byte	0x1
 1275 069c FC       		.byte	0xfc
 1276 069d 2C000000 		.4byte	0x2c
 1277 06a1 90020000 		.4byte	.LLST16
 1278 06a5 1A       		.uleb128 0x1a
 1279 06a6 737A00   		.ascii	"sz\000"
 1280 06a9 01       		.byte	0x1
 1281 06aa FC       		.byte	0xfc
 1282 06ab 2C000000 		.4byte	0x2c
 1283 06af BA020000 		.4byte	.LLST17
 1284 06b3 1C       		.uleb128 0x1c
 1285 06b4 12000000 		.4byte	.LVL40
 1286 06b8 F9060000 		.4byte	0x6f9
 1287 06bc C7060000 		.4byte	0x6c7
 1288 06c0 17       		.uleb128 0x17
 1289 06c1 01       		.uleb128 0x1
 1290 06c2 50       		.byte	0x50
 1291 06c3 02       		.uleb128 0x2
 1292 06c4 74       		.byte	0x74
 1293 06c5 10       		.sleb128 16
 1294 06c6 00       		.byte	0
 1295 06c7 1D       		.uleb128 0x1d
 1296 06c8 30000000 		.4byte	.LVL47
 1297 06cc 0A070000 		.4byte	0x70a
 1298 06d0 00       		.byte	0
 1299 06d1 09       		.uleb128 0x9
 1300 06d2 04       		.byte	0x4
 1301 06d3 2C000000 		.4byte	0x2c
ARM GAS  /tmp/ccBEok1U.s 			page 24


 1302 06d7 20       		.uleb128 0x20
 1303 06d8 86030000 		.4byte	.LASF81
 1304 06dc 01       		.byte	0x1
 1305 06dd 44       		.byte	0x44
 1306 06de B6030000 		.4byte	0x3b6
 1307 06e2 05       		.uleb128 0x5
 1308 06e3 03       		.byte	0x3
 1309 06e4 00000000 		.4byte	default_heap
 1310 06e8 21       		.uleb128 0x21
 1311 06e9 E4030000 		.4byte	.LASF82
 1312 06ed 09       		.byte	0x9
 1313 06ee 38       		.byte	0x38
 1314 06ef F9060000 		.4byte	0x6f9
 1315 06f3 0F       		.uleb128 0xf
 1316 06f4 AA040000 		.4byte	0x4aa
 1317 06f8 00       		.byte	0
 1318 06f9 21       		.uleb128 0x21
 1319 06fa 78020000 		.4byte	.LASF83
 1320 06fe 09       		.byte	0x9
 1321 06ff 39       		.byte	0x39
 1322 0700 0A070000 		.4byte	0x70a
 1323 0704 0F       		.uleb128 0xf
 1324 0705 AA040000 		.4byte	0x4aa
 1325 0709 00       		.byte	0
 1326 070a 22       		.uleb128 0x22
 1327 070b 6C000000 		.4byte	.LASF88
 1328 070f 09       		.byte	0x9
 1329 0710 3D       		.byte	0x3d
 1330 0711 AA040000 		.4byte	0x4aa
 1331 0715 23       		.uleb128 0x23
 1332 0716 5B000000 		.4byte	.LASF89
 1333 071a 0C       		.byte	0xc
 1334 071b F6       		.byte	0xf6
 1335 071c 0F       		.uleb128 0xf
 1336 071d 92040000 		.4byte	0x492
 1337 0721 00       		.byte	0
 1338 0722 00       		.byte	0
 1339              		.section	.debug_abbrev,"",%progbits
 1340              	.Ldebug_abbrev0:
 1341 0000 01       		.uleb128 0x1
 1342 0001 11       		.uleb128 0x11
 1343 0002 01       		.byte	0x1
 1344 0003 25       		.uleb128 0x25
 1345 0004 0E       		.uleb128 0xe
 1346 0005 13       		.uleb128 0x13
 1347 0006 0B       		.uleb128 0xb
 1348 0007 03       		.uleb128 0x3
 1349 0008 0E       		.uleb128 0xe
 1350 0009 1B       		.uleb128 0x1b
 1351 000a 0E       		.uleb128 0xe
 1352 000b 55       		.uleb128 0x55
 1353 000c 17       		.uleb128 0x17
 1354 000d 11       		.uleb128 0x11
 1355 000e 01       		.uleb128 0x1
 1356 000f 10       		.uleb128 0x10
 1357 0010 17       		.uleb128 0x17
 1358 0011 00       		.byte	0
ARM GAS  /tmp/ccBEok1U.s 			page 25


 1359 0012 00       		.byte	0
 1360 0013 02       		.uleb128 0x2
 1361 0014 24       		.uleb128 0x24
 1362 0015 00       		.byte	0
 1363 0016 0B       		.uleb128 0xb
 1364 0017 0B       		.uleb128 0xb
 1365 0018 3E       		.uleb128 0x3e
 1366 0019 0B       		.uleb128 0xb
 1367 001a 03       		.uleb128 0x3
 1368 001b 08       		.uleb128 0x8
 1369 001c 00       		.byte	0
 1370 001d 00       		.byte	0
 1371 001e 03       		.uleb128 0x3
 1372 001f 16       		.uleb128 0x16
 1373 0020 00       		.byte	0
 1374 0021 03       		.uleb128 0x3
 1375 0022 0E       		.uleb128 0xe
 1376 0023 3A       		.uleb128 0x3a
 1377 0024 0B       		.uleb128 0xb
 1378 0025 3B       		.uleb128 0x3b
 1379 0026 0B       		.uleb128 0xb
 1380 0027 49       		.uleb128 0x49
 1381 0028 13       		.uleb128 0x13
 1382 0029 00       		.byte	0
 1383 002a 00       		.byte	0
 1384 002b 04       		.uleb128 0x4
 1385 002c 24       		.uleb128 0x24
 1386 002d 00       		.byte	0
 1387 002e 0B       		.uleb128 0xb
 1388 002f 0B       		.uleb128 0xb
 1389 0030 3E       		.uleb128 0x3e
 1390 0031 0B       		.uleb128 0xb
 1391 0032 03       		.uleb128 0x3
 1392 0033 0E       		.uleb128 0xe
 1393 0034 00       		.byte	0
 1394 0035 00       		.byte	0
 1395 0036 05       		.uleb128 0x5
 1396 0037 13       		.uleb128 0x13
 1397 0038 01       		.byte	0x1
 1398 0039 03       		.uleb128 0x3
 1399 003a 0E       		.uleb128 0xe
 1400 003b 0B       		.uleb128 0xb
 1401 003c 0B       		.uleb128 0xb
 1402 003d 3A       		.uleb128 0x3a
 1403 003e 0B       		.uleb128 0xb
 1404 003f 3B       		.uleb128 0x3b
 1405 0040 0B       		.uleb128 0xb
 1406 0041 01       		.uleb128 0x1
 1407 0042 13       		.uleb128 0x13
 1408 0043 00       		.byte	0
 1409 0044 00       		.byte	0
 1410 0045 06       		.uleb128 0x6
 1411 0046 0D       		.uleb128 0xd
 1412 0047 00       		.byte	0
 1413 0048 03       		.uleb128 0x3
 1414 0049 0E       		.uleb128 0xe
 1415 004a 3A       		.uleb128 0x3a
ARM GAS  /tmp/ccBEok1U.s 			page 26


 1416 004b 0B       		.uleb128 0xb
 1417 004c 3B       		.uleb128 0x3b
 1418 004d 0B       		.uleb128 0xb
 1419 004e 49       		.uleb128 0x49
 1420 004f 13       		.uleb128 0x13
 1421 0050 38       		.uleb128 0x38
 1422 0051 0B       		.uleb128 0xb
 1423 0052 00       		.byte	0
 1424 0053 00       		.byte	0
 1425 0054 07       		.uleb128 0x7
 1426 0055 0D       		.uleb128 0xd
 1427 0056 00       		.byte	0
 1428 0057 03       		.uleb128 0x3
 1429 0058 08       		.uleb128 0x8
 1430 0059 3A       		.uleb128 0x3a
 1431 005a 0B       		.uleb128 0xb
 1432 005b 3B       		.uleb128 0x3b
 1433 005c 0B       		.uleb128 0xb
 1434 005d 49       		.uleb128 0x49
 1435 005e 13       		.uleb128 0x13
 1436 005f 38       		.uleb128 0x38
 1437 0060 0B       		.uleb128 0xb
 1438 0061 00       		.byte	0
 1439 0062 00       		.byte	0
 1440 0063 08       		.uleb128 0x8
 1441 0064 13       		.uleb128 0x13
 1442 0065 01       		.byte	0x1
 1443 0066 0B       		.uleb128 0xb
 1444 0067 0B       		.uleb128 0xb
 1445 0068 3A       		.uleb128 0x3a
 1446 0069 0B       		.uleb128 0xb
 1447 006a 3B       		.uleb128 0x3b
 1448 006b 0B       		.uleb128 0xb
 1449 006c 01       		.uleb128 0x1
 1450 006d 13       		.uleb128 0x13
 1451 006e 00       		.byte	0
 1452 006f 00       		.byte	0
 1453 0070 09       		.uleb128 0x9
 1454 0071 0F       		.uleb128 0xf
 1455 0072 00       		.byte	0
 1456 0073 0B       		.uleb128 0xb
 1457 0074 0B       		.uleb128 0xb
 1458 0075 49       		.uleb128 0x49
 1459 0076 13       		.uleb128 0x13
 1460 0077 00       		.byte	0
 1461 0078 00       		.byte	0
 1462 0079 0A       		.uleb128 0xa
 1463 007a 0F       		.uleb128 0xf
 1464 007b 00       		.byte	0
 1465 007c 0B       		.uleb128 0xb
 1466 007d 0B       		.uleb128 0xb
 1467 007e 00       		.byte	0
 1468 007f 00       		.byte	0
 1469 0080 0B       		.uleb128 0xb
 1470 0081 13       		.uleb128 0x13
 1471 0082 01       		.byte	0x1
 1472 0083 03       		.uleb128 0x3
ARM GAS  /tmp/ccBEok1U.s 			page 27


 1473 0084 0E       		.uleb128 0xe
 1474 0085 0B       		.uleb128 0xb
 1475 0086 0B       		.uleb128 0xb
 1476 0087 3A       		.uleb128 0x3a
 1477 0088 0B       		.uleb128 0xb
 1478 0089 3B       		.uleb128 0x3b
 1479 008a 05       		.uleb128 0x5
 1480 008b 01       		.uleb128 0x1
 1481 008c 13       		.uleb128 0x13
 1482 008d 00       		.byte	0
 1483 008e 00       		.byte	0
 1484 008f 0C       		.uleb128 0xc
 1485 0090 0D       		.uleb128 0xd
 1486 0091 00       		.byte	0
 1487 0092 03       		.uleb128 0x3
 1488 0093 08       		.uleb128 0x8
 1489 0094 3A       		.uleb128 0x3a
 1490 0095 0B       		.uleb128 0xb
 1491 0096 3B       		.uleb128 0x3b
 1492 0097 05       		.uleb128 0x5
 1493 0098 49       		.uleb128 0x49
 1494 0099 13       		.uleb128 0x13
 1495 009a 38       		.uleb128 0x38
 1496 009b 0B       		.uleb128 0xb
 1497 009c 00       		.byte	0
 1498 009d 00       		.byte	0
 1499 009e 0D       		.uleb128 0xd
 1500 009f 35       		.uleb128 0x35
 1501 00a0 00       		.byte	0
 1502 00a1 49       		.uleb128 0x49
 1503 00a2 13       		.uleb128 0x13
 1504 00a3 00       		.byte	0
 1505 00a4 00       		.byte	0
 1506 00a5 0E       		.uleb128 0xe
 1507 00a6 15       		.uleb128 0x15
 1508 00a7 01       		.byte	0x1
 1509 00a8 27       		.uleb128 0x27
 1510 00a9 19       		.uleb128 0x19
 1511 00aa 49       		.uleb128 0x49
 1512 00ab 13       		.uleb128 0x13
 1513 00ac 01       		.uleb128 0x1
 1514 00ad 13       		.uleb128 0x13
 1515 00ae 00       		.byte	0
 1516 00af 00       		.byte	0
 1517 00b0 0F       		.uleb128 0xf
 1518 00b1 05       		.uleb128 0x5
 1519 00b2 00       		.byte	0
 1520 00b3 49       		.uleb128 0x49
 1521 00b4 13       		.uleb128 0x13
 1522 00b5 00       		.byte	0
 1523 00b6 00       		.byte	0
 1524 00b7 10       		.uleb128 0x10
 1525 00b8 17       		.uleb128 0x17
 1526 00b9 01       		.byte	0x1
 1527 00ba 0B       		.uleb128 0xb
 1528 00bb 0B       		.uleb128 0xb
 1529 00bc 3A       		.uleb128 0x3a
ARM GAS  /tmp/ccBEok1U.s 			page 28


 1530 00bd 0B       		.uleb128 0xb
 1531 00be 3B       		.uleb128 0x3b
 1532 00bf 0B       		.uleb128 0xb
 1533 00c0 01       		.uleb128 0x1
 1534 00c1 13       		.uleb128 0x13
 1535 00c2 00       		.byte	0
 1536 00c3 00       		.byte	0
 1537 00c4 11       		.uleb128 0x11
 1538 00c5 0D       		.uleb128 0xd
 1539 00c6 00       		.byte	0
 1540 00c7 03       		.uleb128 0x3
 1541 00c8 0E       		.uleb128 0xe
 1542 00c9 3A       		.uleb128 0x3a
 1543 00ca 0B       		.uleb128 0xb
 1544 00cb 3B       		.uleb128 0x3b
 1545 00cc 0B       		.uleb128 0xb
 1546 00cd 49       		.uleb128 0x49
 1547 00ce 13       		.uleb128 0x13
 1548 00cf 00       		.byte	0
 1549 00d0 00       		.byte	0
 1550 00d1 12       		.uleb128 0x12
 1551 00d2 17       		.uleb128 0x17
 1552 00d3 01       		.byte	0x1
 1553 00d4 03       		.uleb128 0x3
 1554 00d5 0E       		.uleb128 0xe
 1555 00d6 0B       		.uleb128 0xb
 1556 00d7 0B       		.uleb128 0xb
 1557 00d8 3A       		.uleb128 0x3a
 1558 00d9 0B       		.uleb128 0xb
 1559 00da 3B       		.uleb128 0x3b
 1560 00db 0B       		.uleb128 0xb
 1561 00dc 01       		.uleb128 0x1
 1562 00dd 13       		.uleb128 0x13
 1563 00de 00       		.byte	0
 1564 00df 00       		.byte	0
 1565 00e0 13       		.uleb128 0x13
 1566 00e1 0D       		.uleb128 0xd
 1567 00e2 00       		.byte	0
 1568 00e3 03       		.uleb128 0x3
 1569 00e4 08       		.uleb128 0x8
 1570 00e5 3A       		.uleb128 0x3a
 1571 00e6 0B       		.uleb128 0xb
 1572 00e7 3B       		.uleb128 0x3b
 1573 00e8 0B       		.uleb128 0xb
 1574 00e9 49       		.uleb128 0x49
 1575 00ea 13       		.uleb128 0x13
 1576 00eb 00       		.byte	0
 1577 00ec 00       		.byte	0
 1578 00ed 14       		.uleb128 0x14
 1579 00ee 26       		.uleb128 0x26
 1580 00ef 00       		.byte	0
 1581 00f0 49       		.uleb128 0x49
 1582 00f1 13       		.uleb128 0x13
 1583 00f2 00       		.byte	0
 1584 00f3 00       		.byte	0
 1585 00f4 15       		.uleb128 0x15
 1586 00f5 2E       		.uleb128 0x2e
ARM GAS  /tmp/ccBEok1U.s 			page 29


 1587 00f6 01       		.byte	0x1
 1588 00f7 3F       		.uleb128 0x3f
 1589 00f8 19       		.uleb128 0x19
 1590 00f9 03       		.uleb128 0x3
 1591 00fa 0E       		.uleb128 0xe
 1592 00fb 3A       		.uleb128 0x3a
 1593 00fc 0B       		.uleb128 0xb
 1594 00fd 3B       		.uleb128 0x3b
 1595 00fe 0B       		.uleb128 0xb
 1596 00ff 27       		.uleb128 0x27
 1597 0100 19       		.uleb128 0x19
 1598 0101 11       		.uleb128 0x11
 1599 0102 01       		.uleb128 0x1
 1600 0103 12       		.uleb128 0x12
 1601 0104 06       		.uleb128 0x6
 1602 0105 40       		.uleb128 0x40
 1603 0106 18       		.uleb128 0x18
 1604 0107 9742     		.uleb128 0x2117
 1605 0109 19       		.uleb128 0x19
 1606 010a 01       		.uleb128 0x1
 1607 010b 13       		.uleb128 0x13
 1608 010c 00       		.byte	0
 1609 010d 00       		.byte	0
 1610 010e 16       		.uleb128 0x16
 1611 010f 898201   		.uleb128 0x4109
 1612 0112 01       		.byte	0x1
 1613 0113 11       		.uleb128 0x11
 1614 0114 01       		.uleb128 0x1
 1615 0115 31       		.uleb128 0x31
 1616 0116 13       		.uleb128 0x13
 1617 0117 00       		.byte	0
 1618 0118 00       		.byte	0
 1619 0119 17       		.uleb128 0x17
 1620 011a 8A8201   		.uleb128 0x410a
 1621 011d 00       		.byte	0
 1622 011e 02       		.uleb128 0x2
 1623 011f 18       		.uleb128 0x18
 1624 0120 9142     		.uleb128 0x2111
 1625 0122 18       		.uleb128 0x18
 1626 0123 00       		.byte	0
 1627 0124 00       		.byte	0
 1628 0125 18       		.uleb128 0x18
 1629 0126 05       		.uleb128 0x5
 1630 0127 00       		.byte	0
 1631 0128 03       		.uleb128 0x3
 1632 0129 0E       		.uleb128 0xe
 1633 012a 3A       		.uleb128 0x3a
 1634 012b 0B       		.uleb128 0xb
 1635 012c 3B       		.uleb128 0x3b
 1636 012d 0B       		.uleb128 0xb
 1637 012e 49       		.uleb128 0x49
 1638 012f 13       		.uleb128 0x13
 1639 0130 02       		.uleb128 0x2
 1640 0131 17       		.uleb128 0x17
 1641 0132 00       		.byte	0
 1642 0133 00       		.byte	0
 1643 0134 19       		.uleb128 0x19
ARM GAS  /tmp/ccBEok1U.s 			page 30


 1644 0135 05       		.uleb128 0x5
 1645 0136 00       		.byte	0
 1646 0137 03       		.uleb128 0x3
 1647 0138 08       		.uleb128 0x8
 1648 0139 3A       		.uleb128 0x3a
 1649 013a 0B       		.uleb128 0xb
 1650 013b 3B       		.uleb128 0x3b
 1651 013c 0B       		.uleb128 0xb
 1652 013d 49       		.uleb128 0x49
 1653 013e 13       		.uleb128 0x13
 1654 013f 02       		.uleb128 0x2
 1655 0140 17       		.uleb128 0x17
 1656 0141 00       		.byte	0
 1657 0142 00       		.byte	0
 1658 0143 1A       		.uleb128 0x1a
 1659 0144 34       		.uleb128 0x34
 1660 0145 00       		.byte	0
 1661 0146 03       		.uleb128 0x3
 1662 0147 08       		.uleb128 0x8
 1663 0148 3A       		.uleb128 0x3a
 1664 0149 0B       		.uleb128 0xb
 1665 014a 3B       		.uleb128 0x3b
 1666 014b 0B       		.uleb128 0xb
 1667 014c 49       		.uleb128 0x49
 1668 014d 13       		.uleb128 0x13
 1669 014e 02       		.uleb128 0x2
 1670 014f 17       		.uleb128 0x17
 1671 0150 00       		.byte	0
 1672 0151 00       		.byte	0
 1673 0152 1B       		.uleb128 0x1b
 1674 0153 2E       		.uleb128 0x2e
 1675 0154 01       		.byte	0x1
 1676 0155 3F       		.uleb128 0x3f
 1677 0156 19       		.uleb128 0x19
 1678 0157 03       		.uleb128 0x3
 1679 0158 0E       		.uleb128 0xe
 1680 0159 3A       		.uleb128 0x3a
 1681 015a 0B       		.uleb128 0xb
 1682 015b 3B       		.uleb128 0x3b
 1683 015c 0B       		.uleb128 0xb
 1684 015d 27       		.uleb128 0x27
 1685 015e 19       		.uleb128 0x19
 1686 015f 49       		.uleb128 0x49
 1687 0160 13       		.uleb128 0x13
 1688 0161 11       		.uleb128 0x11
 1689 0162 01       		.uleb128 0x1
 1690 0163 12       		.uleb128 0x12
 1691 0164 06       		.uleb128 0x6
 1692 0165 40       		.uleb128 0x40
 1693 0166 18       		.uleb128 0x18
 1694 0167 9742     		.uleb128 0x2117
 1695 0169 19       		.uleb128 0x19
 1696 016a 01       		.uleb128 0x1
 1697 016b 13       		.uleb128 0x13
 1698 016c 00       		.byte	0
 1699 016d 00       		.byte	0
 1700 016e 1C       		.uleb128 0x1c
ARM GAS  /tmp/ccBEok1U.s 			page 31


 1701 016f 898201   		.uleb128 0x4109
 1702 0172 01       		.byte	0x1
 1703 0173 11       		.uleb128 0x11
 1704 0174 01       		.uleb128 0x1
 1705 0175 31       		.uleb128 0x31
 1706 0176 13       		.uleb128 0x13
 1707 0177 01       		.uleb128 0x1
 1708 0178 13       		.uleb128 0x13
 1709 0179 00       		.byte	0
 1710 017a 00       		.byte	0
 1711 017b 1D       		.uleb128 0x1d
 1712 017c 898201   		.uleb128 0x4109
 1713 017f 00       		.byte	0
 1714 0180 11       		.uleb128 0x11
 1715 0181 01       		.uleb128 0x1
 1716 0182 31       		.uleb128 0x31
 1717 0183 13       		.uleb128 0x13
 1718 0184 00       		.byte	0
 1719 0185 00       		.byte	0
 1720 0186 1E       		.uleb128 0x1e
 1721 0187 898201   		.uleb128 0x4109
 1722 018a 01       		.byte	0x1
 1723 018b 11       		.uleb128 0x11
 1724 018c 01       		.uleb128 0x1
 1725 018d 00       		.byte	0
 1726 018e 00       		.byte	0
 1727 018f 1F       		.uleb128 0x1f
 1728 0190 34       		.uleb128 0x34
 1729 0191 00       		.byte	0
 1730 0192 03       		.uleb128 0x3
 1731 0193 0E       		.uleb128 0xe
 1732 0194 3A       		.uleb128 0x3a
 1733 0195 0B       		.uleb128 0xb
 1734 0196 3B       		.uleb128 0x3b
 1735 0197 0B       		.uleb128 0xb
 1736 0198 49       		.uleb128 0x49
 1737 0199 13       		.uleb128 0x13
 1738 019a 02       		.uleb128 0x2
 1739 019b 17       		.uleb128 0x17
 1740 019c 00       		.byte	0
 1741 019d 00       		.byte	0
 1742 019e 20       		.uleb128 0x20
 1743 019f 34       		.uleb128 0x34
 1744 01a0 00       		.byte	0
 1745 01a1 03       		.uleb128 0x3
 1746 01a2 0E       		.uleb128 0xe
 1747 01a3 3A       		.uleb128 0x3a
 1748 01a4 0B       		.uleb128 0xb
 1749 01a5 3B       		.uleb128 0x3b
 1750 01a6 0B       		.uleb128 0xb
 1751 01a7 49       		.uleb128 0x49
 1752 01a8 13       		.uleb128 0x13
 1753 01a9 02       		.uleb128 0x2
 1754 01aa 18       		.uleb128 0x18
 1755 01ab 00       		.byte	0
 1756 01ac 00       		.byte	0
 1757 01ad 21       		.uleb128 0x21
ARM GAS  /tmp/ccBEok1U.s 			page 32


 1758 01ae 2E       		.uleb128 0x2e
 1759 01af 01       		.byte	0x1
 1760 01b0 3F       		.uleb128 0x3f
 1761 01b1 19       		.uleb128 0x19
 1762 01b2 03       		.uleb128 0x3
 1763 01b3 0E       		.uleb128 0xe
 1764 01b4 3A       		.uleb128 0x3a
 1765 01b5 0B       		.uleb128 0xb
 1766 01b6 3B       		.uleb128 0x3b
 1767 01b7 0B       		.uleb128 0xb
 1768 01b8 27       		.uleb128 0x27
 1769 01b9 19       		.uleb128 0x19
 1770 01ba 3C       		.uleb128 0x3c
 1771 01bb 19       		.uleb128 0x19
 1772 01bc 01       		.uleb128 0x1
 1773 01bd 13       		.uleb128 0x13
 1774 01be 00       		.byte	0
 1775 01bf 00       		.byte	0
 1776 01c0 22       		.uleb128 0x22
 1777 01c1 2E       		.uleb128 0x2e
 1778 01c2 00       		.byte	0
 1779 01c3 3F       		.uleb128 0x3f
 1780 01c4 19       		.uleb128 0x19
 1781 01c5 03       		.uleb128 0x3
 1782 01c6 0E       		.uleb128 0xe
 1783 01c7 3A       		.uleb128 0x3a
 1784 01c8 0B       		.uleb128 0xb
 1785 01c9 3B       		.uleb128 0x3b
 1786 01ca 0B       		.uleb128 0xb
 1787 01cb 27       		.uleb128 0x27
 1788 01cc 19       		.uleb128 0x19
 1789 01cd 49       		.uleb128 0x49
 1790 01ce 13       		.uleb128 0x13
 1791 01cf 3C       		.uleb128 0x3c
 1792 01d0 19       		.uleb128 0x19
 1793 01d1 00       		.byte	0
 1794 01d2 00       		.byte	0
 1795 01d3 23       		.uleb128 0x23
 1796 01d4 2E       		.uleb128 0x2e
 1797 01d5 01       		.byte	0x1
 1798 01d6 3F       		.uleb128 0x3f
 1799 01d7 19       		.uleb128 0x19
 1800 01d8 03       		.uleb128 0x3
 1801 01d9 0E       		.uleb128 0xe
 1802 01da 3A       		.uleb128 0x3a
 1803 01db 0B       		.uleb128 0xb
 1804 01dc 3B       		.uleb128 0x3b
 1805 01dd 0B       		.uleb128 0xb
 1806 01de 27       		.uleb128 0x27
 1807 01df 19       		.uleb128 0x19
 1808 01e0 3C       		.uleb128 0x3c
 1809 01e1 19       		.uleb128 0x19
 1810 01e2 00       		.byte	0
 1811 01e3 00       		.byte	0
 1812 01e4 00       		.byte	0
 1813              		.section	.debug_loc,"",%progbits
 1814              	.Ldebug_loc0:
ARM GAS  /tmp/ccBEok1U.s 			page 33


 1815              	.LLST0:
 1816 0000 00000000 		.4byte	.LVL1
 1817 0004 12000000 		.4byte	.LVL4
 1818 0008 0100     		.2byte	0x1
 1819 000a 50       		.byte	0x50
 1820 000b 12000000 		.4byte	.LVL4
 1821 000f 15000000 		.4byte	.LVL5-1
 1822 0013 0300     		.2byte	0x3
 1823 0015 70       		.byte	0x70
 1824 0016 70       		.sleb128 -16
 1825 0017 9F       		.byte	0x9f
 1826 0018 15000000 		.4byte	.LVL5-1
 1827 001c 18000000 		.4byte	.LFE8
 1828 0020 0400     		.2byte	0x4
 1829 0022 F3       		.byte	0xf3
 1830 0023 01       		.uleb128 0x1
 1831 0024 50       		.byte	0x50
 1832 0025 9F       		.byte	0x9f
 1833 0026 00000000 		.4byte	0
 1834 002a 00000000 		.4byte	0
 1835              	.LLST1:
 1836 002e 00000000 		.4byte	.LVL1
 1837 0032 15000000 		.4byte	.LVL5-1
 1838 0036 0100     		.2byte	0x1
 1839 0038 51       		.byte	0x51
 1840 0039 15000000 		.4byte	.LVL5-1
 1841 003d 18000000 		.4byte	.LFE8
 1842 0041 0400     		.2byte	0x4
 1843 0043 F3       		.byte	0xf3
 1844 0044 01       		.uleb128 0x1
 1845 0045 51       		.byte	0x51
 1846 0046 9F       		.byte	0x9f
 1847 0047 00000000 		.4byte	0
 1848 004b 00000000 		.4byte	0
 1849              	.LLST2:
 1850 004f 00000000 		.4byte	.LVL1
 1851 0053 0E000000 		.4byte	.LVL3
 1852 0057 0100     		.2byte	0x1
 1853 0059 52       		.byte	0x52
 1854 005a 0E000000 		.4byte	.LVL3
 1855 005e 15000000 		.4byte	.LVL5-1
 1856 0062 0300     		.2byte	0x3
 1857 0064 72       		.byte	0x72
 1858 0065 08       		.sleb128 8
 1859 0066 9F       		.byte	0x9f
 1860 0067 15000000 		.4byte	.LVL5-1
 1861 006b 18000000 		.4byte	.LFE8
 1862 006f 0400     		.2byte	0x4
 1863 0071 F3       		.byte	0xf3
 1864 0072 01       		.uleb128 0x1
 1865 0073 52       		.byte	0x52
 1866 0074 9F       		.byte	0x9f
 1867 0075 00000000 		.4byte	0
 1868 0079 00000000 		.4byte	0
 1869              	.LLST3:
 1870 007d 06000000 		.4byte	.LVL2
 1871 0081 15000000 		.4byte	.LVL5-1
ARM GAS  /tmp/ccBEok1U.s 			page 34


 1872 0085 0100     		.2byte	0x1
 1873 0087 51       		.byte	0x51
 1874 0088 15000000 		.4byte	.LVL5-1
 1875 008c 18000000 		.4byte	.LFE8
 1876 0090 0400     		.2byte	0x4
 1877 0092 F3       		.byte	0xf3
 1878 0093 01       		.uleb128 0x1
 1879 0094 51       		.byte	0x51
 1880 0095 9F       		.byte	0x9f
 1881 0096 00000000 		.4byte	0
 1882 009a 00000000 		.4byte	0
 1883              	.LLST4:
 1884 009e 00000000 		.4byte	.LVL6
 1885 00a2 08000000 		.4byte	.LVL7
 1886 00a6 0100     		.2byte	0x1
 1887 00a8 50       		.byte	0x50
 1888 00a9 08000000 		.4byte	.LVL7
 1889 00ad 7A000000 		.4byte	.LVL26
 1890 00b1 0100     		.2byte	0x1
 1891 00b3 56       		.byte	0x56
 1892 00b4 00000000 		.4byte	0
 1893 00b8 00000000 		.4byte	0
 1894              	.LLST5:
 1895 00bc 00000000 		.4byte	.LVL6
 1896 00c0 0A000000 		.4byte	.LVL8
 1897 00c4 0100     		.2byte	0x1
 1898 00c6 51       		.byte	0x51
 1899 00c7 0A000000 		.4byte	.LVL8
 1900 00cb 0E000000 		.4byte	.LVL9
 1901 00cf 0300     		.2byte	0x3
 1902 00d1 71       		.byte	0x71
 1903 00d2 79       		.sleb128 -7
 1904 00d3 9F       		.byte	0x9f
 1905 00d4 0E000000 		.4byte	.LVL9
 1906 00d8 7A000000 		.4byte	.LVL26
 1907 00dc 0100     		.2byte	0x1
 1908 00de 55       		.byte	0x55
 1909 00df 7A000000 		.4byte	.LVL26
 1910 00e3 80000000 		.4byte	.LFE9
 1911 00e7 0900     		.2byte	0x9
 1912 00e9 F3       		.byte	0xf3
 1913 00ea 01       		.uleb128 0x1
 1914 00eb 51       		.byte	0x51
 1915 00ec 23       		.byte	0x23
 1916 00ed 07       		.uleb128 0x7
 1917 00ee 09       		.byte	0x9
 1918 00ef F8       		.byte	0xf8
 1919 00f0 1A       		.byte	0x1a
 1920 00f1 9F       		.byte	0x9f
 1921 00f2 00000000 		.4byte	0
 1922 00f6 00000000 		.4byte	0
 1923              	.LLST6:
 1924 00fa 12000000 		.4byte	.LVL10
 1925 00fe 44000000 		.4byte	.LVL15
 1926 0102 0100     		.2byte	0x1
 1927 0104 54       		.byte	0x54
 1928 0105 4E000000 		.4byte	.LVL17
ARM GAS  /tmp/ccBEok1U.s 			page 35


 1929 0109 6E000000 		.4byte	.LVL21
 1930 010d 0100     		.2byte	0x1
 1931 010f 54       		.byte	0x54
 1932 0110 70000000 		.4byte	.LVL22
 1933 0114 72000000 		.4byte	.LVL23
 1934 0118 0100     		.2byte	0x1
 1935 011a 54       		.byte	0x54
 1936 011b 74000000 		.4byte	.LVL24
 1937 011f 76000000 		.4byte	.LVL25
 1938 0123 0100     		.2byte	0x1
 1939 0125 54       		.byte	0x54
 1940 0126 00000000 		.4byte	0
 1941 012a 00000000 		.4byte	0
 1942              	.LLST7:
 1943 012e 1C000000 		.4byte	.LVL12
 1944 0132 4B000000 		.4byte	.LVL16-1
 1945 0136 0100     		.2byte	0x1
 1946 0138 53       		.byte	0x53
 1947 0139 4B000000 		.4byte	.LVL16-1
 1948 013d 4E000000 		.4byte	.LVL17
 1949 0141 0300     		.2byte	0x3
 1950 0143 74       		.byte	0x74
 1951 0144 78       		.sleb128 -8
 1952 0145 9F       		.byte	0x9f
 1953 0146 4E000000 		.4byte	.LVL17
 1954 014a 50000000 		.4byte	.LVL18
 1955 014e 0100     		.2byte	0x1
 1956 0150 53       		.byte	0x53
 1957 0151 64000000 		.4byte	.LVL20
 1958 0155 6E000000 		.4byte	.LVL21
 1959 0159 0100     		.2byte	0x1
 1960 015b 50       		.byte	0x50
 1961 015c 74000000 		.4byte	.LVL24
 1962 0160 76000000 		.4byte	.LVL25
 1963 0164 0100     		.2byte	0x1
 1964 0166 50       		.byte	0x50
 1965 0167 00000000 		.4byte	0
 1966 016b 00000000 		.4byte	0
 1967              	.LLST8:
 1968 016f 32000000 		.4byte	.LVL13
 1969 0173 42000000 		.4byte	.LVL14
 1970 0177 0100     		.2byte	0x1
 1971 0179 50       		.byte	0x50
 1972 017a 00000000 		.4byte	0
 1973 017e 00000000 		.4byte	0
 1974              	.LLST9:
 1975 0182 00000000 		.4byte	.LVL27
 1976 0186 0C000000 		.4byte	.LVL29
 1977 018a 0100     		.2byte	0x1
 1978 018c 50       		.byte	0x50
 1979 018d 0C000000 		.4byte	.LVL29
 1980 0191 8C000000 		.4byte	.LVL37
 1981 0195 0100     		.2byte	0x1
 1982 0197 57       		.byte	0x57
 1983 0198 8C000000 		.4byte	.LVL37
 1984 019c 90000000 		.4byte	.LFE10
 1985 01a0 0400     		.2byte	0x4
ARM GAS  /tmp/ccBEok1U.s 			page 36


 1986 01a2 F3       		.byte	0xf3
 1987 01a3 01       		.uleb128 0x1
 1988 01a4 50       		.byte	0x50
 1989 01a5 9F       		.byte	0x9f
 1990 01a6 00000000 		.4byte	0
 1991 01aa 00000000 		.4byte	0
 1992              	.LLST10:
 1993 01ae 10000000 		.4byte	.LVL30
 1994 01b2 18000000 		.4byte	.LVL33
 1995 01b6 0100     		.2byte	0x1
 1996 01b8 56       		.byte	0x56
 1997 01b9 18000000 		.4byte	.LVL33
 1998 01bd 8C000000 		.4byte	.LVL37
 1999 01c1 0100     		.2byte	0x1
 2000 01c3 54       		.byte	0x54
 2001 01c4 00000000 		.4byte	0
 2002 01c8 00000000 		.4byte	0
 2003              	.LLST11:
 2004 01cc 08000000 		.4byte	.LVL28
 2005 01d0 8C000000 		.4byte	.LVL37
 2006 01d4 0100     		.2byte	0x1
 2007 01d6 55       		.byte	0x55
 2008 01d7 8C000000 		.4byte	.LVL37
 2009 01db 90000000 		.4byte	.LFE10
 2010 01df 0600     		.2byte	0x6
 2011 01e1 F3       		.byte	0xf3
 2012 01e2 01       		.uleb128 0x1
 2013 01e3 50       		.byte	0x50
 2014 01e4 38       		.byte	0x38
 2015 01e5 1C       		.byte	0x1c
 2016 01e6 9F       		.byte	0x9f
 2017 01e7 00000000 		.4byte	0
 2018 01eb 00000000 		.4byte	0
 2019              	.LLST12:
 2020 01ef 0C000000 		.4byte	.LVL29
 2021 01f3 12000000 		.4byte	.LVL31
 2022 01f7 0100     		.2byte	0x1
 2023 01f9 50       		.byte	0x50
 2024 01fa 12000000 		.4byte	.LVL31
 2025 01fe 15000000 		.4byte	.LVL32-1
 2026 0202 0200     		.2byte	0x2
 2027 0204 75       		.byte	0x75
 2028 0205 00       		.sleb128 0
 2029 0206 15000000 		.4byte	.LVL32-1
 2030 020a 8C000000 		.4byte	.LVL37
 2031 020e 0300     		.2byte	0x3
 2032 0210 76       		.byte	0x76
 2033 0211 78       		.sleb128 -8
 2034 0212 9F       		.byte	0x9f
 2035 0213 00000000 		.4byte	0
 2036 0217 00000000 		.4byte	0
 2037              	.LLST13:
 2038 021b 00000000 		.4byte	.LVL38
 2039 021f 0A000000 		.4byte	.LVL39
 2040 0223 0100     		.2byte	0x1
 2041 0225 50       		.byte	0x50
 2042 0226 0A000000 		.4byte	.LVL39
ARM GAS  /tmp/ccBEok1U.s 			page 37


 2043 022a 1A000000 		.4byte	.LVL42
 2044 022e 0100     		.2byte	0x1
 2045 0230 54       		.byte	0x54
 2046 0231 1A000000 		.4byte	.LVL42
 2047 0235 1C000000 		.4byte	.LVL43
 2048 0239 0300     		.2byte	0x3
 2049 023b 73       		.byte	0x73
 2050 023c 78       		.sleb128 -8
 2051 023d 9F       		.byte	0x9f
 2052 023e 00000000 		.4byte	0
 2053 0242 00000000 		.4byte	0
 2054              	.LLST14:
 2055 0246 00000000 		.4byte	.LVL38
 2056 024a 11000000 		.4byte	.LVL40-1
 2057 024e 0100     		.2byte	0x1
 2058 0250 51       		.byte	0x51
 2059 0251 11000000 		.4byte	.LVL40-1
 2060 0255 34000000 		.4byte	.LVL48
 2061 0259 0100     		.2byte	0x1
 2062 025b 55       		.byte	0x55
 2063 025c 34000000 		.4byte	.LVL48
 2064 0260 38000000 		.4byte	.LFE11
 2065 0264 0400     		.2byte	0x4
 2066 0266 F3       		.byte	0xf3
 2067 0267 01       		.uleb128 0x1
 2068 0268 51       		.byte	0x51
 2069 0269 9F       		.byte	0x9f
 2070 026a 00000000 		.4byte	0
 2071 026e 00000000 		.4byte	0
 2072              	.LLST15:
 2073 0272 16000000 		.4byte	.LVL41
 2074 0276 1C000000 		.4byte	.LVL43
 2075 027a 0100     		.2byte	0x1
 2076 027c 53       		.byte	0x53
 2077 027d 22000000 		.4byte	.LVL45
 2078 0281 24000000 		.4byte	.LVL46
 2079 0285 0100     		.2byte	0x1
 2080 0287 53       		.byte	0x53
 2081 0288 00000000 		.4byte	0
 2082 028c 00000000 		.4byte	0
 2083              	.LLST16:
 2084 0290 12000000 		.4byte	.LVL40
 2085 0294 1C000000 		.4byte	.LVL43
 2086 0298 0200     		.2byte	0x2
 2087 029a 30       		.byte	0x30
 2088 029b 9F       		.byte	0x9f
 2089 029c 1C000000 		.4byte	.LVL43
 2090 02a0 34000000 		.4byte	.LVL48
 2091 02a4 0100     		.2byte	0x1
 2092 02a6 54       		.byte	0x54
 2093 02a7 34000000 		.4byte	.LVL48
 2094 02ab 38000000 		.4byte	.LFE11
 2095 02af 0100     		.2byte	0x1
 2096 02b1 50       		.byte	0x50
 2097 02b2 00000000 		.4byte	0
 2098 02b6 00000000 		.4byte	0
 2099              	.LLST17:
ARM GAS  /tmp/ccBEok1U.s 			page 38


 2100 02ba 12000000 		.4byte	.LVL40
 2101 02be 1C000000 		.4byte	.LVL43
 2102 02c2 0200     		.2byte	0x2
 2103 02c4 30       		.byte	0x30
 2104 02c5 9F       		.byte	0x9f
 2105 02c6 1C000000 		.4byte	.LVL43
 2106 02ca 2F000000 		.4byte	.LVL47-1
 2107 02ce 0100     		.2byte	0x1
 2108 02d0 52       		.byte	0x52
 2109 02d1 00000000 		.4byte	0
 2110 02d5 00000000 		.4byte	0
 2111              		.section	.debug_aranges,"",%progbits
 2112 0000 3C000000 		.4byte	0x3c
 2113 0004 0200     		.2byte	0x2
 2114 0006 00000000 		.4byte	.Ldebug_info0
 2115 000a 04       		.byte	0x4
 2116 000b 00       		.byte	0
 2117 000c 0000     		.2byte	0
 2118 000e 0000     		.2byte	0
 2119 0010 00000000 		.4byte	.LFB7
 2120 0014 20000000 		.4byte	.LFE7-.LFB7
 2121 0018 00000000 		.4byte	.LFB8
 2122 001c 18000000 		.4byte	.LFE8-.LFB8
 2123 0020 00000000 		.4byte	.LFB9
 2124 0024 80000000 		.4byte	.LFE9-.LFB9
 2125 0028 00000000 		.4byte	.LFB10
 2126 002c 90000000 		.4byte	.LFE10-.LFB10
 2127 0030 00000000 		.4byte	.LFB11
 2128 0034 38000000 		.4byte	.LFE11-.LFB11
 2129 0038 00000000 		.4byte	0
 2130 003c 00000000 		.4byte	0
 2131              		.section	.debug_ranges,"",%progbits
 2132              	.Ldebug_ranges0:
 2133 0000 00000000 		.4byte	.LFB7
 2134 0004 20000000 		.4byte	.LFE7
 2135 0008 00000000 		.4byte	.LFB8
 2136 000c 18000000 		.4byte	.LFE8
 2137 0010 00000000 		.4byte	.LFB9
 2138 0014 80000000 		.4byte	.LFE9
 2139 0018 00000000 		.4byte	.LFB10
 2140 001c 90000000 		.4byte	.LFE10
 2141 0020 00000000 		.4byte	.LFB11
 2142 0024 38000000 		.4byte	.LFE11
 2143 0028 00000000 		.4byte	0
 2144 002c 00000000 		.4byte	0
 2145              		.section	.debug_line,"",%progbits
 2146              	.Ldebug_line0:
 2147 0000 51020000 		.section	.debug_str,"MS",%progbits,1
 2147      02008501 
 2147      00000201 
 2147      FB0E0D00 
 2147      01010101 
 2148              	.LASF43:
 2149 0000 705F6D73 		.ascii	"p_msg\000"
 2149      6700
 2150              	.LASF2:
 2151 0006 73697A65 		.ascii	"size_t\000"
ARM GAS  /tmp/ccBEok1U.s 			page 39


 2151      5F7400
 2152              	.LASF69:
 2153 000d 7264796D 		.ascii	"rdymsg\000"
 2153      736700
 2154              	.LASF17:
 2155 0014 75696E74 		.ascii	"uint64_t\000"
 2155      36345F74 
 2155      00
 2156              	.LASF3:
 2157 001d 5F5F7569 		.ascii	"__uint8_t\000"
 2157      6E74385F 
 2157      7400
 2158              	.LASF59:
 2159 0027 6D656D67 		.ascii	"memgetfunc_t\000"
 2159      65746675 
 2159      6E635F74 
 2159      00
 2160              	.LASF13:
 2161 0034 6C6F6E67 		.ascii	"long long unsigned int\000"
 2161      206C6F6E 
 2161      6720756E 
 2161      7369676E 
 2161      65642069 
 2162              	.LASF70:
 2163 004b 65786974 		.ascii	"exitcode\000"
 2163      636F6465 
 2163      00
 2164              	.LASF63:
 2165 0054 685F6672 		.ascii	"h_free\000"
 2165      656500
 2166              	.LASF89:
 2167 005b 63684462 		.ascii	"chDbgPanic\000"
 2167      6750616E 
 2167      696300
 2168              	.LASF76:
 2169 0066 68656170 		.ascii	"heapp\000"
 2169      7000
 2170              	.LASF88:
 2171 006c 63684D74 		.ascii	"chMtxUnlock\000"
 2171      78556E6C 
 2171      6F636B00 
 2172              	.LASF75:
 2173 0078 63684865 		.ascii	"chHeapInit\000"
 2173      6170496E 
 2173      697400
 2174              	.LASF65:
 2175 0083 6E657874 		.ascii	"next\000"
 2175      00
 2176              	.LASF30:
 2177 0088 705F7072 		.ascii	"p_prio\000"
 2177      696F00
 2178              	.LASF11:
 2179 008f 6C6F6E67 		.ascii	"long long int\000"
 2179      206C6F6E 
 2179      6720696E 
 2179      7400
 2180              	.LASF1:
ARM GAS  /tmp/ccBEok1U.s 			page 40


 2181 009d 7369676E 		.ascii	"signed char\000"
 2181      65642063 
 2181      68617200 
 2182              	.LASF64:
 2183 00a9 685F6D74 		.ascii	"h_mtx\000"
 2183      7800
 2184              	.LASF47:
 2185 00af 705F6D70 		.ascii	"p_mpool\000"
 2185      6F6F6C00 
 2186              	.LASF56:
 2187 00b7 6D5F7175 		.ascii	"m_queue\000"
 2187      65756500 
 2188              	.LASF77:
 2189 00bf 63684865 		.ascii	"chHeapFree\000"
 2189      61704672 
 2189      656500
 2190              	.LASF22:
 2191 00ca 74736C69 		.ascii	"tslices_t\000"
 2191      6365735F 
 2191      7400
 2192              	.LASF8:
 2193 00d4 6C6F6E67 		.ascii	"long int\000"
 2193      20696E74 
 2193      00
 2194              	.LASF20:
 2195 00dd 74737461 		.ascii	"tstate_t\000"
 2195      74655F74 
 2195      00
 2196              	.LASF32:
 2197 00e6 705F6E65 		.ascii	"p_newer\000"
 2197      77657200 
 2198              	.LASF9:
 2199 00ee 5F5F7569 		.ascii	"__uint32_t\000"
 2199      6E743332 
 2199      5F7400
 2200              	.LASF50:
 2201 00f9 72656761 		.ascii	"regarm_t\000"
 2201      726D5F74 
 2201      00
 2202              	.LASF67:
 2203 0102 616C6967 		.ascii	"align\000"
 2203      6E00
 2204              	.LASF35:
 2205 0108 705F7374 		.ascii	"p_stklimit\000"
 2205      6B6C696D 
 2205      697400
 2206              	.LASF0:
 2207 0113 756E7369 		.ascii	"unsigned int\000"
 2207      676E6564 
 2207      20696E74 
 2207      00
 2208              	.LASF10:
 2209 0120 6C6F6E67 		.ascii	"long unsigned int\000"
 2209      20756E73 
 2209      69676E65 
 2209      6420696E 
 2209      7400
ARM GAS  /tmp/ccBEok1U.s 			page 41


 2210              	.LASF53:
 2211 0132 636F6E74 		.ascii	"context\000"
 2211      65787400 
 2212              	.LASF68:
 2213 013a 73697A65 		.ascii	"size\000"
 2213      00
 2214              	.LASF6:
 2215 013f 73686F72 		.ascii	"short unsigned int\000"
 2215      7420756E 
 2215      7369676E 
 2215      65642069 
 2215      6E7400
 2216              	.LASF24:
 2217 0152 6D73675F 		.ascii	"msg_t\000"
 2217      7400
 2218              	.LASF19:
 2219 0158 746D6F64 		.ascii	"tmode_t\000"
 2219      655F7400 
 2220              	.LASF49:
 2221 0160 54687265 		.ascii	"ThreadsList\000"
 2221      6164734C 
 2221      69737400 
 2222              	.LASF25:
 2223 016c 6576656E 		.ascii	"eventmask_t\000"
 2223      746D6173 
 2223      6B5F7400 
 2224              	.LASF84:
 2225 0178 474E5520 		.ascii	"GNU C 4.9.2 20150128 (prerelease) -mcpu=cortex-m4 -"
 2225      4320342E 
 2225      392E3220 
 2225      32303135 
 2225      30313238 
 2226 01ab 6D6E6F2D 		.ascii	"mno-thumb-interwork -mthumb -ggdb -Og -std=gnu99 -f"
 2226      7468756D 
 2226      622D696E 
 2226      74657277 
 2226      6F726B20 
 2227 01de 6F6D6974 		.ascii	"omit-frame-pointer -falign-functions=16 -ffunction-"
 2227      2D667261 
 2227      6D652D70 
 2227      6F696E74 
 2227      6572202D 
 2228 0211 73656374 		.ascii	"sections -fdata-sections -fno-common\000"
 2228      696F6E73 
 2228      202D6664 
 2228      6174612D 
 2228      73656374 
 2229              	.LASF55:
 2230 0236 4D757465 		.ascii	"Mutex\000"
 2230      7800
 2231              	.LASF51:
 2232 023c 73746B61 		.ascii	"stkalign_t\000"
 2232      6C69676E 
 2232      5F7400
 2233              	.LASF54:
 2234 0247 73697A65 		.ascii	"sizetype\000"
 2234      74797065 
ARM GAS  /tmp/ccBEok1U.s 			page 42


 2234      00
 2235              	.LASF85:
 2236 0250 2E2E2F2E 		.ascii	"../../ChibiOS-RT/os/kernel/src/chheap.c\000"
 2236      2E2F4368 
 2236      6962694F 
 2236      532D5254 
 2236      2F6F732F 
 2237              	.LASF83:
 2238 0278 63684D74 		.ascii	"chMtxLock\000"
 2238      784C6F63 
 2238      6B00
 2239              	.LASF33:
 2240 0282 705F6F6C 		.ascii	"p_older\000"
 2240      64657200 
 2241              	.LASF48:
 2242 028a 54687265 		.ascii	"ThreadsQueue\000"
 2242      61647351 
 2242      75657565 
 2242      00
 2243              	.LASF60:
 2244 0297 4D656D6F 		.ascii	"MemoryHeap\000"
 2244      72794865 
 2244      617000
 2245              	.LASF12:
 2246 02a2 5F5F7569 		.ascii	"__uint64_t\000"
 2246      6E743634 
 2246      5F7400
 2247              	.LASF21:
 2248 02ad 74726566 		.ascii	"trefs_t\000"
 2248      735F7400 
 2249              	.LASF86:
 2250 02b5 2F686F6D 		.ascii	"/home/seth/marionette-firmware/src/CAN\000"
 2250      652F7365 
 2250      74682F6D 
 2250      6172696F 
 2250      6E657474 
 2251              	.LASF29:
 2252 02dc 705F7072 		.ascii	"p_prev\000"
 2252      657600
 2253              	.LASF23:
 2254 02e3 74707269 		.ascii	"tprio_t\000"
 2254      6F5F7400 
 2255              	.LASF18:
 2256 02eb 5F426F6F 		.ascii	"_Bool\000"
 2256      6C00
 2257              	.LASF15:
 2258 02f1 696E7433 		.ascii	"int32_t\000"
 2258      325F7400 
 2259              	.LASF4:
 2260 02f9 756E7369 		.ascii	"unsigned char\000"
 2260      676E6564 
 2260      20636861 
 2260      7200
 2261              	.LASF62:
 2262 0307 685F7072 		.ascii	"h_provider\000"
 2262      6F766964 
 2262      657200
ARM GAS  /tmp/ccBEok1U.s 			page 43


 2263              	.LASF45:
 2264 0312 705F6D74 		.ascii	"p_mtxlist\000"
 2264      786C6973 
 2264      7400
 2265              	.LASF5:
 2266 031c 73686F72 		.ascii	"short int\000"
 2266      7420696E 
 2266      7400
 2267              	.LASF36:
 2268 0326 705F7374 		.ascii	"p_state\000"
 2268      61746500 
 2269              	.LASF39:
 2270 032e 705F7072 		.ascii	"p_preempt\000"
 2270      65656D70 
 2270      7400
 2271              	.LASF87:
 2272 0338 68656170 		.ascii	"heap_header\000"
 2272      5F686561 
 2272      64657200 
 2273              	.LASF72:
 2274 0344 65776D61 		.ascii	"ewmask\000"
 2274      736B00
 2275              	.LASF28:
 2276 034b 705F6E65 		.ascii	"p_next\000"
 2276      787400
 2277              	.LASF37:
 2278 0352 705F666C 		.ascii	"p_flags\000"
 2278      61677300 
 2279              	.LASF27:
 2280 035a 54687265 		.ascii	"Thread\000"
 2280      616400
 2281              	.LASF78:
 2282 0361 63684865 		.ascii	"chHeapAlloc\000"
 2282      6170416C 
 2282      6C6F6300 
 2283              	.LASF44:
 2284 036d 705F6570 		.ascii	"p_epending\000"
 2284      656E6469 
 2284      6E6700
 2285              	.LASF16:
 2286 0378 75696E74 		.ascii	"uint32_t\000"
 2286      33325F74 
 2286      00
 2287              	.LASF66:
 2288 0381 68656170 		.ascii	"heap\000"
 2288      00
 2289              	.LASF81:
 2290 0386 64656661 		.ascii	"default_heap\000"
 2290      756C745F 
 2290      68656170 
 2290      00
 2291              	.LASF73:
 2292 0393 63686172 		.ascii	"char\000"
 2292      00
 2293              	.LASF79:
 2294 0398 63684865 		.ascii	"chHeapStatus\000"
 2294      61705374 
ARM GAS  /tmp/ccBEok1U.s 			page 44


 2294      61747573 
 2294      00
 2295              	.LASF58:
 2296 03a5 6D5F6E65 		.ascii	"m_next\000"
 2296      787400
 2297              	.LASF26:
 2298 03ac 73797374 		.ascii	"systime_t\000"
 2298      696D655F 
 2298      7400
 2299              	.LASF46:
 2300 03b6 705F7265 		.ascii	"p_realprio\000"
 2300      616C7072 
 2300      696F00
 2301              	.LASF7:
 2302 03c1 5F5F696E 		.ascii	"__int32_t\000"
 2302      7433325F 
 2302      7400
 2303              	.LASF40:
 2304 03cb 705F7469 		.ascii	"p_time\000"
 2304      6D6500
 2305              	.LASF52:
 2306 03d2 696E7463 		.ascii	"intctx\000"
 2306      747800
 2307              	.LASF42:
 2308 03d9 705F6D73 		.ascii	"p_msgqueue\000"
 2308      67717565 
 2308      756500
 2309              	.LASF82:
 2310 03e4 63684D74 		.ascii	"chMtxInit\000"
 2310      78496E69 
 2310      7400
 2311              	.LASF38:
 2312 03ee 705F7265 		.ascii	"p_refs\000"
 2312      667300
 2313              	.LASF14:
 2314 03f5 75696E74 		.ascii	"uint8_t\000"
 2314      385F7400 
 2315              	.LASF71:
 2316 03fd 77746F62 		.ascii	"wtobjp\000"
 2316      6A7000
 2317              	.LASF80:
 2318 0404 73697A65 		.ascii	"sizep\000"
 2318      7000
 2319              	.LASF34:
 2320 040a 705F6E61 		.ascii	"p_name\000"
 2320      6D6500
 2321              	.LASF74:
 2322 0411 5F686561 		.ascii	"_heap_init\000"
 2322      705F696E 
 2322      697400
 2323              	.LASF57:
 2324 041c 6D5F6F77 		.ascii	"m_owner\000"
 2324      6E657200 
 2325              	.LASF31:
 2326 0424 705F6374 		.ascii	"p_ctx\000"
 2326      7800
 2327              	.LASF41:
ARM GAS  /tmp/ccBEok1U.s 			page 45


 2328 042a 705F7761 		.ascii	"p_waiting\000"
 2328      6974696E 
 2328      6700
 2329              	.LASF61:
 2330 0434 6D656D6F 		.ascii	"memory_heap\000"
 2330      72795F68 
 2330      65617000 
 2331              		.ident	"GCC: (Arch Repository) 4.9.2 20150128 (prerelease)"
ARM GAS  /tmp/ccBEok1U.s 			page 46


DEFINED SYMBOLS
                            *ABS*:0000000000000000 chheap.c
     /tmp/ccBEok1U.s:19     .text._heap_init:0000000000000000 $t
     /tmp/ccBEok1U.s:25     .text._heap_init:0000000000000000 _heap_init
     /tmp/ccBEok1U.s:53     .text._heap_init:0000000000000018 $d
     /tmp/ccBEok1U.s:59     .text.chHeapInit:0000000000000000 $t
     /tmp/ccBEok1U.s:65     .text.chHeapInit:0000000000000000 chHeapInit
     /tmp/ccBEok1U.s:100    .text.chHeapAlloc:0000000000000000 $t
     /tmp/ccBEok1U.s:106    .text.chHeapAlloc:0000000000000000 chHeapAlloc
     /tmp/ccBEok1U.s:230    .text.chHeapAlloc:000000000000007c $d
     /tmp/ccBEok1U.s:235    .text.chHeapFree:0000000000000000 $t
     /tmp/ccBEok1U.s:241    .text.chHeapFree:0000000000000000 chHeapFree
     /tmp/ccBEok1U.s:354    .text.chHeapFree:000000000000008c $d
     /tmp/ccBEok1U.s:359    .text.chHeapStatus:0000000000000000 $t
     /tmp/ccBEok1U.s:365    .text.chHeapStatus:0000000000000000 chHeapStatus
     /tmp/ccBEok1U.s:429    .text.chHeapStatus:0000000000000034 $d
     /tmp/ccBEok1U.s:434    .rodata.str1.4:0000000000000000 $d
     /tmp/ccBEok1U.s:438    .bss.default_heap:0000000000000000 $d
     /tmp/ccBEok1U.s:442    .bss.default_heap:0000000000000000 default_heap
                     .debug_frame:0000000000000010 $d
     /tmp/ccBEok1U.s:433    .text.chHeapStatus:0000000000000038 $t

UNDEFINED SYMBOLS
chMtxInit
chCoreAlloc
chMtxLock
chMtxUnlock
chDbgPanic
