ARM GAS  /tmp/ccRkZTJu.s 			page 1


   1              		.syntax unified
   2              		.cpu cortex-m4
   3              		.fpu softvfp
   4              		.eabi_attribute 20, 1
   5              		.eabi_attribute 21, 1
   6              		.eabi_attribute 23, 3
   7              		.eabi_attribute 24, 1
   8              		.eabi_attribute 25, 1
   9              		.eabi_attribute 26, 1
  10              		.eabi_attribute 30, 1
  11              		.eabi_attribute 34, 1
  12              		.eabi_attribute 18, 4
  13              		.thumb
  14              		.file	"chmempools.c"
  15              		.text
  16              	.Ltext0:
  17              		.cfi_sections	.debug_frame
  18              		.section	.text.chPoolInit,"ax",%progbits
  19              		.align	2
  20              		.p2align 4,,15
  21              		.global	chPoolInit
  22              		.thumb
  23              		.thumb_func
  24              		.type	chPoolInit, %function
  25              	chPoolInit:
  26              	.LFB7:
  27              		.file 1 "../../ChibiOS-RT/os/kernel/src/chmempools.c"
  28              		.loc 1 62 0
  29              		.cfi_startproc
  30              		@ args = 0, pretend = 0, frame = 0
  31              		@ frame_needed = 0, uses_anonymous_args = 0
  32              		@ link register save eliminated.
  33              	.LVL0:
  34              		.loc 1 66 0
  35 0000 0023     		movs	r3, #0
  36 0002 0360     		str	r3, [r0]
  37              		.loc 1 67 0
  38 0004 4160     		str	r1, [r0, #4]
  39              		.loc 1 68 0
  40 0006 8260     		str	r2, [r0, #8]
  41 0008 7047     		bx	lr
  42              		.cfi_endproc
  43              	.LFE7:
  44              		.size	chPoolInit, .-chPoolInit
  45 000a 00BFAFF3 		.section	.text.chPoolAllocI,"ax",%progbits
  45      0080
  46              		.align	2
  47              		.p2align 4,,15
  48              		.global	chPoolAllocI
  49              		.thumb
  50              		.thumb_func
  51              		.type	chPoolAllocI, %function
  52              	chPoolAllocI:
  53              	.LFB9:
  54              		.loc 1 105 0
  55              		.cfi_startproc
  56              		@ args = 0, pretend = 0, frame = 0
ARM GAS  /tmp/ccRkZTJu.s 			page 2


  57              		@ frame_needed = 0, uses_anonymous_args = 0
  58              	.LVL1:
  59 0000 10B5     		push	{r4, lr}
  60              		.cfi_def_cfa_offset 8
  61              		.cfi_offset 4, -8
  62              		.cfi_offset 14, -4
  63 0002 0446     		mov	r4, r0
  64              		.loc 1 108 0
  65 0004 FFF7FEFF 		bl	chDbgCheckClassI
  66              	.LVL2:
  67              		.loc 1 111 0
  68 0008 2068     		ldr	r0, [r4]
  69              	.LVL3:
  70 000a 10B1     		cbz	r0, .L3
  71              		.loc 1 112 0
  72 000c 0368     		ldr	r3, [r0]
  73 000e 2360     		str	r3, [r4]
  74 0010 10BD     		pop	{r4, pc}
  75              	.LVL4:
  76              	.L3:
  77              		.loc 1 113 0
  78 0012 A368     		ldr	r3, [r4, #8]
  79 0014 0BB1     		cbz	r3, .L4
  80              		.loc 1 114 0
  81 0016 6068     		ldr	r0, [r4, #4]
  82              	.LVL5:
  83 0018 9847     		blx	r3
  84              	.LVL6:
  85              	.L4:
  86              		.loc 1 116 0
  87 001a 10BD     		pop	{r4, pc}
  88              		.cfi_endproc
  89              	.LFE9:
  90              		.size	chPoolAllocI, .-chPoolAllocI
  91 001c AFF30080 		.section	.text.chPoolAlloc,"ax",%progbits
  92              		.align	2
  93              		.p2align 4,,15
  94              		.global	chPoolAlloc
  95              		.thumb
  96              		.thumb_func
  97              		.type	chPoolAlloc, %function
  98              	chPoolAlloc:
  99              	.LFB10:
 100              		.loc 1 128 0
 101              		.cfi_startproc
 102              		@ args = 0, pretend = 0, frame = 0
 103              		@ frame_needed = 0, uses_anonymous_args = 0
 104              	.LVL7:
 105 0000 10B5     		push	{r4, lr}
 106              		.cfi_def_cfa_offset 8
 107              		.cfi_offset 4, -8
 108              		.cfi_offset 14, -4
 109 0002 0446     		mov	r4, r0
 110              	.LBB2:
 111              		.loc 1 131 0
 112 0004 2023     		movs	r3, #32
 113              	@ 131 "../../ChibiOS-RT/os/kernel/src/chmempools.c" 1
ARM GAS  /tmp/ccRkZTJu.s 			page 3


 114 0006 83F31188 		msr     BASEPRI, r3
 115              	@ 0 "" 2
 116              		.thumb
 117              	.LBE2:
 118 000a FFF7FEFF 		bl	dbg_check_lock
 119              	.LVL8:
 120              		.loc 1 132 0
 121 000e 2046     		mov	r0, r4
 122 0010 FFF7FEFF 		bl	chPoolAllocI
 123              	.LVL9:
 124 0014 0446     		mov	r4, r0
 125              	.LVL10:
 126              		.loc 1 133 0
 127 0016 FFF7FEFF 		bl	dbg_check_unlock
 128              	.LVL11:
 129              	.LBB3:
 130 001a 0023     		movs	r3, #0
 131              	@ 133 "../../ChibiOS-RT/os/kernel/src/chmempools.c" 1
 132 001c 83F31188 		msr     BASEPRI, r3
 133              	@ 0 "" 2
 134              		.thumb
 135              	.LBE3:
 136              		.loc 1 135 0
 137 0020 2046     		mov	r0, r4
 138 0022 10BD     		pop	{r4, pc}
 139              		.cfi_endproc
 140              	.LFE10:
 141              		.size	chPoolAlloc, .-chPoolAlloc
 142 0024 AFF30080 		.section	.text.chPoolFreeI,"ax",%progbits
 142      AFF30080 
 142      AFF30080 
 143              		.align	2
 144              		.p2align 4,,15
 145              		.global	chPoolFreeI
 146              		.thumb
 147              		.thumb_func
 148              		.type	chPoolFreeI, %function
 149              	chPoolFreeI:
 150              	.LFB11:
 151              		.loc 1 149 0
 152              		.cfi_startproc
 153              		@ args = 0, pretend = 0, frame = 0
 154              		@ frame_needed = 0, uses_anonymous_args = 0
 155              	.LVL12:
 156 0000 38B5     		push	{r3, r4, r5, lr}
 157              		.cfi_def_cfa_offset 16
 158              		.cfi_offset 3, -16
 159              		.cfi_offset 4, -12
 160              		.cfi_offset 5, -8
 161              		.cfi_offset 14, -4
 162 0002 0446     		mov	r4, r0
 163 0004 0D46     		mov	r5, r1
 164              	.LVL13:
 165              		.loc 1 152 0
 166 0006 FFF7FEFF 		bl	chDbgCheckClassI
 167              	.LVL14:
 168              		.loc 1 155 0
ARM GAS  /tmp/ccRkZTJu.s 			page 4


 169 000a 2368     		ldr	r3, [r4]
 170 000c 2B60     		str	r3, [r5]
 171              		.loc 1 156 0
 172 000e 2560     		str	r5, [r4]
 173 0010 38BD     		pop	{r3, r4, r5, pc}
 174              		.cfi_endproc
 175              	.LFE11:
 176              		.size	chPoolFreeI, .-chPoolFreeI
 177 0012 00BFAFF3 		.section	.text.chPoolFree,"ax",%progbits
 177      0080AFF3 
 177      0080AFF3 
 177      0080
 178              		.align	2
 179              		.p2align 4,,15
 180              		.global	chPoolFree
 181              		.thumb
 182              		.thumb_func
 183              		.type	chPoolFree, %function
 184              	chPoolFree:
 185              	.LFB12:
 186              		.loc 1 171 0
 187              		.cfi_startproc
 188              		@ args = 0, pretend = 0, frame = 0
 189              		@ frame_needed = 0, uses_anonymous_args = 0
 190              	.LVL15:
 191 0000 38B5     		push	{r3, r4, r5, lr}
 192              		.cfi_def_cfa_offset 16
 193              		.cfi_offset 3, -16
 194              		.cfi_offset 4, -12
 195              		.cfi_offset 5, -8
 196              		.cfi_offset 14, -4
 197 0002 0546     		mov	r5, r0
 198 0004 0C46     		mov	r4, r1
 199              	.LBB4:
 200              		.loc 1 173 0
 201 0006 2023     		movs	r3, #32
 202              	@ 173 "../../ChibiOS-RT/os/kernel/src/chmempools.c" 1
 203 0008 83F31188 		msr     BASEPRI, r3
 204              	@ 0 "" 2
 205              		.thumb
 206              	.LBE4:
 207 000c FFF7FEFF 		bl	dbg_check_lock
 208              	.LVL16:
 209              		.loc 1 174 0
 210 0010 2846     		mov	r0, r5
 211 0012 2146     		mov	r1, r4
 212 0014 FFF7FEFF 		bl	chPoolFreeI
 213              	.LVL17:
 214              		.loc 1 175 0
 215 0018 FFF7FEFF 		bl	dbg_check_unlock
 216              	.LVL18:
 217              	.LBB5:
 218 001c 0023     		movs	r3, #0
 219              	@ 175 "../../ChibiOS-RT/os/kernel/src/chmempools.c" 1
 220 001e 83F31188 		msr     BASEPRI, r3
 221              	@ 0 "" 2
 222              		.thumb
ARM GAS  /tmp/ccRkZTJu.s 			page 5


 223 0022 38BD     		pop	{r3, r4, r5, pc}
 224              	.LBE5:
 225              		.cfi_endproc
 226              	.LFE12:
 227              		.size	chPoolFree, .-chPoolFree
 228 0024 AFF30080 		.section	.text.chPoolLoadArray,"ax",%progbits
 228      AFF30080 
 228      AFF30080 
 229              		.align	2
 230              		.p2align 4,,15
 231              		.global	chPoolLoadArray
 232              		.thumb
 233              		.thumb_func
 234              		.type	chPoolLoadArray, %function
 235              	chPoolLoadArray:
 236              	.LFB8:
 237              		.loc 1 84 0
 238              		.cfi_startproc
 239              		@ args = 0, pretend = 0, frame = 0
 240              		@ frame_needed = 0, uses_anonymous_args = 0
 241              	.LVL19:
 242 0000 70B5     		push	{r4, r5, r6, lr}
 243              		.cfi_def_cfa_offset 16
 244              		.cfi_offset 4, -16
 245              		.cfi_offset 5, -12
 246              		.cfi_offset 6, -8
 247              		.cfi_offset 14, -4
 248 0002 0646     		mov	r6, r0
 249 0004 0D46     		mov	r5, r1
 250 0006 1446     		mov	r4, r2
 251 0008 06E0     		b	.L13
 252              	.LVL20:
 253              	.L14:
 254              		.loc 1 89 0
 255 000a 3046     		mov	r0, r6
 256 000c 2946     		mov	r1, r5
 257 000e FFF7FEFF 		bl	chPoolFree
 258              	.LVL21:
 259              		.loc 1 90 0
 260 0012 7368     		ldr	r3, [r6, #4]
 261 0014 1D44     		add	r5, r5, r3
 262              	.LVL22:
 263              		.loc 1 91 0
 264 0016 013C     		subs	r4, r4, #1
 265              	.LVL23:
 266              	.L13:
 267              		.loc 1 88 0
 268 0018 002C     		cmp	r4, #0
 269 001a F6D1     		bne	.L14
 270              		.loc 1 93 0
 271 001c 70BD     		pop	{r4, r5, r6, pc}
 272              		.cfi_endproc
 273              	.LFE8:
 274              		.size	chPoolLoadArray, .-chPoolLoadArray
 275 001e 00BF     		.text
 276              	.Letext0:
 277              		.file 2 "/usr/lib/gcc/arm-none-eabi/4.9.2/include/stddef.h"
ARM GAS  /tmp/ccRkZTJu.s 			page 6


 278              		.file 3 "/usr/arm-none-eabi/include/machine/_default_types.h"
 279              		.file 4 "/usr/arm-none-eabi/include/stdint.h"
 280              		.file 5 "../../ChibiOS-RT/os/kernel/include/chmemcore.h"
 281              		.file 6 "../../ChibiOS-RT/os/kernel/include/chmempools.h"
 282              		.file 7 "../../ChibiOS-RT/os/kernel/include/chdebug.h"
 283              		.section	.debug_info,"",%progbits
 284              	.Ldebug_info0:
 285 0000 8B030000 		.4byte	0x38b
 286 0004 0400     		.2byte	0x4
 287 0006 00000000 		.4byte	.Ldebug_abbrev0
 288 000a 04       		.byte	0x4
 289 000b 01       		.uleb128 0x1
 290 000c 4D010000 		.4byte	.LASF35
 291 0010 01       		.byte	0x1
 292 0011 EC000000 		.4byte	.LASF36
 293 0015 A0000000 		.4byte	.LASF37
 294 0019 00000000 		.4byte	.Ldebug_ranges0+0
 295 001d 00000000 		.4byte	0
 296 0021 00000000 		.4byte	.Ldebug_line0
 297 0025 02       		.uleb128 0x2
 298 0026 04       		.byte	0x4
 299 0027 05       		.byte	0x5
 300 0028 696E7400 		.ascii	"int\000"
 301 002c 03       		.uleb128 0x3
 302 002d 0A000000 		.4byte	.LASF2
 303 0031 02       		.byte	0x2
 304 0032 D4       		.byte	0xd4
 305 0033 37000000 		.4byte	0x37
 306 0037 04       		.uleb128 0x4
 307 0038 04       		.byte	0x4
 308 0039 07       		.byte	0x7
 309 003a 40010000 		.4byte	.LASF0
 310 003e 04       		.uleb128 0x4
 311 003f 01       		.byte	0x1
 312 0040 06       		.byte	0x6
 313 0041 8F020000 		.4byte	.LASF1
 314 0045 03       		.uleb128 0x3
 315 0046 00000000 		.4byte	.LASF3
 316 004a 03       		.byte	0x3
 317 004b 1D       		.byte	0x1d
 318 004c 50000000 		.4byte	0x50
 319 0050 04       		.uleb128 0x4
 320 0051 01       		.byte	0x1
 321 0052 08       		.byte	0x8
 322 0053 D3000000 		.4byte	.LASF4
 323 0057 04       		.uleb128 0x4
 324 0058 02       		.byte	0x2
 325 0059 05       		.byte	0x5
 326 005a 67020000 		.4byte	.LASF5
 327 005e 04       		.uleb128 0x4
 328 005f 02       		.byte	0x2
 329 0060 07       		.byte	0x7
 330 0061 84000000 		.4byte	.LASF6
 331 0065 04       		.uleb128 0x4
 332 0066 04       		.byte	0x4
 333 0067 05       		.byte	0x5
 334 0068 86020000 		.4byte	.LASF7
ARM GAS  /tmp/ccRkZTJu.s 			page 7


 335 006c 03       		.uleb128 0x3
 336 006d E1000000 		.4byte	.LASF8
 337 0071 03       		.byte	0x3
 338 0072 41       		.byte	0x41
 339 0073 77000000 		.4byte	0x77
 340 0077 04       		.uleb128 0x4
 341 0078 04       		.byte	0x4
 342 0079 07       		.byte	0x7
 343 007a 72000000 		.4byte	.LASF9
 344 007e 04       		.uleb128 0x4
 345 007f 08       		.byte	0x8
 346 0080 05       		.byte	0x5
 347 0081 3B020000 		.4byte	.LASF10
 348 0085 04       		.uleb128 0x4
 349 0086 08       		.byte	0x8
 350 0087 07       		.byte	0x7
 351 0088 0B020000 		.4byte	.LASF11
 352 008c 03       		.uleb128 0x3
 353 008d 22020000 		.4byte	.LASF12
 354 0091 04       		.byte	0x4
 355 0092 15       		.byte	0x15
 356 0093 45000000 		.4byte	0x45
 357 0097 03       		.uleb128 0x3
 358 0098 7D020000 		.4byte	.LASF13
 359 009c 04       		.byte	0x4
 360 009d 2D       		.byte	0x2d
 361 009e 6C000000 		.4byte	0x6c
 362 00a2 04       		.uleb128 0x4
 363 00a3 01       		.byte	0x1
 364 00a4 02       		.byte	0x2
 365 00a5 A3020000 		.4byte	.LASF14
 366 00a9 05       		.uleb128 0x5
 367 00aa 04       		.byte	0x4
 368 00ab 04       		.uleb128 0x4
 369 00ac 04       		.byte	0x4
 370 00ad 07       		.byte	0x7
 371 00ae 32020000 		.4byte	.LASF15
 372 00b2 03       		.uleb128 0x3
 373 00b3 4E020000 		.4byte	.LASF16
 374 00b7 05       		.byte	0x5
 375 00b8 2C       		.byte	0x2c
 376 00b9 BD000000 		.4byte	0xbd
 377 00bd 06       		.uleb128 0x6
 378 00be 04       		.byte	0x4
 379 00bf C3000000 		.4byte	0xc3
 380 00c3 07       		.uleb128 0x7
 381 00c4 A9000000 		.4byte	0xa9
 382 00c8 D2000000 		.4byte	0xd2
 383 00cc 08       		.uleb128 0x8
 384 00cd 2C000000 		.4byte	0x2c
 385 00d1 00       		.byte	0
 386 00d2 09       		.uleb128 0x9
 387 00d3 61000000 		.4byte	.LASF38
 388 00d7 04       		.byte	0x4
 389 00d8 06       		.byte	0x6
 390 00d9 2C       		.byte	0x2c
 391 00da EB000000 		.4byte	0xeb
ARM GAS  /tmp/ccRkZTJu.s 			page 8


 392 00de 0A       		.uleb128 0xa
 393 00df 2A020000 		.4byte	.LASF17
 394 00e3 06       		.byte	0x6
 395 00e4 2D       		.byte	0x2d
 396 00e5 EB000000 		.4byte	0xeb
 397 00e9 00       		.byte	0
 398 00ea 00       		.byte	0
 399 00eb 06       		.uleb128 0x6
 400 00ec 04       		.byte	0x4
 401 00ed D2000000 		.4byte	0xd2
 402 00f1 0B       		.uleb128 0xb
 403 00f2 0C       		.byte	0xc
 404 00f3 06       		.byte	0x6
 405 00f4 34       		.byte	0x34
 406 00f5 1E010000 		.4byte	0x11e
 407 00f9 0A       		.uleb128 0xa
 408 00fa 9B020000 		.4byte	.LASF18
 409 00fe 06       		.byte	0x6
 410 00ff 35       		.byte	0x35
 411 0100 EB000000 		.4byte	0xeb
 412 0104 00       		.byte	0
 413 0105 0A       		.uleb128 0xa
 414 0106 31000000 		.4byte	.LASF19
 415 010a 06       		.byte	0x6
 416 010b 36       		.byte	0x36
 417 010c 2C000000 		.4byte	0x2c
 418 0110 04       		.byte	0x4
 419 0111 0A       		.uleb128 0xa
 420 0112 5B020000 		.4byte	.LASF20
 421 0116 06       		.byte	0x6
 422 0117 38       		.byte	0x38
 423 0118 B2000000 		.4byte	0xb2
 424 011c 08       		.byte	0x8
 425 011d 00       		.byte	0
 426 011e 03       		.uleb128 0x3
 427 011f 23010000 		.4byte	.LASF21
 428 0123 06       		.byte	0x6
 429 0124 3A       		.byte	0x3a
 430 0125 F1000000 		.4byte	0xf1
 431 0129 04       		.uleb128 0x4
 432 012a 01       		.byte	0x1
 433 012b 08       		.byte	0x8
 434 012c 49020000 		.4byte	.LASF22
 435 0130 0C       		.uleb128 0xc
 436 0131 A9020000 		.4byte	.LASF28
 437 0135 01       		.byte	0x1
 438 0136 3E       		.byte	0x3e
 439 0137 00000000 		.4byte	.LFB7
 440 013b 0A000000 		.4byte	.LFE7-.LFB7
 441 013f 01       		.uleb128 0x1
 442 0140 9C       		.byte	0x9c
 443 0141 6C010000 		.4byte	0x16c
 444 0145 0D       		.uleb128 0xd
 445 0146 6D7000   		.ascii	"mp\000"
 446 0149 01       		.byte	0x1
 447 014a 3E       		.byte	0x3e
 448 014b 6C010000 		.4byte	0x16c
ARM GAS  /tmp/ccRkZTJu.s 			page 9


 449 014f 01       		.uleb128 0x1
 450 0150 50       		.byte	0x50
 451 0151 0E       		.uleb128 0xe
 452 0152 6D000000 		.4byte	.LASF23
 453 0156 01       		.byte	0x1
 454 0157 3E       		.byte	0x3e
 455 0158 2C000000 		.4byte	0x2c
 456 015c 01       		.uleb128 0x1
 457 015d 51       		.byte	0x51
 458 015e 0E       		.uleb128 0xe
 459 015f 97000000 		.4byte	.LASF24
 460 0163 01       		.byte	0x1
 461 0164 3E       		.byte	0x3e
 462 0165 B2000000 		.4byte	0xb2
 463 0169 01       		.uleb128 0x1
 464 016a 52       		.byte	0x52
 465 016b 00       		.byte	0
 466 016c 06       		.uleb128 0x6
 467 016d 04       		.byte	0x4
 468 016e 1E010000 		.4byte	0x11e
 469 0172 0F       		.uleb128 0xf
 470 0173 33010000 		.4byte	.LASF25
 471 0177 01       		.byte	0x1
 472 0178 69       		.byte	0x69
 473 0179 A9000000 		.4byte	0xa9
 474 017d 00000000 		.4byte	.LFB9
 475 0181 1C000000 		.4byte	.LFE9-.LFB9
 476 0185 01       		.uleb128 0x1
 477 0186 9C       		.byte	0x9c
 478 0187 B2010000 		.4byte	0x1b2
 479 018b 10       		.uleb128 0x10
 480 018c 6D7000   		.ascii	"mp\000"
 481 018f 01       		.byte	0x1
 482 0190 69       		.byte	0x69
 483 0191 6C010000 		.4byte	0x16c
 484 0195 00000000 		.4byte	.LLST0
 485 0199 11       		.uleb128 0x11
 486 019a 2E010000 		.4byte	.LASF27
 487 019e 01       		.byte	0x1
 488 019f 6A       		.byte	0x6a
 489 01a0 A9000000 		.4byte	0xa9
 490 01a4 1E000000 		.4byte	.LLST1
 491 01a8 12       		.uleb128 0x12
 492 01a9 08000000 		.4byte	.LVL2
 493 01ad 79030000 		.4byte	0x379
 494 01b1 00       		.byte	0
 495 01b2 13       		.uleb128 0x13
 496 01b3 71020000 		.4byte	.LASF26
 497 01b7 01       		.byte	0x1
 498 01b8 80       		.byte	0x80
 499 01b9 A9000000 		.4byte	0xa9
 500 01bd 00000000 		.4byte	.LFB10
 501 01c1 24000000 		.4byte	.LFE10-.LFB10
 502 01c5 01       		.uleb128 0x1
 503 01c6 9C       		.byte	0x9c
 504 01c7 45020000 		.4byte	0x245
 505 01cb 10       		.uleb128 0x10
ARM GAS  /tmp/ccRkZTJu.s 			page 10


 506 01cc 6D7000   		.ascii	"mp\000"
 507 01cf 01       		.byte	0x1
 508 01d0 80       		.byte	0x80
 509 01d1 6C010000 		.4byte	0x16c
 510 01d5 48000000 		.4byte	.LLST2
 511 01d9 11       		.uleb128 0x11
 512 01da 2E010000 		.4byte	.LASF27
 513 01de 01       		.byte	0x1
 514 01df 81       		.byte	0x81
 515 01e0 A9000000 		.4byte	0xa9
 516 01e4 74000000 		.4byte	.LLST3
 517 01e8 14       		.uleb128 0x14
 518 01e9 04000000 		.4byte	.LBB2
 519 01ed 06000000 		.4byte	.LBE2-.LBB2
 520 01f1 03020000 		.4byte	0x203
 521 01f5 15       		.uleb128 0x15
 522 01f6 746D7000 		.ascii	"tmp\000"
 523 01fa 01       		.byte	0x1
 524 01fb 83       		.byte	0x83
 525 01fc 97000000 		.4byte	0x97
 526 0200 01       		.uleb128 0x1
 527 0201 53       		.byte	0x53
 528 0202 00       		.byte	0
 529 0203 14       		.uleb128 0x14
 530 0204 1A000000 		.4byte	.LBB3
 531 0208 06000000 		.4byte	.LBE3-.LBB3
 532 020c 1E020000 		.4byte	0x21e
 533 0210 15       		.uleb128 0x15
 534 0211 746D7000 		.ascii	"tmp\000"
 535 0215 01       		.byte	0x1
 536 0216 85       		.byte	0x85
 537 0217 97000000 		.4byte	0x97
 538 021b 01       		.uleb128 0x1
 539 021c 53       		.byte	0x53
 540 021d 00       		.byte	0
 541 021e 12       		.uleb128 0x12
 542 021f 0E000000 		.4byte	.LVL8
 543 0223 80030000 		.4byte	0x380
 544 0227 16       		.uleb128 0x16
 545 0228 14000000 		.4byte	.LVL9
 546 022c 72010000 		.4byte	0x172
 547 0230 3B020000 		.4byte	0x23b
 548 0234 17       		.uleb128 0x17
 549 0235 01       		.uleb128 0x1
 550 0236 50       		.byte	0x50
 551 0237 02       		.uleb128 0x2
 552 0238 74       		.byte	0x74
 553 0239 00       		.sleb128 0
 554 023a 00       		.byte	0
 555 023b 12       		.uleb128 0x12
 556 023c 1A000000 		.4byte	.LVL11
 557 0240 87030000 		.4byte	0x387
 558 0244 00       		.byte	0
 559 0245 0C       		.uleb128 0xc
 560 0246 C7000000 		.4byte	.LASF29
 561 024a 01       		.byte	0x1
 562 024b 95       		.byte	0x95
ARM GAS  /tmp/ccRkZTJu.s 			page 11


 563 024c 00000000 		.4byte	.LFB11
 564 0250 12000000 		.4byte	.LFE11-.LFB11
 565 0254 01       		.uleb128 0x1
 566 0255 9C       		.byte	0x9c
 567 0256 90020000 		.4byte	0x290
 568 025a 10       		.uleb128 0x10
 569 025b 6D7000   		.ascii	"mp\000"
 570 025e 01       		.byte	0x1
 571 025f 95       		.byte	0x95
 572 0260 6C010000 		.4byte	0x16c
 573 0264 92000000 		.4byte	.LLST4
 574 0268 18       		.uleb128 0x18
 575 0269 2E010000 		.4byte	.LASF27
 576 026d 01       		.byte	0x1
 577 026e 95       		.byte	0x95
 578 026f A9000000 		.4byte	0xa9
 579 0273 B0000000 		.4byte	.LLST5
 580 0277 19       		.uleb128 0x19
 581 0278 70687000 		.ascii	"php\000"
 582 027c 01       		.byte	0x1
 583 027d 96       		.byte	0x96
 584 027e EB000000 		.4byte	0xeb
 585 0282 CE000000 		.4byte	.LLST6
 586 0286 12       		.uleb128 0x12
 587 0287 0A000000 		.4byte	.LVL14
 588 028b 79030000 		.4byte	0x379
 589 028f 00       		.byte	0
 590 0290 0C       		.uleb128 0xc
 591 0291 18010000 		.4byte	.LASF30
 592 0295 01       		.byte	0x1
 593 0296 AB       		.byte	0xab
 594 0297 00000000 		.4byte	.LFB12
 595 029b 24000000 		.4byte	.LFE12-.LFB12
 596 029f 01       		.uleb128 0x1
 597 02a0 9C       		.byte	0x9c
 598 02a1 25030000 		.4byte	0x325
 599 02a5 10       		.uleb128 0x10
 600 02a6 6D7000   		.ascii	"mp\000"
 601 02a9 01       		.byte	0x1
 602 02aa AB       		.byte	0xab
 603 02ab 6C010000 		.4byte	0x16c
 604 02af EC000000 		.4byte	.LLST7
 605 02b3 18       		.uleb128 0x18
 606 02b4 2E010000 		.4byte	.LASF27
 607 02b8 01       		.byte	0x1
 608 02b9 AB       		.byte	0xab
 609 02ba A9000000 		.4byte	0xa9
 610 02be 0A010000 		.4byte	.LLST8
 611 02c2 14       		.uleb128 0x14
 612 02c3 06000000 		.4byte	.LBB4
 613 02c7 06000000 		.4byte	.LBE4-.LBB4
 614 02cb DD020000 		.4byte	0x2dd
 615 02cf 15       		.uleb128 0x15
 616 02d0 746D7000 		.ascii	"tmp\000"
 617 02d4 01       		.byte	0x1
 618 02d5 AD       		.byte	0xad
 619 02d6 97000000 		.4byte	0x97
ARM GAS  /tmp/ccRkZTJu.s 			page 12


 620 02da 01       		.uleb128 0x1
 621 02db 53       		.byte	0x53
 622 02dc 00       		.byte	0
 623 02dd 14       		.uleb128 0x14
 624 02de 1C000000 		.4byte	.LBB5
 625 02e2 08000000 		.4byte	.LBE5-.LBB5
 626 02e6 F8020000 		.4byte	0x2f8
 627 02ea 15       		.uleb128 0x15
 628 02eb 746D7000 		.ascii	"tmp\000"
 629 02ef 01       		.byte	0x1
 630 02f0 AF       		.byte	0xaf
 631 02f1 97000000 		.4byte	0x97
 632 02f5 01       		.uleb128 0x1
 633 02f6 53       		.byte	0x53
 634 02f7 00       		.byte	0
 635 02f8 12       		.uleb128 0x12
 636 02f9 10000000 		.4byte	.LVL16
 637 02fd 80030000 		.4byte	0x380
 638 0301 16       		.uleb128 0x16
 639 0302 18000000 		.4byte	.LVL17
 640 0306 45020000 		.4byte	0x245
 641 030a 1B030000 		.4byte	0x31b
 642 030e 17       		.uleb128 0x17
 643 030f 01       		.uleb128 0x1
 644 0310 51       		.byte	0x51
 645 0311 02       		.uleb128 0x2
 646 0312 74       		.byte	0x74
 647 0313 00       		.sleb128 0
 648 0314 17       		.uleb128 0x17
 649 0315 01       		.uleb128 0x1
 650 0316 50       		.byte	0x50
 651 0317 02       		.uleb128 0x2
 652 0318 75       		.byte	0x75
 653 0319 00       		.sleb128 0
 654 031a 00       		.byte	0
 655 031b 12       		.uleb128 0x12
 656 031c 1C000000 		.4byte	.LVL18
 657 0320 87030000 		.4byte	0x387
 658 0324 00       		.byte	0
 659 0325 0C       		.uleb128 0xc
 660 0326 51000000 		.4byte	.LASF31
 661 032a 01       		.byte	0x1
 662 032b 54       		.byte	0x54
 663 032c 00000000 		.4byte	.LFB8
 664 0330 1E000000 		.4byte	.LFE8-.LFB8
 665 0334 01       		.uleb128 0x1
 666 0335 9C       		.byte	0x9c
 667 0336 79030000 		.4byte	0x379
 668 033a 10       		.uleb128 0x10
 669 033b 6D7000   		.ascii	"mp\000"
 670 033e 01       		.byte	0x1
 671 033f 54       		.byte	0x54
 672 0340 6C010000 		.4byte	0x16c
 673 0344 28010000 		.4byte	.LLST9
 674 0348 10       		.uleb128 0x10
 675 0349 7000     		.ascii	"p\000"
 676 034b 01       		.byte	0x1
ARM GAS  /tmp/ccRkZTJu.s 			page 13


 677 034c 54       		.byte	0x54
 678 034d A9000000 		.4byte	0xa9
 679 0351 46010000 		.4byte	.LLST10
 680 0355 10       		.uleb128 0x10
 681 0356 6E00     		.ascii	"n\000"
 682 0358 01       		.byte	0x1
 683 0359 54       		.byte	0x54
 684 035a 2C000000 		.4byte	0x2c
 685 035e 64010000 		.4byte	.LLST11
 686 0362 1A       		.uleb128 0x1a
 687 0363 12000000 		.4byte	.LVL21
 688 0367 90020000 		.4byte	0x290
 689 036b 17       		.uleb128 0x17
 690 036c 01       		.uleb128 0x1
 691 036d 51       		.byte	0x51
 692 036e 02       		.uleb128 0x2
 693 036f 75       		.byte	0x75
 694 0370 00       		.sleb128 0
 695 0371 17       		.uleb128 0x17
 696 0372 01       		.uleb128 0x1
 697 0373 50       		.byte	0x50
 698 0374 02       		.uleb128 0x2
 699 0375 76       		.byte	0x76
 700 0376 00       		.sleb128 0
 701 0377 00       		.byte	0
 702 0378 00       		.byte	0
 703 0379 1B       		.uleb128 0x1b
 704 037a 40000000 		.4byte	.LASF32
 705 037e 07       		.byte	0x7
 706 037f ED       		.byte	0xed
 707 0380 1B       		.uleb128 0x1b
 708 0381 11000000 		.4byte	.LASF33
 709 0385 07       		.byte	0x7
 710 0386 E7       		.byte	0xe7
 711 0387 1B       		.uleb128 0x1b
 712 0388 20000000 		.4byte	.LASF34
 713 038c 07       		.byte	0x7
 714 038d E8       		.byte	0xe8
 715 038e 00       		.byte	0
 716              		.section	.debug_abbrev,"",%progbits
 717              	.Ldebug_abbrev0:
 718 0000 01       		.uleb128 0x1
 719 0001 11       		.uleb128 0x11
 720 0002 01       		.byte	0x1
 721 0003 25       		.uleb128 0x25
 722 0004 0E       		.uleb128 0xe
 723 0005 13       		.uleb128 0x13
 724 0006 0B       		.uleb128 0xb
 725 0007 03       		.uleb128 0x3
 726 0008 0E       		.uleb128 0xe
 727 0009 1B       		.uleb128 0x1b
 728 000a 0E       		.uleb128 0xe
 729 000b 55       		.uleb128 0x55
 730 000c 17       		.uleb128 0x17
 731 000d 11       		.uleb128 0x11
 732 000e 01       		.uleb128 0x1
 733 000f 10       		.uleb128 0x10
ARM GAS  /tmp/ccRkZTJu.s 			page 14


 734 0010 17       		.uleb128 0x17
 735 0011 00       		.byte	0
 736 0012 00       		.byte	0
 737 0013 02       		.uleb128 0x2
 738 0014 24       		.uleb128 0x24
 739 0015 00       		.byte	0
 740 0016 0B       		.uleb128 0xb
 741 0017 0B       		.uleb128 0xb
 742 0018 3E       		.uleb128 0x3e
 743 0019 0B       		.uleb128 0xb
 744 001a 03       		.uleb128 0x3
 745 001b 08       		.uleb128 0x8
 746 001c 00       		.byte	0
 747 001d 00       		.byte	0
 748 001e 03       		.uleb128 0x3
 749 001f 16       		.uleb128 0x16
 750 0020 00       		.byte	0
 751 0021 03       		.uleb128 0x3
 752 0022 0E       		.uleb128 0xe
 753 0023 3A       		.uleb128 0x3a
 754 0024 0B       		.uleb128 0xb
 755 0025 3B       		.uleb128 0x3b
 756 0026 0B       		.uleb128 0xb
 757 0027 49       		.uleb128 0x49
 758 0028 13       		.uleb128 0x13
 759 0029 00       		.byte	0
 760 002a 00       		.byte	0
 761 002b 04       		.uleb128 0x4
 762 002c 24       		.uleb128 0x24
 763 002d 00       		.byte	0
 764 002e 0B       		.uleb128 0xb
 765 002f 0B       		.uleb128 0xb
 766 0030 3E       		.uleb128 0x3e
 767 0031 0B       		.uleb128 0xb
 768 0032 03       		.uleb128 0x3
 769 0033 0E       		.uleb128 0xe
 770 0034 00       		.byte	0
 771 0035 00       		.byte	0
 772 0036 05       		.uleb128 0x5
 773 0037 0F       		.uleb128 0xf
 774 0038 00       		.byte	0
 775 0039 0B       		.uleb128 0xb
 776 003a 0B       		.uleb128 0xb
 777 003b 00       		.byte	0
 778 003c 00       		.byte	0
 779 003d 06       		.uleb128 0x6
 780 003e 0F       		.uleb128 0xf
 781 003f 00       		.byte	0
 782 0040 0B       		.uleb128 0xb
 783 0041 0B       		.uleb128 0xb
 784 0042 49       		.uleb128 0x49
 785 0043 13       		.uleb128 0x13
 786 0044 00       		.byte	0
 787 0045 00       		.byte	0
 788 0046 07       		.uleb128 0x7
 789 0047 15       		.uleb128 0x15
 790 0048 01       		.byte	0x1
ARM GAS  /tmp/ccRkZTJu.s 			page 15


 791 0049 27       		.uleb128 0x27
 792 004a 19       		.uleb128 0x19
 793 004b 49       		.uleb128 0x49
 794 004c 13       		.uleb128 0x13
 795 004d 01       		.uleb128 0x1
 796 004e 13       		.uleb128 0x13
 797 004f 00       		.byte	0
 798 0050 00       		.byte	0
 799 0051 08       		.uleb128 0x8
 800 0052 05       		.uleb128 0x5
 801 0053 00       		.byte	0
 802 0054 49       		.uleb128 0x49
 803 0055 13       		.uleb128 0x13
 804 0056 00       		.byte	0
 805 0057 00       		.byte	0
 806 0058 09       		.uleb128 0x9
 807 0059 13       		.uleb128 0x13
 808 005a 01       		.byte	0x1
 809 005b 03       		.uleb128 0x3
 810 005c 0E       		.uleb128 0xe
 811 005d 0B       		.uleb128 0xb
 812 005e 0B       		.uleb128 0xb
 813 005f 3A       		.uleb128 0x3a
 814 0060 0B       		.uleb128 0xb
 815 0061 3B       		.uleb128 0x3b
 816 0062 0B       		.uleb128 0xb
 817 0063 01       		.uleb128 0x1
 818 0064 13       		.uleb128 0x13
 819 0065 00       		.byte	0
 820 0066 00       		.byte	0
 821 0067 0A       		.uleb128 0xa
 822 0068 0D       		.uleb128 0xd
 823 0069 00       		.byte	0
 824 006a 03       		.uleb128 0x3
 825 006b 0E       		.uleb128 0xe
 826 006c 3A       		.uleb128 0x3a
 827 006d 0B       		.uleb128 0xb
 828 006e 3B       		.uleb128 0x3b
 829 006f 0B       		.uleb128 0xb
 830 0070 49       		.uleb128 0x49
 831 0071 13       		.uleb128 0x13
 832 0072 38       		.uleb128 0x38
 833 0073 0B       		.uleb128 0xb
 834 0074 00       		.byte	0
 835 0075 00       		.byte	0
 836 0076 0B       		.uleb128 0xb
 837 0077 13       		.uleb128 0x13
 838 0078 01       		.byte	0x1
 839 0079 0B       		.uleb128 0xb
 840 007a 0B       		.uleb128 0xb
 841 007b 3A       		.uleb128 0x3a
 842 007c 0B       		.uleb128 0xb
 843 007d 3B       		.uleb128 0x3b
 844 007e 0B       		.uleb128 0xb
 845 007f 01       		.uleb128 0x1
 846 0080 13       		.uleb128 0x13
 847 0081 00       		.byte	0
ARM GAS  /tmp/ccRkZTJu.s 			page 16


 848 0082 00       		.byte	0
 849 0083 0C       		.uleb128 0xc
 850 0084 2E       		.uleb128 0x2e
 851 0085 01       		.byte	0x1
 852 0086 3F       		.uleb128 0x3f
 853 0087 19       		.uleb128 0x19
 854 0088 03       		.uleb128 0x3
 855 0089 0E       		.uleb128 0xe
 856 008a 3A       		.uleb128 0x3a
 857 008b 0B       		.uleb128 0xb
 858 008c 3B       		.uleb128 0x3b
 859 008d 0B       		.uleb128 0xb
 860 008e 27       		.uleb128 0x27
 861 008f 19       		.uleb128 0x19
 862 0090 11       		.uleb128 0x11
 863 0091 01       		.uleb128 0x1
 864 0092 12       		.uleb128 0x12
 865 0093 06       		.uleb128 0x6
 866 0094 40       		.uleb128 0x40
 867 0095 18       		.uleb128 0x18
 868 0096 9742     		.uleb128 0x2117
 869 0098 19       		.uleb128 0x19
 870 0099 01       		.uleb128 0x1
 871 009a 13       		.uleb128 0x13
 872 009b 00       		.byte	0
 873 009c 00       		.byte	0
 874 009d 0D       		.uleb128 0xd
 875 009e 05       		.uleb128 0x5
 876 009f 00       		.byte	0
 877 00a0 03       		.uleb128 0x3
 878 00a1 08       		.uleb128 0x8
 879 00a2 3A       		.uleb128 0x3a
 880 00a3 0B       		.uleb128 0xb
 881 00a4 3B       		.uleb128 0x3b
 882 00a5 0B       		.uleb128 0xb
 883 00a6 49       		.uleb128 0x49
 884 00a7 13       		.uleb128 0x13
 885 00a8 02       		.uleb128 0x2
 886 00a9 18       		.uleb128 0x18
 887 00aa 00       		.byte	0
 888 00ab 00       		.byte	0
 889 00ac 0E       		.uleb128 0xe
 890 00ad 05       		.uleb128 0x5
 891 00ae 00       		.byte	0
 892 00af 03       		.uleb128 0x3
 893 00b0 0E       		.uleb128 0xe
 894 00b1 3A       		.uleb128 0x3a
 895 00b2 0B       		.uleb128 0xb
 896 00b3 3B       		.uleb128 0x3b
 897 00b4 0B       		.uleb128 0xb
 898 00b5 49       		.uleb128 0x49
 899 00b6 13       		.uleb128 0x13
 900 00b7 02       		.uleb128 0x2
 901 00b8 18       		.uleb128 0x18
 902 00b9 00       		.byte	0
 903 00ba 00       		.byte	0
 904 00bb 0F       		.uleb128 0xf
ARM GAS  /tmp/ccRkZTJu.s 			page 17


 905 00bc 2E       		.uleb128 0x2e
 906 00bd 01       		.byte	0x1
 907 00be 3F       		.uleb128 0x3f
 908 00bf 19       		.uleb128 0x19
 909 00c0 03       		.uleb128 0x3
 910 00c1 0E       		.uleb128 0xe
 911 00c2 3A       		.uleb128 0x3a
 912 00c3 0B       		.uleb128 0xb
 913 00c4 3B       		.uleb128 0x3b
 914 00c5 0B       		.uleb128 0xb
 915 00c6 27       		.uleb128 0x27
 916 00c7 19       		.uleb128 0x19
 917 00c8 49       		.uleb128 0x49
 918 00c9 13       		.uleb128 0x13
 919 00ca 11       		.uleb128 0x11
 920 00cb 01       		.uleb128 0x1
 921 00cc 12       		.uleb128 0x12
 922 00cd 06       		.uleb128 0x6
 923 00ce 40       		.uleb128 0x40
 924 00cf 18       		.uleb128 0x18
 925 00d0 9642     		.uleb128 0x2116
 926 00d2 19       		.uleb128 0x19
 927 00d3 01       		.uleb128 0x1
 928 00d4 13       		.uleb128 0x13
 929 00d5 00       		.byte	0
 930 00d6 00       		.byte	0
 931 00d7 10       		.uleb128 0x10
 932 00d8 05       		.uleb128 0x5
 933 00d9 00       		.byte	0
 934 00da 03       		.uleb128 0x3
 935 00db 08       		.uleb128 0x8
 936 00dc 3A       		.uleb128 0x3a
 937 00dd 0B       		.uleb128 0xb
 938 00de 3B       		.uleb128 0x3b
 939 00df 0B       		.uleb128 0xb
 940 00e0 49       		.uleb128 0x49
 941 00e1 13       		.uleb128 0x13
 942 00e2 02       		.uleb128 0x2
 943 00e3 17       		.uleb128 0x17
 944 00e4 00       		.byte	0
 945 00e5 00       		.byte	0
 946 00e6 11       		.uleb128 0x11
 947 00e7 34       		.uleb128 0x34
 948 00e8 00       		.byte	0
 949 00e9 03       		.uleb128 0x3
 950 00ea 0E       		.uleb128 0xe
 951 00eb 3A       		.uleb128 0x3a
 952 00ec 0B       		.uleb128 0xb
 953 00ed 3B       		.uleb128 0x3b
 954 00ee 0B       		.uleb128 0xb
 955 00ef 49       		.uleb128 0x49
 956 00f0 13       		.uleb128 0x13
 957 00f1 02       		.uleb128 0x2
 958 00f2 17       		.uleb128 0x17
 959 00f3 00       		.byte	0
 960 00f4 00       		.byte	0
 961 00f5 12       		.uleb128 0x12
ARM GAS  /tmp/ccRkZTJu.s 			page 18


 962 00f6 898201   		.uleb128 0x4109
 963 00f9 00       		.byte	0
 964 00fa 11       		.uleb128 0x11
 965 00fb 01       		.uleb128 0x1
 966 00fc 31       		.uleb128 0x31
 967 00fd 13       		.uleb128 0x13
 968 00fe 00       		.byte	0
 969 00ff 00       		.byte	0
 970 0100 13       		.uleb128 0x13
 971 0101 2E       		.uleb128 0x2e
 972 0102 01       		.byte	0x1
 973 0103 3F       		.uleb128 0x3f
 974 0104 19       		.uleb128 0x19
 975 0105 03       		.uleb128 0x3
 976 0106 0E       		.uleb128 0xe
 977 0107 3A       		.uleb128 0x3a
 978 0108 0B       		.uleb128 0xb
 979 0109 3B       		.uleb128 0x3b
 980 010a 0B       		.uleb128 0xb
 981 010b 27       		.uleb128 0x27
 982 010c 19       		.uleb128 0x19
 983 010d 49       		.uleb128 0x49
 984 010e 13       		.uleb128 0x13
 985 010f 11       		.uleb128 0x11
 986 0110 01       		.uleb128 0x1
 987 0111 12       		.uleb128 0x12
 988 0112 06       		.uleb128 0x6
 989 0113 40       		.uleb128 0x40
 990 0114 18       		.uleb128 0x18
 991 0115 9742     		.uleb128 0x2117
 992 0117 19       		.uleb128 0x19
 993 0118 01       		.uleb128 0x1
 994 0119 13       		.uleb128 0x13
 995 011a 00       		.byte	0
 996 011b 00       		.byte	0
 997 011c 14       		.uleb128 0x14
 998 011d 0B       		.uleb128 0xb
 999 011e 01       		.byte	0x1
 1000 011f 11       		.uleb128 0x11
 1001 0120 01       		.uleb128 0x1
 1002 0121 12       		.uleb128 0x12
 1003 0122 06       		.uleb128 0x6
 1004 0123 01       		.uleb128 0x1
 1005 0124 13       		.uleb128 0x13
 1006 0125 00       		.byte	0
 1007 0126 00       		.byte	0
 1008 0127 15       		.uleb128 0x15
 1009 0128 34       		.uleb128 0x34
 1010 0129 00       		.byte	0
 1011 012a 03       		.uleb128 0x3
 1012 012b 08       		.uleb128 0x8
 1013 012c 3A       		.uleb128 0x3a
 1014 012d 0B       		.uleb128 0xb
 1015 012e 3B       		.uleb128 0x3b
 1016 012f 0B       		.uleb128 0xb
 1017 0130 49       		.uleb128 0x49
 1018 0131 13       		.uleb128 0x13
ARM GAS  /tmp/ccRkZTJu.s 			page 19


 1019 0132 02       		.uleb128 0x2
 1020 0133 18       		.uleb128 0x18
 1021 0134 00       		.byte	0
 1022 0135 00       		.byte	0
 1023 0136 16       		.uleb128 0x16
 1024 0137 898201   		.uleb128 0x4109
 1025 013a 01       		.byte	0x1
 1026 013b 11       		.uleb128 0x11
 1027 013c 01       		.uleb128 0x1
 1028 013d 31       		.uleb128 0x31
 1029 013e 13       		.uleb128 0x13
 1030 013f 01       		.uleb128 0x1
 1031 0140 13       		.uleb128 0x13
 1032 0141 00       		.byte	0
 1033 0142 00       		.byte	0
 1034 0143 17       		.uleb128 0x17
 1035 0144 8A8201   		.uleb128 0x410a
 1036 0147 00       		.byte	0
 1037 0148 02       		.uleb128 0x2
 1038 0149 18       		.uleb128 0x18
 1039 014a 9142     		.uleb128 0x2111
 1040 014c 18       		.uleb128 0x18
 1041 014d 00       		.byte	0
 1042 014e 00       		.byte	0
 1043 014f 18       		.uleb128 0x18
 1044 0150 05       		.uleb128 0x5
 1045 0151 00       		.byte	0
 1046 0152 03       		.uleb128 0x3
 1047 0153 0E       		.uleb128 0xe
 1048 0154 3A       		.uleb128 0x3a
 1049 0155 0B       		.uleb128 0xb
 1050 0156 3B       		.uleb128 0x3b
 1051 0157 0B       		.uleb128 0xb
 1052 0158 49       		.uleb128 0x49
 1053 0159 13       		.uleb128 0x13
 1054 015a 02       		.uleb128 0x2
 1055 015b 17       		.uleb128 0x17
 1056 015c 00       		.byte	0
 1057 015d 00       		.byte	0
 1058 015e 19       		.uleb128 0x19
 1059 015f 34       		.uleb128 0x34
 1060 0160 00       		.byte	0
 1061 0161 03       		.uleb128 0x3
 1062 0162 08       		.uleb128 0x8
 1063 0163 3A       		.uleb128 0x3a
 1064 0164 0B       		.uleb128 0xb
 1065 0165 3B       		.uleb128 0x3b
 1066 0166 0B       		.uleb128 0xb
 1067 0167 49       		.uleb128 0x49
 1068 0168 13       		.uleb128 0x13
 1069 0169 02       		.uleb128 0x2
 1070 016a 17       		.uleb128 0x17
 1071 016b 00       		.byte	0
 1072 016c 00       		.byte	0
 1073 016d 1A       		.uleb128 0x1a
 1074 016e 898201   		.uleb128 0x4109
 1075 0171 01       		.byte	0x1
ARM GAS  /tmp/ccRkZTJu.s 			page 20


 1076 0172 11       		.uleb128 0x11
 1077 0173 01       		.uleb128 0x1
 1078 0174 31       		.uleb128 0x31
 1079 0175 13       		.uleb128 0x13
 1080 0176 00       		.byte	0
 1081 0177 00       		.byte	0
 1082 0178 1B       		.uleb128 0x1b
 1083 0179 2E       		.uleb128 0x2e
 1084 017a 00       		.byte	0
 1085 017b 3F       		.uleb128 0x3f
 1086 017c 19       		.uleb128 0x19
 1087 017d 03       		.uleb128 0x3
 1088 017e 0E       		.uleb128 0xe
 1089 017f 3A       		.uleb128 0x3a
 1090 0180 0B       		.uleb128 0xb
 1091 0181 3B       		.uleb128 0x3b
 1092 0182 0B       		.uleb128 0xb
 1093 0183 27       		.uleb128 0x27
 1094 0184 19       		.uleb128 0x19
 1095 0185 3C       		.uleb128 0x3c
 1096 0186 19       		.uleb128 0x19
 1097 0187 00       		.byte	0
 1098 0188 00       		.byte	0
 1099 0189 00       		.byte	0
 1100              		.section	.debug_loc,"",%progbits
 1101              	.Ldebug_loc0:
 1102              	.LLST0:
 1103 0000 00000000 		.4byte	.LVL1
 1104 0004 07000000 		.4byte	.LVL2-1
 1105 0008 0100     		.2byte	0x1
 1106 000a 50       		.byte	0x50
 1107 000b 07000000 		.4byte	.LVL2-1
 1108 000f 1C000000 		.4byte	.LFE9
 1109 0013 0100     		.2byte	0x1
 1110 0015 54       		.byte	0x54
 1111 0016 00000000 		.4byte	0
 1112 001a 00000000 		.4byte	0
 1113              	.LLST1:
 1114 001e 0A000000 		.4byte	.LVL3
 1115 0022 18000000 		.4byte	.LVL5
 1116 0026 0100     		.2byte	0x1
 1117 0028 50       		.byte	0x50
 1118 0029 18000000 		.4byte	.LVL5
 1119 002d 19000000 		.4byte	.LVL6-1
 1120 0031 0200     		.2byte	0x2
 1121 0033 74       		.byte	0x74
 1122 0034 00       		.sleb128 0
 1123 0035 1A000000 		.4byte	.LVL6
 1124 0039 1C000000 		.4byte	.LFE9
 1125 003d 0100     		.2byte	0x1
 1126 003f 50       		.byte	0x50
 1127 0040 00000000 		.4byte	0
 1128 0044 00000000 		.4byte	0
 1129              	.LLST2:
 1130 0048 00000000 		.4byte	.LVL7
 1131 004c 0D000000 		.4byte	.LVL8-1
 1132 0050 0100     		.2byte	0x1
ARM GAS  /tmp/ccRkZTJu.s 			page 21


 1133 0052 50       		.byte	0x50
 1134 0053 0D000000 		.4byte	.LVL8-1
 1135 0057 16000000 		.4byte	.LVL10
 1136 005b 0100     		.2byte	0x1
 1137 005d 54       		.byte	0x54
 1138 005e 16000000 		.4byte	.LVL10
 1139 0062 24000000 		.4byte	.LFE10
 1140 0066 0400     		.2byte	0x4
 1141 0068 F3       		.byte	0xf3
 1142 0069 01       		.uleb128 0x1
 1143 006a 50       		.byte	0x50
 1144 006b 9F       		.byte	0x9f
 1145 006c 00000000 		.4byte	0
 1146 0070 00000000 		.4byte	0
 1147              	.LLST3:
 1148 0074 16000000 		.4byte	.LVL10
 1149 0078 19000000 		.4byte	.LVL11-1
 1150 007c 0100     		.2byte	0x1
 1151 007e 50       		.byte	0x50
 1152 007f 19000000 		.4byte	.LVL11-1
 1153 0083 24000000 		.4byte	.LFE10
 1154 0087 0100     		.2byte	0x1
 1155 0089 54       		.byte	0x54
 1156 008a 00000000 		.4byte	0
 1157 008e 00000000 		.4byte	0
 1158              	.LLST4:
 1159 0092 00000000 		.4byte	.LVL12
 1160 0096 09000000 		.4byte	.LVL14-1
 1161 009a 0100     		.2byte	0x1
 1162 009c 50       		.byte	0x50
 1163 009d 09000000 		.4byte	.LVL14-1
 1164 00a1 12000000 		.4byte	.LFE11
 1165 00a5 0100     		.2byte	0x1
 1166 00a7 54       		.byte	0x54
 1167 00a8 00000000 		.4byte	0
 1168 00ac 00000000 		.4byte	0
 1169              	.LLST5:
 1170 00b0 00000000 		.4byte	.LVL12
 1171 00b4 09000000 		.4byte	.LVL14-1
 1172 00b8 0100     		.2byte	0x1
 1173 00ba 51       		.byte	0x51
 1174 00bb 09000000 		.4byte	.LVL14-1
 1175 00bf 12000000 		.4byte	.LFE11
 1176 00c3 0100     		.2byte	0x1
 1177 00c5 55       		.byte	0x55
 1178 00c6 00000000 		.4byte	0
 1179 00ca 00000000 		.4byte	0
 1180              	.LLST6:
 1181 00ce 06000000 		.4byte	.LVL13
 1182 00d2 09000000 		.4byte	.LVL14-1
 1183 00d6 0100     		.2byte	0x1
 1184 00d8 51       		.byte	0x51
 1185 00d9 09000000 		.4byte	.LVL14-1
 1186 00dd 12000000 		.4byte	.LFE11
 1187 00e1 0100     		.2byte	0x1
 1188 00e3 55       		.byte	0x55
 1189 00e4 00000000 		.4byte	0
ARM GAS  /tmp/ccRkZTJu.s 			page 22


 1190 00e8 00000000 		.4byte	0
 1191              	.LLST7:
 1192 00ec 00000000 		.4byte	.LVL15
 1193 00f0 0F000000 		.4byte	.LVL16-1
 1194 00f4 0100     		.2byte	0x1
 1195 00f6 50       		.byte	0x50
 1196 00f7 0F000000 		.4byte	.LVL16-1
 1197 00fb 24000000 		.4byte	.LFE12
 1198 00ff 0100     		.2byte	0x1
 1199 0101 55       		.byte	0x55
 1200 0102 00000000 		.4byte	0
 1201 0106 00000000 		.4byte	0
 1202              	.LLST8:
 1203 010a 00000000 		.4byte	.LVL15
 1204 010e 0F000000 		.4byte	.LVL16-1
 1205 0112 0100     		.2byte	0x1
 1206 0114 51       		.byte	0x51
 1207 0115 0F000000 		.4byte	.LVL16-1
 1208 0119 24000000 		.4byte	.LFE12
 1209 011d 0100     		.2byte	0x1
 1210 011f 54       		.byte	0x54
 1211 0120 00000000 		.4byte	0
 1212 0124 00000000 		.4byte	0
 1213              	.LLST9:
 1214 0128 00000000 		.4byte	.LVL19
 1215 012c 0A000000 		.4byte	.LVL20
 1216 0130 0100     		.2byte	0x1
 1217 0132 50       		.byte	0x50
 1218 0133 0A000000 		.4byte	.LVL20
 1219 0137 1E000000 		.4byte	.LFE8
 1220 013b 0100     		.2byte	0x1
 1221 013d 56       		.byte	0x56
 1222 013e 00000000 		.4byte	0
 1223 0142 00000000 		.4byte	0
 1224              	.LLST10:
 1225 0146 00000000 		.4byte	.LVL19
 1226 014a 0A000000 		.4byte	.LVL20
 1227 014e 0100     		.2byte	0x1
 1228 0150 51       		.byte	0x51
 1229 0151 0A000000 		.4byte	.LVL20
 1230 0155 1E000000 		.4byte	.LFE8
 1231 0159 0100     		.2byte	0x1
 1232 015b 55       		.byte	0x55
 1233 015c 00000000 		.4byte	0
 1234 0160 00000000 		.4byte	0
 1235              	.LLST11:
 1236 0164 00000000 		.4byte	.LVL19
 1237 0168 0A000000 		.4byte	.LVL20
 1238 016c 0100     		.2byte	0x1
 1239 016e 52       		.byte	0x52
 1240 016f 0A000000 		.4byte	.LVL20
 1241 0173 1E000000 		.4byte	.LFE8
 1242 0177 0100     		.2byte	0x1
 1243 0179 54       		.byte	0x54
 1244 017a 00000000 		.4byte	0
 1245 017e 00000000 		.4byte	0
 1246              		.section	.debug_aranges,"",%progbits
ARM GAS  /tmp/ccRkZTJu.s 			page 23


 1247 0000 44000000 		.4byte	0x44
 1248 0004 0200     		.2byte	0x2
 1249 0006 00000000 		.4byte	.Ldebug_info0
 1250 000a 04       		.byte	0x4
 1251 000b 00       		.byte	0
 1252 000c 0000     		.2byte	0
 1253 000e 0000     		.2byte	0
 1254 0010 00000000 		.4byte	.LFB7
 1255 0014 0A000000 		.4byte	.LFE7-.LFB7
 1256 0018 00000000 		.4byte	.LFB9
 1257 001c 1C000000 		.4byte	.LFE9-.LFB9
 1258 0020 00000000 		.4byte	.LFB10
 1259 0024 24000000 		.4byte	.LFE10-.LFB10
 1260 0028 00000000 		.4byte	.LFB11
 1261 002c 12000000 		.4byte	.LFE11-.LFB11
 1262 0030 00000000 		.4byte	.LFB12
 1263 0034 24000000 		.4byte	.LFE12-.LFB12
 1264 0038 00000000 		.4byte	.LFB8
 1265 003c 1E000000 		.4byte	.LFE8-.LFB8
 1266 0040 00000000 		.4byte	0
 1267 0044 00000000 		.4byte	0
 1268              		.section	.debug_ranges,"",%progbits
 1269              	.Ldebug_ranges0:
 1270 0000 00000000 		.4byte	.LFB7
 1271 0004 0A000000 		.4byte	.LFE7
 1272 0008 00000000 		.4byte	.LFB9
 1273 000c 1C000000 		.4byte	.LFE9
 1274 0010 00000000 		.4byte	.LFB10
 1275 0014 24000000 		.4byte	.LFE10
 1276 0018 00000000 		.4byte	.LFB11
 1277 001c 12000000 		.4byte	.LFE11
 1278 0020 00000000 		.4byte	.LFB12
 1279 0024 24000000 		.4byte	.LFE12
 1280 0028 00000000 		.4byte	.LFB8
 1281 002c 1E000000 		.4byte	.LFE8
 1282 0030 00000000 		.4byte	0
 1283 0034 00000000 		.4byte	0
 1284              		.section	.debug_line,"",%progbits
 1285              	.Ldebug_line0:
 1286 0000 A1010000 		.section	.debug_str,"MS",%progbits,1
 1286      02002401 
 1286      00000201 
 1286      FB0E0D00 
 1286      01010101 
 1287              	.LASF3:
 1288 0000 5F5F7569 		.ascii	"__uint8_t\000"
 1288      6E74385F 
 1288      7400
 1289              	.LASF2:
 1290 000a 73697A65 		.ascii	"size_t\000"
 1290      5F7400
 1291              	.LASF33:
 1292 0011 6462675F 		.ascii	"dbg_check_lock\000"
 1292      63686563 
 1292      6B5F6C6F 
 1292      636B00
 1293              	.LASF34:
ARM GAS  /tmp/ccRkZTJu.s 			page 24


 1294 0020 6462675F 		.ascii	"dbg_check_unlock\000"
 1294      63686563 
 1294      6B5F756E 
 1294      6C6F636B 
 1294      00
 1295              	.LASF19:
 1296 0031 6D705F6F 		.ascii	"mp_object_size\000"
 1296      626A6563 
 1296      745F7369 
 1296      7A6500
 1297              	.LASF32:
 1298 0040 63684462 		.ascii	"chDbgCheckClassI\000"
 1298      67436865 
 1298      636B436C 
 1298      61737349 
 1298      00
 1299              	.LASF31:
 1300 0051 6368506F 		.ascii	"chPoolLoadArray\000"
 1300      6F6C4C6F 
 1300      61644172 
 1300      72617900 
 1301              	.LASF38:
 1302 0061 706F6F6C 		.ascii	"pool_header\000"
 1302      5F686561 
 1302      64657200 
 1303              	.LASF23:
 1304 006d 73697A65 		.ascii	"size\000"
 1304      00
 1305              	.LASF9:
 1306 0072 6C6F6E67 		.ascii	"long unsigned int\000"
 1306      20756E73 
 1306      69676E65 
 1306      6420696E 
 1306      7400
 1307              	.LASF6:
 1308 0084 73686F72 		.ascii	"short unsigned int\000"
 1308      7420756E 
 1308      7369676E 
 1308      65642069 
 1308      6E7400
 1309              	.LASF24:
 1310 0097 70726F76 		.ascii	"provider\000"
 1310      69646572 
 1310      00
 1311              	.LASF37:
 1312 00a0 2F686F6D 		.ascii	"/home/seth/marionette-firmware/src/CAN\000"
 1312      652F7365 
 1312      74682F6D 
 1312      6172696F 
 1312      6E657474 
 1313              	.LASF29:
 1314 00c7 6368506F 		.ascii	"chPoolFreeI\000"
 1314      6F6C4672 
 1314      65654900 
 1315              	.LASF4:
 1316 00d3 756E7369 		.ascii	"unsigned char\000"
 1316      676E6564 
ARM GAS  /tmp/ccRkZTJu.s 			page 25


 1316      20636861 
 1316      7200
 1317              	.LASF8:
 1318 00e1 5F5F7569 		.ascii	"__uint32_t\000"
 1318      6E743332 
 1318      5F7400
 1319              	.LASF36:
 1320 00ec 2E2E2F2E 		.ascii	"../../ChibiOS-RT/os/kernel/src/chmempools.c\000"
 1320      2E2F4368 
 1320      6962694F 
 1320      532D5254 
 1320      2F6F732F 
 1321              	.LASF30:
 1322 0118 6368506F 		.ascii	"chPoolFree\000"
 1322      6F6C4672 
 1322      656500
 1323              	.LASF21:
 1324 0123 4D656D6F 		.ascii	"MemoryPool\000"
 1324      7279506F 
 1324      6F6C00
 1325              	.LASF27:
 1326 012e 6F626A70 		.ascii	"objp\000"
 1326      00
 1327              	.LASF25:
 1328 0133 6368506F 		.ascii	"chPoolAllocI\000"
 1328      6F6C416C 
 1328      6C6F6349 
 1328      00
 1329              	.LASF0:
 1330 0140 756E7369 		.ascii	"unsigned int\000"
 1330      676E6564 
 1330      20696E74 
 1330      00
 1331              	.LASF35:
 1332 014d 474E5520 		.ascii	"GNU C 4.9.2 20150128 (prerelease) -mcpu=cortex-m4 -"
 1332      4320342E 
 1332      392E3220 
 1332      32303135 
 1332      30313238 
 1333 0180 6D6E6F2D 		.ascii	"mno-thumb-interwork -mthumb -ggdb -Og -std=gnu99 -f"
 1333      7468756D 
 1333      622D696E 
 1333      74657277 
 1333      6F726B20 
 1334 01b3 6F6D6974 		.ascii	"omit-frame-pointer -falign-functions=16 -ffunction-"
 1334      2D667261 
 1334      6D652D70 
 1334      6F696E74 
 1334      6572202D 
 1335 01e6 73656374 		.ascii	"sections -fdata-sections -fno-common\000"
 1335      696F6E73 
 1335      202D6664 
 1335      6174612D 
 1335      73656374 
 1336              	.LASF11:
 1337 020b 6C6F6E67 		.ascii	"long long unsigned int\000"
 1337      206C6F6E 
ARM GAS  /tmp/ccRkZTJu.s 			page 26


 1337      6720756E 
 1337      7369676E 
 1337      65642069 
 1338              	.LASF12:
 1339 0222 75696E74 		.ascii	"uint8_t\000"
 1339      385F7400 
 1340              	.LASF17:
 1341 022a 70685F6E 		.ascii	"ph_next\000"
 1341      65787400 
 1342              	.LASF15:
 1343 0232 73697A65 		.ascii	"sizetype\000"
 1343      74797065 
 1343      00
 1344              	.LASF10:
 1345 023b 6C6F6E67 		.ascii	"long long int\000"
 1345      206C6F6E 
 1345      6720696E 
 1345      7400
 1346              	.LASF22:
 1347 0249 63686172 		.ascii	"char\000"
 1347      00
 1348              	.LASF16:
 1349 024e 6D656D67 		.ascii	"memgetfunc_t\000"
 1349      65746675 
 1349      6E635F74 
 1349      00
 1350              	.LASF20:
 1351 025b 6D705F70 		.ascii	"mp_provider\000"
 1351      726F7669 
 1351      64657200 
 1352              	.LASF5:
 1353 0267 73686F72 		.ascii	"short int\000"
 1353      7420696E 
 1353      7400
 1354              	.LASF26:
 1355 0271 6368506F 		.ascii	"chPoolAlloc\000"
 1355      6F6C416C 
 1355      6C6F6300 
 1356              	.LASF13:
 1357 027d 75696E74 		.ascii	"uint32_t\000"
 1357      33325F74 
 1357      00
 1358              	.LASF7:
 1359 0286 6C6F6E67 		.ascii	"long int\000"
 1359      20696E74 
 1359      00
 1360              	.LASF1:
 1361 028f 7369676E 		.ascii	"signed char\000"
 1361      65642063 
 1361      68617200 
 1362              	.LASF18:
 1363 029b 6D705F6E 		.ascii	"mp_next\000"
 1363      65787400 
 1364              	.LASF14:
 1365 02a3 5F426F6F 		.ascii	"_Bool\000"
 1365      6C00
 1366              	.LASF28:
ARM GAS  /tmp/ccRkZTJu.s 			page 27


 1367 02a9 6368506F 		.ascii	"chPoolInit\000"
 1367      6F6C496E 
 1367      697400
 1368              		.ident	"GCC: (Arch Repository) 4.9.2 20150128 (prerelease)"
ARM GAS  /tmp/ccRkZTJu.s 			page 28


DEFINED SYMBOLS
                            *ABS*:0000000000000000 chmempools.c
     /tmp/ccRkZTJu.s:19     .text.chPoolInit:0000000000000000 $t
     /tmp/ccRkZTJu.s:25     .text.chPoolInit:0000000000000000 chPoolInit
     /tmp/ccRkZTJu.s:46     .text.chPoolAllocI:0000000000000000 $t
     /tmp/ccRkZTJu.s:52     .text.chPoolAllocI:0000000000000000 chPoolAllocI
     /tmp/ccRkZTJu.s:92     .text.chPoolAlloc:0000000000000000 $t
     /tmp/ccRkZTJu.s:98     .text.chPoolAlloc:0000000000000000 chPoolAlloc
     /tmp/ccRkZTJu.s:143    .text.chPoolFreeI:0000000000000000 $t
     /tmp/ccRkZTJu.s:149    .text.chPoolFreeI:0000000000000000 chPoolFreeI
     /tmp/ccRkZTJu.s:178    .text.chPoolFree:0000000000000000 $t
     /tmp/ccRkZTJu.s:184    .text.chPoolFree:0000000000000000 chPoolFree
     /tmp/ccRkZTJu.s:229    .text.chPoolLoadArray:0000000000000000 $t
     /tmp/ccRkZTJu.s:235    .text.chPoolLoadArray:0000000000000000 chPoolLoadArray
                     .debug_frame:0000000000000010 $d

UNDEFINED SYMBOLS
chDbgCheckClassI
dbg_check_lock
dbg_check_unlock
