ARM GAS  /tmp/ccJSQkQn.s 			page 1


   1              		.syntax unified
   2              		.cpu cortex-m4
   3              		.fpu softvfp
   4              		.eabi_attribute 20, 1
   5              		.eabi_attribute 21, 1
   6              		.eabi_attribute 23, 3
   7              		.eabi_attribute 24, 1
   8              		.eabi_attribute 25, 1
   9              		.eabi_attribute 26, 1
  10              		.eabi_attribute 30, 1
  11              		.eabi_attribute 34, 1
  12              		.eabi_attribute 18, 4
  13              		.thumb
  14              		.file	"pal_lld.c"
  15              		.text
  16              	.Ltext0:
  17              		.cfi_sections	.debug_frame
  18              		.section	.text.initgpio,"ax",%progbits
  19              		.align	2
  20              		.p2align 4,,15
  21              		.thumb
  22              		.thumb_func
  23              		.type	initgpio, %function
  24              	initgpio:
  25              	.LFB118:
  26              		.file 1 "../../ChibiOS-RT/os/hal/platforms/STM32/GPIOv2/pal_lld.c"
  27              		.loc 1 92 0
  28              		.cfi_startproc
  29              		@ args = 0, pretend = 0, frame = 0
  30              		@ frame_needed = 0, uses_anonymous_args = 0
  31              		@ link register save eliminated.
  32              	.LVL0:
  33              		.loc 1 94 0
  34 0000 4B68     		ldr	r3, [r1, #4]
  35 0002 4360     		str	r3, [r0, #4]
  36              		.loc 1 95 0
  37 0004 8B68     		ldr	r3, [r1, #8]
  38 0006 8360     		str	r3, [r0, #8]
  39              		.loc 1 96 0
  40 0008 CB68     		ldr	r3, [r1, #12]
  41 000a C360     		str	r3, [r0, #12]
  42              		.loc 1 97 0
  43 000c 0B69     		ldr	r3, [r1, #16]
  44 000e 4361     		str	r3, [r0, #20]
  45              		.loc 1 98 0
  46 0010 4B69     		ldr	r3, [r1, #20]
  47 0012 0362     		str	r3, [r0, #32]
  48              		.loc 1 99 0
  49 0014 8B69     		ldr	r3, [r1, #24]
  50 0016 4362     		str	r3, [r0, #36]
  51              		.loc 1 100 0
  52 0018 0B68     		ldr	r3, [r1]
  53 001a 0360     		str	r3, [r0]
  54 001c 7047     		bx	lr
  55              		.cfi_endproc
  56              	.LFE118:
  57              		.size	initgpio, .-initgpio
ARM GAS  /tmp/ccJSQkQn.s 			page 2


  58 001e 00BF     		.section	.text._pal_lld_init,"ax",%progbits
  59              		.align	2
  60              		.p2align 4,,15
  61              		.global	_pal_lld_init
  62              		.thumb
  63              		.thumb_func
  64              		.type	_pal_lld_init, %function
  65              	_pal_lld_init:
  66              	.LFB119:
  67              		.loc 1 119 0
  68              		.cfi_startproc
  69              		@ args = 0, pretend = 0, frame = 0
  70              		@ frame_needed = 0, uses_anonymous_args = 0
  71              	.LVL1:
  72 0000 10B5     		push	{r4, lr}
  73              		.cfi_def_cfa_offset 8
  74              		.cfi_offset 4, -8
  75              		.cfi_offset 14, -4
  76 0002 0446     		mov	r4, r0
  77              		.loc 1 132 0
  78 0004 1A4B     		ldr	r3, .L4
  79 0006 196B     		ldr	r1, [r3, #48]
  80 0008 40F2FF12 		movw	r2, #511
  81 000c 1143     		orrs	r1, r1, r2
  82 000e 1963     		str	r1, [r3, #48]
  83              		.loc 1 133 0
  84 0010 196D     		ldr	r1, [r3, #80]
  85 0012 0A43     		orrs	r2, r2, r1
  86 0014 1A65     		str	r2, [r3, #80]
  87              		.loc 1 140 0
  88 0016 1748     		ldr	r0, .L4+4
  89              	.LVL2:
  90 0018 2146     		mov	r1, r4
  91 001a FFF7FEFF 		bl	initgpio
  92              	.LVL3:
  93              		.loc 1 143 0
  94 001e 1648     		ldr	r0, .L4+8
  95 0020 04F11C01 		add	r1, r4, #28
  96 0024 FFF7FEFF 		bl	initgpio
  97              	.LVL4:
  98              		.loc 1 146 0
  99 0028 1448     		ldr	r0, .L4+12
 100 002a 04F13801 		add	r1, r4, #56
 101 002e FFF7FEFF 		bl	initgpio
 102              	.LVL5:
 103              		.loc 1 149 0
 104 0032 1348     		ldr	r0, .L4+16
 105 0034 04F15401 		add	r1, r4, #84
 106 0038 FFF7FEFF 		bl	initgpio
 107              	.LVL6:
 108              		.loc 1 152 0
 109 003c 1148     		ldr	r0, .L4+20
 110 003e 04F17001 		add	r1, r4, #112
 111 0042 FFF7FEFF 		bl	initgpio
 112              	.LVL7:
 113              		.loc 1 155 0
 114 0046 1048     		ldr	r0, .L4+24
ARM GAS  /tmp/ccJSQkQn.s 			page 3


 115 0048 04F18C01 		add	r1, r4, #140
 116 004c FFF7FEFF 		bl	initgpio
 117              	.LVL8:
 118              		.loc 1 158 0
 119 0050 0E48     		ldr	r0, .L4+28
 120 0052 04F1A801 		add	r1, r4, #168
 121 0056 FFF7FEFF 		bl	initgpio
 122              	.LVL9:
 123              		.loc 1 161 0
 124 005a 0D48     		ldr	r0, .L4+32
 125 005c 04F1C401 		add	r1, r4, #196
 126 0060 FFF7FEFF 		bl	initgpio
 127              	.LVL10:
 128              		.loc 1 164 0
 129 0064 0B48     		ldr	r0, .L4+36
 130 0066 04F1E001 		add	r1, r4, #224
 131 006a FFF7FEFF 		bl	initgpio
 132              	.LVL11:
 133 006e 10BD     		pop	{r4, pc}
 134              	.LVL12:
 135              	.L5:
 136              		.align	2
 137              	.L4:
 138 0070 00380240 		.word	1073887232
 139 0074 00000240 		.word	1073872896
 140 0078 00040240 		.word	1073873920
 141 007c 00080240 		.word	1073874944
 142 0080 000C0240 		.word	1073875968
 143 0084 00100240 		.word	1073876992
 144 0088 00140240 		.word	1073878016
 145 008c 00180240 		.word	1073879040
 146 0090 001C0240 		.word	1073880064
 147 0094 00200240 		.word	1073881088
 148              		.cfi_endproc
 149              	.LFE119:
 150              		.size	_pal_lld_init, .-_pal_lld_init
 151 0098 AFF30080 		.section	.text._pal_lld_setgroupmode,"ax",%progbits
 151      AFF30080 
 152              		.align	2
 153              		.p2align 4,,15
 154              		.global	_pal_lld_setgroupmode
 155              		.thumb
 156              		.thumb_func
 157              		.type	_pal_lld_setgroupmode, %function
 158              	_pal_lld_setgroupmode:
 159              	.LFB120:
 160              		.loc 1 184 0
 161              		.cfi_startproc
 162              		@ args = 0, pretend = 0, frame = 0
 163              		@ frame_needed = 0, uses_anonymous_args = 0
 164              	.LVL13:
 165 0000 2DE9F041 		push	{r4, r5, r6, r7, r8, lr}
 166              		.cfi_def_cfa_offset 24
 167              		.cfi_offset 4, -24
 168              		.cfi_offset 5, -20
 169              		.cfi_offset 6, -16
 170              		.cfi_offset 7, -12
ARM GAS  /tmp/ccJSQkQn.s 			page 4


 171              		.cfi_offset 8, -8
 172              		.cfi_offset 14, -4
 173              		.loc 1 186 0
 174 0004 02F0030C 		and	ip, r2, #3
 175              	.LVL14:
 176              		.loc 1 187 0
 177 0008 C2F3800E 		ubfx	lr, r2, #2, #1
 178              	.LVL15:
 179              		.loc 1 188 0
 180 000c C2F3C107 		ubfx	r7, r2, #3, #2
 181              	.LVL16:
 182              		.loc 1 189 0
 183 0010 C2F34116 		ubfx	r6, r2, #5, #2
 184              	.LVL17:
 185              		.loc 1 190 0
 186 0014 C2F3C312 		ubfx	r2, r2, #7, #4
 187              	.LVL18:
 188              		.loc 1 191 0
 189 0018 0024     		movs	r4, #0
 190              	.LVL19:
 191              	.L11:
 192              		.loc 1 193 0
 193 001a 11F0010F 		tst	r1, #1
 194 001e 2FD0     		beq	.L7
 195              	.LBB2:
 196              		.loc 1 196 0
 197 0020 04F00703 		and	r3, r4, #7
 198 0024 9B00     		lsls	r3, r3, #2
 199 0026 02FA03F8 		lsl	r8, r2, r3
 200              	.LVL20:
 201              		.loc 1 197 0
 202 002a 0F25     		movs	r5, #15
 203 002c 05FA03F3 		lsl	r3, r5, r3
 204              	.LVL21:
 205              		.loc 1 198 0
 206 0030 072C     		cmp	r4, #7
 207 0032 06D8     		bhi	.L8
 208              		.loc 1 199 0
 209 0034 056A     		ldr	r5, [r0, #32]
 210 0036 25EA0303 		bic	r3, r5, r3
 211              	.LVL22:
 212 003a 43EA0803 		orr	r3, r3, r8
 213 003e 0362     		str	r3, [r0, #32]
 214 0040 05E0     		b	.L9
 215              	.LVL23:
 216              	.L8:
 217              		.loc 1 201 0
 218 0042 456A     		ldr	r5, [r0, #36]
 219 0044 25EA0303 		bic	r3, r5, r3
 220              	.LVL24:
 221 0048 43EA0803 		orr	r3, r3, r8
 222 004c 4362     		str	r3, [r0, #36]
 223              	.L9:
 224              		.loc 1 202 0
 225 004e 0123     		movs	r3, #1
 226 0050 A340     		lsls	r3, r3, r4
 227              	.LVL25:
ARM GAS  /tmp/ccJSQkQn.s 			page 5


 228              		.loc 1 203 0
 229 0052 4568     		ldr	r5, [r0, #4]
 230 0054 25EA0303 		bic	r3, r5, r3
 231              	.LVL26:
 232 0058 43EA0E03 		orr	r3, r3, lr
 233 005c 4360     		str	r3, [r0, #4]
 234              		.loc 1 204 0
 235 005e 6500     		lsls	r5, r4, #1
 236 0060 0323     		movs	r3, #3
 237 0062 AB40     		lsls	r3, r3, r5
 238              	.LVL27:
 239              		.loc 1 205 0
 240 0064 8568     		ldr	r5, [r0, #8]
 241 0066 DB43     		mvns	r3, r3
 242              	.LVL28:
 243 0068 1D40     		ands	r5, r5, r3
 244 006a 3D43     		orrs	r5, r5, r7
 245 006c 8560     		str	r5, [r0, #8]
 246              		.loc 1 206 0
 247 006e C568     		ldr	r5, [r0, #12]
 248 0070 1D40     		ands	r5, r5, r3
 249 0072 3543     		orrs	r5, r5, r6
 250 0074 C560     		str	r5, [r0, #12]
 251              		.loc 1 207 0
 252 0076 0568     		ldr	r5, [r0]
 253 0078 2B40     		ands	r3, r3, r5
 254              	.LVL29:
 255 007a 43EA0C03 		orr	r3, r3, ip
 256 007e 0360     		str	r3, [r0]
 257              	.LVL30:
 258              	.L7:
 259              	.LBE2:
 260              		.loc 1 210 0
 261 0080 4908     		lsrs	r1, r1, #1
 262              	.LVL31:
 263 0082 07D0     		beq	.L6
 264              		.loc 1 212 0
 265 0084 4FEA4E0E 		lsl	lr, lr, #1
 266              	.LVL32:
 267              		.loc 1 213 0
 268 0088 BF00     		lsls	r7, r7, #2
 269              	.LVL33:
 270              		.loc 1 214 0
 271 008a B600     		lsls	r6, r6, #2
 272              	.LVL34:
 273              		.loc 1 215 0
 274 008c 4FEA8C0C 		lsl	ip, ip, #2
 275              	.LVL35:
 276              		.loc 1 216 0
 277 0090 0134     		adds	r4, r4, #1
 278              	.LVL36:
 279              		.loc 1 217 0
 280 0092 C2E7     		b	.L11
 281              	.L6:
 282 0094 BDE8F081 		pop	{r4, r5, r6, r7, r8, pc}
 283              		.cfi_endproc
 284              	.LFE120:
ARM GAS  /tmp/ccJSQkQn.s 			page 6


 285              		.size	_pal_lld_setgroupmode, .-_pal_lld_setgroupmode
 286 0098 AFF30080 		.text
 286      AFF30080 
 287              	.Letext0:
 288              		.file 2 "/usr/arm-none-eabi/include/machine/_default_types.h"
 289              		.file 3 "/usr/arm-none-eabi/include/stdint.h"
 290              		.file 4 "../../ChibiOS-RT/os/hal/platforms/STM32F4xx/stm32f4xx.h"
 291              		.file 5 "../../ChibiOS-RT/os/hal/platforms/STM32/GPIOv2/pal_lld.h"
 292              		.file 6 "../../ChibiOS-RT/os/ports/common/ARMCMx/CMSIS/include/core_cm4.h"
 293              		.section	.debug_info,"",%progbits
 294              	.Ldebug_info0:
 295 0000 BC060000 		.4byte	0x6bc
 296 0004 0400     		.2byte	0x4
 297 0006 00000000 		.4byte	.Ldebug_abbrev0
 298 000a 04       		.byte	0x4
 299 000b 01       		.uleb128 0x1
 300 000c E7000000 		.4byte	.LASF87
 301 0010 01       		.byte	0x1
 302 0011 7A030000 		.4byte	.LASF88
 303 0015 BE030000 		.4byte	.LASF89
 304 0019 00000000 		.4byte	.Ldebug_ranges0+0
 305 001d 00000000 		.4byte	0
 306 0021 00000000 		.4byte	.Ldebug_line0
 307 0025 02       		.uleb128 0x2
 308 0026 04       		.byte	0x4
 309 0027 05       		.byte	0x5
 310 0028 696E7400 		.ascii	"int\000"
 311 002c 03       		.uleb128 0x3
 312 002d 04       		.byte	0x4
 313 002e 07       		.byte	0x7
 314 002f 16040000 		.4byte	.LASF0
 315 0033 03       		.uleb128 0x3
 316 0034 01       		.byte	0x1
 317 0035 06       		.byte	0x6
 318 0036 4D020000 		.4byte	.LASF1
 319 003a 03       		.uleb128 0x3
 320 003b 01       		.byte	0x1
 321 003c 08       		.byte	0x8
 322 003d 37020000 		.4byte	.LASF2
 323 0041 03       		.uleb128 0x3
 324 0042 02       		.byte	0x2
 325 0043 05       		.byte	0x5
 326 0044 60000000 		.4byte	.LASF3
 327 0048 04       		.uleb128 0x4
 328 0049 A4000000 		.4byte	.LASF5
 329 004d 02       		.byte	0x2
 330 004e 2B       		.byte	0x2b
 331 004f 53000000 		.4byte	0x53
 332 0053 03       		.uleb128 0x3
 333 0054 02       		.byte	0x2
 334 0055 07       		.byte	0x7
 335 0056 B6020000 		.4byte	.LASF4
 336 005a 04       		.uleb128 0x4
 337 005b E0020000 		.4byte	.LASF6
 338 005f 02       		.byte	0x2
 339 0060 3F       		.byte	0x3f
 340 0061 65000000 		.4byte	0x65
ARM GAS  /tmp/ccJSQkQn.s 			page 7


 341 0065 03       		.uleb128 0x3
 342 0066 04       		.byte	0x4
 343 0067 05       		.byte	0x5
 344 0068 ED010000 		.4byte	.LASF7
 345 006c 04       		.uleb128 0x4
 346 006d 99000000 		.4byte	.LASF8
 347 0071 02       		.byte	0x2
 348 0072 41       		.byte	0x41
 349 0073 77000000 		.4byte	0x77
 350 0077 03       		.uleb128 0x3
 351 0078 04       		.byte	0x4
 352 0079 07       		.byte	0x7
 353 007a 92020000 		.4byte	.LASF9
 354 007e 03       		.uleb128 0x3
 355 007f 08       		.byte	0x8
 356 0080 05       		.byte	0x5
 357 0081 D1010000 		.4byte	.LASF10
 358 0085 03       		.uleb128 0x3
 359 0086 08       		.byte	0x8
 360 0087 07       		.byte	0x7
 361 0088 59020000 		.4byte	.LASF11
 362 008c 04       		.uleb128 0x4
 363 008d 89020000 		.4byte	.LASF12
 364 0091 03       		.byte	0x3
 365 0092 21       		.byte	0x21
 366 0093 48000000 		.4byte	0x48
 367 0097 04       		.uleb128 0x4
 368 0098 D8020000 		.4byte	.LASF13
 369 009c 03       		.byte	0x3
 370 009d 2C       		.byte	0x2c
 371 009e 5A000000 		.4byte	0x5a
 372 00a2 04       		.uleb128 0x4
 373 00a3 70020000 		.4byte	.LASF14
 374 00a7 03       		.byte	0x3
 375 00a8 2D       		.byte	0x2d
 376 00a9 6C000000 		.4byte	0x6c
 377 00ad 03       		.uleb128 0x3
 378 00ae 01       		.byte	0x1
 379 00af 02       		.byte	0x2
 380 00b0 F4020000 		.4byte	.LASF15
 381 00b4 05       		.uleb128 0x5
 382 00b5 A2000000 		.4byte	0xa2
 383 00b9 03       		.uleb128 0x3
 384 00ba 04       		.byte	0x4
 385 00bb 07       		.byte	0x7
 386 00bc 73000000 		.4byte	.LASF16
 387 00c0 03       		.uleb128 0x3
 388 00c1 01       		.byte	0x1
 389 00c2 08       		.byte	0x8
 390 00c3 D3020000 		.4byte	.LASF17
 391 00c7 06       		.uleb128 0x6
 392 00c8 A2000000 		.4byte	0xa2
 393 00cc D7000000 		.4byte	0xd7
 394 00d0 07       		.uleb128 0x7
 395 00d1 B9000000 		.4byte	0xb9
 396 00d5 01       		.byte	0x1
 397 00d6 00       		.byte	0
ARM GAS  /tmp/ccJSQkQn.s 			page 8


 398 00d7 05       		.uleb128 0x5
 399 00d8 97000000 		.4byte	0x97
 400 00dc 08       		.uleb128 0x8
 401 00dd 90       		.byte	0x90
 402 00de 04       		.byte	0x4
 403 00df 5804     		.2byte	0x458
 404 00e1 85020000 		.4byte	0x285
 405 00e5 09       		.uleb128 0x9
 406 00e6 435200   		.ascii	"CR\000"
 407 00e9 04       		.byte	0x4
 408 00ea 5A04     		.2byte	0x45a
 409 00ec B4000000 		.4byte	0xb4
 410 00f0 00       		.byte	0
 411 00f1 0A       		.uleb128 0xa
 412 00f2 A9020000 		.4byte	.LASF18
 413 00f6 04       		.byte	0x4
 414 00f7 5B04     		.2byte	0x45b
 415 00f9 B4000000 		.4byte	0xb4
 416 00fd 04       		.byte	0x4
 417 00fe 0A       		.uleb128 0xa
 418 00ff 23040000 		.4byte	.LASF19
 419 0103 04       		.byte	0x4
 420 0104 5C04     		.2byte	0x45c
 421 0106 B4000000 		.4byte	0xb4
 422 010a 08       		.byte	0x8
 423 010b 09       		.uleb128 0x9
 424 010c 43495200 		.ascii	"CIR\000"
 425 0110 04       		.byte	0x4
 426 0111 5D04     		.2byte	0x45d
 427 0113 B4000000 		.4byte	0xb4
 428 0117 0C       		.byte	0xc
 429 0118 0A       		.uleb128 0xa
 430 0119 BC000000 		.4byte	.LASF20
 431 011d 04       		.byte	0x4
 432 011e 5E04     		.2byte	0x45e
 433 0120 B4000000 		.4byte	0xb4
 434 0124 10       		.byte	0x10
 435 0125 0A       		.uleb128 0xa
 436 0126 80020000 		.4byte	.LASF21
 437 012a 04       		.byte	0x4
 438 012b 5F04     		.2byte	0x45f
 439 012d B4000000 		.4byte	0xb4
 440 0131 14       		.byte	0x14
 441 0132 0A       		.uleb128 0xa
 442 0133 F2030000 		.4byte	.LASF22
 443 0137 04       		.byte	0x4
 444 0138 6004     		.2byte	0x460
 445 013a B4000000 		.4byte	0xb4
 446 013e 18       		.byte	0x18
 447 013f 0A       		.uleb128 0xa
 448 0140 15030000 		.4byte	.LASF23
 449 0144 04       		.byte	0x4
 450 0145 6104     		.2byte	0x461
 451 0147 A2000000 		.4byte	0xa2
 452 014b 1C       		.byte	0x1c
 453 014c 0A       		.uleb128 0xa
 454 014d 27000000 		.4byte	.LASF24
ARM GAS  /tmp/ccJSQkQn.s 			page 9


 455 0151 04       		.byte	0x4
 456 0152 6204     		.2byte	0x462
 457 0154 B4000000 		.4byte	0xb4
 458 0158 20       		.byte	0x20
 459 0159 0A       		.uleb128 0xa
 460 015a 0F020000 		.4byte	.LASF25
 461 015e 04       		.byte	0x4
 462 015f 6304     		.2byte	0x463
 463 0161 B4000000 		.4byte	0xb4
 464 0165 24       		.byte	0x24
 465 0166 0A       		.uleb128 0xa
 466 0167 1F030000 		.4byte	.LASF26
 467 016b 04       		.byte	0x4
 468 016c 6404     		.2byte	0x464
 469 016e C7000000 		.4byte	0xc7
 470 0172 28       		.byte	0x28
 471 0173 0A       		.uleb128 0xa
 472 0174 62030000 		.4byte	.LASF27
 473 0178 04       		.byte	0x4
 474 0179 6504     		.2byte	0x465
 475 017b B4000000 		.4byte	0xb4
 476 017f 30       		.byte	0x30
 477 0180 0A       		.uleb128 0xa
 478 0181 30000000 		.4byte	.LASF28
 479 0185 04       		.byte	0x4
 480 0186 6604     		.2byte	0x466
 481 0188 B4000000 		.4byte	0xb4
 482 018c 34       		.byte	0x34
 483 018d 0A       		.uleb128 0xa
 484 018e C1010000 		.4byte	.LASF29
 485 0192 04       		.byte	0x4
 486 0193 6704     		.2byte	0x467
 487 0195 B4000000 		.4byte	0xb4
 488 0199 38       		.byte	0x38
 489 019a 0A       		.uleb128 0xa
 490 019b 29030000 		.4byte	.LASF30
 491 019f 04       		.byte	0x4
 492 01a0 6804     		.2byte	0x468
 493 01a2 A2000000 		.4byte	0xa2
 494 01a6 3C       		.byte	0x3c
 495 01a7 0A       		.uleb128 0xa
 496 01a8 DF000000 		.4byte	.LASF31
 497 01ac 04       		.byte	0x4
 498 01ad 6904     		.2byte	0x469
 499 01af B4000000 		.4byte	0xb4
 500 01b3 40       		.byte	0x40
 501 01b4 0A       		.uleb128 0xa
 502 01b5 45020000 		.4byte	.LASF32
 503 01b9 04       		.byte	0x4
 504 01ba 6A04     		.2byte	0x46a
 505 01bc B4000000 		.4byte	0xb4
 506 01c0 44       		.byte	0x44
 507 01c1 0A       		.uleb128 0xa
 508 01c2 33030000 		.4byte	.LASF33
 509 01c6 04       		.byte	0x4
 510 01c7 6B04     		.2byte	0x46b
 511 01c9 C7000000 		.4byte	0xc7
ARM GAS  /tmp/ccJSQkQn.s 			page 10


 512 01cd 48       		.byte	0x48
 513 01ce 0A       		.uleb128 0xa
 514 01cf 00000000 		.4byte	.LASF34
 515 01d3 04       		.byte	0x4
 516 01d4 6C04     		.2byte	0x46c
 517 01d6 B4000000 		.4byte	0xb4
 518 01da 50       		.byte	0x50
 519 01db 0A       		.uleb128 0xa
 520 01dc FF020000 		.4byte	.LASF35
 521 01e0 04       		.byte	0x4
 522 01e1 6D04     		.2byte	0x46d
 523 01e3 B4000000 		.4byte	0xb4
 524 01e7 54       		.byte	0x54
 525 01e8 0A       		.uleb128 0xa
 526 01e9 D5000000 		.4byte	.LASF36
 527 01ed 04       		.byte	0x4
 528 01ee 6E04     		.2byte	0x46e
 529 01f0 B4000000 		.4byte	0xb4
 530 01f4 58       		.byte	0x58
 531 01f5 0A       		.uleb128 0xa
 532 01f6 3D030000 		.4byte	.LASF37
 533 01fa 04       		.byte	0x4
 534 01fb 6F04     		.2byte	0x46f
 535 01fd A2000000 		.4byte	0xa2
 536 0201 5C       		.byte	0x5c
 537 0202 0A       		.uleb128 0xa
 538 0203 C9020000 		.4byte	.LASF38
 539 0207 04       		.byte	0x4
 540 0208 7004     		.2byte	0x470
 541 020a B4000000 		.4byte	0xb4
 542 020e 60       		.byte	0x60
 543 020f 0A       		.uleb128 0xa
 544 0210 38040000 		.4byte	.LASF39
 545 0214 04       		.byte	0x4
 546 0215 7104     		.2byte	0x471
 547 0217 B4000000 		.4byte	0xb4
 548 021b 64       		.byte	0x64
 549 021c 0A       		.uleb128 0xa
 550 021d 47030000 		.4byte	.LASF40
 551 0221 04       		.byte	0x4
 552 0222 7204     		.2byte	0x472
 553 0224 C7000000 		.4byte	0xc7
 554 0228 68       		.byte	0x68
 555 0229 0A       		.uleb128 0xa
 556 022a 7C000000 		.4byte	.LASF41
 557 022e 04       		.byte	0x4
 558 022f 7304     		.2byte	0x473
 559 0231 B4000000 		.4byte	0xb4
 560 0235 70       		.byte	0x70
 561 0236 09       		.uleb128 0x9
 562 0237 43535200 		.ascii	"CSR\000"
 563 023b 04       		.byte	0x4
 564 023c 7404     		.2byte	0x474
 565 023e B4000000 		.4byte	0xb4
 566 0242 74       		.byte	0x74
 567 0243 0A       		.uleb128 0xa
 568 0244 51030000 		.4byte	.LASF42
ARM GAS  /tmp/ccJSQkQn.s 			page 11


 569 0248 04       		.byte	0x4
 570 0249 7504     		.2byte	0x475
 571 024b C7000000 		.4byte	0xc7
 572 024f 78       		.byte	0x78
 573 0250 0A       		.uleb128 0xa
 574 0251 AF000000 		.4byte	.LASF43
 575 0255 04       		.byte	0x4
 576 0256 7604     		.2byte	0x476
 577 0258 B4000000 		.4byte	0xb4
 578 025c 80       		.byte	0x80
 579 025d 0A       		.uleb128 0xa
 580 025e 88000000 		.4byte	.LASF44
 581 0262 04       		.byte	0x4
 582 0263 7704     		.2byte	0x477
 583 0265 B4000000 		.4byte	0xb4
 584 0269 84       		.byte	0x84
 585 026a 0A       		.uleb128 0xa
 586 026b 28040000 		.4byte	.LASF45
 587 026f 04       		.byte	0x4
 588 0270 7804     		.2byte	0x478
 589 0272 B4000000 		.4byte	0xb4
 590 0276 88       		.byte	0x88
 591 0277 0A       		.uleb128 0xa
 592 0278 B9010000 		.4byte	.LASF46
 593 027c 04       		.byte	0x4
 594 027d 7904     		.2byte	0x479
 595 027f B4000000 		.4byte	0xb4
 596 0283 8C       		.byte	0x8c
 597 0284 00       		.byte	0
 598 0285 0B       		.uleb128 0xb
 599 0286 FD010000 		.4byte	.LASF47
 600 028a 04       		.byte	0x4
 601 028b 7B04     		.2byte	0x47b
 602 028d DC000000 		.4byte	0xdc
 603 0291 0C       		.uleb128 0xc
 604 0292 04       		.byte	0x4
 605 0293 05       		.byte	0x5
 606 0294 96       		.byte	0x96
 607 0295 B2020000 		.4byte	0x2b2
 608 0299 0D       		.uleb128 0xd
 609 029a 73657400 		.ascii	"set\000"
 610 029e 05       		.byte	0x5
 611 029f 97       		.byte	0x97
 612 02a0 8C000000 		.4byte	0x8c
 613 02a4 00       		.byte	0
 614 02a5 0E       		.uleb128 0xe
 615 02a6 18020000 		.4byte	.LASF48
 616 02aa 05       		.byte	0x5
 617 02ab 98       		.byte	0x98
 618 02ac 8C000000 		.4byte	0x8c
 619 02b0 02       		.byte	0x2
 620 02b1 00       		.byte	0
 621 02b2 0F       		.uleb128 0xf
 622 02b3 04       		.byte	0x4
 623 02b4 05       		.byte	0x5
 624 02b5 94       		.byte	0x94
 625 02b6 CD020000 		.4byte	0x2cd
ARM GAS  /tmp/ccJSQkQn.s 			page 12


 626 02ba 10       		.uleb128 0x10
 627 02bb 5700     		.ascii	"W\000"
 628 02bd 05       		.byte	0x5
 629 02be 95       		.byte	0x95
 630 02bf A2000000 		.4byte	0xa2
 631 02c3 10       		.uleb128 0x10
 632 02c4 4800     		.ascii	"H\000"
 633 02c6 05       		.byte	0x5
 634 02c7 99       		.byte	0x99
 635 02c8 91020000 		.4byte	0x291
 636 02cc 00       		.byte	0
 637 02cd 0C       		.uleb128 0xc
 638 02ce 28       		.byte	0x28
 639 02cf 05       		.byte	0x5
 640 02d0 8C       		.byte	0x8c
 641 02d1 4E030000 		.4byte	0x34e
 642 02d5 0E       		.uleb128 0xe
 643 02d6 09020000 		.4byte	.LASF49
 644 02da 05       		.byte	0x5
 645 02db 8E       		.byte	0x8e
 646 02dc B4000000 		.4byte	0xb4
 647 02e0 00       		.byte	0
 648 02e1 0E       		.uleb128 0xe
 649 02e2 B2010000 		.4byte	.LASF50
 650 02e6 05       		.byte	0x5
 651 02e7 8F       		.byte	0x8f
 652 02e8 B4000000 		.4byte	0xb4
 653 02ec 04       		.byte	0x4
 654 02ed 0E       		.uleb128 0xe
 655 02ee C9010000 		.4byte	.LASF51
 656 02f2 05       		.byte	0x5
 657 02f3 90       		.byte	0x90
 658 02f4 B4000000 		.4byte	0xb4
 659 02f8 08       		.byte	0x8
 660 02f9 0E       		.uleb128 0xe
 661 02fa DF010000 		.4byte	.LASF52
 662 02fe 05       		.byte	0x5
 663 02ff 91       		.byte	0x91
 664 0300 B4000000 		.4byte	0xb4
 665 0304 0C       		.byte	0xc
 666 0305 0D       		.uleb128 0xd
 667 0306 49445200 		.ascii	"IDR\000"
 668 030a 05       		.byte	0x5
 669 030b 92       		.byte	0x92
 670 030c B4000000 		.4byte	0xb4
 671 0310 10       		.byte	0x10
 672 0311 0D       		.uleb128 0xd
 673 0312 4F445200 		.ascii	"ODR\000"
 674 0316 05       		.byte	0x5
 675 0317 93       		.byte	0x93
 676 0318 B4000000 		.4byte	0xb4
 677 031c 14       		.byte	0x14
 678 031d 0E       		.uleb128 0xe
 679 031e 42040000 		.4byte	.LASF53
 680 0322 05       		.byte	0x5
 681 0323 9A       		.byte	0x9a
 682 0324 4E030000 		.4byte	0x34e
ARM GAS  /tmp/ccJSQkQn.s 			page 13


 683 0328 18       		.byte	0x18
 684 0329 0E       		.uleb128 0xe
 685 032a 33040000 		.4byte	.LASF54
 686 032e 05       		.byte	0x5
 687 032f 9B       		.byte	0x9b
 688 0330 B4000000 		.4byte	0xb4
 689 0334 1C       		.byte	0x1c
 690 0335 0E       		.uleb128 0xe
 691 0336 B1020000 		.4byte	.LASF55
 692 033a 05       		.byte	0x5
 693 033b 9C       		.byte	0x9c
 694 033c B4000000 		.4byte	0xb4
 695 0340 20       		.byte	0x20
 696 0341 0E       		.uleb128 0xe
 697 0342 A4020000 		.4byte	.LASF56
 698 0346 05       		.byte	0x5
 699 0347 9D       		.byte	0x9d
 700 0348 B4000000 		.4byte	0xb4
 701 034c 24       		.byte	0x24
 702 034d 00       		.byte	0
 703 034e 05       		.uleb128 0x5
 704 034f B2020000 		.4byte	0x2b2
 705 0353 04       		.uleb128 0x4
 706 0354 E5030000 		.4byte	.LASF57
 707 0358 05       		.byte	0x5
 708 0359 9E       		.byte	0x9e
 709 035a CD020000 		.4byte	0x2cd
 710 035e 0C       		.uleb128 0xc
 711 035f 1C       		.byte	0x1c
 712 0360 05       		.byte	0x5
 713 0361 A3       		.byte	0xa3
 714 0362 BB030000 		.4byte	0x3bb
 715 0366 0E       		.uleb128 0xe
 716 0367 B8030000 		.4byte	.LASF58
 717 036b 05       		.byte	0x5
 718 036c A5       		.byte	0xa5
 719 036d A2000000 		.4byte	0xa2
 720 0371 00       		.byte	0
 721 0372 0E       		.uleb128 0xe
 722 0373 79020000 		.4byte	.LASF59
 723 0377 05       		.byte	0x5
 724 0378 A7       		.byte	0xa7
 725 0379 A2000000 		.4byte	0xa2
 726 037d 04       		.byte	0x4
 727 037e 0E       		.uleb128 0xe
 728 037f E5010000 		.4byte	.LASF60
 729 0383 05       		.byte	0x5
 730 0384 A9       		.byte	0xa9
 731 0385 A2000000 		.4byte	0xa2
 732 0389 08       		.byte	0x8
 733 038a 0E       		.uleb128 0xe
 734 038b 6F030000 		.4byte	.LASF61
 735 038f 05       		.byte	0x5
 736 0390 AB       		.byte	0xab
 737 0391 A2000000 		.4byte	0xa2
 738 0395 0C       		.byte	0xc
 739 0396 0D       		.uleb128 0xd
ARM GAS  /tmp/ccJSQkQn.s 			page 14


 740 0397 6F647200 		.ascii	"odr\000"
 741 039b 05       		.byte	0x5
 742 039c AD       		.byte	0xad
 743 039d A2000000 		.4byte	0xa2
 744 03a1 10       		.byte	0x10
 745 03a2 0E       		.uleb128 0xe
 746 03a3 B3030000 		.4byte	.LASF62
 747 03a7 05       		.byte	0x5
 748 03a8 AF       		.byte	0xaf
 749 03a9 A2000000 		.4byte	0xa2
 750 03ad 14       		.byte	0x14
 751 03ae 0E       		.uleb128 0xe
 752 03af 75030000 		.4byte	.LASF63
 753 03b3 05       		.byte	0x5
 754 03b4 B1       		.byte	0xb1
 755 03b5 A2000000 		.4byte	0xa2
 756 03b9 18       		.byte	0x18
 757 03ba 00       		.byte	0
 758 03bb 04       		.uleb128 0x4
 759 03bc 38000000 		.4byte	.LASF64
 760 03c0 05       		.byte	0x5
 761 03c1 B2       		.byte	0xb2
 762 03c2 5E030000 		.4byte	0x35e
 763 03c6 0C       		.uleb128 0xc
 764 03c7 FC       		.byte	0xfc
 765 03c8 05       		.byte	0x5
 766 03c9 BB       		.byte	0xbb
 767 03ca 3B040000 		.4byte	0x43b
 768 03ce 0E       		.uleb128 0xe
 769 03cf 25020000 		.4byte	.LASF65
 770 03d3 05       		.byte	0x5
 771 03d4 BE       		.byte	0xbe
 772 03d5 BB030000 		.4byte	0x3bb
 773 03d9 00       		.byte	0
 774 03da 0E       		.uleb128 0xe
 775 03db B5000000 		.4byte	.LASF66
 776 03df 05       		.byte	0x5
 777 03e0 C2       		.byte	0xc2
 778 03e1 BB030000 		.4byte	0x3bb
 779 03e5 1C       		.byte	0x1c
 780 03e6 0E       		.uleb128 0xe
 781 03e7 0A000000 		.4byte	.LASF67
 782 03eb 05       		.byte	0x5
 783 03ec C6       		.byte	0xc6
 784 03ed BB030000 		.4byte	0x3bb
 785 03f1 38       		.byte	0x38
 786 03f2 0E       		.uleb128 0xe
 787 03f3 F6010000 		.4byte	.LASF68
 788 03f7 05       		.byte	0x5
 789 03f8 CA       		.byte	0xca
 790 03f9 BB030000 		.4byte	0x3bb
 791 03fd 54       		.byte	0x54
 792 03fe 0E       		.uleb128 0xe
 793 03ff 0E030000 		.4byte	.LASF69
 794 0403 05       		.byte	0x5
 795 0404 CE       		.byte	0xce
 796 0405 BB030000 		.4byte	0x3bb
ARM GAS  /tmp/ccJSQkQn.s 			page 15


 797 0409 70       		.byte	0x70
 798 040a 0E       		.uleb128 0xe
 799 040b 4B000000 		.4byte	.LASF70
 800 040f 05       		.byte	0x5
 801 0410 D2       		.byte	0xd2
 802 0411 BB030000 		.4byte	0x3bb
 803 0415 8C       		.byte	0x8c
 804 0416 0E       		.uleb128 0xe
 805 0417 1E020000 		.4byte	.LASF71
 806 041b 05       		.byte	0x5
 807 041c D6       		.byte	0xd6
 808 041d BB030000 		.4byte	0x3bb
 809 0421 A8       		.byte	0xa8
 810 0422 0E       		.uleb128 0xe
 811 0423 5B030000 		.4byte	.LASF72
 812 0427 05       		.byte	0x5
 813 0428 DA       		.byte	0xda
 814 0429 BB030000 		.4byte	0x3bb
 815 042d C4       		.byte	0xc4
 816 042e 0E       		.uleb128 0xe
 817 042f 81000000 		.4byte	.LASF73
 818 0433 05       		.byte	0x5
 819 0434 DE       		.byte	0xde
 820 0435 BB030000 		.4byte	0x3bb
 821 0439 E0       		.byte	0xe0
 822 043a 00       		.byte	0
 823 043b 04       		.uleb128 0x4
 824 043c EA020000 		.4byte	.LASF74
 825 0440 05       		.byte	0x5
 826 0441 E0       		.byte	0xe0
 827 0442 C6030000 		.4byte	0x3c6
 828 0446 04       		.uleb128 0x4
 829 0447 A5010000 		.4byte	.LASF75
 830 044b 05       		.byte	0x5
 831 044c F0       		.byte	0xf0
 832 044d A2000000 		.4byte	0xa2
 833 0451 04       		.uleb128 0x4
 834 0452 CC000000 		.4byte	.LASF76
 835 0456 05       		.byte	0x5
 836 0457 F5       		.byte	0xf5
 837 0458 A2000000 		.4byte	0xa2
 838 045c 04       		.uleb128 0x4
 839 045d 2C020000 		.4byte	.LASF77
 840 0461 05       		.byte	0x5
 841 0462 FD       		.byte	0xfd
 842 0463 67040000 		.4byte	0x467
 843 0467 11       		.uleb128 0x11
 844 0468 04       		.byte	0x4
 845 0469 53030000 		.4byte	0x353
 846 046d 12       		.uleb128 0x12
 847 046e 6A000000 		.4byte	.LASF90
 848 0472 01       		.byte	0x1
 849 0473 5C       		.byte	0x5c
 850 0474 00000000 		.4byte	.LFB118
 851 0478 1E000000 		.4byte	.LFE118-.LFB118
 852 047c 01       		.uleb128 0x1
 853 047d 9C       		.byte	0x9c
ARM GAS  /tmp/ccJSQkQn.s 			page 16


 854 047e 9D040000 		.4byte	0x49d
 855 0482 13       		.uleb128 0x13
 856 0483 93000000 		.4byte	.LASF78
 857 0487 01       		.byte	0x1
 858 0488 5C       		.byte	0x5c
 859 0489 67040000 		.4byte	0x467
 860 048d 01       		.uleb128 0x1
 861 048e 50       		.byte	0x50
 862 048f 13       		.uleb128 0x13
 863 0490 C5000000 		.4byte	.LASF79
 864 0494 01       		.byte	0x1
 865 0495 5C       		.byte	0x5c
 866 0496 9D040000 		.4byte	0x49d
 867 049a 01       		.uleb128 0x1
 868 049b 51       		.byte	0x51
 869 049c 00       		.byte	0
 870 049d 11       		.uleb128 0x11
 871 049e 04       		.byte	0x4
 872 049f A3040000 		.4byte	0x4a3
 873 04a3 14       		.uleb128 0x14
 874 04a4 BB030000 		.4byte	0x3bb
 875 04a8 15       		.uleb128 0x15
 876 04a9 52000000 		.4byte	.LASF80
 877 04ad 01       		.byte	0x1
 878 04ae 77       		.byte	0x77
 879 04af 00000000 		.4byte	.LFB119
 880 04b3 98000000 		.4byte	.LFE119-.LFB119
 881 04b7 01       		.uleb128 0x1
 882 04b8 9C       		.byte	0x9c
 883 04b9 D4050000 		.4byte	0x5d4
 884 04bd 16       		.uleb128 0x16
 885 04be C5000000 		.4byte	.LASF79
 886 04c2 01       		.byte	0x1
 887 04c3 77       		.byte	0x77
 888 04c4 D4050000 		.4byte	0x5d4
 889 04c8 00000000 		.4byte	.LLST0
 890 04cc 17       		.uleb128 0x17
 891 04cd 1E000000 		.4byte	.LVL3
 892 04d1 6D040000 		.4byte	0x46d
 893 04d5 E9040000 		.4byte	0x4e9
 894 04d9 18       		.uleb128 0x18
 895 04da 01       		.uleb128 0x1
 896 04db 51       		.byte	0x51
 897 04dc 02       		.uleb128 0x2
 898 04dd 74       		.byte	0x74
 899 04de 00       		.sleb128 0
 900 04df 18       		.uleb128 0x18
 901 04e0 01       		.uleb128 0x1
 902 04e1 50       		.byte	0x50
 903 04e2 05       		.uleb128 0x5
 904 04e3 0C       		.byte	0xc
 905 04e4 00000240 		.4byte	0x40020000
 906 04e8 00       		.byte	0
 907 04e9 17       		.uleb128 0x17
 908 04ea 28000000 		.4byte	.LVL4
 909 04ee 6D040000 		.4byte	0x46d
 910 04f2 06050000 		.4byte	0x506
ARM GAS  /tmp/ccJSQkQn.s 			page 17


 911 04f6 18       		.uleb128 0x18
 912 04f7 01       		.uleb128 0x1
 913 04f8 51       		.byte	0x51
 914 04f9 02       		.uleb128 0x2
 915 04fa 74       		.byte	0x74
 916 04fb 1C       		.sleb128 28
 917 04fc 18       		.uleb128 0x18
 918 04fd 01       		.uleb128 0x1
 919 04fe 50       		.byte	0x50
 920 04ff 05       		.uleb128 0x5
 921 0500 0C       		.byte	0xc
 922 0501 00040240 		.4byte	0x40020400
 923 0505 00       		.byte	0
 924 0506 17       		.uleb128 0x17
 925 0507 32000000 		.4byte	.LVL5
 926 050b 6D040000 		.4byte	0x46d
 927 050f 23050000 		.4byte	0x523
 928 0513 18       		.uleb128 0x18
 929 0514 01       		.uleb128 0x1
 930 0515 51       		.byte	0x51
 931 0516 02       		.uleb128 0x2
 932 0517 74       		.byte	0x74
 933 0518 38       		.sleb128 56
 934 0519 18       		.uleb128 0x18
 935 051a 01       		.uleb128 0x1
 936 051b 50       		.byte	0x50
 937 051c 05       		.uleb128 0x5
 938 051d 0C       		.byte	0xc
 939 051e 00080240 		.4byte	0x40020800
 940 0522 00       		.byte	0
 941 0523 17       		.uleb128 0x17
 942 0524 3C000000 		.4byte	.LVL6
 943 0528 6D040000 		.4byte	0x46d
 944 052c 41050000 		.4byte	0x541
 945 0530 18       		.uleb128 0x18
 946 0531 01       		.uleb128 0x1
 947 0532 51       		.byte	0x51
 948 0533 03       		.uleb128 0x3
 949 0534 74       		.byte	0x74
 950 0535 D400     		.sleb128 84
 951 0537 18       		.uleb128 0x18
 952 0538 01       		.uleb128 0x1
 953 0539 50       		.byte	0x50
 954 053a 05       		.uleb128 0x5
 955 053b 0C       		.byte	0xc
 956 053c 000C0240 		.4byte	0x40020c00
 957 0540 00       		.byte	0
 958 0541 17       		.uleb128 0x17
 959 0542 46000000 		.4byte	.LVL7
 960 0546 6D040000 		.4byte	0x46d
 961 054a 5F050000 		.4byte	0x55f
 962 054e 18       		.uleb128 0x18
 963 054f 01       		.uleb128 0x1
 964 0550 51       		.byte	0x51
 965 0551 03       		.uleb128 0x3
 966 0552 74       		.byte	0x74
 967 0553 F000     		.sleb128 112
ARM GAS  /tmp/ccJSQkQn.s 			page 18


 968 0555 18       		.uleb128 0x18
 969 0556 01       		.uleb128 0x1
 970 0557 50       		.byte	0x50
 971 0558 05       		.uleb128 0x5
 972 0559 0C       		.byte	0xc
 973 055a 00100240 		.4byte	0x40021000
 974 055e 00       		.byte	0
 975 055f 17       		.uleb128 0x17
 976 0560 50000000 		.4byte	.LVL8
 977 0564 6D040000 		.4byte	0x46d
 978 0568 7D050000 		.4byte	0x57d
 979 056c 18       		.uleb128 0x18
 980 056d 01       		.uleb128 0x1
 981 056e 51       		.byte	0x51
 982 056f 03       		.uleb128 0x3
 983 0570 74       		.byte	0x74
 984 0571 8C01     		.sleb128 140
 985 0573 18       		.uleb128 0x18
 986 0574 01       		.uleb128 0x1
 987 0575 50       		.byte	0x50
 988 0576 05       		.uleb128 0x5
 989 0577 0C       		.byte	0xc
 990 0578 00140240 		.4byte	0x40021400
 991 057c 00       		.byte	0
 992 057d 17       		.uleb128 0x17
 993 057e 5A000000 		.4byte	.LVL9
 994 0582 6D040000 		.4byte	0x46d
 995 0586 9B050000 		.4byte	0x59b
 996 058a 18       		.uleb128 0x18
 997 058b 01       		.uleb128 0x1
 998 058c 51       		.byte	0x51
 999 058d 03       		.uleb128 0x3
 1000 058e 74       		.byte	0x74
 1001 058f A801     		.sleb128 168
 1002 0591 18       		.uleb128 0x18
 1003 0592 01       		.uleb128 0x1
 1004 0593 50       		.byte	0x50
 1005 0594 05       		.uleb128 0x5
 1006 0595 0C       		.byte	0xc
 1007 0596 00180240 		.4byte	0x40021800
 1008 059a 00       		.byte	0
 1009 059b 17       		.uleb128 0x17
 1010 059c 64000000 		.4byte	.LVL10
 1011 05a0 6D040000 		.4byte	0x46d
 1012 05a4 B9050000 		.4byte	0x5b9
 1013 05a8 18       		.uleb128 0x18
 1014 05a9 01       		.uleb128 0x1
 1015 05aa 51       		.byte	0x51
 1016 05ab 03       		.uleb128 0x3
 1017 05ac 74       		.byte	0x74
 1018 05ad C401     		.sleb128 196
 1019 05af 18       		.uleb128 0x18
 1020 05b0 01       		.uleb128 0x1
 1021 05b1 50       		.byte	0x50
 1022 05b2 05       		.uleb128 0x5
 1023 05b3 0C       		.byte	0xc
 1024 05b4 001C0240 		.4byte	0x40021c00
ARM GAS  /tmp/ccJSQkQn.s 			page 19


 1025 05b8 00       		.byte	0
 1026 05b9 19       		.uleb128 0x19
 1027 05ba 6E000000 		.4byte	.LVL11
 1028 05be 6D040000 		.4byte	0x46d
 1029 05c2 18       		.uleb128 0x18
 1030 05c3 01       		.uleb128 0x1
 1031 05c4 51       		.byte	0x51
 1032 05c5 03       		.uleb128 0x3
 1033 05c6 74       		.byte	0x74
 1034 05c7 E001     		.sleb128 224
 1035 05c9 18       		.uleb128 0x18
 1036 05ca 01       		.uleb128 0x1
 1037 05cb 50       		.byte	0x50
 1038 05cc 05       		.uleb128 0x5
 1039 05cd 0C       		.byte	0xc
 1040 05ce 00200240 		.4byte	0x40022000
 1041 05d2 00       		.byte	0
 1042 05d3 00       		.byte	0
 1043 05d4 11       		.uleb128 0x11
 1044 05d5 04       		.byte	0x4
 1045 05d6 DA050000 		.4byte	0x5da
 1046 05da 14       		.uleb128 0x14
 1047 05db 3B040000 		.4byte	0x43b
 1048 05df 15       		.uleb128 0x15
 1049 05e0 11000000 		.4byte	.LASF81
 1050 05e4 01       		.byte	0x1
 1051 05e5 B6       		.byte	0xb6
 1052 05e6 00000000 		.4byte	.LFB120
 1053 05ea 98000000 		.4byte	.LFE120-.LFB120
 1054 05ee 01       		.uleb128 0x1
 1055 05ef 9C       		.byte	0x9c
 1056 05f0 B3060000 		.4byte	0x6b3
 1057 05f4 13       		.uleb128 0x13
 1058 05f5 09030000 		.4byte	.LASF82
 1059 05f9 01       		.byte	0x1
 1060 05fa B6       		.byte	0xb6
 1061 05fb 5C040000 		.4byte	0x45c
 1062 05ff 01       		.uleb128 0x1
 1063 0600 50       		.byte	0x50
 1064 0601 16       		.uleb128 0x16
 1065 0602 6A030000 		.4byte	.LASF83
 1066 0606 01       		.byte	0x1
 1067 0607 B7       		.byte	0xb7
 1068 0608 46040000 		.4byte	0x446
 1069 060c 2C000000 		.4byte	.LLST1
 1070 0610 16       		.uleb128 0x16
 1071 0611 FA020000 		.4byte	.LASF84
 1072 0615 01       		.byte	0x1
 1073 0616 B8       		.byte	0xb8
 1074 0617 51040000 		.4byte	0x451
 1075 061b 59000000 		.4byte	.LLST2
 1076 061f 1A       		.uleb128 0x1a
 1077 0620 B8030000 		.4byte	.LASF58
 1078 0624 01       		.byte	0x1
 1079 0625 BA       		.byte	0xba
 1080 0626 A2000000 		.4byte	0xa2
 1081 062a 01       		.uleb128 0x1
ARM GAS  /tmp/ccJSQkQn.s 			page 20


 1082 062b 5C       		.byte	0x5c
 1083 062c 1A       		.uleb128 0x1a
 1084 062d 79020000 		.4byte	.LASF59
 1085 0631 01       		.byte	0x1
 1086 0632 BB       		.byte	0xbb
 1087 0633 A2000000 		.4byte	0xa2
 1088 0637 01       		.uleb128 0x1
 1089 0638 5E       		.byte	0x5e
 1090 0639 1A       		.uleb128 0x1a
 1091 063a E5010000 		.4byte	.LASF60
 1092 063e 01       		.byte	0x1
 1093 063f BC       		.byte	0xbc
 1094 0640 A2000000 		.4byte	0xa2
 1095 0644 01       		.uleb128 0x1
 1096 0645 57       		.byte	0x57
 1097 0646 1A       		.uleb128 0x1a
 1098 0647 6F030000 		.4byte	.LASF61
 1099 064b 01       		.byte	0x1
 1100 064c BD       		.byte	0xbd
 1101 064d A2000000 		.4byte	0xa2
 1102 0651 01       		.uleb128 0x1
 1103 0652 56       		.byte	0x56
 1104 0653 1A       		.uleb128 0x1a
 1105 0654 FB030000 		.4byte	.LASF85
 1106 0658 01       		.byte	0x1
 1107 0659 BE       		.byte	0xbe
 1108 065a A2000000 		.4byte	0xa2
 1109 065e 01       		.uleb128 0x1
 1110 065f 52       		.byte	0x52
 1111 0660 1B       		.uleb128 0x1b
 1112 0661 62697400 		.ascii	"bit\000"
 1113 0665 01       		.byte	0x1
 1114 0666 BF       		.byte	0xbf
 1115 0667 A2000000 		.4byte	0xa2
 1116 066b 7A000000 		.4byte	.LLST3
 1117 066f 1C       		.uleb128 0x1c
 1118 0670 20000000 		.4byte	.LBB2
 1119 0674 60000000 		.4byte	.LBE2-.LBB2
 1120 0678 1D       		.uleb128 0x1d
 1121 0679 0D040000 		.4byte	.LASF86
 1122 067d 01       		.byte	0x1
 1123 067e C2       		.byte	0xc2
 1124 067f A2000000 		.4byte	0xa2
 1125 0683 99000000 		.4byte	.LLST4
 1126 0687 1B       		.uleb128 0x1b
 1127 0688 6D3100   		.ascii	"m1\000"
 1128 068b 01       		.byte	0x1
 1129 068c C2       		.byte	0xc2
 1130 068d A2000000 		.4byte	0xa2
 1131 0691 AC000000 		.4byte	.LLST5
 1132 0695 1B       		.uleb128 0x1b
 1133 0696 6D3200   		.ascii	"m2\000"
 1134 0699 01       		.byte	0x1
 1135 069a C2       		.byte	0xc2
 1136 069b A2000000 		.4byte	0xa2
 1137 069f CE000000 		.4byte	.LLST6
 1138 06a3 1B       		.uleb128 0x1b
ARM GAS  /tmp/ccJSQkQn.s 			page 21


 1139 06a4 6D3400   		.ascii	"m4\000"
 1140 06a7 01       		.byte	0x1
 1141 06a8 C2       		.byte	0xc2
 1142 06a9 A2000000 		.4byte	0xa2
 1143 06ad 00010000 		.4byte	.LLST7
 1144 06b1 00       		.byte	0
 1145 06b2 00       		.byte	0
 1146 06b3 1E       		.uleb128 0x1e
 1147 06b4 00040000 		.4byte	.LASF91
 1148 06b8 06       		.byte	0x6
 1149 06b9 9806     		.2byte	0x698
 1150 06bb D7000000 		.4byte	0xd7
 1151 06bf 00       		.byte	0
 1152              		.section	.debug_abbrev,"",%progbits
 1153              	.Ldebug_abbrev0:
 1154 0000 01       		.uleb128 0x1
 1155 0001 11       		.uleb128 0x11
 1156 0002 01       		.byte	0x1
 1157 0003 25       		.uleb128 0x25
 1158 0004 0E       		.uleb128 0xe
 1159 0005 13       		.uleb128 0x13
 1160 0006 0B       		.uleb128 0xb
 1161 0007 03       		.uleb128 0x3
 1162 0008 0E       		.uleb128 0xe
 1163 0009 1B       		.uleb128 0x1b
 1164 000a 0E       		.uleb128 0xe
 1165 000b 55       		.uleb128 0x55
 1166 000c 17       		.uleb128 0x17
 1167 000d 11       		.uleb128 0x11
 1168 000e 01       		.uleb128 0x1
 1169 000f 10       		.uleb128 0x10
 1170 0010 17       		.uleb128 0x17
 1171 0011 00       		.byte	0
 1172 0012 00       		.byte	0
 1173 0013 02       		.uleb128 0x2
 1174 0014 24       		.uleb128 0x24
 1175 0015 00       		.byte	0
 1176 0016 0B       		.uleb128 0xb
 1177 0017 0B       		.uleb128 0xb
 1178 0018 3E       		.uleb128 0x3e
 1179 0019 0B       		.uleb128 0xb
 1180 001a 03       		.uleb128 0x3
 1181 001b 08       		.uleb128 0x8
 1182 001c 00       		.byte	0
 1183 001d 00       		.byte	0
 1184 001e 03       		.uleb128 0x3
 1185 001f 24       		.uleb128 0x24
 1186 0020 00       		.byte	0
 1187 0021 0B       		.uleb128 0xb
 1188 0022 0B       		.uleb128 0xb
 1189 0023 3E       		.uleb128 0x3e
 1190 0024 0B       		.uleb128 0xb
 1191 0025 03       		.uleb128 0x3
 1192 0026 0E       		.uleb128 0xe
 1193 0027 00       		.byte	0
 1194 0028 00       		.byte	0
 1195 0029 04       		.uleb128 0x4
ARM GAS  /tmp/ccJSQkQn.s 			page 22


 1196 002a 16       		.uleb128 0x16
 1197 002b 00       		.byte	0
 1198 002c 03       		.uleb128 0x3
 1199 002d 0E       		.uleb128 0xe
 1200 002e 3A       		.uleb128 0x3a
 1201 002f 0B       		.uleb128 0xb
 1202 0030 3B       		.uleb128 0x3b
 1203 0031 0B       		.uleb128 0xb
 1204 0032 49       		.uleb128 0x49
 1205 0033 13       		.uleb128 0x13
 1206 0034 00       		.byte	0
 1207 0035 00       		.byte	0
 1208 0036 05       		.uleb128 0x5
 1209 0037 35       		.uleb128 0x35
 1210 0038 00       		.byte	0
 1211 0039 49       		.uleb128 0x49
 1212 003a 13       		.uleb128 0x13
 1213 003b 00       		.byte	0
 1214 003c 00       		.byte	0
 1215 003d 06       		.uleb128 0x6
 1216 003e 01       		.uleb128 0x1
 1217 003f 01       		.byte	0x1
 1218 0040 49       		.uleb128 0x49
 1219 0041 13       		.uleb128 0x13
 1220 0042 01       		.uleb128 0x1
 1221 0043 13       		.uleb128 0x13
 1222 0044 00       		.byte	0
 1223 0045 00       		.byte	0
 1224 0046 07       		.uleb128 0x7
 1225 0047 21       		.uleb128 0x21
 1226 0048 00       		.byte	0
 1227 0049 49       		.uleb128 0x49
 1228 004a 13       		.uleb128 0x13
 1229 004b 2F       		.uleb128 0x2f
 1230 004c 0B       		.uleb128 0xb
 1231 004d 00       		.byte	0
 1232 004e 00       		.byte	0
 1233 004f 08       		.uleb128 0x8
 1234 0050 13       		.uleb128 0x13
 1235 0051 01       		.byte	0x1
 1236 0052 0B       		.uleb128 0xb
 1237 0053 0B       		.uleb128 0xb
 1238 0054 3A       		.uleb128 0x3a
 1239 0055 0B       		.uleb128 0xb
 1240 0056 3B       		.uleb128 0x3b
 1241 0057 05       		.uleb128 0x5
 1242 0058 01       		.uleb128 0x1
 1243 0059 13       		.uleb128 0x13
 1244 005a 00       		.byte	0
 1245 005b 00       		.byte	0
 1246 005c 09       		.uleb128 0x9
 1247 005d 0D       		.uleb128 0xd
 1248 005e 00       		.byte	0
 1249 005f 03       		.uleb128 0x3
 1250 0060 08       		.uleb128 0x8
 1251 0061 3A       		.uleb128 0x3a
 1252 0062 0B       		.uleb128 0xb
ARM GAS  /tmp/ccJSQkQn.s 			page 23


 1253 0063 3B       		.uleb128 0x3b
 1254 0064 05       		.uleb128 0x5
 1255 0065 49       		.uleb128 0x49
 1256 0066 13       		.uleb128 0x13
 1257 0067 38       		.uleb128 0x38
 1258 0068 0B       		.uleb128 0xb
 1259 0069 00       		.byte	0
 1260 006a 00       		.byte	0
 1261 006b 0A       		.uleb128 0xa
 1262 006c 0D       		.uleb128 0xd
 1263 006d 00       		.byte	0
 1264 006e 03       		.uleb128 0x3
 1265 006f 0E       		.uleb128 0xe
 1266 0070 3A       		.uleb128 0x3a
 1267 0071 0B       		.uleb128 0xb
 1268 0072 3B       		.uleb128 0x3b
 1269 0073 05       		.uleb128 0x5
 1270 0074 49       		.uleb128 0x49
 1271 0075 13       		.uleb128 0x13
 1272 0076 38       		.uleb128 0x38
 1273 0077 0B       		.uleb128 0xb
 1274 0078 00       		.byte	0
 1275 0079 00       		.byte	0
 1276 007a 0B       		.uleb128 0xb
 1277 007b 16       		.uleb128 0x16
 1278 007c 00       		.byte	0
 1279 007d 03       		.uleb128 0x3
 1280 007e 0E       		.uleb128 0xe
 1281 007f 3A       		.uleb128 0x3a
 1282 0080 0B       		.uleb128 0xb
 1283 0081 3B       		.uleb128 0x3b
 1284 0082 05       		.uleb128 0x5
 1285 0083 49       		.uleb128 0x49
 1286 0084 13       		.uleb128 0x13
 1287 0085 00       		.byte	0
 1288 0086 00       		.byte	0
 1289 0087 0C       		.uleb128 0xc
 1290 0088 13       		.uleb128 0x13
 1291 0089 01       		.byte	0x1
 1292 008a 0B       		.uleb128 0xb
 1293 008b 0B       		.uleb128 0xb
 1294 008c 3A       		.uleb128 0x3a
 1295 008d 0B       		.uleb128 0xb
 1296 008e 3B       		.uleb128 0x3b
 1297 008f 0B       		.uleb128 0xb
 1298 0090 01       		.uleb128 0x1
 1299 0091 13       		.uleb128 0x13
 1300 0092 00       		.byte	0
 1301 0093 00       		.byte	0
 1302 0094 0D       		.uleb128 0xd
 1303 0095 0D       		.uleb128 0xd
 1304 0096 00       		.byte	0
 1305 0097 03       		.uleb128 0x3
 1306 0098 08       		.uleb128 0x8
 1307 0099 3A       		.uleb128 0x3a
 1308 009a 0B       		.uleb128 0xb
 1309 009b 3B       		.uleb128 0x3b
ARM GAS  /tmp/ccJSQkQn.s 			page 24


 1310 009c 0B       		.uleb128 0xb
 1311 009d 49       		.uleb128 0x49
 1312 009e 13       		.uleb128 0x13
 1313 009f 38       		.uleb128 0x38
 1314 00a0 0B       		.uleb128 0xb
 1315 00a1 00       		.byte	0
 1316 00a2 00       		.byte	0
 1317 00a3 0E       		.uleb128 0xe
 1318 00a4 0D       		.uleb128 0xd
 1319 00a5 00       		.byte	0
 1320 00a6 03       		.uleb128 0x3
 1321 00a7 0E       		.uleb128 0xe
 1322 00a8 3A       		.uleb128 0x3a
 1323 00a9 0B       		.uleb128 0xb
 1324 00aa 3B       		.uleb128 0x3b
 1325 00ab 0B       		.uleb128 0xb
 1326 00ac 49       		.uleb128 0x49
 1327 00ad 13       		.uleb128 0x13
 1328 00ae 38       		.uleb128 0x38
 1329 00af 0B       		.uleb128 0xb
 1330 00b0 00       		.byte	0
 1331 00b1 00       		.byte	0
 1332 00b2 0F       		.uleb128 0xf
 1333 00b3 17       		.uleb128 0x17
 1334 00b4 01       		.byte	0x1
 1335 00b5 0B       		.uleb128 0xb
 1336 00b6 0B       		.uleb128 0xb
 1337 00b7 3A       		.uleb128 0x3a
 1338 00b8 0B       		.uleb128 0xb
 1339 00b9 3B       		.uleb128 0x3b
 1340 00ba 0B       		.uleb128 0xb
 1341 00bb 01       		.uleb128 0x1
 1342 00bc 13       		.uleb128 0x13
 1343 00bd 00       		.byte	0
 1344 00be 00       		.byte	0
 1345 00bf 10       		.uleb128 0x10
 1346 00c0 0D       		.uleb128 0xd
 1347 00c1 00       		.byte	0
 1348 00c2 03       		.uleb128 0x3
 1349 00c3 08       		.uleb128 0x8
 1350 00c4 3A       		.uleb128 0x3a
 1351 00c5 0B       		.uleb128 0xb
 1352 00c6 3B       		.uleb128 0x3b
 1353 00c7 0B       		.uleb128 0xb
 1354 00c8 49       		.uleb128 0x49
 1355 00c9 13       		.uleb128 0x13
 1356 00ca 00       		.byte	0
 1357 00cb 00       		.byte	0
 1358 00cc 11       		.uleb128 0x11
 1359 00cd 0F       		.uleb128 0xf
 1360 00ce 00       		.byte	0
 1361 00cf 0B       		.uleb128 0xb
 1362 00d0 0B       		.uleb128 0xb
 1363 00d1 49       		.uleb128 0x49
 1364 00d2 13       		.uleb128 0x13
 1365 00d3 00       		.byte	0
 1366 00d4 00       		.byte	0
ARM GAS  /tmp/ccJSQkQn.s 			page 25


 1367 00d5 12       		.uleb128 0x12
 1368 00d6 2E       		.uleb128 0x2e
 1369 00d7 01       		.byte	0x1
 1370 00d8 03       		.uleb128 0x3
 1371 00d9 0E       		.uleb128 0xe
 1372 00da 3A       		.uleb128 0x3a
 1373 00db 0B       		.uleb128 0xb
 1374 00dc 3B       		.uleb128 0x3b
 1375 00dd 0B       		.uleb128 0xb
 1376 00de 27       		.uleb128 0x27
 1377 00df 19       		.uleb128 0x19
 1378 00e0 11       		.uleb128 0x11
 1379 00e1 01       		.uleb128 0x1
 1380 00e2 12       		.uleb128 0x12
 1381 00e3 06       		.uleb128 0x6
 1382 00e4 40       		.uleb128 0x40
 1383 00e5 18       		.uleb128 0x18
 1384 00e6 9742     		.uleb128 0x2117
 1385 00e8 19       		.uleb128 0x19
 1386 00e9 01       		.uleb128 0x1
 1387 00ea 13       		.uleb128 0x13
 1388 00eb 00       		.byte	0
 1389 00ec 00       		.byte	0
 1390 00ed 13       		.uleb128 0x13
 1391 00ee 05       		.uleb128 0x5
 1392 00ef 00       		.byte	0
 1393 00f0 03       		.uleb128 0x3
 1394 00f1 0E       		.uleb128 0xe
 1395 00f2 3A       		.uleb128 0x3a
 1396 00f3 0B       		.uleb128 0xb
 1397 00f4 3B       		.uleb128 0x3b
 1398 00f5 0B       		.uleb128 0xb
 1399 00f6 49       		.uleb128 0x49
 1400 00f7 13       		.uleb128 0x13
 1401 00f8 02       		.uleb128 0x2
 1402 00f9 18       		.uleb128 0x18
 1403 00fa 00       		.byte	0
 1404 00fb 00       		.byte	0
 1405 00fc 14       		.uleb128 0x14
 1406 00fd 26       		.uleb128 0x26
 1407 00fe 00       		.byte	0
 1408 00ff 49       		.uleb128 0x49
 1409 0100 13       		.uleb128 0x13
 1410 0101 00       		.byte	0
 1411 0102 00       		.byte	0
 1412 0103 15       		.uleb128 0x15
 1413 0104 2E       		.uleb128 0x2e
 1414 0105 01       		.byte	0x1
 1415 0106 3F       		.uleb128 0x3f
 1416 0107 19       		.uleb128 0x19
 1417 0108 03       		.uleb128 0x3
 1418 0109 0E       		.uleb128 0xe
 1419 010a 3A       		.uleb128 0x3a
 1420 010b 0B       		.uleb128 0xb
 1421 010c 3B       		.uleb128 0x3b
 1422 010d 0B       		.uleb128 0xb
 1423 010e 27       		.uleb128 0x27
ARM GAS  /tmp/ccJSQkQn.s 			page 26


 1424 010f 19       		.uleb128 0x19
 1425 0110 11       		.uleb128 0x11
 1426 0111 01       		.uleb128 0x1
 1427 0112 12       		.uleb128 0x12
 1428 0113 06       		.uleb128 0x6
 1429 0114 40       		.uleb128 0x40
 1430 0115 18       		.uleb128 0x18
 1431 0116 9742     		.uleb128 0x2117
 1432 0118 19       		.uleb128 0x19
 1433 0119 01       		.uleb128 0x1
 1434 011a 13       		.uleb128 0x13
 1435 011b 00       		.byte	0
 1436 011c 00       		.byte	0
 1437 011d 16       		.uleb128 0x16
 1438 011e 05       		.uleb128 0x5
 1439 011f 00       		.byte	0
 1440 0120 03       		.uleb128 0x3
 1441 0121 0E       		.uleb128 0xe
 1442 0122 3A       		.uleb128 0x3a
 1443 0123 0B       		.uleb128 0xb
 1444 0124 3B       		.uleb128 0x3b
 1445 0125 0B       		.uleb128 0xb
 1446 0126 49       		.uleb128 0x49
 1447 0127 13       		.uleb128 0x13
 1448 0128 02       		.uleb128 0x2
 1449 0129 17       		.uleb128 0x17
 1450 012a 00       		.byte	0
 1451 012b 00       		.byte	0
 1452 012c 17       		.uleb128 0x17
 1453 012d 898201   		.uleb128 0x4109
 1454 0130 01       		.byte	0x1
 1455 0131 11       		.uleb128 0x11
 1456 0132 01       		.uleb128 0x1
 1457 0133 31       		.uleb128 0x31
 1458 0134 13       		.uleb128 0x13
 1459 0135 01       		.uleb128 0x1
 1460 0136 13       		.uleb128 0x13
 1461 0137 00       		.byte	0
 1462 0138 00       		.byte	0
 1463 0139 18       		.uleb128 0x18
 1464 013a 8A8201   		.uleb128 0x410a
 1465 013d 00       		.byte	0
 1466 013e 02       		.uleb128 0x2
 1467 013f 18       		.uleb128 0x18
 1468 0140 9142     		.uleb128 0x2111
 1469 0142 18       		.uleb128 0x18
 1470 0143 00       		.byte	0
 1471 0144 00       		.byte	0
 1472 0145 19       		.uleb128 0x19
 1473 0146 898201   		.uleb128 0x4109
 1474 0149 01       		.byte	0x1
 1475 014a 11       		.uleb128 0x11
 1476 014b 01       		.uleb128 0x1
 1477 014c 31       		.uleb128 0x31
 1478 014d 13       		.uleb128 0x13
 1479 014e 00       		.byte	0
 1480 014f 00       		.byte	0
ARM GAS  /tmp/ccJSQkQn.s 			page 27


 1481 0150 1A       		.uleb128 0x1a
 1482 0151 34       		.uleb128 0x34
 1483 0152 00       		.byte	0
 1484 0153 03       		.uleb128 0x3
 1485 0154 0E       		.uleb128 0xe
 1486 0155 3A       		.uleb128 0x3a
 1487 0156 0B       		.uleb128 0xb
 1488 0157 3B       		.uleb128 0x3b
 1489 0158 0B       		.uleb128 0xb
 1490 0159 49       		.uleb128 0x49
 1491 015a 13       		.uleb128 0x13
 1492 015b 02       		.uleb128 0x2
 1493 015c 18       		.uleb128 0x18
 1494 015d 00       		.byte	0
 1495 015e 00       		.byte	0
 1496 015f 1B       		.uleb128 0x1b
 1497 0160 34       		.uleb128 0x34
 1498 0161 00       		.byte	0
 1499 0162 03       		.uleb128 0x3
 1500 0163 08       		.uleb128 0x8
 1501 0164 3A       		.uleb128 0x3a
 1502 0165 0B       		.uleb128 0xb
 1503 0166 3B       		.uleb128 0x3b
 1504 0167 0B       		.uleb128 0xb
 1505 0168 49       		.uleb128 0x49
 1506 0169 13       		.uleb128 0x13
 1507 016a 02       		.uleb128 0x2
 1508 016b 17       		.uleb128 0x17
 1509 016c 00       		.byte	0
 1510 016d 00       		.byte	0
 1511 016e 1C       		.uleb128 0x1c
 1512 016f 0B       		.uleb128 0xb
 1513 0170 01       		.byte	0x1
 1514 0171 11       		.uleb128 0x11
 1515 0172 01       		.uleb128 0x1
 1516 0173 12       		.uleb128 0x12
 1517 0174 06       		.uleb128 0x6
 1518 0175 00       		.byte	0
 1519 0176 00       		.byte	0
 1520 0177 1D       		.uleb128 0x1d
 1521 0178 34       		.uleb128 0x34
 1522 0179 00       		.byte	0
 1523 017a 03       		.uleb128 0x3
 1524 017b 0E       		.uleb128 0xe
 1525 017c 3A       		.uleb128 0x3a
 1526 017d 0B       		.uleb128 0xb
 1527 017e 3B       		.uleb128 0x3b
 1528 017f 0B       		.uleb128 0xb
 1529 0180 49       		.uleb128 0x49
 1530 0181 13       		.uleb128 0x13
 1531 0182 02       		.uleb128 0x2
 1532 0183 17       		.uleb128 0x17
 1533 0184 00       		.byte	0
 1534 0185 00       		.byte	0
 1535 0186 1E       		.uleb128 0x1e
 1536 0187 34       		.uleb128 0x34
 1537 0188 00       		.byte	0
ARM GAS  /tmp/ccJSQkQn.s 			page 28


 1538 0189 03       		.uleb128 0x3
 1539 018a 0E       		.uleb128 0xe
 1540 018b 3A       		.uleb128 0x3a
 1541 018c 0B       		.uleb128 0xb
 1542 018d 3B       		.uleb128 0x3b
 1543 018e 05       		.uleb128 0x5
 1544 018f 49       		.uleb128 0x49
 1545 0190 13       		.uleb128 0x13
 1546 0191 3F       		.uleb128 0x3f
 1547 0192 19       		.uleb128 0x19
 1548 0193 3C       		.uleb128 0x3c
 1549 0194 19       		.uleb128 0x19
 1550 0195 00       		.byte	0
 1551 0196 00       		.byte	0
 1552 0197 00       		.byte	0
 1553              		.section	.debug_loc,"",%progbits
 1554              	.Ldebug_loc0:
 1555              	.LLST0:
 1556 0000 00000000 		.4byte	.LVL1
 1557 0004 18000000 		.4byte	.LVL2
 1558 0008 0100     		.2byte	0x1
 1559 000a 50       		.byte	0x50
 1560 000b 18000000 		.4byte	.LVL2
 1561 000f 70000000 		.4byte	.LVL12
 1562 0013 0100     		.2byte	0x1
 1563 0015 54       		.byte	0x54
 1564 0016 70000000 		.4byte	.LVL12
 1565 001a 98000000 		.4byte	.LFE119
 1566 001e 0400     		.2byte	0x4
 1567 0020 F3       		.byte	0xf3
 1568 0021 01       		.uleb128 0x1
 1569 0022 50       		.byte	0x50
 1570 0023 9F       		.byte	0x9f
 1571 0024 00000000 		.4byte	0
 1572 0028 00000000 		.4byte	0
 1573              	.LLST1:
 1574 002c 00000000 		.4byte	.LVL13
 1575 0030 80000000 		.4byte	.LVL30
 1576 0034 0100     		.2byte	0x1
 1577 0036 51       		.byte	0x51
 1578 0037 80000000 		.4byte	.LVL30
 1579 003b 82000000 		.4byte	.LVL31
 1580 003f 0500     		.2byte	0x5
 1581 0041 71       		.byte	0x71
 1582 0042 00       		.sleb128 0
 1583 0043 31       		.byte	0x31
 1584 0044 25       		.byte	0x25
 1585 0045 9F       		.byte	0x9f
 1586 0046 82000000 		.4byte	.LVL31
 1587 004a 98000000 		.4byte	.LFE120
 1588 004e 0100     		.2byte	0x1
 1589 0050 51       		.byte	0x51
 1590 0051 00000000 		.4byte	0
 1591 0055 00000000 		.4byte	0
 1592              	.LLST2:
 1593 0059 00000000 		.4byte	.LVL13
 1594 005d 18000000 		.4byte	.LVL18
ARM GAS  /tmp/ccJSQkQn.s 			page 29


 1595 0061 0100     		.2byte	0x1
 1596 0063 52       		.byte	0x52
 1597 0064 18000000 		.4byte	.LVL18
 1598 0068 98000000 		.4byte	.LFE120
 1599 006c 0400     		.2byte	0x4
 1600 006e F3       		.byte	0xf3
 1601 006f 01       		.uleb128 0x1
 1602 0070 52       		.byte	0x52
 1603 0071 9F       		.byte	0x9f
 1604 0072 00000000 		.4byte	0
 1605 0076 00000000 		.4byte	0
 1606              	.LLST3:
 1607 007a 18000000 		.4byte	.LVL18
 1608 007e 1A000000 		.4byte	.LVL19
 1609 0082 0200     		.2byte	0x2
 1610 0084 30       		.byte	0x30
 1611 0085 9F       		.byte	0x9f
 1612 0086 1A000000 		.4byte	.LVL19
 1613 008a 98000000 		.4byte	.LFE120
 1614 008e 0100     		.2byte	0x1
 1615 0090 54       		.byte	0x54
 1616 0091 00000000 		.4byte	0
 1617 0095 00000000 		.4byte	0
 1618              	.LLST4:
 1619 0099 2A000000 		.4byte	.LVL20
 1620 009d 80000000 		.4byte	.LVL30
 1621 00a1 0100     		.2byte	0x1
 1622 00a3 58       		.byte	0x58
 1623 00a4 00000000 		.4byte	0
 1624 00a8 00000000 		.4byte	0
 1625              	.LLST5:
 1626 00ac 52000000 		.4byte	.LVL25
 1627 00b0 58000000 		.4byte	.LVL26
 1628 00b4 0100     		.2byte	0x1
 1629 00b6 53       		.byte	0x53
 1630 00b7 58000000 		.4byte	.LVL26
 1631 00bb 80000000 		.4byte	.LVL30
 1632 00bf 0500     		.2byte	0x5
 1633 00c1 31       		.byte	0x31
 1634 00c2 74       		.byte	0x74
 1635 00c3 00       		.sleb128 0
 1636 00c4 24       		.byte	0x24
 1637 00c5 9F       		.byte	0x9f
 1638 00c6 00000000 		.4byte	0
 1639 00ca 00000000 		.4byte	0
 1640              	.LLST6:
 1641 00ce 64000000 		.4byte	.LVL27
 1642 00d2 68000000 		.4byte	.LVL28
 1643 00d6 0100     		.2byte	0x1
 1644 00d8 53       		.byte	0x53
 1645 00d9 68000000 		.4byte	.LVL28
 1646 00dd 7A000000 		.4byte	.LVL29
 1647 00e1 0400     		.2byte	0x4
 1648 00e3 73       		.byte	0x73
 1649 00e4 00       		.sleb128 0
 1650 00e5 20       		.byte	0x20
 1651 00e6 9F       		.byte	0x9f
ARM GAS  /tmp/ccJSQkQn.s 			page 30


 1652 00e7 7A000000 		.4byte	.LVL29
 1653 00eb 80000000 		.4byte	.LVL30
 1654 00ef 0700     		.2byte	0x7
 1655 00f1 33       		.byte	0x33
 1656 00f2 74       		.byte	0x74
 1657 00f3 00       		.sleb128 0
 1658 00f4 31       		.byte	0x31
 1659 00f5 24       		.byte	0x24
 1660 00f6 24       		.byte	0x24
 1661 00f7 9F       		.byte	0x9f
 1662 00f8 00000000 		.4byte	0
 1663 00fc 00000000 		.4byte	0
 1664              	.LLST7:
 1665 0100 30000000 		.4byte	.LVL21
 1666 0104 3A000000 		.4byte	.LVL22
 1667 0108 0100     		.2byte	0x1
 1668 010a 53       		.byte	0x53
 1669 010b 3A000000 		.4byte	.LVL22
 1670 010f 42000000 		.4byte	.LVL23
 1671 0113 0900     		.2byte	0x9
 1672 0115 3F       		.byte	0x3f
 1673 0116 74       		.byte	0x74
 1674 0117 00       		.sleb128 0
 1675 0118 37       		.byte	0x37
 1676 0119 1A       		.byte	0x1a
 1677 011a 32       		.byte	0x32
 1678 011b 24       		.byte	0x24
 1679 011c 24       		.byte	0x24
 1680 011d 9F       		.byte	0x9f
 1681 011e 42000000 		.4byte	.LVL23
 1682 0122 48000000 		.4byte	.LVL24
 1683 0126 0100     		.2byte	0x1
 1684 0128 53       		.byte	0x53
 1685 0129 48000000 		.4byte	.LVL24
 1686 012d 80000000 		.4byte	.LVL30
 1687 0131 0900     		.2byte	0x9
 1688 0133 3F       		.byte	0x3f
 1689 0134 74       		.byte	0x74
 1690 0135 00       		.sleb128 0
 1691 0136 37       		.byte	0x37
 1692 0137 1A       		.byte	0x1a
 1693 0138 32       		.byte	0x32
 1694 0139 24       		.byte	0x24
 1695 013a 24       		.byte	0x24
 1696 013b 9F       		.byte	0x9f
 1697 013c 00000000 		.4byte	0
 1698 0140 00000000 		.4byte	0
 1699              		.section	.debug_aranges,"",%progbits
 1700 0000 2C000000 		.4byte	0x2c
 1701 0004 0200     		.2byte	0x2
 1702 0006 00000000 		.4byte	.Ldebug_info0
 1703 000a 04       		.byte	0x4
 1704 000b 00       		.byte	0
 1705 000c 0000     		.2byte	0
 1706 000e 0000     		.2byte	0
 1707 0010 00000000 		.4byte	.LFB118
 1708 0014 1E000000 		.4byte	.LFE118-.LFB118
ARM GAS  /tmp/ccJSQkQn.s 			page 31


 1709 0018 00000000 		.4byte	.LFB119
 1710 001c 98000000 		.4byte	.LFE119-.LFB119
 1711 0020 00000000 		.4byte	.LFB120
 1712 0024 98000000 		.4byte	.LFE120-.LFB120
 1713 0028 00000000 		.4byte	0
 1714 002c 00000000 		.4byte	0
 1715              		.section	.debug_ranges,"",%progbits
 1716              	.Ldebug_ranges0:
 1717 0000 00000000 		.4byte	.LFB118
 1718 0004 1E000000 		.4byte	.LFE118
 1719 0008 00000000 		.4byte	.LFB119
 1720 000c 98000000 		.4byte	.LFE119
 1721 0010 00000000 		.4byte	.LFB120
 1722 0014 98000000 		.4byte	.LFE120
 1723 0018 00000000 		.4byte	0
 1724 001c 00000000 		.4byte	0
 1725              		.section	.debug_line,"",%progbits
 1726              	.Ldebug_line0:
 1727 0000 9C010000 		.section	.debug_str,"MS",%progbits,1
 1727      02003901 
 1727      00000201 
 1727      FB0E0D00 
 1727      01010101 
 1728              	.LASF34:
 1729 0000 41484231 		.ascii	"AHB1LPENR\000"
 1729      4C50454E 
 1729      5200
 1730              	.LASF67:
 1731 000a 50434461 		.ascii	"PCData\000"
 1731      746100
 1732              	.LASF81:
 1733 0011 5F70616C 		.ascii	"_pal_lld_setgroupmode\000"
 1733      5F6C6C64 
 1733      5F736574 
 1733      67726F75 
 1733      706D6F64 
 1734              	.LASF24:
 1735 0027 41504231 		.ascii	"APB1RSTR\000"
 1735      52535452 
 1735      00
 1736              	.LASF28:
 1737 0030 41484232 		.ascii	"AHB2ENR\000"
 1737      454E5200 
 1738              	.LASF64:
 1739 0038 73746D33 		.ascii	"stm32_gpio_setup_t\000"
 1739      325F6770 
 1739      696F5F73 
 1739      65747570 
 1739      5F7400
 1740              	.LASF70:
 1741 004b 50464461 		.ascii	"PFData\000"
 1741      746100
 1742              	.LASF80:
 1743 0052 5F70616C 		.ascii	"_pal_lld_init\000"
 1743      5F6C6C64 
 1743      5F696E69 
 1743      7400
ARM GAS  /tmp/ccJSQkQn.s 			page 32


 1744              	.LASF3:
 1745 0060 73686F72 		.ascii	"short int\000"
 1745      7420696E 
 1745      7400
 1746              	.LASF90:
 1747 006a 696E6974 		.ascii	"initgpio\000"
 1747      6770696F 
 1747      00
 1748              	.LASF16:
 1749 0073 73697A65 		.ascii	"sizetype\000"
 1749      74797065 
 1749      00
 1750              	.LASF41:
 1751 007c 42444352 		.ascii	"BDCR\000"
 1751      00
 1752              	.LASF73:
 1753 0081 50494461 		.ascii	"PIData\000"
 1753      746100
 1754              	.LASF44:
 1755 0088 504C4C49 		.ascii	"PLLI2SCFGR\000"
 1755      32534346 
 1755      475200
 1756              	.LASF78:
 1757 0093 6770696F 		.ascii	"gpiop\000"
 1757      7000
 1758              	.LASF8:
 1759 0099 5F5F7569 		.ascii	"__uint32_t\000"
 1759      6E743332 
 1759      5F7400
 1760              	.LASF5:
 1761 00a4 5F5F7569 		.ascii	"__uint16_t\000"
 1761      6E743136 
 1761      5F7400
 1762              	.LASF43:
 1763 00af 53534347 		.ascii	"SSCGR\000"
 1763      5200
 1764              	.LASF66:
 1765 00b5 50424461 		.ascii	"PBData\000"
 1765      746100
 1766              	.LASF20:
 1767 00bc 41484231 		.ascii	"AHB1RSTR\000"
 1767      52535452 
 1767      00
 1768              	.LASF79:
 1769 00c5 636F6E66 		.ascii	"config\000"
 1769      696700
 1770              	.LASF76:
 1771 00cc 696F6D6F 		.ascii	"iomode_t\000"
 1771      64655F74 
 1771      00
 1772              	.LASF36:
 1773 00d5 41484233 		.ascii	"AHB3LPENR\000"
 1773      4C50454E 
 1773      5200
 1774              	.LASF31:
 1775 00df 41504231 		.ascii	"APB1ENR\000"
 1775      454E5200 
ARM GAS  /tmp/ccJSQkQn.s 			page 33


 1776              	.LASF87:
 1777 00e7 474E5520 		.ascii	"GNU C 4.9.2 20150128 (prerelease) -mcpu=cortex-m4 -"
 1777      4320342E 
 1777      392E3220 
 1777      32303135 
 1777      30313238 
 1778 011a 6D6E6F2D 		.ascii	"mno-thumb-interwork -mthumb -ggdb -Og -std=gnu99 -f"
 1778      7468756D 
 1778      622D696E 
 1778      74657277 
 1778      6F726B20 
 1779 014d 6F6D6974 		.ascii	"omit-frame-pointer -falign-functions=16 -ffunction-"
 1779      2D667261 
 1779      6D652D70 
 1779      6F696E74 
 1779      6572202D 
 1780 0180 73656374 		.ascii	"sections -fdata-sections -fno-common\000"
 1780      696F6E73 
 1780      202D6664 
 1780      6174612D 
 1780      73656374 
 1781              	.LASF75:
 1782 01a5 696F706F 		.ascii	"ioportmask_t\000"
 1782      72746D61 
 1782      736B5F74 
 1782      00
 1783              	.LASF50:
 1784 01b2 4F545950 		.ascii	"OTYPER\000"
 1784      455200
 1785              	.LASF46:
 1786 01b9 44434B43 		.ascii	"DCKCFGR\000"
 1786      46475200 
 1787              	.LASF29:
 1788 01c1 41484233 		.ascii	"AHB3ENR\000"
 1788      454E5200 
 1789              	.LASF51:
 1790 01c9 4F535045 		.ascii	"OSPEEDR\000"
 1790      45445200 
 1791              	.LASF10:
 1792 01d1 6C6F6E67 		.ascii	"long long int\000"
 1792      206C6F6E 
 1792      6720696E 
 1792      7400
 1793              	.LASF52:
 1794 01df 50555044 		.ascii	"PUPDR\000"
 1794      5200
 1795              	.LASF60:
 1796 01e5 6F737065 		.ascii	"ospeedr\000"
 1796      65647200 
 1797              	.LASF7:
 1798 01ed 6C6F6E67 		.ascii	"long int\000"
 1798      20696E74 
 1798      00
 1799              	.LASF68:
 1800 01f6 50444461 		.ascii	"PDData\000"
 1800      746100
 1801              	.LASF47:
ARM GAS  /tmp/ccJSQkQn.s 			page 34


 1802 01fd 5243435F 		.ascii	"RCC_TypeDef\000"
 1802      54797065 
 1802      44656600 
 1803              	.LASF49:
 1804 0209 4D4F4445 		.ascii	"MODER\000"
 1804      5200
 1805              	.LASF25:
 1806 020f 41504232 		.ascii	"APB2RSTR\000"
 1806      52535452 
 1806      00
 1807              	.LASF48:
 1808 0218 636C6561 		.ascii	"clear\000"
 1808      7200
 1809              	.LASF71:
 1810 021e 50474461 		.ascii	"PGData\000"
 1810      746100
 1811              	.LASF65:
 1812 0225 50414461 		.ascii	"PAData\000"
 1812      746100
 1813              	.LASF77:
 1814 022c 696F706F 		.ascii	"ioportid_t\000"
 1814      72746964 
 1814      5F7400
 1815              	.LASF2:
 1816 0237 756E7369 		.ascii	"unsigned char\000"
 1816      676E6564 
 1816      20636861 
 1816      7200
 1817              	.LASF32:
 1818 0245 41504232 		.ascii	"APB2ENR\000"
 1818      454E5200 
 1819              	.LASF1:
 1820 024d 7369676E 		.ascii	"signed char\000"
 1820      65642063 
 1820      68617200 
 1821              	.LASF11:
 1822 0259 6C6F6E67 		.ascii	"long long unsigned int\000"
 1822      206C6F6E 
 1822      6720756E 
 1822      7369676E 
 1822      65642069 
 1823              	.LASF14:
 1824 0270 75696E74 		.ascii	"uint32_t\000"
 1824      33325F74 
 1824      00
 1825              	.LASF59:
 1826 0279 6F747970 		.ascii	"otyper\000"
 1826      657200
 1827              	.LASF21:
 1828 0280 41484232 		.ascii	"AHB2RSTR\000"
 1828      52535452 
 1828      00
 1829              	.LASF12:
 1830 0289 75696E74 		.ascii	"uint16_t\000"
 1830      31365F74 
 1830      00
 1831              	.LASF9:
ARM GAS  /tmp/ccJSQkQn.s 			page 35


 1832 0292 6C6F6E67 		.ascii	"long unsigned int\000"
 1832      20756E73 
 1832      69676E65 
 1832      6420696E 
 1832      7400
 1833              	.LASF56:
 1834 02a4 41465248 		.ascii	"AFRH\000"
 1834      00
 1835              	.LASF18:
 1836 02a9 504C4C43 		.ascii	"PLLCFGR\000"
 1836      46475200 
 1837              	.LASF55:
 1838 02b1 4146524C 		.ascii	"AFRL\000"
 1838      00
 1839              	.LASF4:
 1840 02b6 73686F72 		.ascii	"short unsigned int\000"
 1840      7420756E 
 1840      7369676E 
 1840      65642069 
 1840      6E7400
 1841              	.LASF38:
 1842 02c9 41504231 		.ascii	"APB1LPENR\000"
 1842      4C50454E 
 1842      5200
 1843              	.LASF17:
 1844 02d3 63686172 		.ascii	"char\000"
 1844      00
 1845              	.LASF13:
 1846 02d8 696E7433 		.ascii	"int32_t\000"
 1846      325F7400 
 1847              	.LASF6:
 1848 02e0 5F5F696E 		.ascii	"__int32_t\000"
 1848      7433325F 
 1848      7400
 1849              	.LASF74:
 1850 02ea 50414C43 		.ascii	"PALConfig\000"
 1850      6F6E6669 
 1850      6700
 1851              	.LASF15:
 1852 02f4 5F426F6F 		.ascii	"_Bool\000"
 1852      6C00
 1853              	.LASF84:
 1854 02fa 6D6F6465 		.ascii	"mode\000"
 1854      00
 1855              	.LASF35:
 1856 02ff 41484232 		.ascii	"AHB2LPENR\000"
 1856      4C50454E 
 1856      5200
 1857              	.LASF82:
 1858 0309 706F7274 		.ascii	"port\000"
 1858      00
 1859              	.LASF69:
 1860 030e 50454461 		.ascii	"PEData\000"
 1860      746100
 1861              	.LASF23:
 1862 0315 52455345 		.ascii	"RESERVED0\000"
 1862      52564544 
ARM GAS  /tmp/ccJSQkQn.s 			page 36


 1862      3000
 1863              	.LASF26:
 1864 031f 52455345 		.ascii	"RESERVED1\000"
 1864      52564544 
 1864      3100
 1865              	.LASF30:
 1866 0329 52455345 		.ascii	"RESERVED2\000"
 1866      52564544 
 1866      3200
 1867              	.LASF33:
 1868 0333 52455345 		.ascii	"RESERVED3\000"
 1868      52564544 
 1868      3300
 1869              	.LASF37:
 1870 033d 52455345 		.ascii	"RESERVED4\000"
 1870      52564544 
 1870      3400
 1871              	.LASF40:
 1872 0347 52455345 		.ascii	"RESERVED5\000"
 1872      52564544 
 1872      3500
 1873              	.LASF42:
 1874 0351 52455345 		.ascii	"RESERVED6\000"
 1874      52564544 
 1874      3600
 1875              	.LASF72:
 1876 035b 50484461 		.ascii	"PHData\000"
 1876      746100
 1877              	.LASF27:
 1878 0362 41484231 		.ascii	"AHB1ENR\000"
 1878      454E5200 
 1879              	.LASF83:
 1880 036a 6D61736B 		.ascii	"mask\000"
 1880      00
 1881              	.LASF61:
 1882 036f 70757064 		.ascii	"pupdr\000"
 1882      7200
 1883              	.LASF63:
 1884 0375 61667268 		.ascii	"afrh\000"
 1884      00
 1885              	.LASF88:
 1886 037a 2E2E2F2E 		.ascii	"../../ChibiOS-RT/os/hal/platforms/STM32/GPIOv2/pal_"
 1886      2E2F4368 
 1886      6962694F 
 1886      532D5254 
 1886      2F6F732F 
 1887 03ad 6C6C642E 		.ascii	"lld.c\000"
 1887      6300
 1888              	.LASF62:
 1889 03b3 6166726C 		.ascii	"afrl\000"
 1889      00
 1890              	.LASF58:
 1891 03b8 6D6F6465 		.ascii	"moder\000"
 1891      7200
 1892              	.LASF89:
 1893 03be 2F686F6D 		.ascii	"/home/seth/marionette-firmware/src/CAN\000"
 1893      652F7365 
ARM GAS  /tmp/ccJSQkQn.s 			page 37


 1893      74682F6D 
 1893      6172696F 
 1893      6E657474 
 1894              	.LASF57:
 1895 03e5 4750494F 		.ascii	"GPIO_TypeDef\000"
 1895      5F547970 
 1895      65446566 
 1895      00
 1896              	.LASF22:
 1897 03f2 41484233 		.ascii	"AHB3RSTR\000"
 1897      52535452 
 1897      00
 1898              	.LASF85:
 1899 03fb 616C7472 		.ascii	"altr\000"
 1899      00
 1900              	.LASF91:
 1901 0400 49544D5F 		.ascii	"ITM_RxBuffer\000"
 1901      52784275 
 1901      66666572 
 1901      00
 1902              	.LASF86:
 1903 040d 616C7472 		.ascii	"altrmask\000"
 1903      6D61736B 
 1903      00
 1904              	.LASF0:
 1905 0416 756E7369 		.ascii	"unsigned int\000"
 1905      676E6564 
 1905      20696E74 
 1905      00
 1906              	.LASF19:
 1907 0423 43464752 		.ascii	"CFGR\000"
 1907      00
 1908              	.LASF45:
 1909 0428 504C4C53 		.ascii	"PLLSAICFGR\000"
 1909      41494346 
 1909      475200
 1910              	.LASF54:
 1911 0433 4C434B52 		.ascii	"LCKR\000"
 1911      00
 1912              	.LASF39:
 1913 0438 41504232 		.ascii	"APB2LPENR\000"
 1913      4C50454E 
 1913      5200
 1914              	.LASF53:
 1915 0442 42535252 		.ascii	"BSRR\000"
 1915      00
 1916              		.ident	"GCC: (Arch Repository) 4.9.2 20150128 (prerelease)"
ARM GAS  /tmp/ccJSQkQn.s 			page 38


DEFINED SYMBOLS
                            *ABS*:0000000000000000 pal_lld.c
     /tmp/ccJSQkQn.s:19     .text.initgpio:0000000000000000 $t
     /tmp/ccJSQkQn.s:24     .text.initgpio:0000000000000000 initgpio
     /tmp/ccJSQkQn.s:59     .text._pal_lld_init:0000000000000000 $t
     /tmp/ccJSQkQn.s:65     .text._pal_lld_init:0000000000000000 _pal_lld_init
     /tmp/ccJSQkQn.s:138    .text._pal_lld_init:0000000000000070 $d
     /tmp/ccJSQkQn.s:152    .text._pal_lld_setgroupmode:0000000000000000 $t
     /tmp/ccJSQkQn.s:158    .text._pal_lld_setgroupmode:0000000000000000 _pal_lld_setgroupmode
                     .debug_frame:0000000000000010 $d
     /tmp/ccJSQkQn.s:151    .text._pal_lld_init:0000000000000098 $t

NO UNDEFINED SYMBOLS
